[3.505s] Invoking command in '/root/yahboomcar_ros2_ws/yahboomcar_ws/src/yahboomcar_multi': PYTHONPATH=/root/yahboomcar_ros2_ws/yahboomcar_ws/build/yahboomcar_multi/prefix_override:/root/yahboomcar_ros2_ws/yahboomcar_ws/install/yahboomcar_multi/lib/python3.8/site-packages:${PYTHONPATH} /usr/bin/python3 setup.py egg_info --egg-base ../../build/yahboomcar_multi build --build-base /root/yahboomcar_ros2_ws/yahboomcar_ws/build/yahboomcar_multi/build install --record /root/yahboomcar_ros2_ws/yahboomcar_ws/build/yahboomcar_multi/install.log --install-scripts $base/lib/yahboomcar_multi --single-version-externally-managed
[4.693s] running egg_info
[4.694s] writing ../../build/yahboomcar_multi/yahboomcar_multi.egg-info/PKG-INFO
[4.695s] writing dependency_links to ../../build/yahboomcar_multi/yahboomcar_multi.egg-info/dependency_links.txt
[4.695s] writing entry points to ../../build/yahboomcar_multi/yahboomcar_multi.egg-info/entry_points.txt
[4.696s] writing requirements to ../../build/yahboomcar_multi/yahboomcar_multi.egg-info/requires.txt
[4.696s] writing top-level names to ../../build/yahboomcar_multi/yahboomcar_multi.egg-info/top_level.txt
[4.866s] reading manifest file '../../build/yahboomcar_multi/yahboomcar_multi.egg-info/SOURCES.txt'
[4.870s] writing manifest file '../../build/yahboomcar_multi/yahboomcar_multi.egg-info/SOURCES.txt'
[4.871s] running build
[4.871s] running build_py
[4.872s] running install
[4.876s] running install_lib
[4.882s] running install_data
[4.885s] copying launch/bringup_multi.launch.xml -> /root/yahboomcar_ros2_ws/yahboomcar_ws/install/yahboomcar_multi/share/yahboomcar_multi/launch
[4.886s] running install_egg_info
[4.893s] removing '/root/yahboomcar_ros2_ws/yahboomcar_ws/install/yahboomcar_multi/lib/python3.8/site-packages/yahboomcar_multi-0.0.0-py3.8.egg-info' (and everything under it)
[4.895s] Copying ../../build/yahboomcar_multi/yahboomcar_multi.egg-info to /root/yahboomcar_ros2_ws/yahboomcar_ws/install/yahboomcar_multi/lib/python3.8/site-packages/yahboomcar_multi-0.0.0-py3.8.egg-info
[4.899s] running install_scripts
[4.977s] writing list of installed files to '/root/yahboomcar_ros2_ws/yahboomcar_ws/build/yahboomcar_multi/install.log'
[5.080s] Invoked command in '/root/yahboomcar_ros2_ws/yahboomcar_ws/src/yahboomcar_multi' returned '0': PYTHONPATH=/root/yahboomcar_ros2_ws/yahboomcar_ws/build/yahboomcar_multi/prefix_override:/root/yahboomcar_ros2_ws/yahboomcar_ws/install/yahboomcar_multi/lib/python3.8/site-packages:${PYTHONPATH} /usr/bin/python3 setup.py egg_info --egg-base ../../build/yahboomcar_multi build --build-base /root/yahboomcar_ros2_ws/yahboomcar_ws/build/yahboomcar_multi/build install --record /root/yahboomcar_ros2_ws/yahboomcar_ws/build/yahboomcar_multi/install.log --install-scripts $base/lib/yahboomcar_multi --single-version-externally-managed
