[11.734s] Invoking command in '/root/yahboomcar_ros2_ws/yahboomcar_ws/src/yahboomcar_description': PYTHONPATH=/root/yahboomcar_ros2_ws/yahboomcar_ws/build/yahboomcar_description/prefix_override:/root/yahboomcar_ros2_ws/yahboomcar_ws/install/yahboomcar_description/lib/python3.8/site-packages:${PYTHONPATH} /usr/bin/python3 setup.py egg_info --egg-base ../../build/yahboomcar_description build --build-base /root/yahboomcar_ros2_ws/yahboomcar_ws/build/yahboomcar_description/build install --record /root/yahboomcar_ros2_ws/yahboomcar_ws/build/yahboomcar_description/install.log --install-scripts $base/lib/yahboomcar_description --single-version-externally-managed
[14.712s] running egg_info
[14.716s] writing ../../build/yahboomcar_description/yahboomcar_description.egg-info/PKG-INFO
[14.722s] writing dependency_links to ../../build/yahboomcar_description/yahboomcar_description.egg-info/dependency_links.txt
[14.724s] writing entry points to ../../build/yahboomcar_description/yahboomcar_description.egg-info/entry_points.txt
[14.726s] writing requirements to ../../build/yahboomcar_description/yahboomcar_description.egg-info/requires.txt
[14.729s] writing top-level names to ../../build/yahboomcar_description/yahboomcar_description.egg-info/top_level.txt
[15.114s] reading manifest file '../../build/yahboomcar_description/yahboomcar_description.egg-info/SOURCES.txt'
[15.127s] writing manifest file '../../build/yahboomcar_description/yahboomcar_description.egg-info/SOURCES.txt'
[15.130s] running build
[15.131s] running build_py
[15.136s] running install
[15.151s] running install_lib
[15.173s] running install_data
[15.179s] copying urdf/yahboomcar.pdf -> /root/yahboomcar_ros2_ws/yahboomcar_ws/install/yahboomcar_description/share/yahboomcar_description/urdf
[15.183s] copying urdf/yahboomcar_R2.pdf -> /root/yahboomcar_ros2_ws/yahboomcar_ws/install/yahboomcar_description/share/yahboomcar_description/urdf
[15.189s] copying urdf/yahboomcar.gv -> /root/yahboomcar_ros2_ws/yahboomcar_ws/install/yahboomcar_description/share/yahboomcar_description/urdf
[15.191s] copying urdf/yahboomcar_R2.gv -> /root/yahboomcar_ros2_ws/yahboomcar_ws/install/yahboomcar_description/share/yahboomcar_description/urdf
[15.205s] running install_egg_info
[15.224s] removing '/root/yahboomcar_ros2_ws/yahboomcar_ws/install/yahboomcar_description/lib/python3.8/site-packages/yahboomcar_description-0.0.0-py3.8.egg-info' (and everything under it)
[15.227s] Copying ../../build/yahboomcar_description/yahboomcar_description.egg-info to /root/yahboomcar_ros2_ws/yahboomcar_ws/install/yahboomcar_description/lib/python3.8/site-packages/yahboomcar_description-0.0.0-py3.8.egg-info
[15.248s] running install_scripts
[15.549s] writing list of installed files to '/root/yahboomcar_ros2_ws/yahboomcar_ws/build/yahboomcar_description/install.log'
[16.050s] Invoked command in '/root/yahboomcar_ros2_ws/yahboomcar_ws/src/yahboomcar_description' returned '0': PYTHONPATH=/root/yahboomcar_ros2_ws/yahboomcar_ws/build/yahboomcar_description/prefix_override:/root/yahboomcar_ros2_ws/yahboomcar_ws/install/yahboomcar_description/lib/python3.8/site-packages:${PYTHONPATH} /usr/bin/python3 setup.py egg_info --egg-base ../../build/yahboomcar_description build --build-base /root/yahboomcar_ros2_ws/yahboomcar_ws/build/yahboomcar_description/build install --record /root/yahboomcar_ros2_ws/yahboomcar_ws/build/yahboomcar_description/install.log --install-scripts $base/lib/yahboomcar_description --single-version-externally-managed
