[4.746s] Invoking command in '/root/yahboomcar_ros2_ws/yahboomcar_ws/src/yahboomcar_bringup': PYTHONPATH=/root/yahboomcar_ros2_ws/yahboomcar_ws/build/yahboomcar_bringup/prefix_override:/root/yahboomcar_ros2_ws/yahboomcar_ws/install/yahboomcar_bringup/lib/python3.8/site-packages:${PYTHONPATH} /usr/bin/python3 setup.py egg_info --egg-base ../../build/yahboomcar_bringup build --build-base /root/yahboomcar_ros2_ws/yahboomcar_ws/build/yahboomcar_bringup/build install --record /root/yahboomcar_ros2_ws/yahboomcar_ws/build/yahboomcar_bringup/install.log --install-scripts $base/lib/yahboomcar_bringup --single-version-externally-managed
[6.121s] running egg_info
[6.128s] writing ../../build/yahboomcar_bringup/yahboomcar_bringup.egg-info/PKG-INFO
[6.129s] writing dependency_links to ../../build/yahboomcar_bringup/yahboomcar_bringup.egg-info/dependency_links.txt
[6.130s] writing entry points to ../../build/yahboomcar_bringup/yahboomcar_bringup.egg-info/entry_points.txt
[6.130s] writing requirements to ../../build/yahboomcar_bringup/yahboomcar_bringup.egg-info/requires.txt
[6.131s] writing top-level names to ../../build/yahboomcar_bringup/yahboomcar_bringup.egg-info/top_level.txt
[6.400s] reading manifest file '../../build/yahboomcar_bringup/yahboomcar_bringup.egg-info/SOURCES.txt'
[6.415s] writing manifest file '../../build/yahboomcar_bringup/yahboomcar_bringup.egg-info/SOURCES.txt'
[6.416s] running build
[6.416s] running build_py
[6.422s] running install
[6.429s] running install_lib
[6.452s] running install_data
[6.453s] running install_egg_info
[6.470s] removing '/root/yahboomcar_ros2_ws/yahboomcar_ws/install/yahboomcar_bringup/lib/python3.8/site-packages/yahboomcar_bringup-0.0.0-py3.8.egg-info' (and everything under it)
[6.471s] Copying ../../build/yahboomcar_bringup/yahboomcar_bringup.egg-info to /root/yahboomcar_ros2_ws/yahboomcar_ws/install/yahboomcar_bringup/lib/python3.8/site-packages/yahboomcar_bringup-0.0.0-py3.8.egg-info
[6.487s] running install_scripts
[6.600s] Installing Ackman_driver_R2 script to /root/yahboomcar_ros2_ws/yahboomcar_ws/install/yahboomcar_bringup/lib/yahboomcar_bringup
[6.603s] Installing Mcnamu_driver_X3 script to /root/yahboomcar_ros2_ws/yahboomcar_ws/install/yahboomcar_bringup/lib/yahboomcar_bringup
[6.603s] Installing Mcnamu_driver_x1 script to /root/yahboomcar_ros2_ws/yahboomcar_ws/install/yahboomcar_bringup/lib/yahboomcar_bringup
[6.607s] Installing calibrate_angular_R2 script to /root/yahboomcar_ros2_ws/yahboomcar_ws/install/yahboomcar_bringup/lib/yahboomcar_bringup
[6.608s] Installing calibrate_angular_X3 script to /root/yahboomcar_ros2_ws/yahboomcar_ws/install/yahboomcar_bringup/lib/yahboomcar_bringup
[6.608s] Installing calibrate_linear_R2 script to /root/yahboomcar_ros2_ws/yahboomcar_ws/install/yahboomcar_bringup/lib/yahboomcar_bringup
[6.609s] Installing calibrate_linear_X3 script to /root/yahboomcar_ros2_ws/yahboomcar_ws/install/yahboomcar_bringup/lib/yahboomcar_bringup
[6.609s] Installing patrol_4ROS script to /root/yahboomcar_ros2_ws/yahboomcar_ws/install/yahboomcar_bringup/lib/yahboomcar_bringup
[6.610s] Installing patrol_4ROS_R2 script to /root/yahboomcar_ros2_ws/yahboomcar_ws/install/yahboomcar_bringup/lib/yahboomcar_bringup
[6.611s] Installing patrol_a1_R2 script to /root/yahboomcar_ros2_ws/yahboomcar_ws/install/yahboomcar_bringup/lib/yahboomcar_bringup
[6.611s] Installing patrol_a1_X3 script to /root/yahboomcar_ros2_ws/yahboomcar_ws/install/yahboomcar_bringup/lib/yahboomcar_bringup
[6.612s] writing list of installed files to '/root/yahboomcar_ros2_ws/yahboomcar_ws/build/yahboomcar_bringup/install.log'
[6.755s] Invoked command in '/root/yahboomcar_ros2_ws/yahboomcar_ws/src/yahboomcar_bringup' returned '0': PYTHONPATH=/root/yahboomcar_ros2_ws/yahboomcar_ws/build/yahboomcar_bringup/prefix_override:/root/yahboomcar_ros2_ws/yahboomcar_ws/install/yahboomcar_bringup/lib/python3.8/site-packages:${PYTHONPATH} /usr/bin/python3 setup.py egg_info --egg-base ../../build/yahboomcar_bringup build --build-base /root/yahboomcar_ros2_ws/yahboomcar_ws/build/yahboomcar_bringup/build install --record /root/yahboomcar_ros2_ws/yahboomcar_ws/build/yahboomcar_bringup/install.log --install-scripts $base/lib/yahboomcar_bringup --single-version-externally-managed
