[8.030s] Invoking command in '/root/yahboomcar_ros2_ws/yahboomcar_ws/src/yahboomcar_laser': PYTHONPATH=/root/yahboomcar_ros2_ws/yahboomcar_ws/build/yahboomcar_laser/prefix_override:/root/yahboomcar_ros2_ws/yahboomcar_ws/install/yahboomcar_laser/lib/python3.8/site-packages:${PYTHONPATH} /usr/bin/python3 setup.py egg_info --egg-base ../../build/yahboomcar_laser build --build-base /root/yahboomcar_ros2_ws/yahboomcar_ws/build/yahboomcar_laser/build install --record /root/yahboomcar_ros2_ws/yahboomcar_ws/build/yahboomcar_laser/install.log --install-scripts $base/lib/yahboomcar_laser --single-version-externally-managed
[10.264s] running egg_info
[10.265s] writing ../../build/yahboomcar_laser/yahboomcar_laser.egg-info/PKG-INFO
[10.279s] writing dependency_links to ../../build/yahboomcar_laser/yahboomcar_laser.egg-info/dependency_links.txt
[10.305s] writing entry points to ../../build/yahboomcar_laser/yahboomcar_laser.egg-info/entry_points.txt
[10.305s] writing requirements to ../../build/yahboomcar_laser/yahboomcar_laser.egg-info/requires.txt
[10.306s] writing top-level names to ../../build/yahboomcar_laser/yahboomcar_laser.egg-info/top_level.txt
[10.715s] reading manifest file '../../build/yahboomcar_laser/yahboomcar_laser.egg-info/SOURCES.txt'
[10.737s] writing manifest file '../../build/yahboomcar_laser/yahboomcar_laser.egg-info/SOURCES.txt'
[10.742s] running build
[10.742s] running build_py
[10.755s] running install
[10.768s] running install_lib
[10.792s] running install_data
[10.803s] running install_egg_info
[10.829s] removing '/root/yahboomcar_ros2_ws/yahboomcar_ws/install/yahboomcar_laser/lib/python3.8/site-packages/yahboomcar_laser-0.0.0-py3.8.egg-info' (and everything under it)
[10.833s] Copying ../../build/yahboomcar_laser/yahboomcar_laser.egg-info to /root/yahboomcar_ros2_ws/yahboomcar_ws/install/yahboomcar_laser/lib/python3.8/site-packages/yahboomcar_laser-0.0.0-py3.8.egg-info
[10.854s] running install_scripts
[10.991s] Installing laser_Avoidance_4ROS script to /root/yahboomcar_ros2_ws/yahboomcar_ws/install/yahboomcar_laser/lib/yahboomcar_laser
[10.996s] Installing laser_Avoidance_a1_X3 script to /root/yahboomcar_ros2_ws/yahboomcar_ws/install/yahboomcar_laser/lib/yahboomcar_laser
[10.997s] Installing laser_Tracker_4ROS script to /root/yahboomcar_ros2_ws/yahboomcar_ws/install/yahboomcar_laser/lib/yahboomcar_laser
[11.008s] Installing laser_Tracker_a1_X3 script to /root/yahboomcar_ros2_ws/yahboomcar_ws/install/yahboomcar_laser/lib/yahboomcar_laser
[11.009s] Installing laser_Warning_a1_X3 script to /root/yahboomcar_ros2_ws/yahboomcar_ws/install/yahboomcar_laser/lib/yahboomcar_laser
[11.015s] writing list of installed files to '/root/yahboomcar_ros2_ws/yahboomcar_ws/build/yahboomcar_laser/install.log'
[11.254s] Invoked command in '/root/yahboomcar_ros2_ws/yahboomcar_ws/src/yahboomcar_laser' returned '0': PYTHONPATH=/root/yahboomcar_ros2_ws/yahboomcar_ws/build/yahboomcar_laser/prefix_override:/root/yahboomcar_ros2_ws/yahboomcar_ws/install/yahboomcar_laser/lib/python3.8/site-packages:${PYTHONPATH} /usr/bin/python3 setup.py egg_info --egg-base ../../build/yahboomcar_laser build --build-base /root/yahboomcar_ros2_ws/yahboomcar_ws/build/yahboomcar_laser/build install --record /root/yahboomcar_ros2_ws/yahboomcar_ws/build/yahboomcar_laser/install.log --install-scripts $base/lib/yahboomcar_laser --single-version-externally-managed
