[5.875s] Invoking command in '/root/codes/iron_yahboomcar_ws/src/yahboomcar_nav': PYTHONPATH=/root/codes/iron_yahboomcar_ws/build/yahboomcar_nav/prefix_override:/root/codes/iron_yahboomcar_ws/install/yahboomcar_nav/lib/python3.8/site-packages:${PYTHONPATH} /usr/bin/python3 setup.py egg_info --egg-base ../../build/yahboomcar_nav build --build-base /root/codes/iron_yahboomcar_ws/build/yahboomcar_nav/build install --record /root/codes/iron_yahboomcar_ws/build/yahboomcar_nav/install.log --install-scripts $base/lib/yahboomcar_nav --single-version-externally-managed
[7.751s] running egg_info
[7.757s] writing ../../build/yahboomcar_nav/yahboomcar_nav.egg-info/PKG-INFO
[7.760s] writing dependency_links to ../../build/yahboomcar_nav/yahboomcar_nav.egg-info/dependency_links.txt
[7.762s] writing entry points to ../../build/yahboomcar_nav/yahboomcar_nav.egg-info/entry_points.txt
[7.763s] writing requirements to ../../build/yahboomcar_nav/yahboomcar_nav.egg-info/requires.txt
[7.766s] writing top-level names to ../../build/yahboomcar_nav/yahboomcar_nav.egg-info/top_level.txt
[8.018s] reading manifest file '../../build/yahboomcar_nav/yahboomcar_nav.egg-info/SOURCES.txt'
[8.035s] writing manifest file '../../build/yahboomcar_nav/yahboomcar_nav.egg-info/SOURCES.txt'
[8.036s] running build
[8.036s] running build_py
[8.037s] copying yahboomcar_nav/__init__.py -> /root/codes/iron_yahboomcar_ws/build/yahboomcar_nav/build/lib/yahboomcar_nav
[8.038s] copying yahboomcar_nav/scan_filter.py -> /root/codes/iron_yahboomcar_ws/build/yahboomcar_nav/build/lib/yahboomcar_nav
[8.047s] running install
[8.053s] running install_lib
[8.060s] copying /root/codes/iron_yahboomcar_ws/build/yahboomcar_nav/build/lib/yahboomcar_nav/__init__.py -> /root/codes/iron_yahboomcar_ws/install/yahboomcar_nav/lib/python3.8/site-packages/yahboomcar_nav
[8.060s] copying /root/codes/iron_yahboomcar_ws/build/yahboomcar_nav/build/lib/yahboomcar_nav/scan_filter.py -> /root/codes/iron_yahboomcar_ws/install/yahboomcar_nav/lib/python3.8/site-packages/yahboomcar_nav
[8.067s] byte-compiling /root/codes/iron_yahboomcar_ws/install/yahboomcar_nav/lib/python3.8/site-packages/yahboomcar_nav/__init__.py to __init__.cpython-38.pyc
[8.079s] byte-compiling /root/codes/iron_yahboomcar_ws/install/yahboomcar_nav/lib/python3.8/site-packages/yahboomcar_nav/scan_filter.py to scan_filter.cpython-38.pyc
[8.082s] running install_data
[8.086s] copying resource/yahboomcar_nav -> /root/codes/iron_yahboomcar_ws/install/yahboomcar_nav/share/ament_index/resource_index/packages
[8.088s] copying package.xml -> /root/codes/iron_yahboomcar_ws/install/yahboomcar_nav/share/yahboomcar_nav
[8.092s] copying launch/rtabmap_nav_launch.py -> /root/codes/iron_yahboomcar_ws/install/yahboomcar_nav/share/yahboomcar_nav/launch
[8.095s] copying launch/map_rtabmap_launch.py -> /root/codes/iron_yahboomcar_ws/install/yahboomcar_nav/share/yahboomcar_nav/launch
[8.099s] copying launch/display_rtabmap_map_launch.py -> /root/codes/iron_yahboomcar_ws/install/yahboomcar_nav/share/yahboomcar_nav/launch
[8.103s] copying launch/navigation_dwa_launch.py -> /root/codes/iron_yahboomcar_ws/install/yahboomcar_nav/share/yahboomcar_nav/launch
[8.105s] copying launch/occupancy_grid_launch.py -> /root/codes/iron_yahboomcar_ws/install/yahboomcar_nav/share/yahboomcar_nav/launch
[8.108s] copying launch/map_gmapping_launch.py -> /root/codes/iron_yahboomcar_ws/install/yahboomcar_nav/share/yahboomcar_nav/launch
[8.111s] copying launch/rtabmap_sync_launch.py -> /root/codes/iron_yahboomcar_ws/install/yahboomcar_nav/share/yahboomcar_nav/launch
[8.116s] copying launch/map_cartographer_launch.py -> /root/codes/iron_yahboomcar_ws/install/yahboomcar_nav/share/yahboomcar_nav/launch
[8.130s] copying launch/laser_bringup_launch.py -> /root/codes/iron_yahboomcar_ws/install/yahboomcar_nav/share/yahboomcar_nav/launch
[8.135s] copying launch/navigation_teb_launch.py -> /root/codes/iron_yahboomcar_ws/install/yahboomcar_nav/share/yahboomcar_nav/launch
[8.137s] copying launch/display_nav_launch.py -> /root/codes/iron_yahboomcar_ws/install/yahboomcar_nav/share/yahboomcar_nav/launch
[8.140s] copying launch/rtabmap_viz_launch.py -> /root/codes/iron_yahboomcar_ws/install/yahboomcar_nav/share/yahboomcar_nav/launch
[8.143s] copying launch/display_map_launch.py -> /root/codes/iron_yahboomcar_ws/install/yahboomcar_nav/share/yahboomcar_nav/launch
[8.148s] copying launch/map_gmapping_a1_launch.py -> /root/codes/iron_yahboomcar_ws/install/yahboomcar_nav/share/yahboomcar_nav/launch
[8.151s] copying launch/map_gmapping_4ros_s2_launch.py -> /root/codes/iron_yahboomcar_ws/install/yahboomcar_nav/share/yahboomcar_nav/launch
[8.153s] copying launch/navigation_rtabmap_launch.py -> /root/codes/iron_yahboomcar_ws/install/yahboomcar_nav/share/yahboomcar_nav/launch
[8.156s] copying launch/cartographer_launch.py -> /root/codes/iron_yahboomcar_ws/install/yahboomcar_nav/share/yahboomcar_nav/launch
[8.159s] copying launch/rtabmap_localization_launch.py -> /root/codes/iron_yahboomcar_ws/install/yahboomcar_nav/share/yahboomcar_nav/launch
[8.161s] copying launch/display_rtabmap_nav_launch.py -> /root/codes/iron_yahboomcar_ws/install/yahboomcar_nav/share/yahboomcar_nav/launch
[8.164s] copying launch/save_map_launch.py -> /root/codes/iron_yahboomcar_ws/install/yahboomcar_nav/share/yahboomcar_nav/launch
[8.166s] copying rviz/map.rviz -> /root/codes/iron_yahboomcar_ws/install/yahboomcar_nav/share/yahboomcar_nav/rviz
[8.169s] copying rviz/nav.rviz -> /root/codes/iron_yahboomcar_ws/install/yahboomcar_nav/share/yahboomcar_nav/rviz
[8.171s] copying rviz/rtabmap_nav.rviz -> /root/codes/iron_yahboomcar_ws/install/yahboomcar_nav/share/yahboomcar_nav/rviz
[8.175s] copying rviz/rtabmap_map.rviz -> /root/codes/iron_yahboomcar_ws/install/yahboomcar_nav/share/yahboomcar_nav/rviz
[8.189s] copying params/rtabmap_nav_params.yaml -> /root/codes/iron_yahboomcar_ws/install/yahboomcar_nav/share/yahboomcar_nav/params
[8.192s] copying params/lds_2d.lua -> /root/codes/iron_yahboomcar_ws/install/yahboomcar_nav/share/yahboomcar_nav/params
[8.195s] copying params/teb_nav_params.yaml -> /root/codes/iron_yahboomcar_ws/install/yahboomcar_nav/share/yahboomcar_nav/params
[8.198s] copying params/dwa_nav_params.yaml -> /root/codes/iron_yahboomcar_ws/install/yahboomcar_nav/share/yahboomcar_nav/params
[8.201s] copying maps/yahboomcar2.pgm -> /root/codes/iron_yahboomcar_ws/install/yahboomcar_nav/share/yahboomcar_nav/maps
[8.216s] copying maps/yahboomcar.yaml -> /root/codes/iron_yahboomcar_ws/install/yahboomcar_nav/share/yahboomcar_nav/maps
[8.224s] copying maps/yahboomcar2.yaml -> /root/codes/iron_yahboomcar_ws/install/yahboomcar_nav/share/yahboomcar_nav/maps
[8.228s] copying maps/yahboomcar.pgm -> /root/codes/iron_yahboomcar_ws/install/yahboomcar_nav/share/yahboomcar_nav/maps
[8.231s] running install_egg_info
[8.244s] removing '/root/codes/iron_yahboomcar_ws/install/yahboomcar_nav/lib/python3.8/site-packages/yahboomcar_nav-0.0.0-py3.8.egg-info' (and everything under it)
[8.248s] Copying ../../build/yahboomcar_nav/yahboomcar_nav.egg-info to /root/codes/iron_yahboomcar_ws/install/yahboomcar_nav/lib/python3.8/site-packages/yahboomcar_nav-0.0.0-py3.8.egg-info
[8.261s] running install_scripts
[8.387s] Installing scan_filter script to /root/codes/iron_yahboomcar_ws/install/yahboomcar_nav/lib/yahboomcar_nav
[8.387s] writing list of installed files to '/root/codes/iron_yahboomcar_ws/build/yahboomcar_nav/install.log'
[8.556s] Invoked command in '/root/codes/iron_yahboomcar_ws/src/yahboomcar_nav' returned '0': PYTHONPATH=/root/codes/iron_yahboomcar_ws/build/yahboomcar_nav/prefix_override:/root/codes/iron_yahboomcar_ws/install/yahboomcar_nav/lib/python3.8/site-packages:${PYTHONPATH} /usr/bin/python3 setup.py egg_info --egg-base ../../build/yahboomcar_nav build --build-base /root/codes/iron_yahboomcar_ws/build/yahboomcar_nav/build install --record /root/codes/iron_yahboomcar_ws/build/yahboomcar_nav/install.log --install-scripts $base/lib/yahboomcar_nav --single-version-externally-managed
