[6.060s] Invoking command in '/root/yahboomcar_ros2_ws/yahboomcar_ws/src/yahboom_app_save_map': PYTHONPATH=/root/yahboomcar_ros2_ws/yahboomcar_ws/build/yahboom_app_save_map/prefix_override:/root/yahboomcar_ros2_ws/yahboomcar_ws/install/yahboom_app_save_map/lib/python3.8/site-packages:${PYTHONPATH} /usr/bin/python3 setup.py egg_info --egg-base ../../build/yahboom_app_save_map build --build-base /root/yahboomcar_ros2_ws/yahboomcar_ws/build/yahboom_app_save_map/build install --record /root/yahboomcar_ros2_ws/yahboomcar_ws/build/yahboom_app_save_map/install.log --install-scripts $base/lib/yahboom_app_save_map --single-version-externally-managed
[7.564s] running egg_info
[7.565s] writing ../../build/yahboom_app_save_map/yahboom_app_save_map.egg-info/PKG-INFO
[7.565s] writing dependency_links to ../../build/yahboom_app_save_map/yahboom_app_save_map.egg-info/dependency_links.txt
[7.569s] writing entry points to ../../build/yahboom_app_save_map/yahboom_app_save_map.egg-info/entry_points.txt
[7.569s] writing requirements to ../../build/yahboom_app_save_map/yahboom_app_save_map.egg-info/requires.txt
[7.575s] writing top-level names to ../../build/yahboom_app_save_map/yahboom_app_save_map.egg-info/top_level.txt
[7.867s] reading manifest file '../../build/yahboom_app_save_map/yahboom_app_save_map.egg-info/SOURCES.txt'
[7.875s] writing manifest file '../../build/yahboom_app_save_map/yahboom_app_save_map.egg-info/SOURCES.txt'
[7.883s] running build
[7.884s] running build_py
[7.889s] running install
[7.893s] running install_lib
[7.910s] running install_data
[7.916s] running install_egg_info
[7.933s] removing '/root/yahboomcar_ros2_ws/yahboomcar_ws/install/yahboom_app_save_map/lib/python3.8/site-packages/yahboom_app_save_map-0.0.0-py3.8.egg-info' (and everything under it)
[7.940s] Copying ../../build/yahboom_app_save_map/yahboom_app_save_map.egg-info to /root/yahboomcar_ros2_ws/yahboomcar_ws/install/yahboom_app_save_map/lib/python3.8/site-packages/yahboom_app_save_map-0.0.0-py3.8.egg-info
[7.945s] running install_scripts
[8.066s] Installing client script to /root/yahboomcar_ros2_ws/yahboomcar_ws/install/yahboom_app_save_map/lib/yahboom_app_save_map
[8.068s] Installing server script to /root/yahboomcar_ros2_ws/yahboomcar_ws/install/yahboom_app_save_map/lib/yahboom_app_save_map
[8.070s] writing list of installed files to '/root/yahboomcar_ros2_ws/yahboomcar_ws/build/yahboom_app_save_map/install.log'
[8.263s] Invoked command in '/root/yahboomcar_ros2_ws/yahboomcar_ws/src/yahboom_app_save_map' returned '0': PYTHONPATH=/root/yahboomcar_ros2_ws/yahboomcar_ws/build/yahboom_app_save_map/prefix_override:/root/yahboomcar_ros2_ws/yahboomcar_ws/install/yahboom_app_save_map/lib/python3.8/site-packages:${PYTHONPATH} /usr/bin/python3 setup.py egg_info --egg-base ../../build/yahboom_app_save_map build --build-base /root/yahboomcar_ros2_ws/yahboomcar_ws/build/yahboom_app_save_map/build install --record /root/yahboomcar_ros2_ws/yahboomcar_ws/build/yahboom_app_save_map/install.log --install-scripts $base/lib/yahboom_app_save_map --single-version-externally-managed
