[12.368s] Invoking command in '/root/yahboomcar_ros2_ws/yahboomcar_ws/src/laserscan_to_point_pulisher': PYTHONPATH=/root/yahboomcar_ros2_ws/yahboomcar_ws/build/laserscan_to_point_pulisher/prefix_override:/root/yahboomcar_ros2_ws/yahboomcar_ws/install/laserscan_to_point_pulisher/lib/python3.8/site-packages:${PYTHONPATH} /usr/bin/python3 setup.py egg_info --egg-base ../../build/laserscan_to_point_pulisher build --build-base /root/yahboomcar_ros2_ws/yahboomcar_ws/build/laserscan_to_point_pulisher/build install --record /root/yahboomcar_ros2_ws/yahboomcar_ws/build/laserscan_to_point_pulisher/install.log --install-scripts $base/lib/laserscan_to_point_pulisher --single-version-externally-managed
[13.745s] running egg_info
[13.749s] writing ../../build/laserscan_to_point_pulisher/laserscan_to_point_pulisher.egg-info/PKG-INFO
[13.752s] writing dependency_links to ../../build/laserscan_to_point_pulisher/laserscan_to_point_pulisher.egg-info/dependency_links.txt
[13.753s] writing entry points to ../../build/laserscan_to_point_pulisher/laserscan_to_point_pulisher.egg-info/entry_points.txt
[13.753s] writing requirements to ../../build/laserscan_to_point_pulisher/laserscan_to_point_pulisher.egg-info/requires.txt
[13.754s] writing top-level names to ../../build/laserscan_to_point_pulisher/laserscan_to_point_pulisher.egg-info/top_level.txt
[13.980s] reading manifest file '../../build/laserscan_to_point_pulisher/laserscan_to_point_pulisher.egg-info/SOURCES.txt'
[13.986s] writing manifest file '../../build/laserscan_to_point_pulisher/laserscan_to_point_pulisher.egg-info/SOURCES.txt'
[13.987s] running build
[13.987s] running build_py
[13.988s] running install
[13.992s] running install_lib
[14.070s] running install_data
[14.082s] running install_egg_info
[14.086s] removing '/root/yahboomcar_ros2_ws/yahboomcar_ws/install/laserscan_to_point_pulisher/lib/python3.8/site-packages/laserscan_to_point_pulisher-0.0.0-py3.8.egg-info' (and everything under it)
[14.108s] Copying ../../build/laserscan_to_point_pulisher/laserscan_to_point_pulisher.egg-info to /root/yahboomcar_ros2_ws/yahboomcar_ws/install/laserscan_to_point_pulisher/lib/python3.8/site-packages/laserscan_to_point_pulisher-0.0.0-py3.8.egg-info
[14.141s] running install_scripts
[14.232s] Installing laserscan_to_point_pulisher script to /root/yahboomcar_ros2_ws/yahboomcar_ws/install/laserscan_to_point_pulisher/lib/laserscan_to_point_pulisher
[14.238s] writing list of installed files to '/root/yahboomcar_ros2_ws/yahboomcar_ws/build/laserscan_to_point_pulisher/install.log'
[14.525s] Invoked command in '/root/yahboomcar_ros2_ws/yahboomcar_ws/src/laserscan_to_point_pulisher' returned '0': PYTHONPATH=/root/yahboomcar_ros2_ws/yahboomcar_ws/build/laserscan_to_point_pulisher/prefix_override:/root/yahboomcar_ros2_ws/yahboomcar_ws/install/laserscan_to_point_pulisher/lib/python3.8/site-packages:${PYTHONPATH} /usr/bin/python3 setup.py egg_info --egg-base ../../build/laserscan_to_point_pulisher build --build-base /root/yahboomcar_ros2_ws/yahboomcar_ws/build/laserscan_to_point_pulisher/build install --record /root/yahboomcar_ros2_ws/yahboomcar_ws/build/laserscan_to_point_pulisher/install.log --install-scripts $base/lib/laserscan_to_point_pulisher --single-version-externally-managed
