[4.582s] Invoking command in '/root/yahboomcar_ros2_ws/yahboomcar_ws/src/yahboomcar_astra': PYTHONPATH=/root/yahboomcar_ros2_ws/yahboomcar_ws/build/yahboomcar_astra/prefix_override:/root/yahboomcar_ros2_ws/yahboomcar_ws/install/yahboomcar_astra/lib/python3.8/site-packages:${PYTHONPATH} /usr/bin/python3 setup.py egg_info --egg-base ../../build/yahboomcar_astra build --build-base /root/yahboomcar_ros2_ws/yahboomcar_ws/build/yahboomcar_astra/build install --record /root/yahboomcar_ros2_ws/yahboomcar_ws/build/yahboomcar_astra/install.log --install-scripts $base/lib/yahboomcar_astra --single-version-externally-managed
[5.823s] running egg_info
[5.826s] writing ../../build/yahboomcar_astra/yahboomcar_astra.egg-info/PKG-INFO
[5.831s] writing dependency_links to ../../build/yahboomcar_astra/yahboomcar_astra.egg-info/dependency_links.txt
[5.832s] writing entry points to ../../build/yahboomcar_astra/yahboomcar_astra.egg-info/entry_points.txt
[5.833s] writing requirements to ../../build/yahboomcar_astra/yahboomcar_astra.egg-info/requires.txt
[5.833s] writing top-level names to ../../build/yahboomcar_astra/yahboomcar_astra.egg-info/top_level.txt
[6.020s] reading manifest file '../../build/yahboomcar_astra/yahboomcar_astra.egg-info/SOURCES.txt'
[6.026s] writing manifest file '../../build/yahboomcar_astra/yahboomcar_astra.egg-info/SOURCES.txt'
[6.027s] running build
[6.027s] running build_py
[6.031s] running install
[6.035s] running install_lib
[6.045s] running install_data
[6.050s] running install_egg_info
[6.059s] removing '/root/yahboomcar_ros2_ws/yahboomcar_ws/install/yahboomcar_astra/lib/python3.8/site-packages/yahboomcar_astra-0.0.0-py3.8.egg-info' (and everything under it)
[6.059s] Copying ../../build/yahboomcar_astra/yahboomcar_astra.egg-info to /root/yahboomcar_ros2_ws/yahboomcar_ws/install/yahboomcar_astra/lib/python3.8/site-packages/yahboomcar_astra-0.0.0-py3.8.egg-info
[6.065s] running install_scripts
[6.145s] Installing colorHSV script to /root/yahboomcar_ros2_ws/yahboomcar_ws/install/yahboomcar_astra/lib/yahboomcar_astra
[6.149s] Installing colorTracker script to /root/yahboomcar_ros2_ws/yahboomcar_ws/install/yahboomcar_astra/lib/yahboomcar_astra
[6.151s] writing list of installed files to '/root/yahboomcar_ros2_ws/yahboomcar_ws/build/yahboomcar_astra/install.log'
[6.297s] Invoked command in '/root/yahboomcar_ros2_ws/yahboomcar_ws/src/yahboomcar_astra' returned '0': PYTHONPATH=/root/yahboomcar_ros2_ws/yahboomcar_ws/build/yahboomcar_astra/prefix_override:/root/yahboomcar_ros2_ws/yahboomcar_ws/install/yahboomcar_astra/lib/python3.8/site-packages:${PYTHONPATH} /usr/bin/python3 setup.py egg_info --egg-base ../../build/yahboomcar_astra build --build-base /root/yahboomcar_ros2_ws/yahboomcar_ws/build/yahboomcar_astra/build install --record /root/yahboomcar_ros2_ws/yahboomcar_ws/build/yahboomcar_astra/install.log --install-scripts $base/lib/yahboomcar_astra --single-version-externally-managed
