[0.322s] Invoking command in '/root/yahboomcar_ros2_ws/yahboomcar_ws/build/yahboomcar_msgs': CMAKE_PREFIX_PATH=${CMAKE_PREFIX_PATH}:/root/yahboomcar_ros2_ws/yahboomcar_ws/install/yahboomcar_voice_ctrl:/root/yahboomcar_ros2_ws/yahboomcar_ws/install/yahboomcar_visual:/root/yahboomcar_ros2_ws/yahboomcar_ws/install/yahboomcar_nav:/root/yahboomcar_ros2_ws/yahboomcar_ws/install/yahboomcar_mediapipe:/root/yahboomcar_ros2_ws/yahboomcar_ws/install/yahboomcar_linefollow:/root/yahboomcar_ros2_ws/yahboomcar_ws/install/yahboomcar_laser:/root/yahboomcar_ros2_ws/yahboomcar_ws/install/yahboomcar_description_x1:/root/yahboomcar_ros2_ws/yahboomcar_ws/install/yahboomcar_description:/root/yahboomcar_ros2_ws/yahboomcar_ws/install/yahboomcar_ctrl:/root/yahboomcar_ros2_ws/yahboomcar_ws/install/yahboomcar_bringup:/root/yahboomcar_ros2_ws/yahboomcar_ws/install/yahboomcar_astra:/opt/ros/foxy /usr/bin/cmake --build /root/yahboomcar_ros2_ws/yahboomcar_ws/build/yahboomcar_msgs -- -j4 -l4
[2.057s] [  1%] Built target yahboomcar_msgs__cpp
[2.060s] [ 12%] Built target yahboomcar_msgs__rosidl_generator_c
[2.062s] [ 23%] Built target yahboomcar_msgs__rosidl_typesupport_cpp
[2.064s] [ 34%] Built target yahboomcar_msgs__rosidl_typesupport_introspection_c
[2.065s] [ 46%] Built target yahboomcar_msgs__rosidl_typesupport_fastrtps_cpp
[2.066s] [ 57%] Built target yahboomcar_msgs__rosidl_typesupport_introspection_cpp
[2.067s] [ 68%] Built target yahboomcar_msgs__rosidl_typesupport_c
[2.068s] [ 79%] Built target yahboomcar_msgs__rosidl_typesupport_fastrtps_c
[2.069s] [ 79%] Built target yahboomcar_msgs
[2.070s] [ 80%] Built target yahboomcar_msgs__py
[2.071s] [ 90%] Built target yahboomcar_msgs__python
[2.071s] [ 93%] Built target yahboomcar_msgs__rosidl_typesupport_c__pyext
[2.072s] [ 96%] Built target yahboomcar_msgs__rosidl_typesupport_introspection_c__pyext
[2.074s] [100%] Built target yahboomcar_msgs__rosidl_typesupport_fastrtps_c__pyext
[2.158s] Invoked command in '/root/yahboomcar_ros2_ws/yahboomcar_ws/build/yahboomcar_msgs' returned '0': CMAKE_PREFIX_PATH=${CMAKE_PREFIX_PATH}:/root/yahboomcar_ros2_ws/yahboomcar_ws/install/yahboomcar_voice_ctrl:/root/yahboomcar_ros2_ws/yahboomcar_ws/install/yahboomcar_visual:/root/yahboomcar_ros2_ws/yahboomcar_ws/install/yahboomcar_nav:/root/yahboomcar_ros2_ws/yahboomcar_ws/install/yahboomcar_mediapipe:/root/yahboomcar_ros2_ws/yahboomcar_ws/install/yahboomcar_linefollow:/root/yahboomcar_ros2_ws/yahboomcar_ws/install/yahboomcar_laser:/root/yahboomcar_ros2_ws/yahboomcar_ws/install/yahboomcar_description_x1:/root/yahboomcar_ros2_ws/yahboomcar_ws/install/yahboomcar_description:/root/yahboomcar_ros2_ws/yahboomcar_ws/install/yahboomcar_ctrl:/root/yahboomcar_ros2_ws/yahboomcar_ws/install/yahboomcar_bringup:/root/yahboomcar_ros2_ws/yahboomcar_ws/install/yahboomcar_astra:/opt/ros/foxy /usr/bin/cmake --build /root/yahboomcar_ros2_ws/yahboomcar_ws/build/yahboomcar_msgs -- -j4 -l4
[4.636s] Invoking command in '/root/yahboomcar_ros2_ws/yahboomcar_ws/build/yahboomcar_msgs': CMAKE_PREFIX_PATH=${CMAKE_PREFIX_PATH}:/root/yahboomcar_ros2_ws/yahboomcar_ws/install/yahboomcar_voice_ctrl:/root/yahboomcar_ros2_ws/yahboomcar_ws/install/yahboomcar_visual:/root/yahboomcar_ros2_ws/yahboomcar_ws/install/yahboomcar_nav:/root/yahboomcar_ros2_ws/yahboomcar_ws/install/yahboomcar_mediapipe:/root/yahboomcar_ros2_ws/yahboomcar_ws/install/yahboomcar_linefollow:/root/yahboomcar_ros2_ws/yahboomcar_ws/install/yahboomcar_laser:/root/yahboomcar_ros2_ws/yahboomcar_ws/install/yahboomcar_description_x1:/root/yahboomcar_ros2_ws/yahboomcar_ws/install/yahboomcar_description:/root/yahboomcar_ros2_ws/yahboomcar_ws/install/yahboomcar_ctrl:/root/yahboomcar_ros2_ws/yahboomcar_ws/install/yahboomcar_bringup:/root/yahboomcar_ros2_ws/yahboomcar_ws/install/yahboomcar_astra:/opt/ros/foxy /usr/bin/cmake --install /root/yahboomcar_ros2_ws/yahboomcar_ws/build/yahboomcar_msgs
[4.717s] -- Install configuration: ""
[4.718s] -- Up-to-date: /root/yahboomcar_ros2_ws/yahboomcar_ws/install/yahboomcar_msgs/share/ament_index/resource_index/rosidl_interfaces/yahboomcar_msgs
[4.718s] -- Up-to-date: /root/yahboomcar_ros2_ws/yahboomcar_ws/install/yahboomcar_msgs/include/yahboomcar_msgs
[4.718s] -- Up-to-date: /root/yahboomcar_ros2_ws/yahboomcar_ws/install/yahboomcar_msgs/include/yahboomcar_msgs/msg
[4.724s] -- Up-to-date: /root/yahboomcar_ros2_ws/yahboomcar_ws/install/yahboomcar_msgs/include/yahboomcar_msgs/msg/detail
[4.725s] -- Up-to-date: /root/yahboomcar_ros2_ws/yahboomcar_ws/install/yahboomcar_msgs/include/yahboomcar_msgs/msg/detail/position__type_support.h
[4.728s] -- Up-to-date: /root/yahboomcar_ros2_ws/yahboomcar_ws/install/yahboomcar_msgs/include/yahboomcar_msgs/msg/detail/image_msg__functions.c
[4.729s] -- Up-to-date: /root/yahboomcar_ros2_ws/yahboomcar_ws/install/yahboomcar_msgs/include/yahboomcar_msgs/msg/detail/target__struct.h
[4.729s] -- Up-to-date: /root/yahboomcar_ros2_ws/yahboomcar_ws/install/yahboomcar_msgs/include/yahboomcar_msgs/msg/detail/position__struct.h
[4.729s] -- Up-to-date: /root/yahboomcar_ros2_ws/yahboomcar_ws/install/yahboomcar_msgs/include/yahboomcar_msgs/msg/detail/point_array__struct.h
[4.734s] -- Up-to-date: /root/yahboomcar_ros2_ws/yahboomcar_ws/install/yahboomcar_msgs/include/yahboomcar_msgs/msg/detail/target_array__functions.c
[4.736s] -- Up-to-date: /root/yahboomcar_ros2_ws/yahboomcar_ws/install/yahboomcar_msgs/include/yahboomcar_msgs/msg/detail/target__type_support.h
[4.738s] -- Up-to-date: /root/yahboomcar_ros2_ws/yahboomcar_ws/install/yahboomcar_msgs/include/yahboomcar_msgs/msg/detail/target__functions.h
[4.739s] -- Up-to-date: /root/yahboomcar_ros2_ws/yahboomcar_ws/install/yahboomcar_msgs/include/yahboomcar_msgs/msg/detail/target__functions.c
[4.739s] -- Up-to-date: /root/yahboomcar_ros2_ws/yahboomcar_ws/install/yahboomcar_msgs/include/yahboomcar_msgs/msg/detail/position__functions.h
[4.740s] -- Up-to-date: /root/yahboomcar_ros2_ws/yahboomcar_ws/install/yahboomcar_msgs/include/yahboomcar_msgs/msg/detail/point_array__functions.c
[4.740s] -- Up-to-date: /root/yahboomcar_ros2_ws/yahboomcar_ws/install/yahboomcar_msgs/include/yahboomcar_msgs/msg/detail/point_array__functions.h
[4.740s] -- Up-to-date: /root/yahboomcar_ros2_ws/yahboomcar_ws/install/yahboomcar_msgs/include/yahboomcar_msgs/msg/detail/target_array__functions.h
[4.740s] -- Up-to-date: /root/yahboomcar_ros2_ws/yahboomcar_ws/install/yahboomcar_msgs/include/yahboomcar_msgs/msg/detail/target_array__struct.h
[4.741s] -- Up-to-date: /root/yahboomcar_ros2_ws/yahboomcar_ws/install/yahboomcar_msgs/include/yahboomcar_msgs/msg/detail/image_msg__struct.h
[4.741s] -- Up-to-date: /root/yahboomcar_ros2_ws/yahboomcar_ws/install/yahboomcar_msgs/include/yahboomcar_msgs/msg/detail/target_array__type_support.h
[4.741s] -- Up-to-date: /root/yahboomcar_ros2_ws/yahboomcar_ws/install/yahboomcar_msgs/include/yahboomcar_msgs/msg/detail/position__functions.c
[4.742s] -- Up-to-date: /root/yahboomcar_ros2_ws/yahboomcar_ws/install/yahboomcar_msgs/include/yahboomcar_msgs/msg/detail/image_msg__type_support.h
[4.742s] -- Up-to-date: /root/yahboomcar_ros2_ws/yahboomcar_ws/install/yahboomcar_msgs/include/yahboomcar_msgs/msg/detail/point_array__type_support.h
[4.742s] -- Up-to-date: /root/yahboomcar_ros2_ws/yahboomcar_ws/install/yahboomcar_msgs/include/yahboomcar_msgs/msg/detail/image_msg__functions.h
[4.750s] -- Up-to-date: /root/yahboomcar_ros2_ws/yahboomcar_ws/install/yahboomcar_msgs/include/yahboomcar_msgs/msg/rosidl_generator_c__visibility_control.h
[4.753s] -- Up-to-date: /root/yahboomcar_ros2_ws/yahboomcar_ws/install/yahboomcar_msgs/include/yahboomcar_msgs/msg/image_msg.h
[4.753s] -- Up-to-date: /root/yahboomcar_ros2_ws/yahboomcar_ws/install/yahboomcar_msgs/include/yahboomcar_msgs/msg/target.h
[4.753s] -- Up-to-date: /root/yahboomcar_ros2_ws/yahboomcar_ws/install/yahboomcar_msgs/include/yahboomcar_msgs/msg/position.h
[4.754s] -- Up-to-date: /root/yahboomcar_ros2_ws/yahboomcar_ws/install/yahboomcar_msgs/include/yahboomcar_msgs/msg/target_array.h
[4.754s] -- Up-to-date: /root/yahboomcar_ros2_ws/yahboomcar_ws/install/yahboomcar_msgs/include/yahboomcar_msgs/msg/point_array.h
[4.755s] -- Up-to-date: /root/yahboomcar_ros2_ws/yahboomcar_ws/install/yahboomcar_msgs/share/yahboomcar_msgs/environment/library_path.sh
[4.755s] -- Up-to-date: /root/yahboomcar_ros2_ws/yahboomcar_ws/install/yahboomcar_msgs/share/yahboomcar_msgs/environment/library_path.dsv
[4.755s] -- Up-to-date: /root/yahboomcar_ros2_ws/yahboomcar_ws/install/yahboomcar_msgs/lib/libyahboomcar_msgs__rosidl_generator_c.so
[4.756s] -- Up-to-date: /root/yahboomcar_ros2_ws/yahboomcar_ws/install/yahboomcar_msgs/include/yahboomcar_msgs
[4.757s] -- Up-to-date: /root/yahboomcar_ros2_ws/yahboomcar_ws/install/yahboomcar_msgs/include/yahboomcar_msgs/msg
[4.757s] -- Up-to-date: /root/yahboomcar_ros2_ws/yahboomcar_ws/install/yahboomcar_msgs/include/yahboomcar_msgs/msg/detail
[4.758s] -- Up-to-date: /root/yahboomcar_ros2_ws/yahboomcar_ws/install/yahboomcar_msgs/include/yahboomcar_msgs/msg/detail/target__rosidl_typesupport_fastrtps_c.h
[4.758s] -- Up-to-date: /root/yahboomcar_ros2_ws/yahboomcar_ws/install/yahboomcar_msgs/include/yahboomcar_msgs/msg/detail/image_msg__rosidl_typesupport_fastrtps_c.h
[4.758s] -- Up-to-date: /root/yahboomcar_ros2_ws/yahboomcar_ws/install/yahboomcar_msgs/include/yahboomcar_msgs/msg/detail/target_array__rosidl_typesupport_fastrtps_c.h
[4.759s] -- Up-to-date: /root/yahboomcar_ros2_ws/yahboomcar_ws/install/yahboomcar_msgs/include/yahboomcar_msgs/msg/detail/position__rosidl_typesupport_fastrtps_c.h
[4.762s] -- Up-to-date: /root/yahboomcar_ros2_ws/yahboomcar_ws/install/yahboomcar_msgs/include/yahboomcar_msgs/msg/detail/point_array__rosidl_typesupport_fastrtps_c.h
[4.764s] -- Up-to-date: /root/yahboomcar_ros2_ws/yahboomcar_ws/install/yahboomcar_msgs/include/yahboomcar_msgs/msg/rosidl_typesupport_fastrtps_c__visibility_control.h
[4.764s] -- Up-to-date: /root/yahboomcar_ros2_ws/yahboomcar_ws/install/yahboomcar_msgs/lib/libyahboomcar_msgs__rosidl_typesupport_fastrtps_c.so
[4.774s] -- Up-to-date: /root/yahboomcar_ros2_ws/yahboomcar_ws/install/yahboomcar_msgs/include/yahboomcar_msgs
[4.775s] -- Up-to-date: /root/yahboomcar_ros2_ws/yahboomcar_ws/install/yahboomcar_msgs/include/yahboomcar_msgs/msg
[4.775s] -- Up-to-date: /root/yahboomcar_ros2_ws/yahboomcar_ws/install/yahboomcar_msgs/include/yahboomcar_msgs/msg/detail
[4.775s] -- Up-to-date: /root/yahboomcar_ros2_ws/yahboomcar_ws/install/yahboomcar_msgs/include/yahboomcar_msgs/msg/detail/dds_fastrtps
[4.776s] -- Up-to-date: /root/yahboomcar_ros2_ws/yahboomcar_ws/install/yahboomcar_msgs/include/yahboomcar_msgs/msg/detail/target_array__rosidl_typesupport_fastrtps_cpp.hpp
[4.776s] -- Up-to-date: /root/yahboomcar_ros2_ws/yahboomcar_ws/install/yahboomcar_msgs/include/yahboomcar_msgs/msg/detail/image_msg__rosidl_typesupport_fastrtps_cpp.hpp
[4.776s] -- Up-to-date: /root/yahboomcar_ros2_ws/yahboomcar_ws/install/yahboomcar_msgs/include/yahboomcar_msgs/msg/detail/position__rosidl_typesupport_fastrtps_cpp.hpp
[4.777s] -- Up-to-date: /root/yahboomcar_ros2_ws/yahboomcar_ws/install/yahboomcar_msgs/include/yahboomcar_msgs/msg/detail/target__rosidl_typesupport_fastrtps_cpp.hpp
[4.777s] -- Up-to-date: /root/yahboomcar_ros2_ws/yahboomcar_ws/install/yahboomcar_msgs/include/yahboomcar_msgs/msg/detail/point_array__rosidl_typesupport_fastrtps_cpp.hpp
[4.777s] -- Up-to-date: /root/yahboomcar_ros2_ws/yahboomcar_ws/install/yahboomcar_msgs/include/yahboomcar_msgs/msg/rosidl_typesupport_fastrtps_cpp__visibility_control.h
[4.787s] -- Up-to-date: /root/yahboomcar_ros2_ws/yahboomcar_ws/install/yahboomcar_msgs/lib/libyahboomcar_msgs__rosidl_typesupport_fastrtps_cpp.so
[4.790s] -- Up-to-date: /root/yahboomcar_ros2_ws/yahboomcar_ws/install/yahboomcar_msgs/include/yahboomcar_msgs
[4.791s] -- Up-to-date: /root/yahboomcar_ros2_ws/yahboomcar_ws/install/yahboomcar_msgs/include/yahboomcar_msgs/msg
[4.792s] -- Up-to-date: /root/yahboomcar_ros2_ws/yahboomcar_ws/install/yahboomcar_msgs/include/yahboomcar_msgs/msg/detail
[4.792s] -- Up-to-date: /root/yahboomcar_ros2_ws/yahboomcar_ws/install/yahboomcar_msgs/include/yahboomcar_msgs/msg/detail/point_array__rosidl_typesupport_introspection_c.h
[4.794s] -- Up-to-date: /root/yahboomcar_ros2_ws/yahboomcar_ws/install/yahboomcar_msgs/include/yahboomcar_msgs/msg/detail/target__type_support.c
[4.794s] -- Up-to-date: /root/yahboomcar_ros2_ws/yahboomcar_ws/install/yahboomcar_msgs/include/yahboomcar_msgs/msg/detail/target_array__type_support.c
[4.794s] -- Up-to-date: /root/yahboomcar_ros2_ws/yahboomcar_ws/install/yahboomcar_msgs/include/yahboomcar_msgs/msg/detail/image_msg__rosidl_typesupport_introspection_c.h
[4.795s] -- Up-to-date: /root/yahboomcar_ros2_ws/yahboomcar_ws/install/yahboomcar_msgs/include/yahboomcar_msgs/msg/detail/target_array__rosidl_typesupport_introspection_c.h
[4.795s] -- Up-to-date: /root/yahboomcar_ros2_ws/yahboomcar_ws/install/yahboomcar_msgs/include/yahboomcar_msgs/msg/detail/position__rosidl_typesupport_introspection_c.h
[4.795s] -- Up-to-date: /root/yahboomcar_ros2_ws/yahboomcar_ws/install/yahboomcar_msgs/include/yahboomcar_msgs/msg/detail/image_msg__type_support.c
[4.796s] -- Up-to-date: /root/yahboomcar_ros2_ws/yahboomcar_ws/install/yahboomcar_msgs/include/yahboomcar_msgs/msg/detail/point_array__type_support.c
[4.796s] -- Up-to-date: /root/yahboomcar_ros2_ws/yahboomcar_ws/install/yahboomcar_msgs/include/yahboomcar_msgs/msg/detail/target__rosidl_typesupport_introspection_c.h
[4.796s] -- Up-to-date: /root/yahboomcar_ros2_ws/yahboomcar_ws/install/yahboomcar_msgs/include/yahboomcar_msgs/msg/detail/position__type_support.c
[4.797s] -- Up-to-date: /root/yahboomcar_ros2_ws/yahboomcar_ws/install/yahboomcar_msgs/include/yahboomcar_msgs/msg/rosidl_typesupport_introspection_c__visibility_control.h
[4.797s] -- Up-to-date: /root/yahboomcar_ros2_ws/yahboomcar_ws/install/yahboomcar_msgs/lib/libyahboomcar_msgs__rosidl_typesupport_introspection_c.so
[4.809s] -- Up-to-date: /root/yahboomcar_ros2_ws/yahboomcar_ws/install/yahboomcar_msgs/lib/libyahboomcar_msgs__rosidl_typesupport_c.so
[4.814s] -- Up-to-date: /root/yahboomcar_ros2_ws/yahboomcar_ws/install/yahboomcar_msgs/include/yahboomcar_msgs
[4.815s] -- Up-to-date: /root/yahboomcar_ros2_ws/yahboomcar_ws/install/yahboomcar_msgs/include/yahboomcar_msgs/msg
[4.816s] -- Up-to-date: /root/yahboomcar_ros2_ws/yahboomcar_ws/install/yahboomcar_msgs/include/yahboomcar_msgs/msg/point_array.hpp
[4.816s] -- Up-to-date: /root/yahboomcar_ros2_ws/yahboomcar_ws/install/yahboomcar_msgs/include/yahboomcar_msgs/msg/detail
[4.817s] -- Up-to-date: /root/yahboomcar_ros2_ws/yahboomcar_ws/install/yahboomcar_msgs/include/yahboomcar_msgs/msg/detail/image_msg__struct.hpp
[4.818s] -- Up-to-date: /root/yahboomcar_ros2_ws/yahboomcar_ws/install/yahboomcar_msgs/include/yahboomcar_msgs/msg/detail/point_array__struct.hpp
[4.819s] -- Up-to-date: /root/yahboomcar_ros2_ws/yahboomcar_ws/install/yahboomcar_msgs/include/yahboomcar_msgs/msg/detail/position__builder.hpp
[4.819s] -- Up-to-date: /root/yahboomcar_ros2_ws/yahboomcar_ws/install/yahboomcar_msgs/include/yahboomcar_msgs/msg/detail/position__struct.hpp
[4.820s] -- Up-to-date: /root/yahboomcar_ros2_ws/yahboomcar_ws/install/yahboomcar_msgs/include/yahboomcar_msgs/msg/detail/target__builder.hpp
[4.820s] -- Up-to-date: /root/yahboomcar_ros2_ws/yahboomcar_ws/install/yahboomcar_msgs/include/yahboomcar_msgs/msg/detail/target_array__builder.hpp
[4.821s] -- Up-to-date: /root/yahboomcar_ros2_ws/yahboomcar_ws/install/yahboomcar_msgs/include/yahboomcar_msgs/msg/detail/position__traits.hpp
[4.822s] -- Up-to-date: /root/yahboomcar_ros2_ws/yahboomcar_ws/install/yahboomcar_msgs/include/yahboomcar_msgs/msg/detail/point_array__traits.hpp
[4.823s] -- Up-to-date: /root/yahboomcar_ros2_ws/yahboomcar_ws/install/yahboomcar_msgs/include/yahboomcar_msgs/msg/detail/target__traits.hpp
[4.823s] -- Up-to-date: /root/yahboomcar_ros2_ws/yahboomcar_ws/install/yahboomcar_msgs/include/yahboomcar_msgs/msg/detail/point_array__builder.hpp
[4.824s] -- Up-to-date: /root/yahboomcar_ros2_ws/yahboomcar_ws/install/yahboomcar_msgs/include/yahboomcar_msgs/msg/detail/image_msg__builder.hpp
[4.824s] -- Up-to-date: /root/yahboomcar_ros2_ws/yahboomcar_ws/install/yahboomcar_msgs/include/yahboomcar_msgs/msg/detail/target_array__struct.hpp
[4.824s] -- Up-to-date: /root/yahboomcar_ros2_ws/yahboomcar_ws/install/yahboomcar_msgs/include/yahboomcar_msgs/msg/detail/image_msg__traits.hpp
[4.825s] -- Up-to-date: /root/yahboomcar_ros2_ws/yahboomcar_ws/install/yahboomcar_msgs/include/yahboomcar_msgs/msg/detail/target_array__traits.hpp
[4.826s] -- Up-to-date: /root/yahboomcar_ros2_ws/yahboomcar_ws/install/yahboomcar_msgs/include/yahboomcar_msgs/msg/detail/target__struct.hpp
[4.827s] -- Up-to-date: /root/yahboomcar_ros2_ws/yahboomcar_ws/install/yahboomcar_msgs/include/yahboomcar_msgs/msg/image_msg.hpp
[4.828s] -- Up-to-date: /root/yahboomcar_ros2_ws/yahboomcar_ws/install/yahboomcar_msgs/include/yahboomcar_msgs/msg/target_array.hpp
[4.831s] -- Up-to-date: /root/yahboomcar_ros2_ws/yahboomcar_ws/install/yahboomcar_msgs/include/yahboomcar_msgs/msg/target.hpp
[4.831s] -- Up-to-date: /root/yahboomcar_ros2_ws/yahboomcar_ws/install/yahboomcar_msgs/include/yahboomcar_msgs/msg/position.hpp
[4.832s] -- Up-to-date: /root/yahboomcar_ros2_ws/yahboomcar_ws/install/yahboomcar_msgs/include/yahboomcar_msgs
[4.832s] -- Up-to-date: /root/yahboomcar_ros2_ws/yahboomcar_ws/install/yahboomcar_msgs/include/yahboomcar_msgs/msg
[4.832s] -- Up-to-date: /root/yahboomcar_ros2_ws/yahboomcar_ws/install/yahboomcar_msgs/include/yahboomcar_msgs/msg/detail
[4.832s] -- Up-to-date: /root/yahboomcar_ros2_ws/yahboomcar_ws/install/yahboomcar_msgs/include/yahboomcar_msgs/msg/detail/image_msg__rosidl_typesupport_introspection_cpp.hpp
[4.833s] -- Up-to-date: /root/yahboomcar_ros2_ws/yahboomcar_ws/install/yahboomcar_msgs/include/yahboomcar_msgs/msg/detail/point_array__type_support.cpp
[4.833s] -- Up-to-date: /root/yahboomcar_ros2_ws/yahboomcar_ws/install/yahboomcar_msgs/include/yahboomcar_msgs/msg/detail/target_array__type_support.cpp
[4.834s] -- Up-to-date: /root/yahboomcar_ros2_ws/yahboomcar_ws/install/yahboomcar_msgs/include/yahboomcar_msgs/msg/detail/point_array__rosidl_typesupport_introspection_cpp.hpp
[4.835s] -- Up-to-date: /root/yahboomcar_ros2_ws/yahboomcar_ws/install/yahboomcar_msgs/include/yahboomcar_msgs/msg/detail/target__rosidl_typesupport_introspection_cpp.hpp
[4.839s] -- Up-to-date: /root/yahboomcar_ros2_ws/yahboomcar_ws/install/yahboomcar_msgs/include/yahboomcar_msgs/msg/detail/image_msg__type_support.cpp
[4.840s] -- Up-to-date: /root/yahboomcar_ros2_ws/yahboomcar_ws/install/yahboomcar_msgs/include/yahboomcar_msgs/msg/detail/position__type_support.cpp
[4.840s] -- Up-to-date: /root/yahboomcar_ros2_ws/yahboomcar_ws/install/yahboomcar_msgs/include/yahboomcar_msgs/msg/detail/target__type_support.cpp
[4.840s] -- Up-to-date: /root/yahboomcar_ros2_ws/yahboomcar_ws/install/yahboomcar_msgs/include/yahboomcar_msgs/msg/detail/position__rosidl_typesupport_introspection_cpp.hpp
[4.841s] -- Up-to-date: /root/yahboomcar_ros2_ws/yahboomcar_ws/install/yahboomcar_msgs/include/yahboomcar_msgs/msg/detail/target_array__rosidl_typesupport_introspection_cpp.hpp
[4.841s] -- Up-to-date: /root/yahboomcar_ros2_ws/yahboomcar_ws/install/yahboomcar_msgs/lib/libyahboomcar_msgs__rosidl_typesupport_introspection_cpp.so
[4.841s] -- Up-to-date: /root/yahboomcar_ros2_ws/yahboomcar_ws/install/yahboomcar_msgs/lib/libyahboomcar_msgs__rosidl_typesupport_cpp.so
[4.841s] -- Up-to-date: /root/yahboomcar_ros2_ws/yahboomcar_ws/install/yahboomcar_msgs/share/yahboomcar_msgs/environment/pythonpath.sh
[4.842s] -- Up-to-date: /root/yahboomcar_ros2_ws/yahboomcar_ws/install/yahboomcar_msgs/share/yahboomcar_msgs/environment/pythonpath.dsv
[4.842s] -- Up-to-date: /root/yahboomcar_ros2_ws/yahboomcar_ws/install/yahboomcar_msgs/lib/python3.8/site-packages/yahboomcar_msgs/__init__.py
[5.106s] -- Up-to-date: /root/yahboomcar_ros2_ws/yahboomcar_ws/install/yahboomcar_msgs/lib/python3.8/site-packages/yahboomcar_msgs/msg
[5.107s] -- Up-to-date: /root/yahboomcar_ros2_ws/yahboomcar_ws/install/yahboomcar_msgs/lib/python3.8/site-packages/yahboomcar_msgs/msg/_image_msg_s.c
[5.107s] -- Up-to-date: /root/yahboomcar_ros2_ws/yahboomcar_ws/install/yahboomcar_msgs/lib/python3.8/site-packages/yahboomcar_msgs/msg/_position.py
[5.108s] -- Up-to-date: /root/yahboomcar_ros2_ws/yahboomcar_ws/install/yahboomcar_msgs/lib/python3.8/site-packages/yahboomcar_msgs/msg/_target_array_s.c
[5.108s] -- Up-to-date: /root/yahboomcar_ros2_ws/yahboomcar_ws/install/yahboomcar_msgs/lib/python3.8/site-packages/yahboomcar_msgs/msg/_target_array.py
[5.108s] -- Up-to-date: /root/yahboomcar_ros2_ws/yahboomcar_ws/install/yahboomcar_msgs/lib/python3.8/site-packages/yahboomcar_msgs/msg/_point_array.py
[5.109s] -- Up-to-date: /root/yahboomcar_ros2_ws/yahboomcar_ws/install/yahboomcar_msgs/lib/python3.8/site-packages/yahboomcar_msgs/msg/__init__.py
[5.109s] -- Up-to-date: /root/yahboomcar_ros2_ws/yahboomcar_ws/install/yahboomcar_msgs/lib/python3.8/site-packages/yahboomcar_msgs/msg/_image_msg.py
[5.110s] -- Up-to-date: /root/yahboomcar_ros2_ws/yahboomcar_ws/install/yahboomcar_msgs/lib/python3.8/site-packages/yahboomcar_msgs/msg/_point_array_s.c
[5.110s] -- Up-to-date: /root/yahboomcar_ros2_ws/yahboomcar_ws/install/yahboomcar_msgs/lib/python3.8/site-packages/yahboomcar_msgs/msg/_target_s.c
[5.111s] -- Up-to-date: /root/yahboomcar_ros2_ws/yahboomcar_ws/install/yahboomcar_msgs/lib/python3.8/site-packages/yahboomcar_msgs/msg/_position_s.c
[5.111s] -- Up-to-date: /root/yahboomcar_ros2_ws/yahboomcar_ws/install/yahboomcar_msgs/lib/python3.8/site-packages/yahboomcar_msgs/msg/_target.py
[5.111s] -- Up-to-date: /root/yahboomcar_ros2_ws/yahboomcar_ws/install/yahboomcar_msgs/lib/python3.8/site-packages/yahboomcar_msgs/yahboomcar_msgs_s__rosidl_typesupport_fastrtps_c.cpython-38-aarch64-linux-gnu.so
[5.116s] -- Up-to-date: /root/yahboomcar_ros2_ws/yahboomcar_ws/install/yahboomcar_msgs/lib/python3.8/site-packages/yahboomcar_msgs/yahboomcar_msgs_s__rosidl_typesupport_introspection_c.cpython-38-aarch64-linux-gnu.so
[5.126s] -- Up-to-date: /root/yahboomcar_ros2_ws/yahboomcar_ws/install/yahboomcar_msgs/lib/python3.8/site-packages/yahboomcar_msgs/yahboomcar_msgs_s__rosidl_typesupport_c.cpython-38-aarch64-linux-gnu.so
[5.129s] -- Up-to-date: /root/yahboomcar_ros2_ws/yahboomcar_ws/install/yahboomcar_msgs/lib/libyahboomcar_msgs__python.so
[5.133s] -- Up-to-date: /root/yahboomcar_ros2_ws/yahboomcar_ws/install/yahboomcar_msgs/share/yahboomcar_msgs/msg/ImageMsg.idl
[5.134s] -- Up-to-date: /root/yahboomcar_ros2_ws/yahboomcar_ws/install/yahboomcar_msgs/share/yahboomcar_msgs/msg/PointArray.idl
[5.134s] -- Up-to-date: /root/yahboomcar_ros2_ws/yahboomcar_ws/install/yahboomcar_msgs/share/yahboomcar_msgs/msg/Position.idl
[5.136s] -- Up-to-date: /root/yahboomcar_ros2_ws/yahboomcar_ws/install/yahboomcar_msgs/share/yahboomcar_msgs/msg/Target.idl
[5.136s] -- Up-to-date: /root/yahboomcar_ros2_ws/yahboomcar_ws/install/yahboomcar_msgs/share/yahboomcar_msgs/msg/TargetArray.idl
[5.137s] -- Up-to-date: /root/yahboomcar_ros2_ws/yahboomcar_ws/install/yahboomcar_msgs/share/yahboomcar_msgs/msg/ImageMsg.msg
[5.137s] -- Up-to-date: /root/yahboomcar_ros2_ws/yahboomcar_ws/install/yahboomcar_msgs/share/yahboomcar_msgs/msg/PointArray.msg
[5.138s] -- Up-to-date: /root/yahboomcar_ros2_ws/yahboomcar_ws/install/yahboomcar_msgs/share/yahboomcar_msgs/msg/Position.msg
[5.138s] -- Up-to-date: /root/yahboomcar_ros2_ws/yahboomcar_ws/install/yahboomcar_msgs/share/yahboomcar_msgs/msg/Target.msg
[5.139s] -- Up-to-date: /root/yahboomcar_ros2_ws/yahboomcar_ws/install/yahboomcar_msgs/share/yahboomcar_msgs/msg/TargetArray.msg
[5.140s] -- Up-to-date: /root/yahboomcar_ros2_ws/yahboomcar_ws/install/yahboomcar_msgs/share/ament_index/resource_index/package_run_dependencies/yahboomcar_msgs
[5.140s] -- Up-to-date: /root/yahboomcar_ros2_ws/yahboomcar_ws/install/yahboomcar_msgs/share/ament_index/resource_index/parent_prefix_path/yahboomcar_msgs
[5.141s] -- Up-to-date: /root/yahboomcar_ros2_ws/yahboomcar_ws/install/yahboomcar_msgs/share/yahboomcar_msgs/environment/ament_prefix_path.sh
[5.141s] -- Up-to-date: /root/yahboomcar_ros2_ws/yahboomcar_ws/install/yahboomcar_msgs/share/yahboomcar_msgs/environment/ament_prefix_path.dsv
[5.144s] -- Up-to-date: /root/yahboomcar_ros2_ws/yahboomcar_ws/install/yahboomcar_msgs/share/yahboomcar_msgs/environment/path.sh
[5.146s] -- Up-to-date: /root/yahboomcar_ros2_ws/yahboomcar_ws/install/yahboomcar_msgs/share/yahboomcar_msgs/environment/path.dsv
[5.147s] -- Up-to-date: /root/yahboomcar_ros2_ws/yahboomcar_ws/install/yahboomcar_msgs/share/yahboomcar_msgs/local_setup.bash
[5.148s] -- Up-to-date: /root/yahboomcar_ros2_ws/yahboomcar_ws/install/yahboomcar_msgs/share/yahboomcar_msgs/local_setup.sh
[5.149s] -- Up-to-date: /root/yahboomcar_ros2_ws/yahboomcar_ws/install/yahboomcar_msgs/share/yahboomcar_msgs/local_setup.zsh
[5.149s] -- Up-to-date: /root/yahboomcar_ros2_ws/yahboomcar_ws/install/yahboomcar_msgs/share/yahboomcar_msgs/local_setup.dsv
[5.149s] -- Installing: /root/yahboomcar_ros2_ws/yahboomcar_ws/install/yahboomcar_msgs/share/yahboomcar_msgs/package.dsv
[5.155s] -- Up-to-date: /root/yahboomcar_ros2_ws/yahboomcar_ws/install/yahboomcar_msgs/share/ament_index/resource_index/packages/yahboomcar_msgs
[5.156s] -- Up-to-date: /root/yahboomcar_ros2_ws/yahboomcar_ws/install/yahboomcar_msgs/share/yahboomcar_msgs/cmake/yahboomcar_msgs__rosidl_generator_cExport.cmake
[5.157s] -- Up-to-date: /root/yahboomcar_ros2_ws/yahboomcar_ws/install/yahboomcar_msgs/share/yahboomcar_msgs/cmake/yahboomcar_msgs__rosidl_generator_cExport-noconfig.cmake
[5.157s] -- Up-to-date: /root/yahboomcar_ros2_ws/yahboomcar_ws/install/yahboomcar_msgs/share/yahboomcar_msgs/cmake/yahboomcar_msgs__rosidl_typesupport_introspection_cExport.cmake
[5.157s] -- Up-to-date: /root/yahboomcar_ros2_ws/yahboomcar_ws/install/yahboomcar_msgs/share/yahboomcar_msgs/cmake/yahboomcar_msgs__rosidl_typesupport_introspection_cExport-noconfig.cmake
[5.159s] -- Up-to-date: /root/yahboomcar_ros2_ws/yahboomcar_ws/install/yahboomcar_msgs/share/yahboomcar_msgs/cmake/yahboomcar_msgs__rosidl_typesupport_cExport.cmake
[5.160s] -- Up-to-date: /root/yahboomcar_ros2_ws/yahboomcar_ws/install/yahboomcar_msgs/share/yahboomcar_msgs/cmake/yahboomcar_msgs__rosidl_typesupport_cExport-noconfig.cmake
[5.162s] -- Up-to-date: /root/yahboomcar_ros2_ws/yahboomcar_ws/install/yahboomcar_msgs/share/yahboomcar_msgs/cmake/yahboomcar_msgs__rosidl_generator_cppExport.cmake
[5.162s] -- Up-to-date: /root/yahboomcar_ros2_ws/yahboomcar_ws/install/yahboomcar_msgs/share/yahboomcar_msgs/cmake/yahboomcar_msgs__rosidl_typesupport_introspection_cppExport.cmake
[5.162s] -- Up-to-date: /root/yahboomcar_ros2_ws/yahboomcar_ws/install/yahboomcar_msgs/share/yahboomcar_msgs/cmake/yahboomcar_msgs__rosidl_typesupport_introspection_cppExport-noconfig.cmake
[5.163s] -- Up-to-date: /root/yahboomcar_ros2_ws/yahboomcar_ws/install/yahboomcar_msgs/share/yahboomcar_msgs/cmake/yahboomcar_msgs__rosidl_typesupport_cppExport.cmake
[5.163s] -- Up-to-date: /root/yahboomcar_ros2_ws/yahboomcar_ws/install/yahboomcar_msgs/share/yahboomcar_msgs/cmake/yahboomcar_msgs__rosidl_typesupport_cppExport-noconfig.cmake
[5.163s] -- Up-to-date: /root/yahboomcar_ros2_ws/yahboomcar_ws/install/yahboomcar_msgs/share/yahboomcar_msgs/cmake/rosidl_cmake-extras.cmake
[5.164s] -- Up-to-date: /root/yahboomcar_ros2_ws/yahboomcar_ws/install/yahboomcar_msgs/share/yahboomcar_msgs/cmake/ament_cmake_export_dependencies-extras.cmake
[5.170s] -- Up-to-date: /root/yahboomcar_ros2_ws/yahboomcar_ws/install/yahboomcar_msgs/share/yahboomcar_msgs/cmake/ament_cmake_export_libraries-extras.cmake
[5.170s] -- Up-to-date: /root/yahboomcar_ros2_ws/yahboomcar_ws/install/yahboomcar_msgs/share/yahboomcar_msgs/cmake/ament_cmake_export_targets-extras.cmake
[5.171s] -- Up-to-date: /root/yahboomcar_ros2_ws/yahboomcar_ws/install/yahboomcar_msgs/share/yahboomcar_msgs/cmake/ament_cmake_export_include_directories-extras.cmake
[5.171s] -- Up-to-date: /root/yahboomcar_ros2_ws/yahboomcar_ws/install/yahboomcar_msgs/share/yahboomcar_msgs/cmake/rosidl_cmake_export_typesupport_libraries-extras.cmake
[5.171s] -- Up-to-date: /root/yahboomcar_ros2_ws/yahboomcar_ws/install/yahboomcar_msgs/share/yahboomcar_msgs/cmake/rosidl_cmake_export_typesupport_targets-extras.cmake
[5.172s] -- Up-to-date: /root/yahboomcar_ros2_ws/yahboomcar_ws/install/yahboomcar_msgs/share/yahboomcar_msgs/cmake/yahboomcar_msgsConfig.cmake
[5.172s] -- Up-to-date: /root/yahboomcar_ros2_ws/yahboomcar_ws/install/yahboomcar_msgs/share/yahboomcar_msgs/cmake/yahboomcar_msgsConfig-version.cmake
[5.172s] -- Up-to-date: /root/yahboomcar_ros2_ws/yahboomcar_ws/install/yahboomcar_msgs/share/yahboomcar_msgs/package.xml
[5.195s] Invoked command in '/root/yahboomcar_ros2_ws/yahboomcar_ws/build/yahboomcar_msgs' returned '0': CMAKE_PREFIX_PATH=${CMAKE_PREFIX_PATH}:/root/yahboomcar_ros2_ws/yahboomcar_ws/install/yahboomcar_voice_ctrl:/root/yahboomcar_ros2_ws/yahboomcar_ws/install/yahboomcar_visual:/root/yahboomcar_ros2_ws/yahboomcar_ws/install/yahboomcar_nav:/root/yahboomcar_ros2_ws/yahboomcar_ws/install/yahboomcar_mediapipe:/root/yahboomcar_ros2_ws/yahboomcar_ws/install/yahboomcar_linefollow:/root/yahboomcar_ros2_ws/yahboomcar_ws/install/yahboomcar_laser:/root/yahboomcar_ros2_ws/yahboomcar_ws/install/yahboomcar_description_x1:/root/yahboomcar_ros2_ws/yahboomcar_ws/install/yahboomcar_description:/root/yahboomcar_ros2_ws/yahboomcar_ws/install/yahboomcar_ctrl:/root/yahboomcar_ros2_ws/yahboomcar_ws/install/yahboomcar_bringup:/root/yahboomcar_ros2_ws/yahboomcar_ws/install/yahboomcar_astra:/opt/ros/foxy /usr/bin/cmake --install /root/yahboomcar_ros2_ws/yahboomcar_ws/build/yahboomcar_msgs
