[0.423s] Invoking command in '/root/yahboomcar_ros2_ws/yahboomcar_ws/build/yahboomcar_msgs': CMAKE_PREFIX_PATH=${CMAKE_PREFIX_PATH}:/root/yahboomcar_ros2_ws/yahboomcar_ws/install/yahboomcar_voice_ctrl:/root/yahboomcar_ros2_ws/yahboomcar_ws/install/yahboomcar_visual:/root/yahboomcar_ros2_ws/yahboomcar_ws/install/yahboomcar_nav:/root/yahboomcar_ros2_ws/yahboomcar_ws/install/yahboomcar_mediapipe:/root/yahboomcar_ros2_ws/yahboomcar_ws/install/yahboomcar_linefollow:/root/yahboomcar_ros2_ws/yahboomcar_ws/install/yahboomcar_laser:/root/yahboomcar_ros2_ws/yahboomcar_ws/install/yahboomcar_description_x1:/root/yahboomcar_ros2_ws/yahboomcar_ws/install/yahboomcar_description:/root/yahboomcar_ros2_ws/yahboomcar_ws/install/yahboomcar_ctrl:/root/yahboomcar_ros2_ws/yahboomcar_ws/install/yahboomcar_bringup:/root/yahboomcar_ros2_ws/yahboomcar_ws/install/yahboomcar_astra:/root/yahboomcar_ros2_ws/yahboomcar_ws/install/yahboom_app_save_map:/root/yahboomcar_ros2_ws/yahboomcar_ws/install/robot_pose_publisher:/root/yahboomcar_ros2_ws/yahboomcar_ws/install/laserscan_to_point_pulisher:/opt/ros/foxy /usr/bin/cmake --build /root/yahboomcar_ros2_ws/yahboomcar_ws/build/yahboomcar_msgs -- -j4 -l4
[3.163s] [  1%] Built target yahboomcar_msgs__cpp
[3.164s] [ 12%] Built target yahboomcar_msgs__rosidl_generator_c
[3.165s] [ 23%] Built target yahboomcar_msgs__rosidl_typesupport_cpp
[3.166s] [ 34%] Built target yahboomcar_msgs__rosidl_typesupport_introspection_cpp
[3.166s] [ 46%] Built target yahboomcar_msgs__rosidl_typesupport_fastrtps_cpp
[3.167s] [ 57%] Built target yahboomcar_msgs__rosidl_typesupport_introspection_c
[3.168s] [ 68%] Built target yahboomcar_msgs__rosidl_typesupport_c
[3.168s] [ 79%] Built target yahboomcar_msgs__rosidl_typesupport_fastrtps_c
[3.169s] [ 79%] Built target yahboomcar_msgs
[3.169s] [ 80%] Built target yahboomcar_msgs__py
[3.170s] [ 90%] Built target yahboomcar_msgs__python
[3.170s] [ 93%] Built target yahboomcar_msgs__rosidl_typesupport_introspection_c__pyext
[3.170s] [ 96%] Built target yahboomcar_msgs__rosidl_typesupport_c__pyext
[3.171s] [100%] Built target yahboomcar_msgs__rosidl_typesupport_fastrtps_c__pyext
[3.199s] Invoked command in '/root/yahboomcar_ros2_ws/yahboomcar_ws/build/yahboomcar_msgs' returned '0': CMAKE_PREFIX_PATH=${CMAKE_PREFIX_PATH}:/root/yahboomcar_ros2_ws/yahboomcar_ws/install/yahboomcar_voice_ctrl:/root/yahboomcar_ros2_ws/yahboomcar_ws/install/yahboomcar_visual:/root/yahboomcar_ros2_ws/yahboomcar_ws/install/yahboomcar_nav:/root/yahboomcar_ros2_ws/yahboomcar_ws/install/yahboomcar_mediapipe:/root/yahboomcar_ros2_ws/yahboomcar_ws/install/yahboomcar_linefollow:/root/yahboomcar_ros2_ws/yahboomcar_ws/install/yahboomcar_laser:/root/yahboomcar_ros2_ws/yahboomcar_ws/install/yahboomcar_description_x1:/root/yahboomcar_ros2_ws/yahboomcar_ws/install/yahboomcar_description:/root/yahboomcar_ros2_ws/yahboomcar_ws/install/yahboomcar_ctrl:/root/yahboomcar_ros2_ws/yahboomcar_ws/install/yahboomcar_bringup:/root/yahboomcar_ros2_ws/yahboomcar_ws/install/yahboomcar_astra:/root/yahboomcar_ros2_ws/yahboomcar_ws/install/yahboom_app_save_map:/root/yahboomcar_ros2_ws/yahboomcar_ws/install/robot_pose_publisher:/root/yahboomcar_ros2_ws/yahboomcar_ws/install/laserscan_to_point_pulisher:/opt/ros/foxy /usr/bin/cmake --build /root/yahboomcar_ros2_ws/yahboomcar_ws/build/yahboomcar_msgs -- -j4 -l4
[4.082s] Invoking command in '/root/yahboomcar_ros2_ws/yahboomcar_ws/build/yahboomcar_msgs': CMAKE_PREFIX_PATH=${CMAKE_PREFIX_PATH}:/root/yahboomcar_ros2_ws/yahboomcar_ws/install/yahboomcar_voice_ctrl:/root/yahboomcar_ros2_ws/yahboomcar_ws/install/yahboomcar_visual:/root/yahboomcar_ros2_ws/yahboomcar_ws/install/yahboomcar_nav:/root/yahboomcar_ros2_ws/yahboomcar_ws/install/yahboomcar_mediapipe:/root/yahboomcar_ros2_ws/yahboomcar_ws/install/yahboomcar_linefollow:/root/yahboomcar_ros2_ws/yahboomcar_ws/install/yahboomcar_laser:/root/yahboomcar_ros2_ws/yahboomcar_ws/install/yahboomcar_description_x1:/root/yahboomcar_ros2_ws/yahboomcar_ws/install/yahboomcar_description:/root/yahboomcar_ros2_ws/yahboomcar_ws/install/yahboomcar_ctrl:/root/yahboomcar_ros2_ws/yahboomcar_ws/install/yahboomcar_bringup:/root/yahboomcar_ros2_ws/yahboomcar_ws/install/yahboomcar_astra:/root/yahboomcar_ros2_ws/yahboomcar_ws/install/yahboom_app_save_map:/root/yahboomcar_ros2_ws/yahboomcar_ws/install/robot_pose_publisher:/root/yahboomcar_ros2_ws/yahboomcar_ws/install/laserscan_to_point_pulisher:/opt/ros/foxy /usr/bin/cmake --install /root/yahboomcar_ros2_ws/yahboomcar_ws/build/yahboomcar_msgs
[4.268s] -- Install configuration: ""
[4.280s] -- Up-to-date: /root/yahboomcar_ros2_ws/yahboomcar_ws/install/yahboomcar_msgs/share/ament_index/resource_index/rosidl_interfaces/yahboomcar_msgs
[4.421s] -- Up-to-date: /root/yahboomcar_ros2_ws/yahboomcar_ws/install/yahboomcar_msgs/include/yahboomcar_msgs
[4.422s] -- Up-to-date: /root/yahboomcar_ros2_ws/yahboomcar_ws/install/yahboomcar_msgs/include/yahboomcar_msgs/msg
[4.423s] -- Up-to-date: /root/yahboomcar_ros2_ws/yahboomcar_ws/install/yahboomcar_msgs/include/yahboomcar_msgs/msg/detail
[4.426s] -- Up-to-date: /root/yahboomcar_ros2_ws/yahboomcar_ws/install/yahboomcar_msgs/include/yahboomcar_msgs/msg/detail/image_msg__type_support.h
[4.447s] -- Up-to-date: /root/yahboomcar_ros2_ws/yahboomcar_ws/install/yahboomcar_msgs/include/yahboomcar_msgs/msg/detail/position__type_support.h
[4.475s] -- Up-to-date: /root/yahboomcar_ros2_ws/yahboomcar_ws/install/yahboomcar_msgs/include/yahboomcar_msgs/msg/detail/image_msg__functions.h
[4.503s] -- Up-to-date: /root/yahboomcar_ros2_ws/yahboomcar_ws/install/yahboomcar_msgs/include/yahboomcar_msgs/msg/detail/point_array__functions.c
[4.538s] -- Up-to-date: /root/yahboomcar_ros2_ws/yahboomcar_ws/install/yahboomcar_msgs/include/yahboomcar_msgs/msg/detail/image_msg__struct.h
[4.574s] -- Up-to-date: /root/yahboomcar_ros2_ws/yahboomcar_ws/install/yahboomcar_msgs/include/yahboomcar_msgs/msg/detail/target__type_support.h
[4.685s] -- Up-to-date: /root/yahboomcar_ros2_ws/yahboomcar_ws/install/yahboomcar_msgs/include/yahboomcar_msgs/msg/detail/target__functions.c
[4.701s] -- Up-to-date: /root/yahboomcar_ros2_ws/yahboomcar_ws/install/yahboomcar_msgs/include/yahboomcar_msgs/msg/detail/position__functions.c
[4.733s] -- Up-to-date: /root/yahboomcar_ros2_ws/yahboomcar_ws/install/yahboomcar_msgs/include/yahboomcar_msgs/msg/detail/point_array__type_support.h
[4.733s] -- Up-to-date: /root/yahboomcar_ros2_ws/yahboomcar_ws/install/yahboomcar_msgs/include/yahboomcar_msgs/msg/detail/image_msg__functions.c
[4.734s] -- Up-to-date: /root/yahboomcar_ros2_ws/yahboomcar_ws/install/yahboomcar_msgs/include/yahboomcar_msgs/msg/detail/target__functions.h
[4.752s] -- Up-to-date: /root/yahboomcar_ros2_ws/yahboomcar_ws/install/yahboomcar_msgs/include/yahboomcar_msgs/msg/detail/position__functions.h
[4.755s] -- Up-to-date: /root/yahboomcar_ros2_ws/yahboomcar_ws/install/yahboomcar_msgs/include/yahboomcar_msgs/msg/detail/target__struct.h
[4.856s] -- Up-to-date: /root/yahboomcar_ros2_ws/yahboomcar_ws/install/yahboomcar_msgs/include/yahboomcar_msgs/msg/detail/point_array__struct.h
[4.857s] -- Up-to-date: /root/yahboomcar_ros2_ws/yahboomcar_ws/install/yahboomcar_msgs/include/yahboomcar_msgs/msg/detail/target_array__functions.c
[4.920s] -- Up-to-date: /root/yahboomcar_ros2_ws/yahboomcar_ws/install/yahboomcar_msgs/include/yahboomcar_msgs/msg/detail/target_array__struct.h
[4.964s] -- Up-to-date: /root/yahboomcar_ros2_ws/yahboomcar_ws/install/yahboomcar_msgs/include/yahboomcar_msgs/msg/detail/position__struct.h
[4.978s] -- Up-to-date: /root/yahboomcar_ros2_ws/yahboomcar_ws/install/yahboomcar_msgs/include/yahboomcar_msgs/msg/detail/point_array__functions.h
[4.987s] -- Up-to-date: /root/yahboomcar_ros2_ws/yahboomcar_ws/install/yahboomcar_msgs/include/yahboomcar_msgs/msg/detail/target_array__functions.h
[4.992s] -- Up-to-date: /root/yahboomcar_ros2_ws/yahboomcar_ws/install/yahboomcar_msgs/include/yahboomcar_msgs/msg/detail/target_array__type_support.h
[5.003s] -- Up-to-date: /root/yahboomcar_ros2_ws/yahboomcar_ws/install/yahboomcar_msgs/include/yahboomcar_msgs/msg/target.h
[5.010s] -- Up-to-date: /root/yahboomcar_ros2_ws/yahboomcar_ws/install/yahboomcar_msgs/include/yahboomcar_msgs/msg/position.h
[5.019s] -- Up-to-date: /root/yahboomcar_ros2_ws/yahboomcar_ws/install/yahboomcar_msgs/include/yahboomcar_msgs/msg/target_array.h
[5.048s] -- Up-to-date: /root/yahboomcar_ros2_ws/yahboomcar_ws/install/yahboomcar_msgs/include/yahboomcar_msgs/msg/image_msg.h
[5.164s] -- Up-to-date: /root/yahboomcar_ros2_ws/yahboomcar_ws/install/yahboomcar_msgs/include/yahboomcar_msgs/msg/rosidl_generator_c__visibility_control.h
[5.178s] -- Up-to-date: /root/yahboomcar_ros2_ws/yahboomcar_ws/install/yahboomcar_msgs/include/yahboomcar_msgs/msg/point_array.h
[5.195s] -- Up-to-date: /root/yahboomcar_ros2_ws/yahboomcar_ws/install/yahboomcar_msgs/share/yahboomcar_msgs/environment/library_path.sh
[5.216s] -- Up-to-date: /root/yahboomcar_ros2_ws/yahboomcar_ws/install/yahboomcar_msgs/share/yahboomcar_msgs/environment/library_path.dsv
[5.238s] -- Up-to-date: /root/yahboomcar_ros2_ws/yahboomcar_ws/install/yahboomcar_msgs/lib/libyahboomcar_msgs__rosidl_generator_c.so
[5.253s] -- Up-to-date: /root/yahboomcar_ros2_ws/yahboomcar_ws/install/yahboomcar_msgs/include/yahboomcar_msgs
[5.254s] -- Up-to-date: /root/yahboomcar_ros2_ws/yahboomcar_ws/install/yahboomcar_msgs/include/yahboomcar_msgs/msg
[5.255s] -- Up-to-date: /root/yahboomcar_ros2_ws/yahboomcar_ws/install/yahboomcar_msgs/include/yahboomcar_msgs/msg/detail
[5.256s] -- Up-to-date: /root/yahboomcar_ros2_ws/yahboomcar_ws/install/yahboomcar_msgs/include/yahboomcar_msgs/msg/detail/image_msg__rosidl_typesupport_fastrtps_c.h
[5.272s] -- Up-to-date: /root/yahboomcar_ros2_ws/yahboomcar_ws/install/yahboomcar_msgs/include/yahboomcar_msgs/msg/detail/target__rosidl_typesupport_fastrtps_c.h
[5.290s] -- Up-to-date: /root/yahboomcar_ros2_ws/yahboomcar_ws/install/yahboomcar_msgs/include/yahboomcar_msgs/msg/detail/position__rosidl_typesupport_fastrtps_c.h
[5.301s] -- Up-to-date: /root/yahboomcar_ros2_ws/yahboomcar_ws/install/yahboomcar_msgs/include/yahboomcar_msgs/msg/detail/point_array__rosidl_typesupport_fastrtps_c.h
[5.310s] -- Up-to-date: /root/yahboomcar_ros2_ws/yahboomcar_ws/install/yahboomcar_msgs/include/yahboomcar_msgs/msg/detail/target_array__rosidl_typesupport_fastrtps_c.h
[5.318s] -- Up-to-date: /root/yahboomcar_ros2_ws/yahboomcar_ws/install/yahboomcar_msgs/include/yahboomcar_msgs/msg/rosidl_typesupport_fastrtps_c__visibility_control.h
[5.333s] -- Up-to-date: /root/yahboomcar_ros2_ws/yahboomcar_ws/install/yahboomcar_msgs/lib/libyahboomcar_msgs__rosidl_typesupport_fastrtps_c.so
[5.342s] -- Up-to-date: /root/yahboomcar_ros2_ws/yahboomcar_ws/install/yahboomcar_msgs/include/yahboomcar_msgs
[5.343s] -- Up-to-date: /root/yahboomcar_ros2_ws/yahboomcar_ws/install/yahboomcar_msgs/include/yahboomcar_msgs/msg
[5.343s] -- Up-to-date: /root/yahboomcar_ros2_ws/yahboomcar_ws/install/yahboomcar_msgs/include/yahboomcar_msgs/msg/detail
[5.343s] -- Up-to-date: /root/yahboomcar_ros2_ws/yahboomcar_ws/install/yahboomcar_msgs/include/yahboomcar_msgs/msg/detail/image_msg__rosidl_typesupport_fastrtps_cpp.hpp
[5.360s] -- Up-to-date: /root/yahboomcar_ros2_ws/yahboomcar_ws/install/yahboomcar_msgs/include/yahboomcar_msgs/msg/detail/dds_fastrtps
[5.361s] -- Up-to-date: /root/yahboomcar_ros2_ws/yahboomcar_ws/install/yahboomcar_msgs/include/yahboomcar_msgs/msg/detail/position__rosidl_typesupport_fastrtps_cpp.hpp
[5.370s] -- Up-to-date: /root/yahboomcar_ros2_ws/yahboomcar_ws/install/yahboomcar_msgs/include/yahboomcar_msgs/msg/detail/target_array__rosidl_typesupport_fastrtps_cpp.hpp
[5.378s] -- Up-to-date: /root/yahboomcar_ros2_ws/yahboomcar_ws/install/yahboomcar_msgs/include/yahboomcar_msgs/msg/detail/target__rosidl_typesupport_fastrtps_cpp.hpp
[5.388s] -- Up-to-date: /root/yahboomcar_ros2_ws/yahboomcar_ws/install/yahboomcar_msgs/include/yahboomcar_msgs/msg/detail/point_array__rosidl_typesupport_fastrtps_cpp.hpp
[5.400s] -- Up-to-date: /root/yahboomcar_ros2_ws/yahboomcar_ws/install/yahboomcar_msgs/include/yahboomcar_msgs/msg/rosidl_typesupport_fastrtps_cpp__visibility_control.h
[5.424s] -- Up-to-date: /root/yahboomcar_ros2_ws/yahboomcar_ws/install/yahboomcar_msgs/lib/libyahboomcar_msgs__rosidl_typesupport_fastrtps_cpp.so
[5.446s] -- Up-to-date: /root/yahboomcar_ros2_ws/yahboomcar_ws/install/yahboomcar_msgs/include/yahboomcar_msgs
[5.447s] -- Up-to-date: /root/yahboomcar_ros2_ws/yahboomcar_ws/install/yahboomcar_msgs/include/yahboomcar_msgs/msg
[5.448s] -- Up-to-date: /root/yahboomcar_ros2_ws/yahboomcar_ws/install/yahboomcar_msgs/include/yahboomcar_msgs/msg/detail
[5.448s] -- Up-to-date: /root/yahboomcar_ros2_ws/yahboomcar_ws/install/yahboomcar_msgs/include/yahboomcar_msgs/msg/detail/target__type_support.c
[5.459s] -- Up-to-date: /root/yahboomcar_ros2_ws/yahboomcar_ws/install/yahboomcar_msgs/include/yahboomcar_msgs/msg/detail/target__rosidl_typesupport_introspection_c.h
[5.475s] -- Up-to-date: /root/yahboomcar_ros2_ws/yahboomcar_ws/install/yahboomcar_msgs/include/yahboomcar_msgs/msg/detail/point_array__type_support.c
[5.484s] -- Up-to-date: /root/yahboomcar_ros2_ws/yahboomcar_ws/install/yahboomcar_msgs/include/yahboomcar_msgs/msg/detail/target_array__rosidl_typesupport_introspection_c.h
[5.492s] -- Up-to-date: /root/yahboomcar_ros2_ws/yahboomcar_ws/install/yahboomcar_msgs/include/yahboomcar_msgs/msg/detail/position__rosidl_typesupport_introspection_c.h
[5.502s] -- Up-to-date: /root/yahboomcar_ros2_ws/yahboomcar_ws/install/yahboomcar_msgs/include/yahboomcar_msgs/msg/detail/point_array__rosidl_typesupport_introspection_c.h
[5.514s] -- Up-to-date: /root/yahboomcar_ros2_ws/yahboomcar_ws/install/yahboomcar_msgs/include/yahboomcar_msgs/msg/detail/position__type_support.c
[5.530s] -- Up-to-date: /root/yahboomcar_ros2_ws/yahboomcar_ws/install/yahboomcar_msgs/include/yahboomcar_msgs/msg/detail/image_msg__type_support.c
[5.550s] -- Up-to-date: /root/yahboomcar_ros2_ws/yahboomcar_ws/install/yahboomcar_msgs/include/yahboomcar_msgs/msg/detail/target_array__type_support.c
[5.568s] -- Up-to-date: /root/yahboomcar_ros2_ws/yahboomcar_ws/install/yahboomcar_msgs/include/yahboomcar_msgs/msg/detail/image_msg__rosidl_typesupport_introspection_c.h
[5.587s] -- Up-to-date: /root/yahboomcar_ros2_ws/yahboomcar_ws/install/yahboomcar_msgs/include/yahboomcar_msgs/msg/rosidl_typesupport_introspection_c__visibility_control.h
[5.603s] -- Up-to-date: /root/yahboomcar_ros2_ws/yahboomcar_ws/install/yahboomcar_msgs/lib/libyahboomcar_msgs__rosidl_typesupport_introspection_c.so
[5.624s] -- Up-to-date: /root/yahboomcar_ros2_ws/yahboomcar_ws/install/yahboomcar_msgs/lib/libyahboomcar_msgs__rosidl_typesupport_c.so
[5.641s] -- Up-to-date: /root/yahboomcar_ros2_ws/yahboomcar_ws/install/yahboomcar_msgs/include/yahboomcar_msgs
[5.641s] -- Up-to-date: /root/yahboomcar_ros2_ws/yahboomcar_ws/install/yahboomcar_msgs/include/yahboomcar_msgs/msg
[5.642s] -- Up-to-date: /root/yahboomcar_ros2_ws/yahboomcar_ws/install/yahboomcar_msgs/include/yahboomcar_msgs/msg/detail
[5.643s] -- Up-to-date: /root/yahboomcar_ros2_ws/yahboomcar_ws/install/yahboomcar_msgs/include/yahboomcar_msgs/msg/detail/target_array__builder.hpp
[5.657s] -- Up-to-date: /root/yahboomcar_ros2_ws/yahboomcar_ws/install/yahboomcar_msgs/include/yahboomcar_msgs/msg/detail/image_msg__builder.hpp
[5.671s] -- Up-to-date: /root/yahboomcar_ros2_ws/yahboomcar_ws/install/yahboomcar_msgs/include/yahboomcar_msgs/msg/detail/position__builder.hpp
[5.681s] -- Up-to-date: /root/yahboomcar_ros2_ws/yahboomcar_ws/install/yahboomcar_msgs/include/yahboomcar_msgs/msg/detail/target_array__struct.hpp
[5.689s] -- Up-to-date: /root/yahboomcar_ros2_ws/yahboomcar_ws/install/yahboomcar_msgs/include/yahboomcar_msgs/msg/detail/position__struct.hpp
[5.697s] -- Up-to-date: /root/yahboomcar_ros2_ws/yahboomcar_ws/install/yahboomcar_msgs/include/yahboomcar_msgs/msg/detail/target__traits.hpp
[5.715s] -- Up-to-date: /root/yahboomcar_ros2_ws/yahboomcar_ws/install/yahboomcar_msgs/include/yahboomcar_msgs/msg/detail/position__traits.hpp
[5.722s] -- Up-to-date: /root/yahboomcar_ros2_ws/yahboomcar_ws/install/yahboomcar_msgs/include/yahboomcar_msgs/msg/detail/point_array__builder.hpp
[5.735s] -- Up-to-date: /root/yahboomcar_ros2_ws/yahboomcar_ws/install/yahboomcar_msgs/include/yahboomcar_msgs/msg/detail/image_msg__struct.hpp
[5.753s] -- Up-to-date: /root/yahboomcar_ros2_ws/yahboomcar_ws/install/yahboomcar_msgs/include/yahboomcar_msgs/msg/detail/target_array__traits.hpp
[5.774s] -- Up-to-date: /root/yahboomcar_ros2_ws/yahboomcar_ws/install/yahboomcar_msgs/include/yahboomcar_msgs/msg/detail/point_array__traits.hpp
[5.790s] -- Up-to-date: /root/yahboomcar_ros2_ws/yahboomcar_ws/install/yahboomcar_msgs/include/yahboomcar_msgs/msg/detail/target__struct.hpp
[5.809s] -- Up-to-date: /root/yahboomcar_ros2_ws/yahboomcar_ws/install/yahboomcar_msgs/include/yahboomcar_msgs/msg/detail/point_array__struct.hpp
[5.829s] -- Up-to-date: /root/yahboomcar_ros2_ws/yahboomcar_ws/install/yahboomcar_msgs/include/yahboomcar_msgs/msg/detail/image_msg__traits.hpp
[5.847s] -- Up-to-date: /root/yahboomcar_ros2_ws/yahboomcar_ws/install/yahboomcar_msgs/include/yahboomcar_msgs/msg/detail/target__builder.hpp
[5.866s] -- Up-to-date: /root/yahboomcar_ros2_ws/yahboomcar_ws/install/yahboomcar_msgs/include/yahboomcar_msgs/msg/position.hpp
[5.879s] -- Up-to-date: /root/yahboomcar_ros2_ws/yahboomcar_ws/install/yahboomcar_msgs/include/yahboomcar_msgs/msg/image_msg.hpp
[5.895s] -- Up-to-date: /root/yahboomcar_ros2_ws/yahboomcar_ws/install/yahboomcar_msgs/include/yahboomcar_msgs/msg/target_array.hpp
[5.911s] -- Up-to-date: /root/yahboomcar_ros2_ws/yahboomcar_ws/install/yahboomcar_msgs/include/yahboomcar_msgs/msg/target.hpp
[5.927s] -- Up-to-date: /root/yahboomcar_ros2_ws/yahboomcar_ws/install/yahboomcar_msgs/include/yahboomcar_msgs/msg/point_array.hpp
[5.946s] -- Up-to-date: /root/yahboomcar_ros2_ws/yahboomcar_ws/install/yahboomcar_msgs/include/yahboomcar_msgs
[5.946s] -- Up-to-date: /root/yahboomcar_ros2_ws/yahboomcar_ws/install/yahboomcar_msgs/include/yahboomcar_msgs/msg
[5.947s] -- Up-to-date: /root/yahboomcar_ros2_ws/yahboomcar_ws/install/yahboomcar_msgs/include/yahboomcar_msgs/msg/detail
[5.947s] -- Up-to-date: /root/yahboomcar_ros2_ws/yahboomcar_ws/install/yahboomcar_msgs/include/yahboomcar_msgs/msg/detail/point_array__rosidl_typesupport_introspection_cpp.hpp
[5.964s] -- Up-to-date: /root/yahboomcar_ros2_ws/yahboomcar_ws/install/yahboomcar_msgs/include/yahboomcar_msgs/msg/detail/position__rosidl_typesupport_introspection_cpp.hpp
[5.976s] -- Up-to-date: /root/yahboomcar_ros2_ws/yahboomcar_ws/install/yahboomcar_msgs/include/yahboomcar_msgs/msg/detail/target__rosidl_typesupport_introspection_cpp.hpp
[5.992s] -- Up-to-date: /root/yahboomcar_ros2_ws/yahboomcar_ws/install/yahboomcar_msgs/include/yahboomcar_msgs/msg/detail/image_msg__type_support.cpp
[6.011s] -- Up-to-date: /root/yahboomcar_ros2_ws/yahboomcar_ws/install/yahboomcar_msgs/include/yahboomcar_msgs/msg/detail/position__type_support.cpp
[6.028s] -- Up-to-date: /root/yahboomcar_ros2_ws/yahboomcar_ws/install/yahboomcar_msgs/include/yahboomcar_msgs/msg/detail/target_array__rosidl_typesupport_introspection_cpp.hpp
[6.044s] -- Up-to-date: /root/yahboomcar_ros2_ws/yahboomcar_ws/install/yahboomcar_msgs/include/yahboomcar_msgs/msg/detail/target_array__type_support.cpp
[6.066s] -- Up-to-date: /root/yahboomcar_ros2_ws/yahboomcar_ws/install/yahboomcar_msgs/include/yahboomcar_msgs/msg/detail/image_msg__rosidl_typesupport_introspection_cpp.hpp
[6.082s] -- Up-to-date: /root/yahboomcar_ros2_ws/yahboomcar_ws/install/yahboomcar_msgs/include/yahboomcar_msgs/msg/detail/target__type_support.cpp
[6.099s] -- Up-to-date: /root/yahboomcar_ros2_ws/yahboomcar_ws/install/yahboomcar_msgs/include/yahboomcar_msgs/msg/detail/point_array__type_support.cpp
[6.124s] -- Up-to-date: /root/yahboomcar_ros2_ws/yahboomcar_ws/install/yahboomcar_msgs/lib/libyahboomcar_msgs__rosidl_typesupport_introspection_cpp.so
[6.149s] -- Up-to-date: /root/yahboomcar_ros2_ws/yahboomcar_ws/install/yahboomcar_msgs/lib/libyahboomcar_msgs__rosidl_typesupport_cpp.so
[6.164s] -- Up-to-date: /root/yahboomcar_ros2_ws/yahboomcar_ws/install/yahboomcar_msgs/share/yahboomcar_msgs/environment/pythonpath.sh
[6.183s] -- Up-to-date: /root/yahboomcar_ros2_ws/yahboomcar_ws/install/yahboomcar_msgs/share/yahboomcar_msgs/environment/pythonpath.dsv
[6.201s] -- Up-to-date: /root/yahboomcar_ros2_ws/yahboomcar_ws/install/yahboomcar_msgs/lib/python3.8/site-packages/yahboomcar_msgs/__init__.py
[6.475s] -- Up-to-date: /root/yahboomcar_ros2_ws/yahboomcar_ws/install/yahboomcar_msgs/lib/python3.8/site-packages/yahboomcar_msgs/msg
[6.477s] -- Up-to-date: /root/yahboomcar_ros2_ws/yahboomcar_ws/install/yahboomcar_msgs/lib/python3.8/site-packages/yahboomcar_msgs/msg/_target_array_s.c
[6.532s] -- Up-to-date: /root/yahboomcar_ros2_ws/yahboomcar_ws/install/yahboomcar_msgs/lib/python3.8/site-packages/yahboomcar_msgs/msg/_position_s.c
[6.556s] -- Up-to-date: /root/yahboomcar_ros2_ws/yahboomcar_ws/install/yahboomcar_msgs/lib/python3.8/site-packages/yahboomcar_msgs/msg/_point_array.py
[6.587s] -- Up-to-date: /root/yahboomcar_ros2_ws/yahboomcar_ws/install/yahboomcar_msgs/lib/python3.8/site-packages/yahboomcar_msgs/msg/_point_array_s.c
[6.595s] -- Up-to-date: /root/yahboomcar_ros2_ws/yahboomcar_ws/install/yahboomcar_msgs/lib/python3.8/site-packages/yahboomcar_msgs/msg/_target.py
[6.603s] -- Up-to-date: /root/yahboomcar_ros2_ws/yahboomcar_ws/install/yahboomcar_msgs/lib/python3.8/site-packages/yahboomcar_msgs/msg/__init__.py
[6.614s] -- Up-to-date: /root/yahboomcar_ros2_ws/yahboomcar_ws/install/yahboomcar_msgs/lib/python3.8/site-packages/yahboomcar_msgs/msg/_position.py
[6.627s] -- Up-to-date: /root/yahboomcar_ros2_ws/yahboomcar_ws/install/yahboomcar_msgs/lib/python3.8/site-packages/yahboomcar_msgs/msg/_target_s.c
[6.644s] -- Up-to-date: /root/yahboomcar_ros2_ws/yahboomcar_ws/install/yahboomcar_msgs/lib/python3.8/site-packages/yahboomcar_msgs/msg/_image_msg_s.c
[6.665s] -- Up-to-date: /root/yahboomcar_ros2_ws/yahboomcar_ws/install/yahboomcar_msgs/lib/python3.8/site-packages/yahboomcar_msgs/msg/_image_msg.py
[6.683s] -- Up-to-date: /root/yahboomcar_ros2_ws/yahboomcar_ws/install/yahboomcar_msgs/lib/python3.8/site-packages/yahboomcar_msgs/msg/_target_array.py
[6.699s] -- Up-to-date: /root/yahboomcar_ros2_ws/yahboomcar_ws/install/yahboomcar_msgs/lib/python3.8/site-packages/yahboomcar_msgs/yahboomcar_msgs_s__rosidl_typesupport_fastrtps_c.cpython-38-aarch64-linux-gnu.so
[6.711s] -- Up-to-date: /root/yahboomcar_ros2_ws/yahboomcar_ws/install/yahboomcar_msgs/lib/python3.8/site-packages/yahboomcar_msgs/yahboomcar_msgs_s__rosidl_typesupport_introspection_c.cpython-38-aarch64-linux-gnu.so
[6.736s] -- Up-to-date: /root/yahboomcar_ros2_ws/yahboomcar_ws/install/yahboomcar_msgs/lib/python3.8/site-packages/yahboomcar_msgs/yahboomcar_msgs_s__rosidl_typesupport_c.cpython-38-aarch64-linux-gnu.so
[6.748s] -- Up-to-date: /root/yahboomcar_ros2_ws/yahboomcar_ws/install/yahboomcar_msgs/lib/libyahboomcar_msgs__python.so
[6.762s] -- Up-to-date: /root/yahboomcar_ros2_ws/yahboomcar_ws/install/yahboomcar_msgs/share/yahboomcar_msgs/msg/ImageMsg.idl
[6.771s] -- Up-to-date: /root/yahboomcar_ros2_ws/yahboomcar_ws/install/yahboomcar_msgs/share/yahboomcar_msgs/msg/PointArray.idl
[6.781s] -- Up-to-date: /root/yahboomcar_ros2_ws/yahboomcar_ws/install/yahboomcar_msgs/share/yahboomcar_msgs/msg/Position.idl
[6.791s] -- Up-to-date: /root/yahboomcar_ros2_ws/yahboomcar_ws/install/yahboomcar_msgs/share/yahboomcar_msgs/msg/Target.idl
[6.800s] -- Up-to-date: /root/yahboomcar_ros2_ws/yahboomcar_ws/install/yahboomcar_msgs/share/yahboomcar_msgs/msg/TargetArray.idl
[6.809s] -- Up-to-date: /root/yahboomcar_ros2_ws/yahboomcar_ws/install/yahboomcar_msgs/share/yahboomcar_msgs/msg/ImageMsg.msg
[6.820s] -- Up-to-date: /root/yahboomcar_ros2_ws/yahboomcar_ws/install/yahboomcar_msgs/share/yahboomcar_msgs/msg/PointArray.msg
[6.829s] -- Up-to-date: /root/yahboomcar_ros2_ws/yahboomcar_ws/install/yahboomcar_msgs/share/yahboomcar_msgs/msg/Position.msg
[6.838s] -- Up-to-date: /root/yahboomcar_ros2_ws/yahboomcar_ws/install/yahboomcar_msgs/share/yahboomcar_msgs/msg/Target.msg
[6.848s] -- Up-to-date: /root/yahboomcar_ros2_ws/yahboomcar_ws/install/yahboomcar_msgs/share/yahboomcar_msgs/msg/TargetArray.msg
[6.859s] -- Up-to-date: /root/yahboomcar_ros2_ws/yahboomcar_ws/install/yahboomcar_msgs/share/ament_index/resource_index/package_run_dependencies/yahboomcar_msgs
[6.870s] -- Up-to-date: /root/yahboomcar_ros2_ws/yahboomcar_ws/install/yahboomcar_msgs/share/ament_index/resource_index/parent_prefix_path/yahboomcar_msgs
[6.880s] -- Up-to-date: /root/yahboomcar_ros2_ws/yahboomcar_ws/install/yahboomcar_msgs/share/yahboomcar_msgs/environment/ament_prefix_path.sh
[6.888s] -- Up-to-date: /root/yahboomcar_ros2_ws/yahboomcar_ws/install/yahboomcar_msgs/share/yahboomcar_msgs/environment/ament_prefix_path.dsv
[6.893s] -- Up-to-date: /root/yahboomcar_ros2_ws/yahboomcar_ws/install/yahboomcar_msgs/share/yahboomcar_msgs/environment/path.sh
[6.904s] -- Up-to-date: /root/yahboomcar_ros2_ws/yahboomcar_ws/install/yahboomcar_msgs/share/yahboomcar_msgs/environment/path.dsv
[6.908s] -- Up-to-date: /root/yahboomcar_ros2_ws/yahboomcar_ws/install/yahboomcar_msgs/share/yahboomcar_msgs/local_setup.bash
[6.917s] -- Up-to-date: /root/yahboomcar_ros2_ws/yahboomcar_ws/install/yahboomcar_msgs/share/yahboomcar_msgs/local_setup.sh
[6.928s] -- Up-to-date: /root/yahboomcar_ros2_ws/yahboomcar_ws/install/yahboomcar_msgs/share/yahboomcar_msgs/local_setup.zsh
[6.937s] -- Up-to-date: /root/yahboomcar_ros2_ws/yahboomcar_ws/install/yahboomcar_msgs/share/yahboomcar_msgs/local_setup.dsv
[6.941s] -- Installing: /root/yahboomcar_ros2_ws/yahboomcar_ws/install/yahboomcar_msgs/share/yahboomcar_msgs/package.dsv
[6.947s] -- Up-to-date: /root/yahboomcar_ros2_ws/yahboomcar_ws/install/yahboomcar_msgs/share/ament_index/resource_index/packages/yahboomcar_msgs
[6.954s] -- Up-to-date: /root/yahboomcar_ros2_ws/yahboomcar_ws/install/yahboomcar_msgs/share/yahboomcar_msgs/cmake/yahboomcar_msgs__rosidl_generator_cExport.cmake
[6.962s] -- Up-to-date: /root/yahboomcar_ros2_ws/yahboomcar_ws/install/yahboomcar_msgs/share/yahboomcar_msgs/cmake/yahboomcar_msgs__rosidl_generator_cExport-noconfig.cmake
[6.979s] -- Up-to-date: /root/yahboomcar_ros2_ws/yahboomcar_ws/install/yahboomcar_msgs/share/yahboomcar_msgs/cmake/yahboomcar_msgs__rosidl_typesupport_introspection_cExport.cmake
[6.986s] -- Up-to-date: /root/yahboomcar_ros2_ws/yahboomcar_ws/install/yahboomcar_msgs/share/yahboomcar_msgs/cmake/yahboomcar_msgs__rosidl_typesupport_introspection_cExport-noconfig.cmake
[7.002s] -- Up-to-date: /root/yahboomcar_ros2_ws/yahboomcar_ws/install/yahboomcar_msgs/share/yahboomcar_msgs/cmake/yahboomcar_msgs__rosidl_typesupport_cExport.cmake
[7.008s] -- Up-to-date: /root/yahboomcar_ros2_ws/yahboomcar_ws/install/yahboomcar_msgs/share/yahboomcar_msgs/cmake/yahboomcar_msgs__rosidl_typesupport_cExport-noconfig.cmake
[7.020s] -- Up-to-date: /root/yahboomcar_ros2_ws/yahboomcar_ws/install/yahboomcar_msgs/share/yahboomcar_msgs/cmake/yahboomcar_msgs__rosidl_generator_cppExport.cmake
[7.032s] -- Up-to-date: /root/yahboomcar_ros2_ws/yahboomcar_ws/install/yahboomcar_msgs/share/yahboomcar_msgs/cmake/yahboomcar_msgs__rosidl_typesupport_introspection_cppExport.cmake
[7.039s] -- Up-to-date: /root/yahboomcar_ros2_ws/yahboomcar_ws/install/yahboomcar_msgs/share/yahboomcar_msgs/cmake/yahboomcar_msgs__rosidl_typesupport_introspection_cppExport-noconfig.cmake
[7.051s] -- Up-to-date: /root/yahboomcar_ros2_ws/yahboomcar_ws/install/yahboomcar_msgs/share/yahboomcar_msgs/cmake/yahboomcar_msgs__rosidl_typesupport_cppExport.cmake
[7.059s] -- Up-to-date: /root/yahboomcar_ros2_ws/yahboomcar_ws/install/yahboomcar_msgs/share/yahboomcar_msgs/cmake/yahboomcar_msgs__rosidl_typesupport_cppExport-noconfig.cmake
[7.068s] -- Up-to-date: /root/yahboomcar_ros2_ws/yahboomcar_ws/install/yahboomcar_msgs/share/yahboomcar_msgs/cmake/rosidl_cmake-extras.cmake
[7.079s] -- Up-to-date: /root/yahboomcar_ros2_ws/yahboomcar_ws/install/yahboomcar_msgs/share/yahboomcar_msgs/cmake/ament_cmake_export_dependencies-extras.cmake
[7.089s] -- Up-to-date: /root/yahboomcar_ros2_ws/yahboomcar_ws/install/yahboomcar_msgs/share/yahboomcar_msgs/cmake/ament_cmake_export_libraries-extras.cmake
[7.098s] -- Up-to-date: /root/yahboomcar_ros2_ws/yahboomcar_ws/install/yahboomcar_msgs/share/yahboomcar_msgs/cmake/ament_cmake_export_targets-extras.cmake
[7.107s] -- Up-to-date: /root/yahboomcar_ros2_ws/yahboomcar_ws/install/yahboomcar_msgs/share/yahboomcar_msgs/cmake/ament_cmake_export_include_directories-extras.cmake
[7.117s] -- Up-to-date: /root/yahboomcar_ros2_ws/yahboomcar_ws/install/yahboomcar_msgs/share/yahboomcar_msgs/cmake/rosidl_cmake_export_typesupport_libraries-extras.cmake
[7.126s] -- Up-to-date: /root/yahboomcar_ros2_ws/yahboomcar_ws/install/yahboomcar_msgs/share/yahboomcar_msgs/cmake/rosidl_cmake_export_typesupport_targets-extras.cmake
[7.135s] -- Up-to-date: /root/yahboomcar_ros2_ws/yahboomcar_ws/install/yahboomcar_msgs/share/yahboomcar_msgs/cmake/yahboomcar_msgsConfig.cmake
[7.146s] -- Up-to-date: /root/yahboomcar_ros2_ws/yahboomcar_ws/install/yahboomcar_msgs/share/yahboomcar_msgs/cmake/yahboomcar_msgsConfig-version.cmake
[7.154s] -- Up-to-date: /root/yahboomcar_ros2_ws/yahboomcar_ws/install/yahboomcar_msgs/share/yahboomcar_msgs/package.xml
[7.181s] Invoked command in '/root/yahboomcar_ros2_ws/yahboomcar_ws/build/yahboomcar_msgs' returned '0': CMAKE_PREFIX_PATH=${CMAKE_PREFIX_PATH}:/root/yahboomcar_ros2_ws/yahboomcar_ws/install/yahboomcar_voice_ctrl:/root/yahboomcar_ros2_ws/yahboomcar_ws/install/yahboomcar_visual:/root/yahboomcar_ros2_ws/yahboomcar_ws/install/yahboomcar_nav:/root/yahboomcar_ros2_ws/yahboomcar_ws/install/yahboomcar_mediapipe:/root/yahboomcar_ros2_ws/yahboomcar_ws/install/yahboomcar_linefollow:/root/yahboomcar_ros2_ws/yahboomcar_ws/install/yahboomcar_laser:/root/yahboomcar_ros2_ws/yahboomcar_ws/install/yahboomcar_description_x1:/root/yahboomcar_ros2_ws/yahboomcar_ws/install/yahboomcar_description:/root/yahboomcar_ros2_ws/yahboomcar_ws/install/yahboomcar_ctrl:/root/yahboomcar_ros2_ws/yahboomcar_ws/install/yahboomcar_bringup:/root/yahboomcar_ros2_ws/yahboomcar_ws/install/yahboomcar_astra:/root/yahboomcar_ros2_ws/yahboomcar_ws/install/yahboom_app_save_map:/root/yahboomcar_ros2_ws/yahboomcar_ws/install/robot_pose_publisher:/root/yahboomcar_ros2_ws/yahboomcar_ws/install/laserscan_to_point_pulisher:/opt/ros/foxy /usr/bin/cmake --install /root/yahboomcar_ros2_ws/yahboomcar_ws/build/yahboomcar_msgs
