[1.304s] Invoking command in '/root/codes/iron_yahboomcar_ws/build/yahboomcar_point': CMAKE_PREFIX_PATH=/root/codes/iron_yahboomcar_ws/install/yahboomcar_msgs:/root/codes/iron_yahboomcar_ws/install/yahboomcar_slam:/root/codes/iron_yahboomcar_ws/install/yahboomcar_point:/root/codes/iron_yahboomcar_ws/install/yahboomcar_base_node:/root/codes/iron_yahboomcar_ws/install/yahboomcar_KCFTracker:/root/codes/iron_yahboomcar_ws/install/yahboom_web_savmap_interfaces:/root/codes/iron_yahboomcar_ws/install/robot_pose_publisher_ros2:/root/yahboomcar_ros2_ws/yahboomcar_ws/install/yahboomcar_slam:/root/yahboomcar_ros2_ws/yahboomcar_ws/install/yahboomcar_point:/root/yahboomcar_ros2_ws/yahboomcar_ws/install/yahboomcar_msgs:/root/yahboomcar_ros2_ws/yahboomcar_ws/install/yahboomcar_base_node:/root/yahboomcar_ros2_ws/yahboomcar_ws/install/yahboomcar_KCFTracker:/root/yahboomcar_ros2_ws/yahboomcar_ws/install/yahboom_web_savmap_interfaces:/root/yahboomcar_ros2_ws/yahboomcar_ws/install/robot_pose_publisher_ros2:/root/yahboomcar_ros2_ws/software/library_ws/install/ydlidar_ros2_driver:/root/yahboomcar_ros2_ws/software/library_ws/install/web_video_server:/root/yahboomcar_ros2_ws/software/library_ws/install/teb_local_planner:/root/yahboomcar_ros2_ws/software/library_ws/install/teb_msgs:/root/yahboomcar_ros2_ws/software/library_ws/install/sllidar_ros2:/root/yahboomcar_ros2_ws/software/library_ws/install/slam_gmapping:/root/yahboomcar_ros2_ws/software/library_ws/install/ros2_orbslam:/root/yahboomcar_ros2_ws/software/library_ws/install/robot_localization:/root/yahboomcar_ros2_ws/software/library_ws/install/openslam_gmapping:/root/yahboomcar_ros2_ws/software/library_ws/install/octomap_mapping:/root/yahboomcar_ros2_ws/software/library_ws/install/octomap_server:/root/yahboomcar_ros2_ws/software/library_ws/install/costmap_converter:/root/yahboomcar_ros2_ws/software/library_ws/install/costmap_converter_msgs:/root/yahboomcar_ros2_ws/software/library_ws/install/astra_camera:/root/yahboomcar_ros2_ws/software/library_ws/install/astra_camera_msgs:/root/codes/iron_yahboomcar_ws/install/yahboomcar_voice_ctrl:/root/codes/iron_yahboomcar_ws/install/yahboomcar_visual:/root/codes/iron_yahboomcar_ws/install/yahboomcar_nav:/root/codes/iron_yahboomcar_ws/install/yahboomcar_multi:/root/codes/iron_yahboomcar_ws/install/yahboomcar_mediapipe:/root/codes/iron_yahboomcar_ws/install/yahboomcar_linefollow:/root/codes/iron_yahboomcar_ws/install/yahboomcar_laser:/root/codes/iron_yahboomcar_ws/install/yahboomcar_description_x1:/root/codes/iron_yahboomcar_ws/install/yahboomcar_description:/root/codes/iron_yahboomcar_ws/install/yahboomcar_ctrl:/root/codes/iron_yahboomcar_ws/install/yahboomcar_color:/root/codes/iron_yahboomcar_ws/install/yahboomcar_bringup:/root/codes/iron_yahboomcar_ws/install/yahboomcar_astra:/root/codes/iron_yahboomcar_ws/install/yahboom_app_save_map:/root/codes/iron_yahboomcar_ws/install/robot_pose_publisher:/root/codes/iron_yahboomcar_ws/install/laserscan_to_point_pulisher:/root/yahboomcar_ros2_ws/yahboomcar_ws/install/yahboomcar_voice_ctrl:/root/yahboomcar_ros2_ws/yahboomcar_ws/install/yahboomcar_visual:/root/yahboomcar_ros2_ws/yahboomcar_ws/install/yahboomcar_nav:/root/yahboomcar_ros2_ws/yahboomcar_ws/install/yahboomcar_multi:/root/yahboomcar_ros2_ws/yahboomcar_ws/install/yahboomcar_mediapipe:/root/yahboomcar_ros2_ws/yahboomcar_ws/install/yahboomcar_linefollow:/root/yahboomcar_ros2_ws/yahboomcar_ws/install/yahboomcar_laser:/root/yahboomcar_ros2_ws/yahboomcar_ws/install/yahboomcar_description_x1:/root/yahboomcar_ros2_ws/yahboomcar_ws/install/yahboomcar_description:/root/yahboomcar_ros2_ws/yahboomcar_ws/install/yahboomcar_ctrl:/root/yahboomcar_ros2_ws/yahboomcar_ws/install/yahboomcar_bringup:/root/yahboomcar_ros2_ws/yahboomcar_ws/install/yahboomcar_astra:/root/yahboomcar_ros2_ws/yahboomcar_ws/install/yahboom_app_save_map:/root/yahboomcar_ros2_ws/yahboomcar_ws/install/robot_pose_publisher:/root/yahboomcar_ros2_ws/yahboomcar_ws/install/laserscan_to_point_pulisher:/opt/ros/foxy PYTHONPATH=/root/codes/iron_yahboomcar_ws/install/yahboomcar_msgs/lib/python3.8/site-packages:/root/codes/iron_yahboomcar_ws/install/yahboomcar_voice_ctrl/lib/python3.8/site-packages:/root/codes/iron_yahboomcar_ws/install/yahboomcar_visual/lib/python3.8/site-packages:/root/codes/iron_yahboomcar_ws/install/yahboomcar_nav/lib/python3.8/site-packages:/root/codes/iron_yahboomcar_ws/install/yahboomcar_multi/lib/python3.8/site-packages:/root/codes/iron_yahboomcar_ws/install/yahboomcar_mediapipe/lib/python3.8/site-packages:/root/codes/iron_yahboomcar_ws/install/yahboomcar_linefollow/lib/python3.8/site-packages:/root/codes/iron_yahboomcar_ws/install/yahboomcar_laser/lib/python3.8/site-packages:/root/codes/iron_yahboomcar_ws/install/yahboomcar_description_x1/lib/python3.8/site-packages:/root/codes/iron_yahboomcar_ws/install/yahboomcar_description/lib/python3.8/site-packages:/root/codes/iron_yahboomcar_ws/install/yahboomcar_ctrl/lib/python3.8/site-packages:/root/codes/iron_yahboomcar_ws/install/yahboomcar_color/lib/python3.8/site-packages:/root/codes/iron_yahboomcar_ws/install/yahboomcar_bringup/lib/python3.8/site-packages:/root/codes/iron_yahboomcar_ws/install/yahboomcar_astra/lib/python3.8/site-packages:/root/codes/iron_yahboomcar_ws/install/yahboom_web_savmap_interfaces/lib/python3.8/site-packages:/root/codes/iron_yahboomcar_ws/install/yahboom_app_save_map/lib/python3.8/site-packages:/root/codes/iron_yahboomcar_ws/install/robot_pose_publisher/lib/python3.8/site-packages:/root/codes/iron_yahboomcar_ws/install/laserscan_to_point_pulisher/lib/python3.8/site-packages:/root/yahboomcar_ros2_ws/yahboomcar_ws/install/yahboomcar_voice_ctrl/lib/python3.8/site-packages:/root/yahboomcar_ros2_ws/yahboomcar_ws/install/yahboomcar_visual/lib/python3.8/site-packages:/root/yahboomcar_ros2_ws/yahboomcar_ws/install/yahboomcar_nav/lib/python3.8/site-packages:/root/yahboomcar_ros2_ws/yahboomcar_ws/install/yahboomcar_multi/lib/python3.8/site-packages:/root/yahboomcar_ros2_ws/yahboomcar_ws/install/yahboomcar_msgs/lib/python3.8/site-packages:/root/yahboomcar_ros2_ws/yahboomcar_ws/install/yahboomcar_mediapipe/lib/python3.8/site-packages:/root/yahboomcar_ros2_ws/yahboomcar_ws/install/yahboomcar_linefollow/lib/python3.8/site-packages:/root/yahboomcar_ros2_ws/yahboomcar_ws/install/yahboomcar_laser/lib/python3.8/site-packages:/root/yahboomcar_ros2_ws/yahboomcar_ws/install/yahboomcar_description_x1/lib/python3.8/site-packages:/root/yahboomcar_ros2_ws/yahboomcar_ws/install/yahboomcar_description/lib/python3.8/site-packages:/root/yahboomcar_ros2_ws/yahboomcar_ws/install/yahboomcar_ctrl/lib/python3.8/site-packages:/root/yahboomcar_ros2_ws/yahboomcar_ws/install/yahboomcar_bringup/lib/python3.8/site-packages:/root/yahboomcar_ros2_ws/yahboomcar_ws/install/yahboomcar_astra/lib/python3.8/site-packages:/root/yahboomcar_ros2_ws/yahboomcar_ws/install/yahboom_web_savmap_interfaces/lib/python3.8/site-packages:/root/yahboomcar_ros2_ws/yahboomcar_ws/install/yahboom_app_save_map/lib/python3.8/site-packages:/root/yahboomcar_ros2_ws/yahboomcar_ws/install/robot_pose_publisher/lib/python3.8/site-packages:/root/yahboomcar_ros2_ws/yahboomcar_ws/install/laserscan_to_point_pulisher/lib/python3.8/site-packages:/root/yahboomcar_ros2_ws/software/library_ws/install/teb_msgs/lib/python3.8/site-packages:/root/yahboomcar_ros2_ws/software/library_ws/install/robot_localization/lib/python3.8/site-packages:/root/yahboomcar_ros2_ws/software/library_ws/install/costmap_converter_msgs/lib/python3.8/site-packages:/root/yahboomcar_ros2_ws/software/library_ws/install/astra_camera_msgs/lib/python3.8/site-packages:/opt/ros/foxy/lib/python3.8/site-packages /usr/bin/cmake /root/codes/iron_yahboomcar_ws/src/yahboomcar_point -DCMAKE_INSTALL_PREFIX=/root/codes/iron_yahboomcar_ws/install/yahboomcar_point
[1.860s] -- The C compiler identification is GNU 9.4.0
[2.426s] -- The CXX compiler identification is GNU 9.4.0
[2.465s] -- Check for working C compiler: /usr/bin/cc
[14.126s] -- Check for working C compiler: /usr/bin/cc -- works
[14.130s] -- Detecting C compiler ABI info
[14.829s] -- Detecting C compiler ABI info - done
[14.882s] -- Detecting C compile features
[14.884s] -- Detecting C compile features - done
[14.895s] -- Check for working CXX compiler: /usr/bin/c++
[15.451s] -- Check for working CXX compiler: /usr/bin/c++ -- works
[15.456s] -- Detecting CXX compiler ABI info
[16.736s] -- Detecting CXX compiler ABI info - done
[16.792s] -- Detecting CXX compile features
[16.794s] -- Detecting CXX compile features - done
[16.855s] -- Found ament_cmake: 0.9.11 (/opt/ros/foxy/share/ament_cmake/cmake)
[17.152s] -- Found PythonInterp: /usr/bin/python3 (found suitable version "3.8.10", minimum required is "3") 
[17.153s] -- Using PYTHON_EXECUTABLE: /usr/bin/python3
[19.853s] -- Found sensor_msgs: 2.0.5 (/opt/ros/foxy/share/sensor_msgs/cmake)
[20.383s] -- Using all available rosidl_typesupport_c: rosidl_typesupport_fastrtps_c;rosidl_typesupport_introspection_c
[20.921s] -- Found rosidl_adapter: 1.3.0 (/opt/ros/foxy/share/rosidl_adapter/cmake)
[21.938s] -- Found OpenSSL: /usr/lib/aarch64-linux-gnu/libcrypto.so (found version "1.1.1f")  
[22.201s] -- Found FastRTPS: /opt/ros/foxy/include  
[23.023s] -- Using all available rosidl_typesupport_cpp: rosidl_typesupport_fastrtps_cpp;rosidl_typesupport_introspection_cpp
[25.100s] -- Found rclcpp: 2.4.2 (/opt/ros/foxy/share/rclcpp/cmake)
[26.061s] -- Found rmw_implementation_cmake: 1.0.3 (/opt/ros/foxy/share/rmw_implementation_cmake/cmake)
[26.063s] -- Using RMW implementation 'rmw_fastrtps_cpp' as default
[26.063s] -- Looking for pthread.h
[26.417s] -- Looking for pthread.h - found
[26.418s] -- Performing Test CMAKE_HAVE_LIBC_PTHREAD
[26.892s] -- Performing Test CMAKE_HAVE_LIBC_PTHREAD - Failed
[26.893s] -- Looking for pthread_create in pthreads
[27.478s] -- Looking for pthread_create in pthreads - not found
[27.479s] -- Looking for pthread_create in pthread
[27.974s] -- Looking for pthread_create in pthread - found
[27.978s] -- Found Threads: TRUE  
[29.433s] -- Checking for module 'eigen3'
[29.544s] --   Found eigen3, version 3.4.0
[29.780s] -- Found Eigen: /usr/include/eigen3 (Required is at least version "3.1") 
[29.781s] -- Eigen found (include: /usr/include/eigen3, version: 3.3.7)
[30.660s] -- Found Boost: /usr/include (found suitable version "1.71.0", minimum required is "1.55.0") found components: system filesystem date_time iostreams regex 
[30.822s] -- Checking for module 'flann'
[31.590s] --   Found flann, version 1.9.1
[31.592s] -- Found FLANN: /usr/lib/aarch64-linux-gnu/libflann_cpp.so  
[31.593s] -- The imported target "vtkParseOGLExt" references the file
[31.593s]    "/usr/bin/vtkParseOGLExt-7.1"
[31.593s] but this file does not exist.  Possible reasons include:
[31.596s] * The file was deleted, renamed, or moved to another location.
[31.597s] * An install or uninstall procedure did not complete successfully.
[31.597s] * The installation package was faulty and contained
[31.598s]    "/usr/lib/cmake/vtk-7.1/VTKTargets.cmake"
[31.598s] but not all the files it references.
[31.599s] 
[31.599s] -- The imported target "vtkRenderingPythonTkWidgets" references the file
[31.600s]    "/usr/lib/aarch64-linux-gnu/libvtkRenderingPythonTkWidgets.so"
[31.600s] but this file does not exist.  Possible reasons include:
[31.601s] * The file was deleted, renamed, or moved to another location.
[31.601s] * An install or uninstall procedure did not complete successfully.
[31.602s] * The installation package was faulty and contained
[31.602s]    "/usr/lib/cmake/vtk-7.1/VTKTargets.cmake"
[31.603s] but not all the files it references.
[31.603s] 
[31.604s] -- The imported target "vtk" references the file
[31.604s]    "/usr/bin/vtk"
[31.605s] but this file does not exist.  Possible reasons include:
[31.605s] * The file was deleted, renamed, or moved to another location.
[31.606s] * An install or uninstall procedure did not complete successfully.
[31.606s] * The installation package was faulty and contained
[31.607s]    "/usr/lib/cmake/vtk-7.1/VTKTargets.cmake"
[31.607s] but not all the files it references.
[31.607s] 
[31.608s] -- The imported target "pvtk" references the file
[31.608s]    "/usr/bin/pvtk"
[31.609s] but this file does not exist.  Possible reasons include:
[31.609s] * The file was deleted, renamed, or moved to another location.
[31.610s] * An install or uninstall procedure did not complete successfully.
[31.610s] * The installation package was faulty and contained
[31.611s]    "/usr/lib/cmake/vtk-7.1/VTKTargets.cmake"
[31.611s] but not all the files it references.
[31.611s] 
[31.618s] -- Checking for module 'libusb-1.0'
[31.741s] --   Found libusb-1.0, version 1.0.23
[32.019s] -- Found USB_10: /usr/lib/aarch64-linux-gnu/libusb-1.0.so  
[32.430s] -- Found OpenNI: /usr/lib/libOpenNI.so  
[32.431s] -- OpenNI found (include: /usr/include/ni, lib: /usr/lib/libOpenNI.so)
[32.846s] -- Found OpenNI2: /root/yahboomcar_ros2_ws/software/library_ws/install/astra_camera/lib/libOpenNI2.so  
[32.846s] -- OpenNI2 found (include: /root/yahboomcar_ros2_ws/software/library_ws/install/astra_camera/include/openni2, lib: /root/yahboomcar_ros2_ws/software/library_ws/install/astra_camera/lib/libOpenNI2.so)
[32.847s] ** WARNING ** io features related to pcap will be disabled
[32.848s] ** WARNING ** io features related to png will be disabled
[32.926s] -- Found libusb-1.0: /usr/include  
[32.927s] ** WARNING ** io features related to libusb-1.0 will be disabled
[32.957s] -- OpenNI found (include: /usr/include/ni, lib: /usr/lib/libOpenNI.so)
[32.986s] -- OpenNI2 found (include: /root/yahboomcar_ros2_ws/software/library_ws/install/astra_camera/include/openni2, lib: /root/yahboomcar_ros2_ws/software/library_ws/install/astra_camera/lib/libOpenNI2.so)
[33.258s] -- Found Qhull: optimized;/usr/lib/aarch64-linux-gnu/libqhull.so;debug;/usr/lib/aarch64-linux-gnu/libqhull.so  
[33.259s] -- QHULL found (include: /usr/include, lib: optimized;/usr/lib/aarch64-linux-gnu/libqhull.so;debug;/usr/lib/aarch64-linux-gnu/libqhull.so)
[33.288s] -- OpenNI found (include: /usr/include/ni, lib: /usr/lib/libOpenNI.so)
[33.355s] -- looking for PCL_COMMON
[33.360s] -- Found PCL_COMMON: /usr/lib/aarch64-linux-gnu/libpcl_common.so  
[33.361s] -- looking for PCL_KDTREE
[33.367s] -- Found PCL_KDTREE: /usr/lib/aarch64-linux-gnu/libpcl_kdtree.so  
[33.368s] -- looking for PCL_OCTREE
[33.373s] -- Found PCL_OCTREE: /usr/lib/aarch64-linux-gnu/libpcl_octree.so  
[33.375s] -- looking for PCL_SEARCH
[33.380s] -- Found PCL_SEARCH: /usr/lib/aarch64-linux-gnu/libpcl_search.so  
[33.381s] -- looking for PCL_SAMPLE_CONSENSUS
[33.387s] -- Found PCL_SAMPLE_CONSENSUS: /usr/lib/aarch64-linux-gnu/libpcl_sample_consensus.so  
[33.388s] -- looking for PCL_FILTERS
[33.393s] -- Found PCL_FILTERS: /usr/lib/aarch64-linux-gnu/libpcl_filters.so  
[33.395s] -- looking for PCL_2D
[33.396s] -- Found PCL_2D: /usr/include/pcl-1.10  
[33.398s] -- looking for PCL_GEOMETRY
[33.399s] -- Found PCL_GEOMETRY: /usr/include/pcl-1.10  
[33.400s] -- looking for PCL_IO
[33.406s] -- Found PCL_IO: /usr/lib/aarch64-linux-gnu/libpcl_io.so  
[33.408s] -- looking for PCL_FEATURES
[33.413s] -- Found PCL_FEATURES: /usr/lib/aarch64-linux-gnu/libpcl_features.so  
[33.415s] -- looking for PCL_ML
[33.420s] -- Found PCL_ML: /usr/lib/aarch64-linux-gnu/libpcl_ml.so  
[33.422s] -- looking for PCL_SEGMENTATION
[33.427s] -- Found PCL_SEGMENTATION: /usr/lib/aarch64-linux-gnu/libpcl_segmentation.so  
[33.429s] -- looking for PCL_VISUALIZATION
[33.437s] -- Found PCL_VISUALIZATION: /usr/lib/aarch64-linux-gnu/libpcl_visualization.so  
[33.438s] -- looking for PCL_SURFACE
[33.443s] -- Found PCL_SURFACE: /usr/lib/aarch64-linux-gnu/libpcl_surface.so  
[33.445s] -- looking for PCL_REGISTRATION
[33.451s] -- Found PCL_REGISTRATION: /usr/lib/aarch64-linux-gnu/libpcl_registration.so  
[33.453s] -- looking for PCL_KEYPOINTS
[33.458s] -- Found PCL_KEYPOINTS: /usr/lib/aarch64-linux-gnu/libpcl_keypoints.so  
[33.460s] -- looking for PCL_TRACKING
[33.466s] -- Found PCL_TRACKING: /usr/lib/aarch64-linux-gnu/libpcl_tracking.so  
[33.469s] -- looking for PCL_RECOGNITION
[33.475s] -- Found PCL_RECOGNITION: /usr/lib/aarch64-linux-gnu/libpcl_recognition.so  
[33.478s] -- looking for PCL_STEREO
[33.482s] -- Found PCL_STEREO: /usr/lib/aarch64-linux-gnu/libpcl_stereo.so  
[33.484s] -- looking for PCL_APPS
[33.489s] -- Found PCL_APPS: /usr/lib/aarch64-linux-gnu/libpcl_apps.so  
[33.493s] -- looking for PCL_IN_HAND_SCANNER
[33.495s] -- Found PCL_IN_HAND_SCANNER: /usr/include/pcl-1.10  
[33.496s] -- looking for PCL_POINT_CLOUD_EDITOR
[33.498s] -- Found PCL_POINT_CLOUD_EDITOR: /usr/include/pcl-1.10  
[33.499s] -- looking for PCL_OUTOFCORE
[33.505s] -- Found PCL_OUTOFCORE: /usr/lib/aarch64-linux-gnu/libpcl_outofcore.so  
[33.507s] -- looking for PCL_PEOPLE
[33.513s] -- Found PCL_PEOPLE: /usr/lib/aarch64-linux-gnu/libpcl_people.so  
[33.519s] -- Found PCL: pcl_common;pcl_kdtree;pcl_octree;pcl_search;pcl_sample_consensus;pcl_filters;pcl_io;pcl_features;pcl_ml;pcl_segmentation;pcl_visualization;pcl_surface;pcl_registration;pcl_keypoints;pcl_tracking;pcl_recognition;pcl_stereo;pcl_apps;pcl_outofcore;pcl_people;/usr/lib/aarch64-linux-gnu/libboost_system.so;/usr/lib/aarch64-linux-gnu/libboost_filesystem.so;/usr/lib/aarch64-linux-gnu/libboost_date_time.so;/usr/lib/aarch64-linux-gnu/libboost_iostreams.so;/usr/lib/aarch64-linux-gnu/libboost_regex.so;optimized;/usr/lib/aarch64-linux-gnu/libqhull.so;debug;/usr/lib/aarch64-linux-gnu/libqhull.so;/usr/lib/libOpenNI.so;/root/yahboomcar_ros2_ws/software/library_ws/install/astra_camera/lib/libOpenNI2.so;vtkChartsCore;vtkCommonColor;vtkCommonCore;vtksys;vtkCommonDataModel;vtkCommonMath;vtkCommonMisc;vtkCommonSystem;vtkCommonTransforms;vtkCommonExecutionModel;vtkFiltersGeneral;vtkCommonComputationalGeometry;vtkFiltersCore;vtkInfovisCore;vtkFiltersExtraction;vtkFiltersStatistics;vtkImagingFourier;vtkImagingCore;vtkalglib;vtkRenderingContext2D;vtkRenderingCore;vtkFiltersGeometry;vtkFiltersSources;vtkRenderingFreeType;/usr/lib/aarch64-linux-gnu/libfreetype.so;/usr/lib/aarch64-linux-gnu/libz.so;vtkFiltersModeling;vtkImagingSources;vtkInteractionStyle;vtkInteractionWidgets;vtkFiltersHybrid;vtkImagingColor;vtkImagingGeneral;vtkImagingHybrid;vtkIOImage;vtkDICOMParser;vtkmetaio;/usr/lib/aarch64-linux-gnu/libjpeg.so;/usr/lib/aarch64-linux-gnu/libpng.so;/usr/lib/aarch64-linux-gnu/libtiff.so;vtkRenderingAnnotation;vtkRenderingVolume;vtkIOXML;vtkIOCore;vtkIOXMLParser;/usr/lib/aarch64-linux-gnu/libexpat.so;vtkIOGeometry;vtkIOLegacy;vtkIOPLY;vtkRenderingLOD;vtkViewsContext2D;vtkViewsCore;vtkRenderingContextOpenGL2;vtkRenderingOpenGL2;FLANN::FLANN  
[39.391s] -- Found yahboomcar_msgs: 0.0.0 (/root/codes/iron_yahboomcar_ws/install/yahboomcar_msgs/share/yahboomcar_msgs/cmake)
[39.749s] -- Found ament_lint_auto: 0.9.7 (/opt/ros/foxy/share/ament_lint_auto/cmake)
[42.201s] -- Added test 'copyright' to check source files copyright and LICENSE
[42.210s] -- Added test 'cppcheck' to perform static code analysis on C / C++ code
[42.214s] -- Configured cppcheck include dirs: 
[42.214s] -- Configured cppcheck exclude dirs and/or files: 
[42.222s] -- Added test 'cpplint' to check C / C++ code against the Google style
[42.222s] -- Configured cpplint exclude dirs and/or files: 
[42.229s] -- Added test 'lint_cmake' to check CMake code style
[42.238s] -- Added test 'uncrustify' to check C / C++ code style
[42.238s] -- Configured uncrustify additional arguments: 
[42.244s] -- Added test 'xmllint' to check XML markup files
[42.273s] -- Configuring done
[42.674s] -- Generating done
[42.683s] -- Build files have been written to: /root/codes/iron_yahboomcar_ws/build/yahboomcar_point
[42.747s] Invoked command in '/root/codes/iron_yahboomcar_ws/build/yahboomcar_point' returned '0': CMAKE_PREFIX_PATH=/root/codes/iron_yahboomcar_ws/install/yahboomcar_msgs:/root/codes/iron_yahboomcar_ws/install/yahboomcar_slam:/root/codes/iron_yahboomcar_ws/install/yahboomcar_point:/root/codes/iron_yahboomcar_ws/install/yahboomcar_base_node:/root/codes/iron_yahboomcar_ws/install/yahboomcar_KCFTracker:/root/codes/iron_yahboomcar_ws/install/yahboom_web_savmap_interfaces:/root/codes/iron_yahboomcar_ws/install/robot_pose_publisher_ros2:/root/yahboomcar_ros2_ws/yahboomcar_ws/install/yahboomcar_slam:/root/yahboomcar_ros2_ws/yahboomcar_ws/install/yahboomcar_point:/root/yahboomcar_ros2_ws/yahboomcar_ws/install/yahboomcar_msgs:/root/yahboomcar_ros2_ws/yahboomcar_ws/install/yahboomcar_base_node:/root/yahboomcar_ros2_ws/yahboomcar_ws/install/yahboomcar_KCFTracker:/root/yahboomcar_ros2_ws/yahboomcar_ws/install/yahboom_web_savmap_interfaces:/root/yahboomcar_ros2_ws/yahboomcar_ws/install/robot_pose_publisher_ros2:/root/yahboomcar_ros2_ws/software/library_ws/install/ydlidar_ros2_driver:/root/yahboomcar_ros2_ws/software/library_ws/install/web_video_server:/root/yahboomcar_ros2_ws/software/library_ws/install/teb_local_planner:/root/yahboomcar_ros2_ws/software/library_ws/install/teb_msgs:/root/yahboomcar_ros2_ws/software/library_ws/install/sllidar_ros2:/root/yahboomcar_ros2_ws/software/library_ws/install/slam_gmapping:/root/yahboomcar_ros2_ws/software/library_ws/install/ros2_orbslam:/root/yahboomcar_ros2_ws/software/library_ws/install/robot_localization:/root/yahboomcar_ros2_ws/software/library_ws/install/openslam_gmapping:/root/yahboomcar_ros2_ws/software/library_ws/install/octomap_mapping:/root/yahboomcar_ros2_ws/software/library_ws/install/octomap_server:/root/yahboomcar_ros2_ws/software/library_ws/install/costmap_converter:/root/yahboomcar_ros2_ws/software/library_ws/install/costmap_converter_msgs:/root/yahboomcar_ros2_ws/software/library_ws/install/astra_camera:/root/yahboomcar_ros2_ws/software/library_ws/install/astra_camera_msgs:/root/codes/iron_yahboomcar_ws/install/yahboomcar_voice_ctrl:/root/codes/iron_yahboomcar_ws/install/yahboomcar_visual:/root/codes/iron_yahboomcar_ws/install/yahboomcar_nav:/root/codes/iron_yahboomcar_ws/install/yahboomcar_multi:/root/codes/iron_yahboomcar_ws/install/yahboomcar_mediapipe:/root/codes/iron_yahboomcar_ws/install/yahboomcar_linefollow:/root/codes/iron_yahboomcar_ws/install/yahboomcar_laser:/root/codes/iron_yahboomcar_ws/install/yahboomcar_description_x1:/root/codes/iron_yahboomcar_ws/install/yahboomcar_description:/root/codes/iron_yahboomcar_ws/install/yahboomcar_ctrl:/root/codes/iron_yahboomcar_ws/install/yahboomcar_color:/root/codes/iron_yahboomcar_ws/install/yahboomcar_bringup:/root/codes/iron_yahboomcar_ws/install/yahboomcar_astra:/root/codes/iron_yahboomcar_ws/install/yahboom_app_save_map:/root/codes/iron_yahboomcar_ws/install/robot_pose_publisher:/root/codes/iron_yahboomcar_ws/install/laserscan_to_point_pulisher:/root/yahboomcar_ros2_ws/yahboomcar_ws/install/yahboomcar_voice_ctrl:/root/yahboomcar_ros2_ws/yahboomcar_ws/install/yahboomcar_visual:/root/yahboomcar_ros2_ws/yahboomcar_ws/install/yahboomcar_nav:/root/yahboomcar_ros2_ws/yahboomcar_ws/install/yahboomcar_multi:/root/yahboomcar_ros2_ws/yahboomcar_ws/install/yahboomcar_mediapipe:/root/yahboomcar_ros2_ws/yahboomcar_ws/install/yahboomcar_linefollow:/root/yahboomcar_ros2_ws/yahboomcar_ws/install/yahboomcar_laser:/root/yahboomcar_ros2_ws/yahboomcar_ws/install/yahboomcar_description_x1:/root/yahboomcar_ros2_ws/yahboomcar_ws/install/yahboomcar_description:/root/yahboomcar_ros2_ws/yahboomcar_ws/install/yahboomcar_ctrl:/root/yahboomcar_ros2_ws/yahboomcar_ws/install/yahboomcar_bringup:/root/yahboomcar_ros2_ws/yahboomcar_ws/install/yahboomcar_astra:/root/yahboomcar_ros2_ws/yahboomcar_ws/install/yahboom_app_save_map:/root/yahboomcar_ros2_ws/yahboomcar_ws/install/robot_pose_publisher:/root/yahboomcar_ros2_ws/yahboomcar_ws/install/laserscan_to_point_pulisher:/opt/ros/foxy PYTHONPATH=/root/codes/iron_yahboomcar_ws/install/yahboomcar_msgs/lib/python3.8/site-packages:/root/codes/iron_yahboomcar_ws/install/yahboomcar_voice_ctrl/lib/python3.8/site-packages:/root/codes/iron_yahboomcar_ws/install/yahboomcar_visual/lib/python3.8/site-packages:/root/codes/iron_yahboomcar_ws/install/yahboomcar_nav/lib/python3.8/site-packages:/root/codes/iron_yahboomcar_ws/install/yahboomcar_multi/lib/python3.8/site-packages:/root/codes/iron_yahboomcar_ws/install/yahboomcar_mediapipe/lib/python3.8/site-packages:/root/codes/iron_yahboomcar_ws/install/yahboomcar_linefollow/lib/python3.8/site-packages:/root/codes/iron_yahboomcar_ws/install/yahboomcar_laser/lib/python3.8/site-packages:/root/codes/iron_yahboomcar_ws/install/yahboomcar_description_x1/lib/python3.8/site-packages:/root/codes/iron_yahboomcar_ws/install/yahboomcar_description/lib/python3.8/site-packages:/root/codes/iron_yahboomcar_ws/install/yahboomcar_ctrl/lib/python3.8/site-packages:/root/codes/iron_yahboomcar_ws/install/yahboomcar_color/lib/python3.8/site-packages:/root/codes/iron_yahboomcar_ws/install/yahboomcar_bringup/lib/python3.8/site-packages:/root/codes/iron_yahboomcar_ws/install/yahboomcar_astra/lib/python3.8/site-packages:/root/codes/iron_yahboomcar_ws/install/yahboom_web_savmap_interfaces/lib/python3.8/site-packages:/root/codes/iron_yahboomcar_ws/install/yahboom_app_save_map/lib/python3.8/site-packages:/root/codes/iron_yahboomcar_ws/install/robot_pose_publisher/lib/python3.8/site-packages:/root/codes/iron_yahboomcar_ws/install/laserscan_to_point_pulisher/lib/python3.8/site-packages:/root/yahboomcar_ros2_ws/yahboomcar_ws/install/yahboomcar_voice_ctrl/lib/python3.8/site-packages:/root/yahboomcar_ros2_ws/yahboomcar_ws/install/yahboomcar_visual/lib/python3.8/site-packages:/root/yahboomcar_ros2_ws/yahboomcar_ws/install/yahboomcar_nav/lib/python3.8/site-packages:/root/yahboomcar_ros2_ws/yahboomcar_ws/install/yahboomcar_multi/lib/python3.8/site-packages:/root/yahboomcar_ros2_ws/yahboomcar_ws/install/yahboomcar_msgs/lib/python3.8/site-packages:/root/yahboomcar_ros2_ws/yahboomcar_ws/install/yahboomcar_mediapipe/lib/python3.8/site-packages:/root/yahboomcar_ros2_ws/yahboomcar_ws/install/yahboomcar_linefollow/lib/python3.8/site-packages:/root/yahboomcar_ros2_ws/yahboomcar_ws/install/yahboomcar_laser/lib/python3.8/site-packages:/root/yahboomcar_ros2_ws/yahboomcar_ws/install/yahboomcar_description_x1/lib/python3.8/site-packages:/root/yahboomcar_ros2_ws/yahboomcar_ws/install/yahboomcar_description/lib/python3.8/site-packages:/root/yahboomcar_ros2_ws/yahboomcar_ws/install/yahboomcar_ctrl/lib/python3.8/site-packages:/root/yahboomcar_ros2_ws/yahboomcar_ws/install/yahboomcar_bringup/lib/python3.8/site-packages:/root/yahboomcar_ros2_ws/yahboomcar_ws/install/yahboomcar_astra/lib/python3.8/site-packages:/root/yahboomcar_ros2_ws/yahboomcar_ws/install/yahboom_web_savmap_interfaces/lib/python3.8/site-packages:/root/yahboomcar_ros2_ws/yahboomcar_ws/install/yahboom_app_save_map/lib/python3.8/site-packages:/root/yahboomcar_ros2_ws/yahboomcar_ws/install/robot_pose_publisher/lib/python3.8/site-packages:/root/yahboomcar_ros2_ws/yahboomcar_ws/install/laserscan_to_point_pulisher/lib/python3.8/site-packages:/root/yahboomcar_ros2_ws/software/library_ws/install/teb_msgs/lib/python3.8/site-packages:/root/yahboomcar_ros2_ws/software/library_ws/install/robot_localization/lib/python3.8/site-packages:/root/yahboomcar_ros2_ws/software/library_ws/install/costmap_converter_msgs/lib/python3.8/site-packages:/root/yahboomcar_ros2_ws/software/library_ws/install/astra_camera_msgs/lib/python3.8/site-packages:/opt/ros/foxy/lib/python3.8/site-packages /usr/bin/cmake /root/codes/iron_yahboomcar_ws/src/yahboomcar_point -DCMAKE_INSTALL_PREFIX=/root/codes/iron_yahboomcar_ws/install/yahboomcar_point
[42.757s] Invoking command in '/root/codes/iron_yahboomcar_ws/build/yahboomcar_point': CMAKE_PREFIX_PATH=/root/codes/iron_yahboomcar_ws/install/yahboomcar_msgs:/root/codes/iron_yahboomcar_ws/install/yahboomcar_slam:/root/codes/iron_yahboomcar_ws/install/yahboomcar_point:/root/codes/iron_yahboomcar_ws/install/yahboomcar_base_node:/root/codes/iron_yahboomcar_ws/install/yahboomcar_KCFTracker:/root/codes/iron_yahboomcar_ws/install/yahboom_web_savmap_interfaces:/root/codes/iron_yahboomcar_ws/install/robot_pose_publisher_ros2:/root/yahboomcar_ros2_ws/yahboomcar_ws/install/yahboomcar_slam:/root/yahboomcar_ros2_ws/yahboomcar_ws/install/yahboomcar_point:/root/yahboomcar_ros2_ws/yahboomcar_ws/install/yahboomcar_msgs:/root/yahboomcar_ros2_ws/yahboomcar_ws/install/yahboomcar_base_node:/root/yahboomcar_ros2_ws/yahboomcar_ws/install/yahboomcar_KCFTracker:/root/yahboomcar_ros2_ws/yahboomcar_ws/install/yahboom_web_savmap_interfaces:/root/yahboomcar_ros2_ws/yahboomcar_ws/install/robot_pose_publisher_ros2:/root/yahboomcar_ros2_ws/software/library_ws/install/ydlidar_ros2_driver:/root/yahboomcar_ros2_ws/software/library_ws/install/web_video_server:/root/yahboomcar_ros2_ws/software/library_ws/install/teb_local_planner:/root/yahboomcar_ros2_ws/software/library_ws/install/teb_msgs:/root/yahboomcar_ros2_ws/software/library_ws/install/sllidar_ros2:/root/yahboomcar_ros2_ws/software/library_ws/install/slam_gmapping:/root/yahboomcar_ros2_ws/software/library_ws/install/ros2_orbslam:/root/yahboomcar_ros2_ws/software/library_ws/install/robot_localization:/root/yahboomcar_ros2_ws/software/library_ws/install/openslam_gmapping:/root/yahboomcar_ros2_ws/software/library_ws/install/octomap_mapping:/root/yahboomcar_ros2_ws/software/library_ws/install/octomap_server:/root/yahboomcar_ros2_ws/software/library_ws/install/costmap_converter:/root/yahboomcar_ros2_ws/software/library_ws/install/costmap_converter_msgs:/root/yahboomcar_ros2_ws/software/library_ws/install/astra_camera:/root/yahboomcar_ros2_ws/software/library_ws/install/astra_camera_msgs:/root/codes/iron_yahboomcar_ws/install/yahboomcar_voice_ctrl:/root/codes/iron_yahboomcar_ws/install/yahboomcar_visual:/root/codes/iron_yahboomcar_ws/install/yahboomcar_nav:/root/codes/iron_yahboomcar_ws/install/yahboomcar_multi:/root/codes/iron_yahboomcar_ws/install/yahboomcar_mediapipe:/root/codes/iron_yahboomcar_ws/install/yahboomcar_linefollow:/root/codes/iron_yahboomcar_ws/install/yahboomcar_laser:/root/codes/iron_yahboomcar_ws/install/yahboomcar_description_x1:/root/codes/iron_yahboomcar_ws/install/yahboomcar_description:/root/codes/iron_yahboomcar_ws/install/yahboomcar_ctrl:/root/codes/iron_yahboomcar_ws/install/yahboomcar_color:/root/codes/iron_yahboomcar_ws/install/yahboomcar_bringup:/root/codes/iron_yahboomcar_ws/install/yahboomcar_astra:/root/codes/iron_yahboomcar_ws/install/yahboom_app_save_map:/root/codes/iron_yahboomcar_ws/install/robot_pose_publisher:/root/codes/iron_yahboomcar_ws/install/laserscan_to_point_pulisher:/root/yahboomcar_ros2_ws/yahboomcar_ws/install/yahboomcar_voice_ctrl:/root/yahboomcar_ros2_ws/yahboomcar_ws/install/yahboomcar_visual:/root/yahboomcar_ros2_ws/yahboomcar_ws/install/yahboomcar_nav:/root/yahboomcar_ros2_ws/yahboomcar_ws/install/yahboomcar_multi:/root/yahboomcar_ros2_ws/yahboomcar_ws/install/yahboomcar_mediapipe:/root/yahboomcar_ros2_ws/yahboomcar_ws/install/yahboomcar_linefollow:/root/yahboomcar_ros2_ws/yahboomcar_ws/install/yahboomcar_laser:/root/yahboomcar_ros2_ws/yahboomcar_ws/install/yahboomcar_description_x1:/root/yahboomcar_ros2_ws/yahboomcar_ws/install/yahboomcar_description:/root/yahboomcar_ros2_ws/yahboomcar_ws/install/yahboomcar_ctrl:/root/yahboomcar_ros2_ws/yahboomcar_ws/install/yahboomcar_bringup:/root/yahboomcar_ros2_ws/yahboomcar_ws/install/yahboomcar_astra:/root/yahboomcar_ros2_ws/yahboomcar_ws/install/yahboom_app_save_map:/root/yahboomcar_ros2_ws/yahboomcar_ws/install/robot_pose_publisher:/root/yahboomcar_ros2_ws/yahboomcar_ws/install/laserscan_to_point_pulisher:/opt/ros/foxy PYTHONPATH=/root/codes/iron_yahboomcar_ws/install/yahboomcar_msgs/lib/python3.8/site-packages:/root/codes/iron_yahboomcar_ws/install/yahboomcar_voice_ctrl/lib/python3.8/site-packages:/root/codes/iron_yahboomcar_ws/install/yahboomcar_visual/lib/python3.8/site-packages:/root/codes/iron_yahboomcar_ws/install/yahboomcar_nav/lib/python3.8/site-packages:/root/codes/iron_yahboomcar_ws/install/yahboomcar_multi/lib/python3.8/site-packages:/root/codes/iron_yahboomcar_ws/install/yahboomcar_mediapipe/lib/python3.8/site-packages:/root/codes/iron_yahboomcar_ws/install/yahboomcar_linefollow/lib/python3.8/site-packages:/root/codes/iron_yahboomcar_ws/install/yahboomcar_laser/lib/python3.8/site-packages:/root/codes/iron_yahboomcar_ws/install/yahboomcar_description_x1/lib/python3.8/site-packages:/root/codes/iron_yahboomcar_ws/install/yahboomcar_description/lib/python3.8/site-packages:/root/codes/iron_yahboomcar_ws/install/yahboomcar_ctrl/lib/python3.8/site-packages:/root/codes/iron_yahboomcar_ws/install/yahboomcar_color/lib/python3.8/site-packages:/root/codes/iron_yahboomcar_ws/install/yahboomcar_bringup/lib/python3.8/site-packages:/root/codes/iron_yahboomcar_ws/install/yahboomcar_astra/lib/python3.8/site-packages:/root/codes/iron_yahboomcar_ws/install/yahboom_web_savmap_interfaces/lib/python3.8/site-packages:/root/codes/iron_yahboomcar_ws/install/yahboom_app_save_map/lib/python3.8/site-packages:/root/codes/iron_yahboomcar_ws/install/robot_pose_publisher/lib/python3.8/site-packages:/root/codes/iron_yahboomcar_ws/install/laserscan_to_point_pulisher/lib/python3.8/site-packages:/root/yahboomcar_ros2_ws/yahboomcar_ws/install/yahboomcar_voice_ctrl/lib/python3.8/site-packages:/root/yahboomcar_ros2_ws/yahboomcar_ws/install/yahboomcar_visual/lib/python3.8/site-packages:/root/yahboomcar_ros2_ws/yahboomcar_ws/install/yahboomcar_nav/lib/python3.8/site-packages:/root/yahboomcar_ros2_ws/yahboomcar_ws/install/yahboomcar_multi/lib/python3.8/site-packages:/root/yahboomcar_ros2_ws/yahboomcar_ws/install/yahboomcar_msgs/lib/python3.8/site-packages:/root/yahboomcar_ros2_ws/yahboomcar_ws/install/yahboomcar_mediapipe/lib/python3.8/site-packages:/root/yahboomcar_ros2_ws/yahboomcar_ws/install/yahboomcar_linefollow/lib/python3.8/site-packages:/root/yahboomcar_ros2_ws/yahboomcar_ws/install/yahboomcar_laser/lib/python3.8/site-packages:/root/yahboomcar_ros2_ws/yahboomcar_ws/install/yahboomcar_description_x1/lib/python3.8/site-packages:/root/yahboomcar_ros2_ws/yahboomcar_ws/install/yahboomcar_description/lib/python3.8/site-packages:/root/yahboomcar_ros2_ws/yahboomcar_ws/install/yahboomcar_ctrl/lib/python3.8/site-packages:/root/yahboomcar_ros2_ws/yahboomcar_ws/install/yahboomcar_bringup/lib/python3.8/site-packages:/root/yahboomcar_ros2_ws/yahboomcar_ws/install/yahboomcar_astra/lib/python3.8/site-packages:/root/yahboomcar_ros2_ws/yahboomcar_ws/install/yahboom_web_savmap_interfaces/lib/python3.8/site-packages:/root/yahboomcar_ros2_ws/yahboomcar_ws/install/yahboom_app_save_map/lib/python3.8/site-packages:/root/yahboomcar_ros2_ws/yahboomcar_ws/install/robot_pose_publisher/lib/python3.8/site-packages:/root/yahboomcar_ros2_ws/yahboomcar_ws/install/laserscan_to_point_pulisher/lib/python3.8/site-packages:/root/yahboomcar_ros2_ws/software/library_ws/install/teb_msgs/lib/python3.8/site-packages:/root/yahboomcar_ros2_ws/software/library_ws/install/robot_localization/lib/python3.8/site-packages:/root/yahboomcar_ros2_ws/software/library_ws/install/costmap_converter_msgs/lib/python3.8/site-packages:/root/yahboomcar_ros2_ws/software/library_ws/install/astra_camera_msgs/lib/python3.8/site-packages:/opt/ros/foxy/lib/python3.8/site-packages /usr/bin/cmake --build /root/codes/iron_yahboomcar_ws/build/yahboomcar_point -- -j4 -l4
[43.000s] [35m[1mScanning dependencies of target pub_point[0m
[43.523s] [ 50%] [32mBuilding CXX object CMakeFiles/pub_point.dir/src/pub_point.cpp.o[0m
[44.168s] In file included from [01m[K/root/codes/iron_yahboomcar_ws/src/yahboomcar_point/src/pub_point.cpp:3[m[K:
[44.169s] [01m[K/opt/ros/foxy/include/sensor_msgs/point_cloud_conversion.hpp:51:6:[m[K [01;35m[Kwarning: [m[K#warning POINT_CLOUD_DEPRECATION_MESSAGE [[01;35m[K-Wcpp[m[K]
[44.169s]    51 | #    [01;35m[Kwarning[m[K POINT_CLOUD_DEPRECATION_MESSAGE
[44.170s]       |      [01;35m[K^~~~~~~[m[K
[68.467s] In file included from [01m[K/usr/include/pcl-1.10/pcl/visualization/common/actor_map.h:44[m[K,
[68.468s]                  from [01m[K/usr/include/pcl-1.10/pcl/visualization/pcl_visualizer.h:48[m[K,
[68.468s]                  from [01m[K/usr/include/pcl-1.10/pcl/visualization/cloud_viewer.h:39[m[K,
[68.469s]                  from [01m[K/root/codes/iron_yahboomcar_ws/src/yahboomcar_point/src/pub_point.cpp:15[m[K:
[68.469s] [01m[K/usr/include/vtk-7.1/vtkLODActor.h:73:38:[m[K [01;35m[Kwarning: [m[Kextra ‘[01m[K;[m[K’ [[01;35m[K-Wpedantic[m[K]
[68.470s]    73 |   vtkTypeMacro(vtkLODActor, vtkActor)[01;35m[K;[m[K
[68.470s]       |                                      [01;35m[K^[m[K
[68.471s]       |                                      [31m[K-[m[K
[68.518s] In file included from [01m[K/usr/include/pcl-1.10/pcl/visualization/point_picking_event.h:44[m[K,
[68.519s]                  from [01m[K/usr/include/pcl-1.10/pcl/visualization/pcl_visualizer.h:52[m[K,
[68.519s]                  from [01m[K/usr/include/pcl-1.10/pcl/visualization/cloud_viewer.h:39[m[K,
[68.520s]                  from [01m[K/root/codes/iron_yahboomcar_ws/src/yahboomcar_point/src/pub_point.cpp:15[m[K:
[68.520s] [01m[K/usr/include/vtk-7.1/vtkCommand.h:344:45:[m[K [01;35m[Kwarning: [m[Kextra ‘[01m[K;[m[K’ [[01;35m[K-Wpedantic[m[K]
[68.521s]   344 |   vtkBaseTypeMacro(vtkCommand,vtkObjectBase)[01;35m[K;[m[K
[68.521s]       |                                             [01;35m[K^[m[K
[68.522s]       |                                             [31m[K-[m[K
[68.652s] In file included from [01m[K/usr/include/pcl-1.10/pcl/visualization/interactor_style.h:53[m[K,
[68.653s]                  from [01m[K/usr/include/pcl-1.10/pcl/visualization/pcl_visualizer.h:54[m[K,
[68.653s]                  from [01m[K/usr/include/pcl-1.10/pcl/visualization/cloud_viewer.h:39[m[K,
[68.654s]                  from [01m[K/root/codes/iron_yahboomcar_ws/src/yahboomcar_point/src/pub_point.cpp:15[m[K:
[68.654s] [01m[K/usr/include/vtk-7.1/vtkInteractorStyleRubberBandPick.h:44:84:[m[K [01;35m[Kwarning: [m[Kextra ‘[01m[K;[m[K’ [[01;35m[K-Wpedantic[m[K]
[68.655s]    44 |   vtkTypeMacro(vtkInteractorStyleRubberBandPick, vtkInteractorStyleTrackballCamera)[01;35m[K;[m[K
[68.655s]       |                                                                                    [01;35m[K^[m[K
[68.656s]       |                                                                                    [31m[K-[m[K
[68.657s] In file included from [01m[K/usr/include/pcl-1.10/pcl/visualization/pcl_visualizer.h:54[m[K,
[68.657s]                  from [01m[K/usr/include/pcl-1.10/pcl/visualization/cloud_viewer.h:39[m[K,
[68.657s]                  from [01m[K/root/codes/iron_yahboomcar_ws/src/yahboomcar_point/src/pub_point.cpp:15[m[K:
[68.658s] [01m[K/usr/include/pcl-1.10/pcl/visualization/interactor_style.h:127:86:[m[K [01;35m[Kwarning: [m[Kextra ‘[01m[K;[m[K’ [[01;35m[K-Wpedantic[m[K]
[68.658s]   127 |         vtkTypeMacro (PCLVisualizerInteractorStyle, vtkInteractorStyleRubberBandPick)[01;35m[K;[m[K
[68.659s]       |                                                                                      [01;35m[K^[m[K
[68.659s]       |                                                                                      [31m[K-[m[K
[69.222s] In file included from [01m[K/usr/include/pcl-1.10/pcl/visualization/impl/pcl_visualizer.hpp:41[m[K,
[69.222s]                  from [01m[K/usr/include/pcl-1.10/pcl/visualization/pcl_visualizer.h:2347[m[K,
[69.223s]                  from [01m[K/usr/include/pcl-1.10/pcl/visualization/cloud_viewer.h:39[m[K,
[69.223s]                  from [01m[K/root/codes/iron_yahboomcar_ws/src/yahboomcar_point/src/pub_point.cpp:15[m[K:
[69.224s] [01m[K/usr/include/vtk-7.1/vtkVersion.h:41:37:[m[K [01;35m[Kwarning: [m[Kextra ‘[01m[K;[m[K’ [[01;35m[K-Wpedantic[m[K]
[69.224s]    41 |   vtkTypeMacro(vtkVersion,vtkObject)[01;35m[K;[m[K
[69.225s]       |                                     [01;35m[K^[m[K
[69.225s]       |                                     [31m[K-[m[K
[69.237s] In file included from [01m[K/usr/include/pcl-1.10/pcl/visualization/impl/pcl_visualizer.hpp:43[m[K,
[69.237s]                  from [01m[K/usr/include/pcl-1.10/pcl/visualization/pcl_visualizer.h:2347[m[K,
[69.238s]                  from [01m[K/usr/include/pcl-1.10/pcl/visualization/cloud_viewer.h:39[m[K,
[69.238s]                  from [01m[K/root/codes/iron_yahboomcar_ws/src/yahboomcar_point/src/pub_point.cpp:15[m[K:
[69.239s] [01m[K/usr/include/vtk-7.1/vtkCellArray.h:47:39:[m[K [01;35m[Kwarning: [m[Kextra ‘[01m[K;[m[K’ [[01;35m[K-Wpedantic[m[K]
[69.239s]    47 |   vtkTypeMacro(vtkCellArray,vtkObject)[01;35m[K;[m[K
[69.240s]       |                                       [01;35m[K^[m[K
[69.240s]       |                                       [31m[K-[m[K
[69.307s] In file included from [01m[K/usr/include/pcl-1.10/pcl/visualization/impl/pcl_visualizer.hpp:44[m[K,
[69.307s]                  from [01m[K/usr/include/pcl-1.10/pcl/visualization/pcl_visualizer.h:2347[m[K,
[69.308s]                  from [01m[K/usr/include/pcl-1.10/pcl/visualization/cloud_viewer.h:39[m[K,
[69.308s]                  from [01m[K/root/codes/iron_yahboomcar_ws/src/yahboomcar_point/src/pub_point.cpp:15[m[K:
[69.308s] [01m[K/usr/include/vtk-7.1/vtkLeaderActor2D.h:59:44:[m[K [01;35m[Kwarning: [m[Kextra ‘[01m[K;[m[K’ [[01;35m[K-Wpedantic[m[K]
[69.309s]    59 |   vtkTypeMacro(vtkLeaderActor2D,vtkActor2D)[01;35m[K;[m[K
[69.309s]       |                                            [01;35m[K^[m[K
[69.310s]       |                                            [31m[K-[m[K
[69.522s] In file included from [01m[K/usr/include/pcl-1.10/pcl/visualization/impl/pcl_visualizer.hpp:45[m[K,
[69.523s]                  from [01m[K/usr/include/pcl-1.10/pcl/visualization/pcl_visualizer.h:2347[m[K,
[69.523s]                  from [01m[K/usr/include/pcl-1.10/pcl/visualization/cloud_viewer.h:39[m[K,
[69.524s]                  from [01m[K/root/codes/iron_yahboomcar_ws/src/yahboomcar_point/src/pub_point.cpp:15[m[K:
[69.524s] [01m[K/usr/include/vtk-7.1/vtkVectorText.h:45:51:[m[K [01;35m[Kwarning: [m[Kextra ‘[01m[K;[m[K’ [[01;35m[K-Wpedantic[m[K]
[69.525s]    45 |   vtkTypeMacro(vtkVectorText,vtkPolyDataAlgorithm)[01;35m[K;[m[K
[69.525s]       |                                                   [01;35m[K^[m[K
[69.525s]       |                                                   [31m[K-[m[K
[69.534s] In file included from [01m[K/usr/include/pcl-1.10/pcl/visualization/impl/pcl_visualizer.hpp:46[m[K,
[69.535s]                  from [01m[K/usr/include/pcl-1.10/pcl/visualization/pcl_visualizer.h:2347[m[K,
[69.535s]                  from [01m[K/usr/include/pcl-1.10/pcl/visualization/cloud_viewer.h:39[m[K,
[69.536s]                  from [01m[K/root/codes/iron_yahboomcar_ws/src/yahboomcar_point/src/pub_point.cpp:15[m[K:
[69.536s] [01m[K/usr/include/vtk-7.1/vtkAlgorithmOutput.h:40:45:[m[K [01;35m[Kwarning: [m[Kextra ‘[01m[K;[m[K’ [[01;35m[K-Wpedantic[m[K]
[69.537s]    40 |   vtkTypeMacro(vtkAlgorithmOutput,vtkObject)[01;35m[K;[m[K
[69.538s]       |                                             [01;35m[K^[m[K
[69.538s]       |                                             [31m[K-[m[K
[69.540s] In file included from [01m[K/usr/include/pcl-1.10/pcl/visualization/impl/pcl_visualizer.hpp:47[m[K,
[69.541s]                  from [01m[K/usr/include/pcl-1.10/pcl/visualization/pcl_visualizer.h:2347[m[K,
[69.541s]                  from [01m[K/usr/include/pcl-1.10/pcl/visualization/cloud_viewer.h:39[m[K,
[69.541s]                  from [01m[K/root/codes/iron_yahboomcar_ws/src/yahboomcar_point/src/pub_point.cpp:15[m[K:
[69.542s] [01m[K/usr/include/vtk-7.1/vtkFollower.h:43:37:[m[K [01;35m[Kwarning: [m[Kextra ‘[01m[K;[m[K’ [[01;35m[K-Wpedantic[m[K]
[69.542s]    43 |   vtkTypeMacro(vtkFollower,vtkActor)[01;35m[K;[m[K
[69.543s]       |                                     [01;35m[K^[m[K
[69.543s]       |                                     [31m[K-[m[K
[69.545s] In file included from [01m[K/usr/include/pcl-1.10/pcl/visualization/impl/pcl_visualizer.hpp:49[m[K,
[69.546s]                  from [01m[K/usr/include/pcl-1.10/pcl/visualization/pcl_visualizer.h:2347[m[K,
[69.546s]                  from [01m[K/usr/include/pcl-1.10/pcl/visualization/cloud_viewer.h:39[m[K,
[69.547s]                  from [01m[K/root/codes/iron_yahboomcar_ws/src/yahboomcar_point/src/pub_point.cpp:15[m[K:
[69.547s] [01m[K/usr/include/vtk-7.1/vtkSphereSource.h:43:53:[m[K [01;35m[Kwarning: [m[Kextra ‘[01m[K;[m[K’ [[01;35m[K-Wpedantic[m[K]
[69.548s]    43 |   vtkTypeMacro(vtkSphereSource,vtkPolyDataAlgorithm)[01;35m[K;[m[K
[69.549s]       |                                                     [01;35m[K^[m[K
[69.549s]       |                                                     [31m[K-[m[K
[69.628s] In file included from [01m[K/usr/include/pcl-1.10/pcl/visualization/impl/pcl_visualizer.hpp:50[m[K,
[69.629s]                  from [01m[K/usr/include/pcl-1.10/pcl/visualization/pcl_visualizer.h:2347[m[K,
[69.629s]                  from [01m[K/usr/include/pcl-1.10/pcl/visualization/cloud_viewer.h:39[m[K,
[69.630s]                  from [01m[K/root/codes/iron_yahboomcar_ws/src/yahboomcar_point/src/pub_point.cpp:15[m[K:
[69.630s] [01m[K/usr/include/vtk-7.1/vtkProperty2D.h:40:40:[m[K [01;35m[Kwarning: [m[Kextra ‘[01m[K;[m[K’ [[01;35m[K-Wpedantic[m[K]
[69.631s]    40 |   vtkTypeMacro(vtkProperty2D,vtkObject)[01;35m[K;[m[K
[69.632s]       |                                        [01;35m[K^[m[K
[69.632s]       |                                        [31m[K-[m[K
[69.691s] In file included from [01m[K/usr/include/pcl-1.10/pcl/visualization/impl/pcl_visualizer.hpp:51[m[K,
[69.691s]                  from [01m[K/usr/include/pcl-1.10/pcl/visualization/pcl_visualizer.h:2347[m[K,
[69.691s]                  from [01m[K/usr/include/pcl-1.10/pcl/visualization/cloud_viewer.h:39[m[K,
[69.692s]                  from [01m[K/root/codes/iron_yahboomcar_ws/src/yahboomcar_point/src/pub_point.cpp:15[m[K:
[69.692s] [01m[K/usr/include/vtk-7.1/vtkDataSetSurfaceFilter.h:53:61:[m[K [01;35m[Kwarning: [m[Kextra ‘[01m[K;[m[K’ [[01;35m[K-Wpedantic[m[K]
[69.693s]    53 |   vtkTypeMacro(vtkDataSetSurfaceFilter,vtkPolyDataAlgorithm)[01;35m[K;[m[K
[69.693s]       |                                                             [01;35m[K^[m[K
[69.693s]       |                                                             [31m[K-[m[K
[69.769s] In file included from [01m[K/usr/include/pcl-1.10/pcl/visualization/impl/pcl_visualizer.hpp:52[m[K,
[69.769s]                  from [01m[K/usr/include/pcl-1.10/pcl/visualization/pcl_visualizer.h:2347[m[K,
[69.770s]                  from [01m[K/usr/include/pcl-1.10/pcl/visualization/cloud_viewer.h:39[m[K,
[69.771s]                  from [01m[K/root/codes/iron_yahboomcar_ws/src/yahboomcar_point/src/pub_point.cpp:15[m[K:
[69.771s] [01m[K/usr/include/vtk-7.1/vtkPointData.h:36:50:[m[K [01;35m[Kwarning: [m[Kextra ‘[01m[K;[m[K’ [[01;35m[K-Wpedantic[m[K]
[69.771s]    36 |   vtkTypeMacro(vtkPointData,vtkDataSetAttributes)[01;35m[K;[m[K
[69.772s]       |                                                  [01;35m[K^[m[K
[69.772s]       |                                                  [31m[K-[m[K
[69.961s] In file included from [01m[K/usr/include/pcl-1.10/pcl/visualization/impl/pcl_visualizer.hpp:53[m[K,
[69.962s]                  from [01m[K/usr/include/pcl-1.10/pcl/visualization/pcl_visualizer.h:2347[m[K,
[69.962s]                  from [01m[K/usr/include/pcl-1.10/pcl/visualization/cloud_viewer.h:39[m[K,
[69.963s]                  from [01m[K/root/codes/iron_yahboomcar_ws/src/yahboomcar_point/src/pub_point.cpp:15[m[K:
[69.963s] [01m[K/usr/include/vtk-7.1/vtkPolyDataMapper.h:40:45:[m[K [01;35m[Kwarning: [m[Kextra ‘[01m[K;[m[K’ [[01;35m[K-Wpedantic[m[K]
[69.963s]    40 |   vtkTypeMacro(vtkPolyDataMapper, vtkMapper)[01;35m[K;[m[K
[69.964s]       |                                             [01;35m[K^[m[K
[69.965s]       |                                             [31m[K-[m[K
[69.996s] In file included from [01m[K/usr/include/pcl-1.10/pcl/visualization/impl/pcl_visualizer.hpp:54[m[K,
[69.997s]                  from [01m[K/usr/include/pcl-1.10/pcl/visualization/pcl_visualizer.h:2347[m[K,
[69.998s]                  from [01m[K/usr/include/pcl-1.10/pcl/visualization/cloud_viewer.h:39[m[K,
[69.998s]                  from [01m[K/root/codes/iron_yahboomcar_ws/src/yahboomcar_point/src/pub_point.cpp:15[m[K:
[69.999s] [01m[K/usr/include/vtk-7.1/vtkProperty.h:61:38:[m[K [01;35m[Kwarning: [m[Kextra ‘[01m[K;[m[K’ [[01;35m[K-Wpedantic[m[K]
[69.999s]    61 |   vtkTypeMacro(vtkProperty,vtkObject)[01;35m[K;[m[K
[70.000s]       |                                      [01;35m[K^[m[K
[70.000s]       |                                      [31m[K-[m[K
[70.213s] In file included from [01m[K/usr/include/pcl-1.10/pcl/visualization/impl/pcl_visualizer.hpp:56[m[K,
[70.213s]                  from [01m[K/usr/include/pcl-1.10/pcl/visualization/pcl_visualizer.h:2347[m[K,
[70.214s]                  from [01m[K/usr/include/pcl-1.10/pcl/visualization/cloud_viewer.h:39[m[K,
[70.215s]                  from [01m[K/root/codes/iron_yahboomcar_ws/src/yahboomcar_point/src/pub_point.cpp:15[m[K:
[70.215s] [01m[K/usr/include/vtk-7.1/vtkCellData.h:37:49:[m[K [01;35m[Kwarning: [m[Kextra ‘[01m[K;[m[K’ [[01;35m[K-Wpedantic[m[K]
[70.216s]    37 |   vtkTypeMacro(vtkCellData,vtkDataSetAttributes)[01;35m[K;[m[K
[70.216s]       |                                                 [01;35m[K^[m[K
[70.217s]       |                                                 [31m[K-[m[K
[70.217s] In file included from [01m[K/usr/include/pcl-1.10/pcl/visualization/impl/pcl_visualizer.hpp:57[m[K,
[70.218s]                  from [01m[K/usr/include/pcl-1.10/pcl/visualization/pcl_visualizer.h:2347[m[K,
[70.218s]                  from [01m[K/usr/include/pcl-1.10/pcl/visualization/cloud_viewer.h:39[m[K,
[70.219s]                  from [01m[K/root/codes/iron_yahboomcar_ws/src/yahboomcar_point/src/pub_point.cpp:15[m[K:
[70.219s] [01m[K/usr/include/vtk-7.1/vtkDataSetMapper.h:40:44:[m[K [01;35m[Kwarning: [m[Kextra ‘[01m[K;[m[K’ [[01;35m[K-Wpedantic[m[K]
[70.220s]    40 |   vtkTypeMacro(vtkDataSetMapper, vtkMapper)[01;35m[K;[m[K
[70.220s]       |                                            [01;35m[K^[m[K
[70.221s]       |                                            [31m[K-[m[K
[70.359s] In file included from [01m[K/usr/include/pcl-1.10/pcl/visualization/impl/pcl_visualizer.hpp:58[m[K,
[70.359s]                  from [01m[K/usr/include/pcl-1.10/pcl/visualization/pcl_visualizer.h:2347[m[K,
[70.360s]                  from [01m[K/usr/include/pcl-1.10/pcl/visualization/cloud_viewer.h:39[m[K,
[70.360s]                  from [01m[K/root/codes/iron_yahboomcar_ws/src/yahboomcar_point/src/pub_point.cpp:15[m[K:
[70.361s] [01m[K/usr/include/vtk-7.1/vtkRenderer.h:60:40:[m[K [01;35m[Kwarning: [m[Kextra ‘[01m[K;[m[K’ [[01;35m[K-Wpedantic[m[K]
[70.361s]    60 |   vtkTypeMacro(vtkRenderer,vtkViewport)[01;35m[K;[m[K
[70.361s]       |                                        [01;35m[K^[m[K
[70.362s]       |                                        [31m[K-[m[K
[70.549s] In file included from [01m[K/usr/include/pcl-1.10/pcl/visualization/impl/pcl_visualizer.hpp:59[m[K,
[70.550s]                  from [01m[K/usr/include/pcl-1.10/pcl/visualization/pcl_visualizer.h:2347[m[K,
[70.550s]                  from [01m[K/usr/include/pcl-1.10/pcl/visualization/cloud_viewer.h:39[m[K,
[70.551s]                  from [01m[K/root/codes/iron_yahboomcar_ws/src/yahboomcar_point/src/pub_point.cpp:15[m[K:
[70.551s] [01m[K/usr/include/vtk-7.1/vtkRendererCollection.h:38:53:[m[K [01;35m[Kwarning: [m[Kextra ‘[01m[K;[m[K’ [[01;35m[K-Wpedantic[m[K]
[70.552s]    38 |   vtkTypeMacro(vtkRendererCollection, vtkCollection)[01;35m[K;[m[K
[70.552s]       |                                                     [01;35m[K^[m[K
[70.552s]       |                                                     [31m[K-[m[K
[70.553s] In file included from [01m[K/usr/include/pcl-1.10/pcl/visualization/impl/pcl_visualizer.hpp:60[m[K,
[70.554s]                  from [01m[K/usr/include/pcl-1.10/pcl/visualization/pcl_visualizer.h:2347[m[K,
[70.554s]                  from [01m[K/usr/include/pcl-1.10/pcl/visualization/cloud_viewer.h:39[m[K,
[70.555s]                  from [01m[K/root/codes/iron_yahboomcar_ws/src/yahboomcar_point/src/pub_point.cpp:15[m[K:
[70.555s] [01m[K/usr/include/vtk-7.1/vtkAppendPolyData.h:47:55:[m[K [01;35m[Kwarning: [m[Kextra ‘[01m[K;[m[K’ [[01;35m[K-Wpedantic[m[K]
[70.556s]    47 |   vtkTypeMacro(vtkAppendPolyData,vtkPolyDataAlgorithm)[01;35m[K;[m[K
[70.556s]       |                                                       [01;35m[K^[m[K
[70.557s]       |                                                       [31m[K-[m[K
[70.582s] In file included from [01m[K/usr/include/pcl-1.10/pcl/visualization/impl/pcl_visualizer.hpp:61[m[K,
[70.583s]                  from [01m[K/usr/include/pcl-1.10/pcl/visualization/pcl_visualizer.h:2347[m[K,
[70.583s]                  from [01m[K/usr/include/pcl-1.10/pcl/visualization/cloud_viewer.h:39[m[K,
[70.584s]                  from [01m[K/root/codes/iron_yahboomcar_ws/src/yahboomcar_point/src/pub_point.cpp:15[m[K:
[70.584s] [01m[K/usr/include/vtk-7.1/vtkTextProperty.h:36:42:[m[K [01;35m[Kwarning: [m[Kextra ‘[01m[K;[m[K’ [[01;35m[K-Wpedantic[m[K]
[70.584s]    36 |   vtkTypeMacro(vtkTextProperty,vtkObject)[01;35m[K;[m[K
[70.585s]       |                                          [01;35m[K^[m[K
[70.585s]       |                                          [31m[K-[m[K
[70.761s] In file included from [01m[K/usr/include/pcl-1.10/pcl/visualization/impl/pcl_visualizer.hpp:63[m[K,
[70.762s]                  from [01m[K/usr/include/pcl-1.10/pcl/visualization/pcl_visualizer.h:2347[m[K,
[70.762s]                  from [01m[K/usr/include/pcl-1.10/pcl/visualization/cloud_viewer.h:39[m[K,
[70.763s]                  from [01m[K/root/codes/iron_yahboomcar_ws/src/yahboomcar_point/src/pub_point.cpp:15[m[K:
[70.763s] [01m[K/usr/include/vtk-7.1/vtkLineSource.h:40:51:[m[K [01;35m[Kwarning: [m[Kextra ‘[01m[K;[m[K’ [[01;35m[K-Wpedantic[m[K]
[70.764s]    40 |   vtkTypeMacro(vtkLineSource,vtkPolyDataAlgorithm)[01;35m[K;[m[K
[70.764s]       |                                                   [01;35m[K^[m[K
[70.765s]       |                                                   [31m[K-[m[K
[70.998s] In file included from [01m[K/usr/include/pcl-1.10/pcl/visualization/common/impl/shapes.hpp:42[m[K,
[70.998s]                  from [01m[K/usr/include/pcl-1.10/pcl/visualization/common/shapes.h:293[m[K,
[70.999s]                  from [01m[K/usr/include/pcl-1.10/pcl/visualization/impl/pcl_visualizer.hpp:65[m[K,
[70.999s]                  from [01m[K/usr/include/pcl-1.10/pcl/visualization/pcl_visualizer.h:2347[m[K,
[70.999s]                  from [01m[K/usr/include/pcl-1.10/pcl/visualization/cloud_viewer.h:39[m[K,
[71.000s]                  from [01m[K/root/codes/iron_yahboomcar_ws/src/yahboomcar_point/src/pub_point.cpp:15[m[K:
[71.000s] [01m[K/usr/include/vtk-7.1/vtkPolygon.h:43:35:[m[K [01;35m[Kwarning: [m[Kextra ‘[01m[K;[m[K’ [[01;35m[K-Wpedantic[m[K]
[71.001s]    43 |   vtkTypeMacro(vtkPolygon,vtkCell)[01;35m[K;[m[K
[71.001s]       |                                   [01;35m[K^[m[K
[71.001s]       |                                   [31m[K-[m[K
[73.626s] [01m[K/root/codes/iron_yahboomcar_ws/src/yahboomcar_point/src/pub_point.cpp:[m[K In member function ‘[01m[Kvoid mediapipeCloud::handle_point(std::shared_ptr<yahboomcar_msgs::msg::PointArray_<std::allocator<void> > >)[m[K’:
[73.627s] [01m[K/root/codes/iron_yahboomcar_ws/src/yahboomcar_point/src/pub_point.cpp:45:31:[m[K [01;35m[Kwarning: [m[Kcomparison of integer expressions of different signedness: ‘[01m[Kint[m[K’ and ‘[01m[Kstd::vector<geometry_msgs::msg::Point_<std::allocator<void> >, std::allocator<geometry_msgs::msg::Point_<std::allocator<void> > > >::size_type[m[K’ {aka ‘[01m[Klong unsigned int[m[K’} [[01;35m[K-Wsign-compare[m[K]
[73.628s]    45 |             for (int i = 0; [01;35m[Ki < msg->points.size()[m[K; i++)
[73.628s]       |                             [01;35m[K~~^~~~~~~~~~~~~~~~~~~~[m[K
[117.962s] [100%] [32m[1mLinking CXX executable pub_point[0m
[123.559s] [100%] Built target pub_point
[123.692s] Invoked command in '/root/codes/iron_yahboomcar_ws/build/yahboomcar_point' returned '0': CMAKE_PREFIX_PATH=/root/codes/iron_yahboomcar_ws/install/yahboomcar_msgs:/root/codes/iron_yahboomcar_ws/install/yahboomcar_slam:/root/codes/iron_yahboomcar_ws/install/yahboomcar_point:/root/codes/iron_yahboomcar_ws/install/yahboomcar_base_node:/root/codes/iron_yahboomcar_ws/install/yahboomcar_KCFTracker:/root/codes/iron_yahboomcar_ws/install/yahboom_web_savmap_interfaces:/root/codes/iron_yahboomcar_ws/install/robot_pose_publisher_ros2:/root/yahboomcar_ros2_ws/yahboomcar_ws/install/yahboomcar_slam:/root/yahboomcar_ros2_ws/yahboomcar_ws/install/yahboomcar_point:/root/yahboomcar_ros2_ws/yahboomcar_ws/install/yahboomcar_msgs:/root/yahboomcar_ros2_ws/yahboomcar_ws/install/yahboomcar_base_node:/root/yahboomcar_ros2_ws/yahboomcar_ws/install/yahboomcar_KCFTracker:/root/yahboomcar_ros2_ws/yahboomcar_ws/install/yahboom_web_savmap_interfaces:/root/yahboomcar_ros2_ws/yahboomcar_ws/install/robot_pose_publisher_ros2:/root/yahboomcar_ros2_ws/software/library_ws/install/ydlidar_ros2_driver:/root/yahboomcar_ros2_ws/software/library_ws/install/web_video_server:/root/yahboomcar_ros2_ws/software/library_ws/install/teb_local_planner:/root/yahboomcar_ros2_ws/software/library_ws/install/teb_msgs:/root/yahboomcar_ros2_ws/software/library_ws/install/sllidar_ros2:/root/yahboomcar_ros2_ws/software/library_ws/install/slam_gmapping:/root/yahboomcar_ros2_ws/software/library_ws/install/ros2_orbslam:/root/yahboomcar_ros2_ws/software/library_ws/install/robot_localization:/root/yahboomcar_ros2_ws/software/library_ws/install/openslam_gmapping:/root/yahboomcar_ros2_ws/software/library_ws/install/octomap_mapping:/root/yahboomcar_ros2_ws/software/library_ws/install/octomap_server:/root/yahboomcar_ros2_ws/software/library_ws/install/costmap_converter:/root/yahboomcar_ros2_ws/software/library_ws/install/costmap_converter_msgs:/root/yahboomcar_ros2_ws/software/library_ws/install/astra_camera:/root/yahboomcar_ros2_ws/software/library_ws/install/astra_camera_msgs:/root/codes/iron_yahboomcar_ws/install/yahboomcar_voice_ctrl:/root/codes/iron_yahboomcar_ws/install/yahboomcar_visual:/root/codes/iron_yahboomcar_ws/install/yahboomcar_nav:/root/codes/iron_yahboomcar_ws/install/yahboomcar_multi:/root/codes/iron_yahboomcar_ws/install/yahboomcar_mediapipe:/root/codes/iron_yahboomcar_ws/install/yahboomcar_linefollow:/root/codes/iron_yahboomcar_ws/install/yahboomcar_laser:/root/codes/iron_yahboomcar_ws/install/yahboomcar_description_x1:/root/codes/iron_yahboomcar_ws/install/yahboomcar_description:/root/codes/iron_yahboomcar_ws/install/yahboomcar_ctrl:/root/codes/iron_yahboomcar_ws/install/yahboomcar_color:/root/codes/iron_yahboomcar_ws/install/yahboomcar_bringup:/root/codes/iron_yahboomcar_ws/install/yahboomcar_astra:/root/codes/iron_yahboomcar_ws/install/yahboom_app_save_map:/root/codes/iron_yahboomcar_ws/install/robot_pose_publisher:/root/codes/iron_yahboomcar_ws/install/laserscan_to_point_pulisher:/root/yahboomcar_ros2_ws/yahboomcar_ws/install/yahboomcar_voice_ctrl:/root/yahboomcar_ros2_ws/yahboomcar_ws/install/yahboomcar_visual:/root/yahboomcar_ros2_ws/yahboomcar_ws/install/yahboomcar_nav:/root/yahboomcar_ros2_ws/yahboomcar_ws/install/yahboomcar_multi:/root/yahboomcar_ros2_ws/yahboomcar_ws/install/yahboomcar_mediapipe:/root/yahboomcar_ros2_ws/yahboomcar_ws/install/yahboomcar_linefollow:/root/yahboomcar_ros2_ws/yahboomcar_ws/install/yahboomcar_laser:/root/yahboomcar_ros2_ws/yahboomcar_ws/install/yahboomcar_description_x1:/root/yahboomcar_ros2_ws/yahboomcar_ws/install/yahboomcar_description:/root/yahboomcar_ros2_ws/yahboomcar_ws/install/yahboomcar_ctrl:/root/yahboomcar_ros2_ws/yahboomcar_ws/install/yahboomcar_bringup:/root/yahboomcar_ros2_ws/yahboomcar_ws/install/yahboomcar_astra:/root/yahboomcar_ros2_ws/yahboomcar_ws/install/yahboom_app_save_map:/root/yahboomcar_ros2_ws/yahboomcar_ws/install/robot_pose_publisher:/root/yahboomcar_ros2_ws/yahboomcar_ws/install/laserscan_to_point_pulisher:/opt/ros/foxy PYTHONPATH=/root/codes/iron_yahboomcar_ws/install/yahboomcar_msgs/lib/python3.8/site-packages:/root/codes/iron_yahboomcar_ws/install/yahboomcar_voice_ctrl/lib/python3.8/site-packages:/root/codes/iron_yahboomcar_ws/install/yahboomcar_visual/lib/python3.8/site-packages:/root/codes/iron_yahboomcar_ws/install/yahboomcar_nav/lib/python3.8/site-packages:/root/codes/iron_yahboomcar_ws/install/yahboomcar_multi/lib/python3.8/site-packages:/root/codes/iron_yahboomcar_ws/install/yahboomcar_mediapipe/lib/python3.8/site-packages:/root/codes/iron_yahboomcar_ws/install/yahboomcar_linefollow/lib/python3.8/site-packages:/root/codes/iron_yahboomcar_ws/install/yahboomcar_laser/lib/python3.8/site-packages:/root/codes/iron_yahboomcar_ws/install/yahboomcar_description_x1/lib/python3.8/site-packages:/root/codes/iron_yahboomcar_ws/install/yahboomcar_description/lib/python3.8/site-packages:/root/codes/iron_yahboomcar_ws/install/yahboomcar_ctrl/lib/python3.8/site-packages:/root/codes/iron_yahboomcar_ws/install/yahboomcar_color/lib/python3.8/site-packages:/root/codes/iron_yahboomcar_ws/install/yahboomcar_bringup/lib/python3.8/site-packages:/root/codes/iron_yahboomcar_ws/install/yahboomcar_astra/lib/python3.8/site-packages:/root/codes/iron_yahboomcar_ws/install/yahboom_web_savmap_interfaces/lib/python3.8/site-packages:/root/codes/iron_yahboomcar_ws/install/yahboom_app_save_map/lib/python3.8/site-packages:/root/codes/iron_yahboomcar_ws/install/robot_pose_publisher/lib/python3.8/site-packages:/root/codes/iron_yahboomcar_ws/install/laserscan_to_point_pulisher/lib/python3.8/site-packages:/root/yahboomcar_ros2_ws/yahboomcar_ws/install/yahboomcar_voice_ctrl/lib/python3.8/site-packages:/root/yahboomcar_ros2_ws/yahboomcar_ws/install/yahboomcar_visual/lib/python3.8/site-packages:/root/yahboomcar_ros2_ws/yahboomcar_ws/install/yahboomcar_nav/lib/python3.8/site-packages:/root/yahboomcar_ros2_ws/yahboomcar_ws/install/yahboomcar_multi/lib/python3.8/site-packages:/root/yahboomcar_ros2_ws/yahboomcar_ws/install/yahboomcar_msgs/lib/python3.8/site-packages:/root/yahboomcar_ros2_ws/yahboomcar_ws/install/yahboomcar_mediapipe/lib/python3.8/site-packages:/root/yahboomcar_ros2_ws/yahboomcar_ws/install/yahboomcar_linefollow/lib/python3.8/site-packages:/root/yahboomcar_ros2_ws/yahboomcar_ws/install/yahboomcar_laser/lib/python3.8/site-packages:/root/yahboomcar_ros2_ws/yahboomcar_ws/install/yahboomcar_description_x1/lib/python3.8/site-packages:/root/yahboomcar_ros2_ws/yahboomcar_ws/install/yahboomcar_description/lib/python3.8/site-packages:/root/yahboomcar_ros2_ws/yahboomcar_ws/install/yahboomcar_ctrl/lib/python3.8/site-packages:/root/yahboomcar_ros2_ws/yahboomcar_ws/install/yahboomcar_bringup/lib/python3.8/site-packages:/root/yahboomcar_ros2_ws/yahboomcar_ws/install/yahboomcar_astra/lib/python3.8/site-packages:/root/yahboomcar_ros2_ws/yahboomcar_ws/install/yahboom_web_savmap_interfaces/lib/python3.8/site-packages:/root/yahboomcar_ros2_ws/yahboomcar_ws/install/yahboom_app_save_map/lib/python3.8/site-packages:/root/yahboomcar_ros2_ws/yahboomcar_ws/install/robot_pose_publisher/lib/python3.8/site-packages:/root/yahboomcar_ros2_ws/yahboomcar_ws/install/laserscan_to_point_pulisher/lib/python3.8/site-packages:/root/yahboomcar_ros2_ws/software/library_ws/install/teb_msgs/lib/python3.8/site-packages:/root/yahboomcar_ros2_ws/software/library_ws/install/robot_localization/lib/python3.8/site-packages:/root/yahboomcar_ros2_ws/software/library_ws/install/costmap_converter_msgs/lib/python3.8/site-packages:/root/yahboomcar_ros2_ws/software/library_ws/install/astra_camera_msgs/lib/python3.8/site-packages:/opt/ros/foxy/lib/python3.8/site-packages /usr/bin/cmake --build /root/codes/iron_yahboomcar_ws/build/yahboomcar_point -- -j4 -l4
[123.899s] Invoking command in '/root/codes/iron_yahboomcar_ws/build/yahboomcar_point': CMAKE_PREFIX_PATH=/root/codes/iron_yahboomcar_ws/install/yahboomcar_msgs:/root/codes/iron_yahboomcar_ws/install/yahboomcar_slam:/root/codes/iron_yahboomcar_ws/install/yahboomcar_point:/root/codes/iron_yahboomcar_ws/install/yahboomcar_base_node:/root/codes/iron_yahboomcar_ws/install/yahboomcar_KCFTracker:/root/codes/iron_yahboomcar_ws/install/yahboom_web_savmap_interfaces:/root/codes/iron_yahboomcar_ws/install/robot_pose_publisher_ros2:/root/yahboomcar_ros2_ws/yahboomcar_ws/install/yahboomcar_slam:/root/yahboomcar_ros2_ws/yahboomcar_ws/install/yahboomcar_point:/root/yahboomcar_ros2_ws/yahboomcar_ws/install/yahboomcar_msgs:/root/yahboomcar_ros2_ws/yahboomcar_ws/install/yahboomcar_base_node:/root/yahboomcar_ros2_ws/yahboomcar_ws/install/yahboomcar_KCFTracker:/root/yahboomcar_ros2_ws/yahboomcar_ws/install/yahboom_web_savmap_interfaces:/root/yahboomcar_ros2_ws/yahboomcar_ws/install/robot_pose_publisher_ros2:/root/yahboomcar_ros2_ws/software/library_ws/install/ydlidar_ros2_driver:/root/yahboomcar_ros2_ws/software/library_ws/install/web_video_server:/root/yahboomcar_ros2_ws/software/library_ws/install/teb_local_planner:/root/yahboomcar_ros2_ws/software/library_ws/install/teb_msgs:/root/yahboomcar_ros2_ws/software/library_ws/install/sllidar_ros2:/root/yahboomcar_ros2_ws/software/library_ws/install/slam_gmapping:/root/yahboomcar_ros2_ws/software/library_ws/install/ros2_orbslam:/root/yahboomcar_ros2_ws/software/library_ws/install/robot_localization:/root/yahboomcar_ros2_ws/software/library_ws/install/openslam_gmapping:/root/yahboomcar_ros2_ws/software/library_ws/install/octomap_mapping:/root/yahboomcar_ros2_ws/software/library_ws/install/octomap_server:/root/yahboomcar_ros2_ws/software/library_ws/install/costmap_converter:/root/yahboomcar_ros2_ws/software/library_ws/install/costmap_converter_msgs:/root/yahboomcar_ros2_ws/software/library_ws/install/astra_camera:/root/yahboomcar_ros2_ws/software/library_ws/install/astra_camera_msgs:/root/codes/iron_yahboomcar_ws/install/yahboomcar_voice_ctrl:/root/codes/iron_yahboomcar_ws/install/yahboomcar_visual:/root/codes/iron_yahboomcar_ws/install/yahboomcar_nav:/root/codes/iron_yahboomcar_ws/install/yahboomcar_multi:/root/codes/iron_yahboomcar_ws/install/yahboomcar_mediapipe:/root/codes/iron_yahboomcar_ws/install/yahboomcar_linefollow:/root/codes/iron_yahboomcar_ws/install/yahboomcar_laser:/root/codes/iron_yahboomcar_ws/install/yahboomcar_description_x1:/root/codes/iron_yahboomcar_ws/install/yahboomcar_description:/root/codes/iron_yahboomcar_ws/install/yahboomcar_ctrl:/root/codes/iron_yahboomcar_ws/install/yahboomcar_color:/root/codes/iron_yahboomcar_ws/install/yahboomcar_bringup:/root/codes/iron_yahboomcar_ws/install/yahboomcar_astra:/root/codes/iron_yahboomcar_ws/install/yahboom_app_save_map:/root/codes/iron_yahboomcar_ws/install/robot_pose_publisher:/root/codes/iron_yahboomcar_ws/install/laserscan_to_point_pulisher:/root/yahboomcar_ros2_ws/yahboomcar_ws/install/yahboomcar_voice_ctrl:/root/yahboomcar_ros2_ws/yahboomcar_ws/install/yahboomcar_visual:/root/yahboomcar_ros2_ws/yahboomcar_ws/install/yahboomcar_nav:/root/yahboomcar_ros2_ws/yahboomcar_ws/install/yahboomcar_multi:/root/yahboomcar_ros2_ws/yahboomcar_ws/install/yahboomcar_mediapipe:/root/yahboomcar_ros2_ws/yahboomcar_ws/install/yahboomcar_linefollow:/root/yahboomcar_ros2_ws/yahboomcar_ws/install/yahboomcar_laser:/root/yahboomcar_ros2_ws/yahboomcar_ws/install/yahboomcar_description_x1:/root/yahboomcar_ros2_ws/yahboomcar_ws/install/yahboomcar_description:/root/yahboomcar_ros2_ws/yahboomcar_ws/install/yahboomcar_ctrl:/root/yahboomcar_ros2_ws/yahboomcar_ws/install/yahboomcar_bringup:/root/yahboomcar_ros2_ws/yahboomcar_ws/install/yahboomcar_astra:/root/yahboomcar_ros2_ws/yahboomcar_ws/install/yahboom_app_save_map:/root/yahboomcar_ros2_ws/yahboomcar_ws/install/robot_pose_publisher:/root/yahboomcar_ros2_ws/yahboomcar_ws/install/laserscan_to_point_pulisher:/opt/ros/foxy PYTHONPATH=/root/codes/iron_yahboomcar_ws/install/yahboomcar_msgs/lib/python3.8/site-packages:/root/codes/iron_yahboomcar_ws/install/yahboomcar_voice_ctrl/lib/python3.8/site-packages:/root/codes/iron_yahboomcar_ws/install/yahboomcar_visual/lib/python3.8/site-packages:/root/codes/iron_yahboomcar_ws/install/yahboomcar_nav/lib/python3.8/site-packages:/root/codes/iron_yahboomcar_ws/install/yahboomcar_multi/lib/python3.8/site-packages:/root/codes/iron_yahboomcar_ws/install/yahboomcar_mediapipe/lib/python3.8/site-packages:/root/codes/iron_yahboomcar_ws/install/yahboomcar_linefollow/lib/python3.8/site-packages:/root/codes/iron_yahboomcar_ws/install/yahboomcar_laser/lib/python3.8/site-packages:/root/codes/iron_yahboomcar_ws/install/yahboomcar_description_x1/lib/python3.8/site-packages:/root/codes/iron_yahboomcar_ws/install/yahboomcar_description/lib/python3.8/site-packages:/root/codes/iron_yahboomcar_ws/install/yahboomcar_ctrl/lib/python3.8/site-packages:/root/codes/iron_yahboomcar_ws/install/yahboomcar_color/lib/python3.8/site-packages:/root/codes/iron_yahboomcar_ws/install/yahboomcar_bringup/lib/python3.8/site-packages:/root/codes/iron_yahboomcar_ws/install/yahboomcar_astra/lib/python3.8/site-packages:/root/codes/iron_yahboomcar_ws/install/yahboom_web_savmap_interfaces/lib/python3.8/site-packages:/root/codes/iron_yahboomcar_ws/install/yahboom_app_save_map/lib/python3.8/site-packages:/root/codes/iron_yahboomcar_ws/install/robot_pose_publisher/lib/python3.8/site-packages:/root/codes/iron_yahboomcar_ws/install/laserscan_to_point_pulisher/lib/python3.8/site-packages:/root/yahboomcar_ros2_ws/yahboomcar_ws/install/yahboomcar_voice_ctrl/lib/python3.8/site-packages:/root/yahboomcar_ros2_ws/yahboomcar_ws/install/yahboomcar_visual/lib/python3.8/site-packages:/root/yahboomcar_ros2_ws/yahboomcar_ws/install/yahboomcar_nav/lib/python3.8/site-packages:/root/yahboomcar_ros2_ws/yahboomcar_ws/install/yahboomcar_multi/lib/python3.8/site-packages:/root/yahboomcar_ros2_ws/yahboomcar_ws/install/yahboomcar_msgs/lib/python3.8/site-packages:/root/yahboomcar_ros2_ws/yahboomcar_ws/install/yahboomcar_mediapipe/lib/python3.8/site-packages:/root/yahboomcar_ros2_ws/yahboomcar_ws/install/yahboomcar_linefollow/lib/python3.8/site-packages:/root/yahboomcar_ros2_ws/yahboomcar_ws/install/yahboomcar_laser/lib/python3.8/site-packages:/root/yahboomcar_ros2_ws/yahboomcar_ws/install/yahboomcar_description_x1/lib/python3.8/site-packages:/root/yahboomcar_ros2_ws/yahboomcar_ws/install/yahboomcar_description/lib/python3.8/site-packages:/root/yahboomcar_ros2_ws/yahboomcar_ws/install/yahboomcar_ctrl/lib/python3.8/site-packages:/root/yahboomcar_ros2_ws/yahboomcar_ws/install/yahboomcar_bringup/lib/python3.8/site-packages:/root/yahboomcar_ros2_ws/yahboomcar_ws/install/yahboomcar_astra/lib/python3.8/site-packages:/root/yahboomcar_ros2_ws/yahboomcar_ws/install/yahboom_web_savmap_interfaces/lib/python3.8/site-packages:/root/yahboomcar_ros2_ws/yahboomcar_ws/install/yahboom_app_save_map/lib/python3.8/site-packages:/root/yahboomcar_ros2_ws/yahboomcar_ws/install/robot_pose_publisher/lib/python3.8/site-packages:/root/yahboomcar_ros2_ws/yahboomcar_ws/install/laserscan_to_point_pulisher/lib/python3.8/site-packages:/root/yahboomcar_ros2_ws/software/library_ws/install/teb_msgs/lib/python3.8/site-packages:/root/yahboomcar_ros2_ws/software/library_ws/install/robot_localization/lib/python3.8/site-packages:/root/yahboomcar_ros2_ws/software/library_ws/install/costmap_converter_msgs/lib/python3.8/site-packages:/root/yahboomcar_ros2_ws/software/library_ws/install/astra_camera_msgs/lib/python3.8/site-packages:/opt/ros/foxy/lib/python3.8/site-packages /usr/bin/cmake --install /root/codes/iron_yahboomcar_ws/build/yahboomcar_point
[123.956s] -- Install configuration: ""
[123.967s] -- Installing: /root/codes/iron_yahboomcar_ws/install/yahboomcar_point/lib/yahboomcar_point/pub_point
[123.981s] -- Set runtime path of "/root/codes/iron_yahboomcar_ws/install/yahboomcar_point/lib/yahboomcar_point/pub_point" to ""
[123.987s] -- Installing: /root/codes/iron_yahboomcar_ws/install/yahboomcar_point/share/ament_index/resource_index/package_run_dependencies/yahboomcar_point
[123.991s] -- Installing: /root/codes/iron_yahboomcar_ws/install/yahboomcar_point/share/ament_index/resource_index/parent_prefix_path/yahboomcar_point
[124.005s] -- Installing: /root/codes/iron_yahboomcar_ws/install/yahboomcar_point/share/yahboomcar_point/environment/ament_prefix_path.sh
[124.007s] -- Installing: /root/codes/iron_yahboomcar_ws/install/yahboomcar_point/share/yahboomcar_point/environment/ament_prefix_path.dsv
[124.009s] -- Installing: /root/codes/iron_yahboomcar_ws/install/yahboomcar_point/share/yahboomcar_point/environment/path.sh
[124.011s] -- Installing: /root/codes/iron_yahboomcar_ws/install/yahboomcar_point/share/yahboomcar_point/environment/path.dsv
[124.013s] -- Installing: /root/codes/iron_yahboomcar_ws/install/yahboomcar_point/share/yahboomcar_point/local_setup.bash
[124.014s] -- Installing: /root/codes/iron_yahboomcar_ws/install/yahboomcar_point/share/yahboomcar_point/local_setup.sh
[124.016s] -- Installing: /root/codes/iron_yahboomcar_ws/install/yahboomcar_point/share/yahboomcar_point/local_setup.zsh
[124.017s] -- Installing: /root/codes/iron_yahboomcar_ws/install/yahboomcar_point/share/yahboomcar_point/local_setup.dsv
[124.018s] -- Installing: /root/codes/iron_yahboomcar_ws/install/yahboomcar_point/share/yahboomcar_point/package.dsv
[124.022s] -- Installing: /root/codes/iron_yahboomcar_ws/install/yahboomcar_point/share/ament_index/resource_index/packages/yahboomcar_point
[124.025s] -- Installing: /root/codes/iron_yahboomcar_ws/install/yahboomcar_point/share/yahboomcar_point/cmake/yahboomcar_pointConfig.cmake
[124.026s] -- Installing: /root/codes/iron_yahboomcar_ws/install/yahboomcar_point/share/yahboomcar_point/cmake/yahboomcar_pointConfig-version.cmake
[124.034s] -- Installing: /root/codes/iron_yahboomcar_ws/install/yahboomcar_point/share/yahboomcar_point/package.xml
[124.047s] Invoked command in '/root/codes/iron_yahboomcar_ws/build/yahboomcar_point' returned '0': CMAKE_PREFIX_PATH=/root/codes/iron_yahboomcar_ws/install/yahboomcar_msgs:/root/codes/iron_yahboomcar_ws/install/yahboomcar_slam:/root/codes/iron_yahboomcar_ws/install/yahboomcar_point:/root/codes/iron_yahboomcar_ws/install/yahboomcar_base_node:/root/codes/iron_yahboomcar_ws/install/yahboomcar_KCFTracker:/root/codes/iron_yahboomcar_ws/install/yahboom_web_savmap_interfaces:/root/codes/iron_yahboomcar_ws/install/robot_pose_publisher_ros2:/root/yahboomcar_ros2_ws/yahboomcar_ws/install/yahboomcar_slam:/root/yahboomcar_ros2_ws/yahboomcar_ws/install/yahboomcar_point:/root/yahboomcar_ros2_ws/yahboomcar_ws/install/yahboomcar_msgs:/root/yahboomcar_ros2_ws/yahboomcar_ws/install/yahboomcar_base_node:/root/yahboomcar_ros2_ws/yahboomcar_ws/install/yahboomcar_KCFTracker:/root/yahboomcar_ros2_ws/yahboomcar_ws/install/yahboom_web_savmap_interfaces:/root/yahboomcar_ros2_ws/yahboomcar_ws/install/robot_pose_publisher_ros2:/root/yahboomcar_ros2_ws/software/library_ws/install/ydlidar_ros2_driver:/root/yahboomcar_ros2_ws/software/library_ws/install/web_video_server:/root/yahboomcar_ros2_ws/software/library_ws/install/teb_local_planner:/root/yahboomcar_ros2_ws/software/library_ws/install/teb_msgs:/root/yahboomcar_ros2_ws/software/library_ws/install/sllidar_ros2:/root/yahboomcar_ros2_ws/software/library_ws/install/slam_gmapping:/root/yahboomcar_ros2_ws/software/library_ws/install/ros2_orbslam:/root/yahboomcar_ros2_ws/software/library_ws/install/robot_localization:/root/yahboomcar_ros2_ws/software/library_ws/install/openslam_gmapping:/root/yahboomcar_ros2_ws/software/library_ws/install/octomap_mapping:/root/yahboomcar_ros2_ws/software/library_ws/install/octomap_server:/root/yahboomcar_ros2_ws/software/library_ws/install/costmap_converter:/root/yahboomcar_ros2_ws/software/library_ws/install/costmap_converter_msgs:/root/yahboomcar_ros2_ws/software/library_ws/install/astra_camera:/root/yahboomcar_ros2_ws/software/library_ws/install/astra_camera_msgs:/root/codes/iron_yahboomcar_ws/install/yahboomcar_voice_ctrl:/root/codes/iron_yahboomcar_ws/install/yahboomcar_visual:/root/codes/iron_yahboomcar_ws/install/yahboomcar_nav:/root/codes/iron_yahboomcar_ws/install/yahboomcar_multi:/root/codes/iron_yahboomcar_ws/install/yahboomcar_mediapipe:/root/codes/iron_yahboomcar_ws/install/yahboomcar_linefollow:/root/codes/iron_yahboomcar_ws/install/yahboomcar_laser:/root/codes/iron_yahboomcar_ws/install/yahboomcar_description_x1:/root/codes/iron_yahboomcar_ws/install/yahboomcar_description:/root/codes/iron_yahboomcar_ws/install/yahboomcar_ctrl:/root/codes/iron_yahboomcar_ws/install/yahboomcar_color:/root/codes/iron_yahboomcar_ws/install/yahboomcar_bringup:/root/codes/iron_yahboomcar_ws/install/yahboomcar_astra:/root/codes/iron_yahboomcar_ws/install/yahboom_app_save_map:/root/codes/iron_yahboomcar_ws/install/robot_pose_publisher:/root/codes/iron_yahboomcar_ws/install/laserscan_to_point_pulisher:/root/yahboomcar_ros2_ws/yahboomcar_ws/install/yahboomcar_voice_ctrl:/root/yahboomcar_ros2_ws/yahboomcar_ws/install/yahboomcar_visual:/root/yahboomcar_ros2_ws/yahboomcar_ws/install/yahboomcar_nav:/root/yahboomcar_ros2_ws/yahboomcar_ws/install/yahboomcar_multi:/root/yahboomcar_ros2_ws/yahboomcar_ws/install/yahboomcar_mediapipe:/root/yahboomcar_ros2_ws/yahboomcar_ws/install/yahboomcar_linefollow:/root/yahboomcar_ros2_ws/yahboomcar_ws/install/yahboomcar_laser:/root/yahboomcar_ros2_ws/yahboomcar_ws/install/yahboomcar_description_x1:/root/yahboomcar_ros2_ws/yahboomcar_ws/install/yahboomcar_description:/root/yahboomcar_ros2_ws/yahboomcar_ws/install/yahboomcar_ctrl:/root/yahboomcar_ros2_ws/yahboomcar_ws/install/yahboomcar_bringup:/root/yahboomcar_ros2_ws/yahboomcar_ws/install/yahboomcar_astra:/root/yahboomcar_ros2_ws/yahboomcar_ws/install/yahboom_app_save_map:/root/yahboomcar_ros2_ws/yahboomcar_ws/install/robot_pose_publisher:/root/yahboomcar_ros2_ws/yahboomcar_ws/install/laserscan_to_point_pulisher:/opt/ros/foxy PYTHONPATH=/root/codes/iron_yahboomcar_ws/install/yahboomcar_msgs/lib/python3.8/site-packages:/root/codes/iron_yahboomcar_ws/install/yahboomcar_voice_ctrl/lib/python3.8/site-packages:/root/codes/iron_yahboomcar_ws/install/yahboomcar_visual/lib/python3.8/site-packages:/root/codes/iron_yahboomcar_ws/install/yahboomcar_nav/lib/python3.8/site-packages:/root/codes/iron_yahboomcar_ws/install/yahboomcar_multi/lib/python3.8/site-packages:/root/codes/iron_yahboomcar_ws/install/yahboomcar_mediapipe/lib/python3.8/site-packages:/root/codes/iron_yahboomcar_ws/install/yahboomcar_linefollow/lib/python3.8/site-packages:/root/codes/iron_yahboomcar_ws/install/yahboomcar_laser/lib/python3.8/site-packages:/root/codes/iron_yahboomcar_ws/install/yahboomcar_description_x1/lib/python3.8/site-packages:/root/codes/iron_yahboomcar_ws/install/yahboomcar_description/lib/python3.8/site-packages:/root/codes/iron_yahboomcar_ws/install/yahboomcar_ctrl/lib/python3.8/site-packages:/root/codes/iron_yahboomcar_ws/install/yahboomcar_color/lib/python3.8/site-packages:/root/codes/iron_yahboomcar_ws/install/yahboomcar_bringup/lib/python3.8/site-packages:/root/codes/iron_yahboomcar_ws/install/yahboomcar_astra/lib/python3.8/site-packages:/root/codes/iron_yahboomcar_ws/install/yahboom_web_savmap_interfaces/lib/python3.8/site-packages:/root/codes/iron_yahboomcar_ws/install/yahboom_app_save_map/lib/python3.8/site-packages:/root/codes/iron_yahboomcar_ws/install/robot_pose_publisher/lib/python3.8/site-packages:/root/codes/iron_yahboomcar_ws/install/laserscan_to_point_pulisher/lib/python3.8/site-packages:/root/yahboomcar_ros2_ws/yahboomcar_ws/install/yahboomcar_voice_ctrl/lib/python3.8/site-packages:/root/yahboomcar_ros2_ws/yahboomcar_ws/install/yahboomcar_visual/lib/python3.8/site-packages:/root/yahboomcar_ros2_ws/yahboomcar_ws/install/yahboomcar_nav/lib/python3.8/site-packages:/root/yahboomcar_ros2_ws/yahboomcar_ws/install/yahboomcar_multi/lib/python3.8/site-packages:/root/yahboomcar_ros2_ws/yahboomcar_ws/install/yahboomcar_msgs/lib/python3.8/site-packages:/root/yahboomcar_ros2_ws/yahboomcar_ws/install/yahboomcar_mediapipe/lib/python3.8/site-packages:/root/yahboomcar_ros2_ws/yahboomcar_ws/install/yahboomcar_linefollow/lib/python3.8/site-packages:/root/yahboomcar_ros2_ws/yahboomcar_ws/install/yahboomcar_laser/lib/python3.8/site-packages:/root/yahboomcar_ros2_ws/yahboomcar_ws/install/yahboomcar_description_x1/lib/python3.8/site-packages:/root/yahboomcar_ros2_ws/yahboomcar_ws/install/yahboomcar_description/lib/python3.8/site-packages:/root/yahboomcar_ros2_ws/yahboomcar_ws/install/yahboomcar_ctrl/lib/python3.8/site-packages:/root/yahboomcar_ros2_ws/yahboomcar_ws/install/yahboomcar_bringup/lib/python3.8/site-packages:/root/yahboomcar_ros2_ws/yahboomcar_ws/install/yahboomcar_astra/lib/python3.8/site-packages:/root/yahboomcar_ros2_ws/yahboomcar_ws/install/yahboom_web_savmap_interfaces/lib/python3.8/site-packages:/root/yahboomcar_ros2_ws/yahboomcar_ws/install/yahboom_app_save_map/lib/python3.8/site-packages:/root/yahboomcar_ros2_ws/yahboomcar_ws/install/robot_pose_publisher/lib/python3.8/site-packages:/root/yahboomcar_ros2_ws/yahboomcar_ws/install/laserscan_to_point_pulisher/lib/python3.8/site-packages:/root/yahboomcar_ros2_ws/software/library_ws/install/teb_msgs/lib/python3.8/site-packages:/root/yahboomcar_ros2_ws/software/library_ws/install/robot_localization/lib/python3.8/site-packages:/root/yahboomcar_ros2_ws/software/library_ws/install/costmap_converter_msgs/lib/python3.8/site-packages:/root/yahboomcar_ros2_ws/software/library_ws/install/astra_camera_msgs/lib/python3.8/site-packages:/opt/ros/foxy/lib/python3.8/site-packages /usr/bin/cmake --install /root/codes/iron_yahboomcar_ws/build/yahboomcar_point
