[4.671s] Invoking command in '/root/yahboomcar_ros2_ws/yahboomcar_ws/src/yahboomcar_voice_ctrl': PYTHONPATH=/root/yahboomcar_ros2_ws/yahboomcar_ws/build/yahboomcar_voice_ctrl/prefix_override:/root/yahboomcar_ros2_ws/yahboomcar_ws/install/yahboomcar_voice_ctrl/lib/python3.8/site-packages:${PYTHONPATH} /usr/bin/python3 setup.py egg_info --egg-base ../../build/yahboomcar_voice_ctrl build --build-base /root/yahboomcar_ros2_ws/yahboomcar_ws/build/yahboomcar_voice_ctrl/build install --record /root/yahboomcar_ros2_ws/yahboomcar_ws/build/yahboomcar_voice_ctrl/install.log --install-scripts $base/lib/yahboomcar_voice_ctrl --single-version-externally-managed
[5.999s] running egg_info
[6.002s] writing ../../build/yahboomcar_voice_ctrl/yahboomcar_voice_ctrl.egg-info/PKG-INFO
[6.003s] writing dependency_links to ../../build/yahboomcar_voice_ctrl/yahboomcar_voice_ctrl.egg-info/dependency_links.txt
[6.004s] writing entry points to ../../build/yahboomcar_voice_ctrl/yahboomcar_voice_ctrl.egg-info/entry_points.txt
[6.004s] writing requirements to ../../build/yahboomcar_voice_ctrl/yahboomcar_voice_ctrl.egg-info/requires.txt
[6.005s] writing top-level names to ../../build/yahboomcar_voice_ctrl/yahboomcar_voice_ctrl.egg-info/top_level.txt
[6.181s] reading manifest file '../../build/yahboomcar_voice_ctrl/yahboomcar_voice_ctrl.egg-info/SOURCES.txt'
[6.186s] writing manifest file '../../build/yahboomcar_voice_ctrl/yahboomcar_voice_ctrl.egg-info/SOURCES.txt'
[6.187s] running build
[6.187s] running build_py
[6.190s] running install
[6.195s] running install_lib
[6.205s] running install_data
[6.208s] running install_egg_info
[6.216s] removing '/root/yahboomcar_ros2_ws/yahboomcar_ws/install/yahboomcar_voice_ctrl/lib/python3.8/site-packages/yahboomcar_voice_ctrl-0.0.0-py3.8.egg-info' (and everything under it)
[6.217s] Copying ../../build/yahboomcar_voice_ctrl/yahboomcar_voice_ctrl.egg-info to /root/yahboomcar_ros2_ws/yahboomcar_ws/install/yahboomcar_voice_ctrl/lib/python3.8/site-packages/yahboomcar_voice_ctrl-0.0.0-py3.8.egg-info
[6.222s] running install_scripts
[6.305s] Installing Voice_Ctrl_Mcnamu_driver_X3 script to /root/yahboomcar_ros2_ws/yahboomcar_ws/install/yahboomcar_voice_ctrl/lib/yahboomcar_voice_ctrl
[6.308s] Installing Voice_Ctrl_colorHSV script to /root/yahboomcar_ros2_ws/yahboomcar_ws/install/yahboomcar_voice_ctrl/lib/yahboomcar_voice_ctrl
[6.309s] Installing Voice_Ctrl_colorTracker script to /root/yahboomcar_ros2_ws/yahboomcar_ws/install/yahboomcar_voice_ctrl/lib/yahboomcar_voice_ctrl
[6.309s] Installing Voice_Ctrl_follow_line_a1_X3 script to /root/yahboomcar_ros2_ws/yahboomcar_ws/install/yahboomcar_voice_ctrl/lib/yahboomcar_voice_ctrl
[6.309s] Installing voice_Ctrl_send_mark script to /root/yahboomcar_ros2_ws/yahboomcar_ws/install/yahboomcar_voice_ctrl/lib/yahboomcar_voice_ctrl
[6.311s] writing list of installed files to '/root/yahboomcar_ros2_ws/yahboomcar_ws/build/yahboomcar_voice_ctrl/install.log'
[6.433s] Invoked command in '/root/yahboomcar_ros2_ws/yahboomcar_ws/src/yahboomcar_voice_ctrl' returned '0': PYTHONPATH=/root/yahboomcar_ros2_ws/yahboomcar_ws/build/yahboomcar_voice_ctrl/prefix_override:/root/yahboomcar_ros2_ws/yahboomcar_ws/install/yahboomcar_voice_ctrl/lib/python3.8/site-packages:${PYTHONPATH} /usr/bin/python3 setup.py egg_info --egg-base ../../build/yahboomcar_voice_ctrl build --build-base /root/yahboomcar_ros2_ws/yahboomcar_ws/build/yahboomcar_voice_ctrl/build install --record /root/yahboomcar_ros2_ws/yahboomcar_ws/build/yahboomcar_voice_ctrl/install.log --install-scripts $base/lib/yahboomcar_voice_ctrl --single-version-externally-managed
