[7.149s] Invoking command in '/root/yahboomcar_ros2_ws/yahboomcar_ws/src/yahboomcar_mediapipe': PYTHONPATH=/root/yahboomcar_ros2_ws/yahboomcar_ws/build/yahboomcar_mediapipe/prefix_override:/root/yahboomcar_ros2_ws/yahboomcar_ws/install/yahboomcar_mediapipe/lib/python3.8/site-packages:${PYTHONPATH} /usr/bin/python3 setup.py egg_info --egg-base ../../build/yahboomcar_mediapipe build --build-base /root/yahboomcar_ros2_ws/yahboomcar_ws/build/yahboomcar_mediapipe/build install --record /root/yahboomcar_ros2_ws/yahboomcar_ws/build/yahboomcar_mediapipe/install.log --install-scripts $base/lib/yahboomcar_mediapipe --single-version-externally-managed
[9.335s] running egg_info
[9.337s] writing ../../build/yahboomcar_mediapipe/yahboomcar_mediapipe.egg-info/PKG-INFO
[9.337s] writing dependency_links to ../../build/yahboomcar_mediapipe/yahboomcar_mediapipe.egg-info/dependency_links.txt
[9.338s] writing entry points to ../../build/yahboomcar_mediapipe/yahboomcar_mediapipe.egg-info/entry_points.txt
[9.338s] writing requirements to ../../build/yahboomcar_mediapipe/yahboomcar_mediapipe.egg-info/requires.txt
[9.338s] writing top-level names to ../../build/yahboomcar_mediapipe/yahboomcar_mediapipe.egg-info/top_level.txt
[9.596s] reading manifest file '../../build/yahboomcar_mediapipe/yahboomcar_mediapipe.egg-info/SOURCES.txt'
[9.602s] writing manifest file '../../build/yahboomcar_mediapipe/yahboomcar_mediapipe.egg-info/SOURCES.txt'
[9.602s] running build
[9.603s] running build_py
[9.607s] running install
[9.621s] running install_lib
[9.640s] running install_data
[9.645s] running install_egg_info
[9.650s] removing '/root/yahboomcar_ros2_ws/yahboomcar_ws/install/yahboomcar_mediapipe/lib/python3.8/site-packages/yahboomcar_mediapipe-0.0.0-py3.8.egg-info' (and everything under it)
[9.655s] Copying ../../build/yahboomcar_mediapipe/yahboomcar_mediapipe.egg-info to /root/yahboomcar_ros2_ws/yahboomcar_ws/install/yahboomcar_mediapipe/lib/python3.8/site-packages/yahboomcar_mediapipe-0.0.0-py3.8.egg-info
[9.661s] running install_scripts
[9.742s] Installing 01_HandDetector script to /root/yahboomcar_ros2_ws/yahboomcar_ws/install/yahboomcar_mediapipe/lib/yahboomcar_mediapipe
[9.747s] Installing 02_PoseDetector script to /root/yahboomcar_ros2_ws/yahboomcar_ws/install/yahboomcar_mediapipe/lib/yahboomcar_mediapipe
[9.751s] Installing 03_Holistic script to /root/yahboomcar_ros2_ws/yahboomcar_ws/install/yahboomcar_mediapipe/lib/yahboomcar_mediapipe
[9.752s] Installing 04_FaceMesh script to /root/yahboomcar_ros2_ws/yahboomcar_ws/install/yahboomcar_mediapipe/lib/yahboomcar_mediapipe
[9.752s] Installing 05_FaceEyeDetection script to /root/yahboomcar_ros2_ws/yahboomcar_ws/install/yahboomcar_mediapipe/lib/yahboomcar_mediapipe
[9.753s] Installing test_msg script to /root/yahboomcar_ros2_ws/yahboomcar_ws/install/yahboomcar_mediapipe/lib/yahboomcar_mediapipe
[9.753s] writing list of installed files to '/root/yahboomcar_ros2_ws/yahboomcar_ws/build/yahboomcar_mediapipe/install.log'
[10.097s] Invoked command in '/root/yahboomcar_ros2_ws/yahboomcar_ws/src/yahboomcar_mediapipe' returned '0': PYTHONPATH=/root/yahboomcar_ros2_ws/yahboomcar_ws/build/yahboomcar_mediapipe/prefix_override:/root/yahboomcar_ros2_ws/yahboomcar_ws/install/yahboomcar_mediapipe/lib/python3.8/site-packages:${PYTHONPATH} /usr/bin/python3 setup.py egg_info --egg-base ../../build/yahboomcar_mediapipe build --build-base /root/yahboomcar_ros2_ws/yahboomcar_ws/build/yahboomcar_mediapipe/build install --record /root/yahboomcar_ros2_ws/yahboomcar_ws/build/yahboomcar_mediapipe/install.log --install-scripts $base/lib/yahboomcar_mediapipe --single-version-externally-managed
