[7.163s] Invoking command in '/root/yahboomcar_ros2_ws/yahboomcar_ws/src/yahboomcar_description_x1': PYTHONPATH=/root/yahboomcar_ros2_ws/yahboomcar_ws/build/yahboomcar_description_x1/prefix_override:/root/yahboomcar_ros2_ws/yahboomcar_ws/install/yahboomcar_description_x1/lib/python3.8/site-packages:${PYTHONPATH} /usr/bin/python3 setup.py egg_info --egg-base ../../build/yahboomcar_description_x1 build --build-base /root/yahboomcar_ros2_ws/yahboomcar_ws/build/yahboomcar_description_x1/build install --record /root/yahboomcar_ros2_ws/yahboomcar_ws/build/yahboomcar_description_x1/install.log --install-scripts $base/lib/yahboomcar_description_x1 --single-version-externally-managed
[9.071s] running egg_info
[9.084s] creating ../../build/yahboomcar_description_x1/yahboomcar_description_x1.egg-info
[9.086s] writing ../../build/yahboomcar_description_x1/yahboomcar_description_x1.egg-info/PKG-INFO
[9.089s] writing dependency_links to ../../build/yahboomcar_description_x1/yahboomcar_description_x1.egg-info/dependency_links.txt
[9.091s] writing entry points to ../../build/yahboomcar_description_x1/yahboomcar_description_x1.egg-info/entry_points.txt
[9.092s] writing requirements to ../../build/yahboomcar_description_x1/yahboomcar_description_x1.egg-info/requires.txt
[9.094s] writing top-level names to ../../build/yahboomcar_description_x1/yahboomcar_description_x1.egg-info/top_level.txt
[9.101s] writing manifest file '../../build/yahboomcar_description_x1/yahboomcar_description_x1.egg-info/SOURCES.txt'
[9.373s] reading manifest file '../../build/yahboomcar_description_x1/yahboomcar_description_x1.egg-info/SOURCES.txt'
[9.387s] writing manifest file '../../build/yahboomcar_description_x1/yahboomcar_description_x1.egg-info/SOURCES.txt'
[9.388s] running build
[9.389s] running build_py
[9.389s] creating /root/yahboomcar_ros2_ws/yahboomcar_ws/build/yahboomcar_description_x1/build
[9.390s] creating /root/yahboomcar_ros2_ws/yahboomcar_ws/build/yahboomcar_description_x1/build/lib
[9.390s] creating /root/yahboomcar_ros2_ws/yahboomcar_ws/build/yahboomcar_description_x1/build/lib/yahboomcar_description_x1
[9.391s] copying yahboomcar_description_x1/__init__.py -> /root/yahboomcar_ros2_ws/yahboomcar_ws/build/yahboomcar_description_x1/build/lib/yahboomcar_description_x1
[9.391s] running install
[9.395s] running install_lib
[9.409s] creating /root/yahboomcar_ros2_ws/yahboomcar_ws/install/yahboomcar_description_x1/lib/python3.8/site-packages/yahboomcar_description_x1
[9.409s] copying /root/yahboomcar_ros2_ws/yahboomcar_ws/build/yahboomcar_description_x1/build/lib/yahboomcar_description_x1/__init__.py -> /root/yahboomcar_ros2_ws/yahboomcar_ws/install/yahboomcar_description_x1/lib/python3.8/site-packages/yahboomcar_description_x1
[9.413s] byte-compiling /root/yahboomcar_ros2_ws/yahboomcar_ws/install/yahboomcar_description_x1/lib/python3.8/site-packages/yahboomcar_description_x1/__init__.py to __init__.cpython-38.pyc
[9.418s] running install_data
[9.421s] creating /root/yahboomcar_ros2_ws/yahboomcar_ws/install/yahboomcar_description_x1/share/ament_index
[9.422s] creating /root/yahboomcar_ros2_ws/yahboomcar_ws/install/yahboomcar_description_x1/share/ament_index/resource_index
[9.422s] creating /root/yahboomcar_ros2_ws/yahboomcar_ws/install/yahboomcar_description_x1/share/ament_index/resource_index/packages
[9.423s] copying resource/yahboomcar_description_x1 -> /root/yahboomcar_ros2_ws/yahboomcar_ws/install/yahboomcar_description_x1/share/ament_index/resource_index/packages
[9.424s] copying package.xml -> /root/yahboomcar_ros2_ws/yahboomcar_ws/install/yahboomcar_description_x1/share/yahboomcar_description_x1
[9.424s] creating /root/yahboomcar_ros2_ws/yahboomcar_ws/install/yahboomcar_description_x1/share/yahboomcar_description_x1/launch
[9.425s] copying launch/display.launch.py -> /root/yahboomcar_ros2_ws/yahboomcar_ws/install/yahboomcar_description_x1/share/yahboomcar_description_x1/launch
[9.425s] creating /root/yahboomcar_ros2_ws/yahboomcar_ws/install/yahboomcar_description_x1/share/yahboomcar_description_x1/urdf
[9.426s] copying urdf/yahboomcar_X3.urdf -> /root/yahboomcar_ros2_ws/yahboomcar_ws/install/yahboomcar_description_x1/share/yahboomcar_description_x1/urdf
[9.427s] copying urdf/yahboomcar_X1.urdf.xacro -> /root/yahboomcar_ros2_ws/yahboomcar_ws/install/yahboomcar_description_x1/share/yahboomcar_description_x1/urdf
[9.428s] copying urdf/yahboomcar_X3.urdf.xacro -> /root/yahboomcar_ros2_ws/yahboomcar_ws/install/yahboomcar_description_x1/share/yahboomcar_description_x1/urdf
[9.440s] copying urdf/yahboomcar_X1.urdf -> /root/yahboomcar_ros2_ws/yahboomcar_ws/install/yahboomcar_description_x1/share/yahboomcar_description_x1/urdf
[9.442s] creating /root/yahboomcar_ros2_ws/yahboomcar_ws/install/yahboomcar_description_x1/share/yahboomcar_description_x1/meshes
[9.443s] creating /root/yahboomcar_ros2_ws/yahboomcar_ws/install/yahboomcar_description_x1/share/yahboomcar_description_x1/meshes/mecanum
[9.443s] copying meshes/mecanum/base_link.STL -> /root/yahboomcar_ros2_ws/yahboomcar_ws/install/yahboomcar_description_x1/share/yahboomcar_description_x1/meshes/mecanum
[9.498s] copying meshes/mecanum/back_right_wheel.STL -> /root/yahboomcar_ros2_ws/yahboomcar_ws/install/yahboomcar_description_x1/share/yahboomcar_description_x1/meshes/mecanum
[9.507s] copying meshes/mecanum/front_right_wheel.STL -> /root/yahboomcar_ros2_ws/yahboomcar_ws/install/yahboomcar_description_x1/share/yahboomcar_description_x1/meshes/mecanum
[9.524s] copying meshes/mecanum/front_left_wheel.STL -> /root/yahboomcar_ros2_ws/yahboomcar_ws/install/yahboomcar_description_x1/share/yahboomcar_description_x1/meshes/mecanum
[9.532s] copying meshes/mecanum/back_left_wheel.STL -> /root/yahboomcar_ros2_ws/yahboomcar_ws/install/yahboomcar_description_x1/share/yahboomcar_description_x1/meshes/mecanum
[9.549s] creating /root/yahboomcar_ros2_ws/yahboomcar_ws/install/yahboomcar_description_x1/share/yahboomcar_description_x1/meshes/sensor
[9.550s] copying meshes/sensor/laser_link.STL -> /root/yahboomcar_ros2_ws/yahboomcar_ws/install/yahboomcar_description_x1/share/yahboomcar_description_x1/meshes/sensor
[9.648s] copying meshes/sensor/camera_link.STL -> /root/yahboomcar_ros2_ws/yahboomcar_ws/install/yahboomcar_description_x1/share/yahboomcar_description_x1/meshes/sensor
[9.649s] creating /root/yahboomcar_ros2_ws/yahboomcar_ws/install/yahboomcar_description_x1/share/yahboomcar_description_x1/rviz
[9.649s] copying rviz/yahboomcar.rviz -> /root/yahboomcar_ros2_ws/yahboomcar_ws/install/yahboomcar_description_x1/share/yahboomcar_description_x1/rviz
[9.650s] running install_egg_info
[9.656s] Copying ../../build/yahboomcar_description_x1/yahboomcar_description_x1.egg-info to /root/yahboomcar_ros2_ws/yahboomcar_ws/install/yahboomcar_description_x1/lib/python3.8/site-packages/yahboomcar_description_x1-0.0.0-py3.8.egg-info
[9.664s] running install_scripts
[9.867s] writing list of installed files to '/root/yahboomcar_ros2_ws/yahboomcar_ws/build/yahboomcar_description_x1/install.log'
[10.132s] Invoked command in '/root/yahboomcar_ros2_ws/yahboomcar_ws/src/yahboomcar_description_x1' returned '0': PYTHONPATH=/root/yahboomcar_ros2_ws/yahboomcar_ws/build/yahboomcar_description_x1/prefix_override:/root/yahboomcar_ros2_ws/yahboomcar_ws/install/yahboomcar_description_x1/lib/python3.8/site-packages:${PYTHONPATH} /usr/bin/python3 setup.py egg_info --egg-base ../../build/yahboomcar_description_x1 build --build-base /root/yahboomcar_ros2_ws/yahboomcar_ws/build/yahboomcar_description_x1/build install --record /root/yahboomcar_ros2_ws/yahboomcar_ws/build/yahboomcar_description_x1/install.log --install-scripts $base/lib/yahboomcar_description_x1 --single-version-externally-managed
