[35m[1mScanning dependencies of target KCF_Tracker_Node[0m
[ 16%] [32mBuilding CXX object CMakeFiles/KCF_Tracker_Node.dir/src/KCF_Tracker.cpp.o[0m
In file included from [01m[K/root/yahboomcar_ros2_ws/yahboomcar_ws/src/yahboomcar_KCFTracker/include/yahboomcar_KCFTracker/KCF_Tracker.h:12[m[K,
                 from [01m[K/root/yahboomcar_ros2_ws/yahboomcar_ws/src/yahboomcar_KCFTracker/src/KCF_Tracker.cpp:2[m[K:
[01m[K/opt/ros/foxy/include/image_transport/image_transport.h:41:89:[m[K [01;36m[Knote: [m[K#pragma message: Warning: This header is deprecated. Use 'image_transport.hpp' instead
   41 | This header is deprecated. Use 'image_transport.hpp' instead"[01;36m[K)[m[K
      |                                                              [01;36m[K^[m[K

[ 33%] [32m[1mLinking CXX executable KCF_Tracker_Node[0m
/usr/bin/ld: warning: libopencv_imgproc.so.4.2, needed by /opt/ros/foxy/lib/libcv_bridge.so, may conflict with libopencv_imgproc.so.3.2
/usr/bin/ld: warning: libopencv_core.so.4.2, needed by /opt/ros/foxy/lib/libcv_bridge.so, may conflict with libopencv_core.so.3.2
[100%] Built target KCF_Tracker_Node
-- Install configuration: ""
-- Installing: /root/yahboomcar_ros2_ws/yahboomcar_ws/install/yahboomcar_KCFTracker/lib/yahboomcar_KCFTracker/KCF_Tracker_Node
-- Set runtime path of "/root/yahboomcar_ros2_ws/yahboomcar_ws/install/yahboomcar_KCFTracker/lib/yahboomcar_KCFTracker/KCF_Tracker_Node" to ""
-- Up-to-date: /root/yahboomcar_ros2_ws/yahboomcar_ws/install/yahboomcar_KCFTracker/share/yahboomcar_KCFTracker/launch
-- Up-to-date: /root/yahboomcar_ros2_ws/yahboomcar_ws/install/yahboomcar_KCFTracker/share/yahboomcar_KCFTracker/launch/KCFTracker_X3.launch.py
-- Up-to-date: /root/yahboomcar_ros2_ws/yahboomcar_ws/install/yahboomcar_KCFTracker/share/ament_index/resource_index/package_run_dependencies/yahboomcar_KCFTracker
-- Up-to-date: /root/yahboomcar_ros2_ws/yahboomcar_ws/install/yahboomcar_KCFTracker/share/ament_index/resource_index/parent_prefix_path/yahboomcar_KCFTracker
-- Up-to-date: /root/yahboomcar_ros2_ws/yahboomcar_ws/install/yahboomcar_KCFTracker/share/yahboomcar_KCFTracker/environment/ament_prefix_path.sh
-- Up-to-date: /root/yahboomcar_ros2_ws/yahboomcar_ws/install/yahboomcar_KCFTracker/share/yahboomcar_KCFTracker/environment/ament_prefix_path.dsv
-- Up-to-date: /root/yahboomcar_ros2_ws/yahboomcar_ws/install/yahboomcar_KCFTracker/share/yahboomcar_KCFTracker/environment/path.sh
-- Up-to-date: /root/yahboomcar_ros2_ws/yahboomcar_ws/install/yahboomcar_KCFTracker/share/yahboomcar_KCFTracker/environment/path.dsv
-- Up-to-date: /root/yahboomcar_ros2_ws/yahboomcar_ws/install/yahboomcar_KCFTracker/share/yahboomcar_KCFTracker/local_setup.bash
-- Up-to-date: /root/yahboomcar_ros2_ws/yahboomcar_ws/install/yahboomcar_KCFTracker/share/yahboomcar_KCFTracker/local_setup.sh
-- Up-to-date: /root/yahboomcar_ros2_ws/yahboomcar_ws/install/yahboomcar_KCFTracker/share/yahboomcar_KCFTracker/local_setup.zsh
-- Up-to-date: /root/yahboomcar_ros2_ws/yahboomcar_ws/install/yahboomcar_KCFTracker/share/yahboomcar_KCFTracker/local_setup.dsv
-- Installing: /root/yahboomcar_ros2_ws/yahboomcar_ws/install/yahboomcar_KCFTracker/share/yahboomcar_KCFTracker/package.dsv
-- Up-to-date: /root/yahboomcar_ros2_ws/yahboomcar_ws/install/yahboomcar_KCFTracker/share/ament_index/resource_index/packages/yahboomcar_KCFTracker
-- Up-to-date: /root/yahboomcar_ros2_ws/yahboomcar_ws/install/yahboomcar_KCFTracker/share/yahboomcar_KCFTracker/cmake/yahboomcar_KCFTrackerConfig.cmake
-- Up-to-date: /root/yahboomcar_ros2_ws/yahboomcar_ws/install/yahboomcar_KCFTracker/share/yahboomcar_KCFTracker/cmake/yahboomcar_KCFTrackerConfig-version.cmake
-- Up-to-date: /root/yahboomcar_ros2_ws/yahboomcar_ws/install/yahboomcar_KCFTracker/share/yahboomcar_KCFTracker/package.xml
