[4.129s] Invoking command in '/root/yahboomcar_ros2_ws/yahboomcar_ws/src/yahboomcar_mediapipe': PYTHONPATH=/root/yahboomcar_ros2_ws/yahboomcar_ws/build/yahboomcar_mediapipe/prefix_override:/root/yahboomcar_ros2_ws/yahboomcar_ws/install/yahboomcar_mediapipe/lib/python3.8/site-packages:${PYTHONPATH} /usr/bin/python3 setup.py egg_info --egg-base ../../build/yahboomcar_mediapipe build --build-base /root/yahboomcar_ros2_ws/yahboomcar_ws/build/yahboomcar_mediapipe/build install --record /root/yahboomcar_ros2_ws/yahboomcar_ws/build/yahboomcar_mediapipe/install.log --install-scripts $base/lib/yahboomcar_mediapipe --single-version-externally-managed
[5.550s] running egg_info
[5.553s] writing ../../build/yahboomcar_mediapipe/yahboomcar_mediapipe.egg-info/PKG-INFO
[5.553s] writing dependency_links to ../../build/yahboomcar_mediapipe/yahboomcar_mediapipe.egg-info/dependency_links.txt
[5.555s] writing entry points to ../../build/yahboomcar_mediapipe/yahboomcar_mediapipe.egg-info/entry_points.txt
[5.556s] writing requirements to ../../build/yahboomcar_mediapipe/yahboomcar_mediapipe.egg-info/requires.txt
[5.556s] writing top-level names to ../../build/yahboomcar_mediapipe/yahboomcar_mediapipe.egg-info/top_level.txt
[5.745s] reading manifest file '../../build/yahboomcar_mediapipe/yahboomcar_mediapipe.egg-info/SOURCES.txt'
[5.751s] writing manifest file '../../build/yahboomcar_mediapipe/yahboomcar_mediapipe.egg-info/SOURCES.txt'
[5.752s] running build
[5.752s] running build_py
[5.757s] running install
[5.762s] running install_lib
[5.773s] running install_data
[5.776s] running install_egg_info
[5.786s] removing '/root/yahboomcar_ros2_ws/yahboomcar_ws/install/yahboomcar_mediapipe/lib/python3.8/site-packages/yahboomcar_mediapipe-0.0.0-py3.8.egg-info' (and everything under it)
[5.787s] Copying ../../build/yahboomcar_mediapipe/yahboomcar_mediapipe.egg-info to /root/yahboomcar_ros2_ws/yahboomcar_ws/install/yahboomcar_mediapipe/lib/python3.8/site-packages/yahboomcar_mediapipe-0.0.0-py3.8.egg-info
[5.792s] running install_scripts
[5.874s] Installing 01_HandDetector script to /root/yahboomcar_ros2_ws/yahboomcar_ws/install/yahboomcar_mediapipe/lib/yahboomcar_mediapipe
[5.875s] Installing 02_PoseDetector script to /root/yahboomcar_ros2_ws/yahboomcar_ws/install/yahboomcar_mediapipe/lib/yahboomcar_mediapipe
[5.875s] Installing 03_Holistic script to /root/yahboomcar_ros2_ws/yahboomcar_ws/install/yahboomcar_mediapipe/lib/yahboomcar_mediapipe
[5.876s] Installing 04_FaceMesh script to /root/yahboomcar_ros2_ws/yahboomcar_ws/install/yahboomcar_mediapipe/lib/yahboomcar_mediapipe
[5.876s] Installing 05_FaceEyeDetection script to /root/yahboomcar_ros2_ws/yahboomcar_ws/install/yahboomcar_mediapipe/lib/yahboomcar_mediapipe
[5.877s] Installing test_msg script to /root/yahboomcar_ros2_ws/yahboomcar_ws/install/yahboomcar_mediapipe/lib/yahboomcar_mediapipe
[5.879s] writing list of installed files to '/root/yahboomcar_ros2_ws/yahboomcar_ws/build/yahboomcar_mediapipe/install.log'
[6.555s] Invoked command in '/root/yahboomcar_ros2_ws/yahboomcar_ws/src/yahboomcar_mediapipe' returned '0': PYTHONPATH=/root/yahboomcar_ros2_ws/yahboomcar_ws/build/yahboomcar_mediapipe/prefix_override:/root/yahboomcar_ros2_ws/yahboomcar_ws/install/yahboomcar_mediapipe/lib/python3.8/site-packages:${PYTHONPATH} /usr/bin/python3 setup.py egg_info --egg-base ../../build/yahboomcar_mediapipe build --build-base /root/yahboomcar_ros2_ws/yahboomcar_ws/build/yahboomcar_mediapipe/build install --record /root/yahboomcar_ros2_ws/yahboomcar_ws/build/yahboomcar_mediapipe/install.log --install-scripts $base/lib/yahboomcar_mediapipe --single-version-externally-managed
