[5.112s] Invoking command in '/root/yahboomcar_ros2_ws/yahboomcar_ws/src/yahboomcar_visual': PYTHONPATH=/root/yahboomcar_ros2_ws/yahboomcar_ws/build/yahboomcar_visual/prefix_override:/root/yahboomcar_ros2_ws/yahboomcar_ws/install/yahboomcar_visual/lib/python3.8/site-packages:${PYTHONPATH} /usr/bin/python3 setup.py egg_info --egg-base ../../build/yahboomcar_visual build --build-base /root/yahboomcar_ros2_ws/yahboomcar_ws/build/yahboomcar_visual/build install --record /root/yahboomcar_ros2_ws/yahboomcar_ws/build/yahboomcar_visual/install.log --install-scripts $base/lib/yahboomcar_visual --single-version-externally-managed
[6.269s] running egg_info
[6.271s] writing ../../build/yahboomcar_visual/yahboomcar_visual.egg-info/PKG-INFO
[6.272s] writing dependency_links to ../../build/yahboomcar_visual/yahboomcar_visual.egg-info/dependency_links.txt
[6.273s] writing entry points to ../../build/yahboomcar_visual/yahboomcar_visual.egg-info/entry_points.txt
[6.274s] writing requirements to ../../build/yahboomcar_visual/yahboomcar_visual.egg-info/requires.txt
[6.275s] writing top-level names to ../../build/yahboomcar_visual/yahboomcar_visual.egg-info/top_level.txt
[6.410s] reading manifest file '../../build/yahboomcar_visual/yahboomcar_visual.egg-info/SOURCES.txt'
[6.417s] writing manifest file '../../build/yahboomcar_visual/yahboomcar_visual.egg-info/SOURCES.txt'
[6.421s] running build
[6.421s] running build_py
[6.422s] running install
[6.423s] running install_lib
[6.432s] running install_data
[6.435s] running install_egg_info
[6.443s] removing '/root/yahboomcar_ros2_ws/yahboomcar_ws/install/yahboomcar_visual/lib/python3.8/site-packages/yahboomcar_visual-0.0.0-py3.8.egg-info' (and everything under it)
[6.445s] Copying ../../build/yahboomcar_visual/yahboomcar_visual.egg-info to /root/yahboomcar_ros2_ws/yahboomcar_ws/install/yahboomcar_visual/lib/python3.8/site-packages/yahboomcar_visual-0.0.0-py3.8.egg-info
[6.451s] running install_scripts
[6.523s] Installing astra_color_point script to /root/yahboomcar_ros2_ws/yahboomcar_ws/install/yahboomcar_visual/lib/yahboomcar_visual
[6.523s] Installing astra_depth_image script to /root/yahboomcar_ros2_ws/yahboomcar_ws/install/yahboomcar_visual/lib/yahboomcar_visual
[6.525s] Installing astra_image_flip script to /root/yahboomcar_ros2_ws/yahboomcar_ws/install/yahboomcar_visual/lib/yahboomcar_visual
[6.525s] Installing astra_rgb_image script to /root/yahboomcar_ros2_ws/yahboomcar_ws/install/yahboomcar_visual/lib/yahboomcar_visual
[6.528s] Installing laser_to_image script to /root/yahboomcar_ros2_ws/yahboomcar_ws/install/yahboomcar_visual/lib/yahboomcar_visual
[6.528s] Installing pub_image script to /root/yahboomcar_ros2_ws/yahboomcar_ws/install/yahboomcar_visual/lib/yahboomcar_visual
[6.529s] Installing simple_AR script to /root/yahboomcar_ros2_ws/yahboomcar_ws/install/yahboomcar_visual/lib/yahboomcar_visual
[6.530s] writing list of installed files to '/root/yahboomcar_ros2_ws/yahboomcar_ws/build/yahboomcar_visual/install.log'
[6.631s] Invoked command in '/root/yahboomcar_ros2_ws/yahboomcar_ws/src/yahboomcar_visual' returned '0': PYTHONPATH=/root/yahboomcar_ros2_ws/yahboomcar_ws/build/yahboomcar_visual/prefix_override:/root/yahboomcar_ros2_ws/yahboomcar_ws/install/yahboomcar_visual/lib/python3.8/site-packages:${PYTHONPATH} /usr/bin/python3 setup.py egg_info --egg-base ../../build/yahboomcar_visual build --build-base /root/yahboomcar_ros2_ws/yahboomcar_ws/build/yahboomcar_visual/build install --record /root/yahboomcar_ros2_ws/yahboomcar_ws/build/yahboomcar_visual/install.log --install-scripts $base/lib/yahboomcar_visual --single-version-externally-managed
