/root/codes/iron_yahboomcar_ws/install/yahboomcar_bringup/lib/python3.8/site-packages/yahboomcar_bringup/Mcnamu_driver_X3.py
/root/codes/iron_yahboomcar_ws/install/yahboomcar_bringup/lib/python3.8/site-packages/yahboomcar_bringup/patrol_4ROS.py
/root/codes/iron_yahboomcar_ws/install/yahboomcar_bringup/lib/python3.8/site-packages/yahboomcar_bringup/Ackman_driver_R2.py
/root/codes/iron_yahboomcar_ws/install/yahboomcar_bringup/lib/python3.8/site-packages/yahboomcar_bringup/__init__.py
/root/codes/iron_yahboomcar_ws/install/yahboomcar_bringup/lib/python3.8/site-packages/yahboomcar_bringup/patrol_a1_R2.py
/root/codes/iron_yahboomcar_ws/install/yahboomcar_bringup/lib/python3.8/site-packages/yahboomcar_bringup/Mcnamu_driver_x1.py
/root/codes/iron_yahboomcar_ws/install/yahboomcar_bringup/lib/python3.8/site-packages/yahboomcar_bringup/untitled.py
/root/codes/iron_yahboomcar_ws/install/yahboomcar_bringup/lib/python3.8/site-packages/yahboomcar_bringup/calibrate_angular_X3.py
/root/codes/iron_yahboomcar_ws/install/yahboomcar_bringup/lib/python3.8/site-packages/yahboomcar_bringup/patrol_a1_X3.py
/root/codes/iron_yahboomcar_ws/install/yahboomcar_bringup/lib/python3.8/site-packages/yahboomcar_bringup/calibrate_angular_R2.py
/root/codes/iron_yahboomcar_ws/install/yahboomcar_bringup/lib/python3.8/site-packages/yahboomcar_bringup/transform_utils.py
/root/codes/iron_yahboomcar_ws/install/yahboomcar_bringup/lib/python3.8/site-packages/yahboomcar_bringup/test.py
/root/codes/iron_yahboomcar_ws/install/yahboomcar_bringup/lib/python3.8/site-packages/yahboomcar_bringup/calibrate_linear_R2.py
/root/codes/iron_yahboomcar_ws/install/yahboomcar_bringup/lib/python3.8/site-packages/yahboomcar_bringup/calibrate_linear_X3.py
/root/codes/iron_yahboomcar_ws/install/yahboomcar_bringup/lib/python3.8/site-packages/yahboomcar_bringup/patrol_4ROS_R2.py
/root/codes/iron_yahboomcar_ws/install/yahboomcar_bringup/lib/python3.8/site-packages/yahboomcar_bringup/__pycache__/Mcnamu_driver_X3.cpython-38.pyc
/root/codes/iron_yahboomcar_ws/install/yahboomcar_bringup/lib/python3.8/site-packages/yahboomcar_bringup/__pycache__/patrol_4ROS.cpython-38.pyc
/root/codes/iron_yahboomcar_ws/install/yahboomcar_bringup/lib/python3.8/site-packages/yahboomcar_bringup/__pycache__/Ackman_driver_R2.cpython-38.pyc
/root/codes/iron_yahboomcar_ws/install/yahboomcar_bringup/lib/python3.8/site-packages/yahboomcar_bringup/__pycache__/__init__.cpython-38.pyc
/root/codes/iron_yahboomcar_ws/install/yahboomcar_bringup/lib/python3.8/site-packages/yahboomcar_bringup/__pycache__/patrol_a1_R2.cpython-38.pyc
/root/codes/iron_yahboomcar_ws/install/yahboomcar_bringup/lib/python3.8/site-packages/yahboomcar_bringup/__pycache__/Mcnamu_driver_x1.cpython-38.pyc
/root/codes/iron_yahboomcar_ws/install/yahboomcar_bringup/lib/python3.8/site-packages/yahboomcar_bringup/__pycache__/untitled.cpython-38.pyc
/root/codes/iron_yahboomcar_ws/install/yahboomcar_bringup/lib/python3.8/site-packages/yahboomcar_bringup/__pycache__/calibrate_angular_X3.cpython-38.pyc
/root/codes/iron_yahboomcar_ws/install/yahboomcar_bringup/lib/python3.8/site-packages/yahboomcar_bringup/__pycache__/patrol_a1_X3.cpython-38.pyc
/root/codes/iron_yahboomcar_ws/install/yahboomcar_bringup/lib/python3.8/site-packages/yahboomcar_bringup/__pycache__/calibrate_angular_R2.cpython-38.pyc
/root/codes/iron_yahboomcar_ws/install/yahboomcar_bringup/lib/python3.8/site-packages/yahboomcar_bringup/__pycache__/transform_utils.cpython-38.pyc
/root/codes/iron_yahboomcar_ws/install/yahboomcar_bringup/lib/python3.8/site-packages/yahboomcar_bringup/__pycache__/test.cpython-38.pyc
/root/codes/iron_yahboomcar_ws/install/yahboomcar_bringup/lib/python3.8/site-packages/yahboomcar_bringup/__pycache__/calibrate_linear_R2.cpython-38.pyc
/root/codes/iron_yahboomcar_ws/install/yahboomcar_bringup/lib/python3.8/site-packages/yahboomcar_bringup/__pycache__/calibrate_linear_X3.cpython-38.pyc
/root/codes/iron_yahboomcar_ws/install/yahboomcar_bringup/lib/python3.8/site-packages/yahboomcar_bringup/__pycache__/patrol_4ROS_R2.cpython-38.pyc
/root/codes/iron_yahboomcar_ws/install/yahboomcar_bringup/share/ament_index/resource_index/packages/yahboomcar_bringup
/root/codes/iron_yahboomcar_ws/install/yahboomcar_bringup/share/yahboomcar_bringup/package.xml
/root/codes/iron_yahboomcar_ws/install/yahboomcar_bringup/share/yahboomcar_bringup/launch/yahboomcar_bringup_X3_launch.py
/root/codes/iron_yahboomcar_ws/install/yahboomcar_bringup/share/yahboomcar_bringup/launch/yahboomcar_bringup_R2_launch.py
/root/codes/iron_yahboomcar_ws/install/yahboomcar_bringup/share/yahboomcar_bringup/launch/yahboomcar_bringup_X1_launch.py
/root/codes/iron_yahboomcar_ws/install/yahboomcar_bringup/share/yahboomcar_description/rviz/yahboomcar.rviz
/root/codes/iron_yahboomcar_ws/install/yahboomcar_bringup/share/yahboomcar_bringup/param/imu_filter_param.yaml
/root/codes/iron_yahboomcar_ws/install/yahboomcar_bringup/lib/python3.8/site-packages/yahboomcar_bringup-0.0.0-py3.8.egg-info/PKG-INFO
/root/codes/iron_yahboomcar_ws/install/yahboomcar_bringup/lib/python3.8/site-packages/yahboomcar_bringup-0.0.0-py3.8.egg-info/top_level.txt
/root/codes/iron_yahboomcar_ws/install/yahboomcar_bringup/lib/python3.8/site-packages/yahboomcar_bringup-0.0.0-py3.8.egg-info/zip-safe
/root/codes/iron_yahboomcar_ws/install/yahboomcar_bringup/lib/python3.8/site-packages/yahboomcar_bringup-0.0.0-py3.8.egg-info/dependency_links.txt
/root/codes/iron_yahboomcar_ws/install/yahboomcar_bringup/lib/python3.8/site-packages/yahboomcar_bringup-0.0.0-py3.8.egg-info/entry_points.txt
/root/codes/iron_yahboomcar_ws/install/yahboomcar_bringup/lib/python3.8/site-packages/yahboomcar_bringup-0.0.0-py3.8.egg-info/requires.txt
/root/codes/iron_yahboomcar_ws/install/yahboomcar_bringup/lib/python3.8/site-packages/yahboomcar_bringup-0.0.0-py3.8.egg-info/SOURCES.txt
/root/codes/iron_yahboomcar_ws/install/yahboomcar_bringup/lib/yahboomcar_bringup/Ackman_driver_R2
/root/codes/iron_yahboomcar_ws/install/yahboomcar_bringup/lib/yahboomcar_bringup/Mcnamu_driver_X3
/root/codes/iron_yahboomcar_ws/install/yahboomcar_bringup/lib/yahboomcar_bringup/Mcnamu_driver_x1
/root/codes/iron_yahboomcar_ws/install/yahboomcar_bringup/lib/yahboomcar_bringup/calibrate_angular_R2
/root/codes/iron_yahboomcar_ws/install/yahboomcar_bringup/lib/yahboomcar_bringup/calibrate_angular_X3
/root/codes/iron_yahboomcar_ws/install/yahboomcar_bringup/lib/yahboomcar_bringup/calibrate_linear_R2
/root/codes/iron_yahboomcar_ws/install/yahboomcar_bringup/lib/yahboomcar_bringup/calibrate_linear_X3
/root/codes/iron_yahboomcar_ws/install/yahboomcar_bringup/lib/yahboomcar_bringup/patrol_4ROS
/root/codes/iron_yahboomcar_ws/install/yahboomcar_bringup/lib/yahboomcar_bringup/patrol_4ROS_R2
/root/codes/iron_yahboomcar_ws/install/yahboomcar_bringup/lib/yahboomcar_bringup/patrol_a1_R2
/root/codes/iron_yahboomcar_ws/install/yahboomcar_bringup/lib/yahboomcar_bringup/patrol_a1_X3
