[2.154s] DEBUG:colcon:Command line arguments: ['/usr/bin/colcon', 'build', '--packages-select', 'yahboomcar_nav']
[2.155s] DEBUG:colcon:Parsed command line arguments: Namespace(ament_cmake_args=None, base_paths=['.'], build_base='build', catkin_cmake_args=None, catkin_skip_building_tests=False, cmake_args=None, cmake_clean_cache=False, cmake_clean_first=False, cmake_force_configure=False, cmake_target=None, cmake_target_skip_unavailable=False, continue_on_error=False, event_handlers=None, executor='parallel', ignore_user_meta=False, install_base='install', log_base=None, log_level=None, main=<bound method BuildVerb.main of <colcon_core.verb.build.BuildVerb object at 0x7f81cf03a0>>, merge_install=False, metas=['./colcon.meta'], mixin=None, mixin_files=None, mixin_verb=('build',), packages_above=None, packages_above_and_dependencies=None, packages_above_depth=None, packages_end=None, packages_ignore=None, packages_ignore_regex=None, packages_select=['yahboomcar_nav'], packages_select_build_failed=False, packages_select_by_dep=None, packages_select_regex=None, packages_select_test_failures=False, packages_skip=None, packages_skip_build_finished=False, packages_skip_by_dep=None, packages_skip_regex=None, packages_skip_test_passed=False, packages_skip_up_to=None, packages_start=None, packages_up_to=None, packages_up_to_regex=None, parallel_workers=4, paths=None, symlink_install=False, test_result_base=None, verb_extension=<colcon_core.verb.build.BuildVerb object at 0x7f81cf03a0>, verb_name='build', verb_parser=<colcon_mixin.mixin.mixin_argument.MixinArgumentDecorator object at 0x7f81cf0a00>)
[2.374s] Level 1:colcon.colcon_core.package_discovery:discover_packages(colcon_meta) check parameters
[2.387s] INFO:colcon.colcon_metadata.package_discovery.colcon_meta:Using configuration from '/root/.colcon/metadata/default/Gazebo.meta'
[2.390s] INFO:colcon.colcon_metadata.package_discovery.colcon_meta:Using configuration from '/root/.colcon/metadata/default/fastrtps.meta'
[2.391s] Level 1:colcon.colcon_core.package_discovery:discover_packages(recursive) check parameters
[2.391s] Level 1:colcon.colcon_core.package_discovery:discover_packages(ignore) check parameters
[2.391s] Level 1:colcon.colcon_core.package_discovery:discover_packages(path) check parameters
[2.391s] Level 1:colcon.colcon_core.package_discovery:discover_packages(colcon_meta) discover
[2.392s] Level 1:colcon.colcon_core.package_discovery:discover_packages(recursive) discover
[2.392s] INFO:colcon.colcon_core.package_discovery:Crawling recursively for packages in '/root/yahboomcar_ros2_ws/yahboomcar_ws'
[2.392s] Level 1:colcon.colcon_core.package_identification:_identify(.) by extensions ['ignore', 'ignore_ament_install']
[2.393s] Level 1:colcon.colcon_core.package_identification:_identify(.) by extension 'ignore'
[2.393s] Level 1:colcon.colcon_core.package_identification:_identify(.) by extension 'ignore_ament_install'
[2.393s] Level 1:colcon.colcon_core.package_identification:_identify(.) by extensions ['colcon_pkg']
[2.393s] Level 1:colcon.colcon_core.package_identification:_identify(.) by extension 'colcon_pkg'
[2.393s] Level 1:colcon.colcon_core.package_identification:_identify(.) by extensions ['colcon_meta']
[2.394s] Level 1:colcon.colcon_core.package_identification:_identify(.) by extension 'colcon_meta'
[2.394s] Level 1:colcon.colcon_core.package_identification:_identify(.) by extensions ['ros']
[2.394s] Level 1:colcon.colcon_core.package_identification:_identify(.) by extension 'ros'
[2.503s] Level 1:colcon.colcon_core.package_identification:_identify(.) by extensions ['cmake', 'python']
[2.504s] Level 1:colcon.colcon_core.package_identification:_identify(.) by extension 'cmake'
[2.504s] Level 1:colcon.colcon_core.package_identification:_identify(.) by extension 'python'
[2.504s] Level 1:colcon.colcon_core.package_identification:_identify(.) by extensions ['python_setup_py']
[2.504s] Level 1:colcon.colcon_core.package_identification:_identify(.) by extension 'python_setup_py'
[2.505s] Level 1:colcon.colcon_core.package_identification:_identify(build) by extensions ['ignore', 'ignore_ament_install']
[2.505s] Level 1:colcon.colcon_core.package_identification:_identify(build) by extension 'ignore'
[2.506s] Level 1:colcon.colcon_core.package_identification:_identify(build) ignored
[2.508s] Level 1:colcon.colcon_core.package_identification:_identify(install) by extensions ['ignore', 'ignore_ament_install']
[2.508s] Level 1:colcon.colcon_core.package_identification:_identify(install) by extension 'ignore'
[2.508s] Level 1:colcon.colcon_core.package_identification:_identify(install) ignored
[2.510s] Level 1:colcon.colcon_core.package_identification:_identify(log) by extensions ['ignore', 'ignore_ament_install']
[2.510s] Level 1:colcon.colcon_core.package_identification:_identify(log) by extension 'ignore'
[2.511s] Level 1:colcon.colcon_core.package_identification:_identify(log) ignored
[2.511s] Level 1:colcon.colcon_core.package_identification:_identify(src) by extensions ['ignore', 'ignore_ament_install']
[2.512s] Level 1:colcon.colcon_core.package_identification:_identify(src) by extension 'ignore'
[2.512s] Level 1:colcon.colcon_core.package_identification:_identify(src) by extension 'ignore_ament_install'
[2.512s] Level 1:colcon.colcon_core.package_identification:_identify(src) by extensions ['colcon_pkg']
[2.512s] Level 1:colcon.colcon_core.package_identification:_identify(src) by extension 'colcon_pkg'
[2.513s] Level 1:colcon.colcon_core.package_identification:_identify(src) by extensions ['colcon_meta']
[2.513s] Level 1:colcon.colcon_core.package_identification:_identify(src) by extension 'colcon_meta'
[2.513s] Level 1:colcon.colcon_core.package_identification:_identify(src) by extensions ['ros']
[2.513s] Level 1:colcon.colcon_core.package_identification:_identify(src) by extension 'ros'
[2.513s] Level 1:colcon.colcon_core.package_identification:_identify(src) by extensions ['cmake', 'python']
[2.514s] Level 1:colcon.colcon_core.package_identification:_identify(src) by extension 'cmake'
[2.514s] Level 1:colcon.colcon_core.package_identification:_identify(src) by extension 'python'
[2.514s] Level 1:colcon.colcon_core.package_identification:_identify(src) by extensions ['python_setup_py']
[2.514s] Level 1:colcon.colcon_core.package_identification:_identify(src) by extension 'python_setup_py'
[2.515s] Level 1:colcon.colcon_core.package_identification:_identify(src/laserscan_to_point_pulisher) by extensions ['ignore', 'ignore_ament_install']
[2.515s] Level 1:colcon.colcon_core.package_identification:_identify(src/laserscan_to_point_pulisher) by extension 'ignore'
[2.515s] Level 1:colcon.colcon_core.package_identification:_identify(src/laserscan_to_point_pulisher) by extension 'ignore_ament_install'
[2.515s] Level 1:colcon.colcon_core.package_identification:_identify(src/laserscan_to_point_pulisher) by extensions ['colcon_pkg']
[2.516s] Level 1:colcon.colcon_core.package_identification:_identify(src/laserscan_to_point_pulisher) by extension 'colcon_pkg'
[2.516s] Level 1:colcon.colcon_core.package_identification:_identify(src/laserscan_to_point_pulisher) by extensions ['colcon_meta']
[2.516s] Level 1:colcon.colcon_core.package_identification:_identify(src/laserscan_to_point_pulisher) by extension 'colcon_meta'
[2.516s] Level 1:colcon.colcon_core.package_identification:_identify(src/laserscan_to_point_pulisher) by extensions ['ros']
[2.516s] Level 1:colcon.colcon_core.package_identification:_identify(src/laserscan_to_point_pulisher) by extension 'ros'
[2.546s] DEBUG:colcon.colcon_core.package_identification:Package 'src/laserscan_to_point_pulisher' with type 'ros.ament_python' and name 'laserscan_to_point_pulisher'
[2.547s] Level 1:colcon.colcon_core.package_identification:_identify(src/robot_pose_publisher) by extensions ['ignore', 'ignore_ament_install']
[2.547s] Level 1:colcon.colcon_core.package_identification:_identify(src/robot_pose_publisher) by extension 'ignore'
[2.548s] Level 1:colcon.colcon_core.package_identification:_identify(src/robot_pose_publisher) by extension 'ignore_ament_install'
[2.548s] Level 1:colcon.colcon_core.package_identification:_identify(src/robot_pose_publisher) by extensions ['colcon_pkg']
[2.548s] Level 1:colcon.colcon_core.package_identification:_identify(src/robot_pose_publisher) by extension 'colcon_pkg'
[2.548s] Level 1:colcon.colcon_core.package_identification:_identify(src/robot_pose_publisher) by extensions ['colcon_meta']
[2.548s] Level 1:colcon.colcon_core.package_identification:_identify(src/robot_pose_publisher) by extension 'colcon_meta'
[2.549s] Level 1:colcon.colcon_core.package_identification:_identify(src/robot_pose_publisher) by extensions ['ros']
[2.549s] Level 1:colcon.colcon_core.package_identification:_identify(src/robot_pose_publisher) by extension 'ros'
[2.562s] DEBUG:colcon.colcon_core.package_identification:Package 'src/robot_pose_publisher' with type 'ros.ament_python' and name 'robot_pose_publisher'
[2.562s] Level 1:colcon.colcon_core.package_identification:_identify(src/robot_pose_publisher_ros2) by extensions ['ignore', 'ignore_ament_install']
[2.563s] Level 1:colcon.colcon_core.package_identification:_identify(src/robot_pose_publisher_ros2) by extension 'ignore'
[2.563s] Level 1:colcon.colcon_core.package_identification:_identify(src/robot_pose_publisher_ros2) by extension 'ignore_ament_install'
[2.563s] Level 1:colcon.colcon_core.package_identification:_identify(src/robot_pose_publisher_ros2) by extensions ['colcon_pkg']
[2.563s] Level 1:colcon.colcon_core.package_identification:_identify(src/robot_pose_publisher_ros2) by extension 'colcon_pkg'
[2.563s] Level 1:colcon.colcon_core.package_identification:_identify(src/robot_pose_publisher_ros2) by extensions ['colcon_meta']
[2.564s] Level 1:colcon.colcon_core.package_identification:_identify(src/robot_pose_publisher_ros2) by extension 'colcon_meta'
[2.564s] Level 1:colcon.colcon_core.package_identification:_identify(src/robot_pose_publisher_ros2) by extensions ['ros']
[2.564s] Level 1:colcon.colcon_core.package_identification:_identify(src/robot_pose_publisher_ros2) by extension 'ros'
[2.568s] DEBUG:colcon.colcon_core.package_identification:Package 'src/robot_pose_publisher_ros2' with type 'ros.ament_cmake' and name 'robot_pose_publisher_ros2'
[2.568s] Level 1:colcon.colcon_core.package_identification:_identify(src/yahboom_app_save_map) by extensions ['ignore', 'ignore_ament_install']
[2.568s] Level 1:colcon.colcon_core.package_identification:_identify(src/yahboom_app_save_map) by extension 'ignore'
[2.569s] Level 1:colcon.colcon_core.package_identification:_identify(src/yahboom_app_save_map) by extension 'ignore_ament_install'
[2.569s] Level 1:colcon.colcon_core.package_identification:_identify(src/yahboom_app_save_map) by extensions ['colcon_pkg']
[2.569s] Level 1:colcon.colcon_core.package_identification:_identify(src/yahboom_app_save_map) by extension 'colcon_pkg'
[2.569s] Level 1:colcon.colcon_core.package_identification:_identify(src/yahboom_app_save_map) by extensions ['colcon_meta']
[2.569s] Level 1:colcon.colcon_core.package_identification:_identify(src/yahboom_app_save_map) by extension 'colcon_meta'
[2.570s] Level 1:colcon.colcon_core.package_identification:_identify(src/yahboom_app_save_map) by extensions ['ros']
[2.570s] Level 1:colcon.colcon_core.package_identification:_identify(src/yahboom_app_save_map) by extension 'ros'
[2.573s] DEBUG:colcon.colcon_core.package_identification:Package 'src/yahboom_app_save_map' with type 'ros.ament_python' and name 'yahboom_app_save_map'
[2.573s] Level 1:colcon.colcon_core.package_identification:_identify(src/yahboom_web_savmap_interfaces) by extensions ['ignore', 'ignore_ament_install']
[2.573s] Level 1:colcon.colcon_core.package_identification:_identify(src/yahboom_web_savmap_interfaces) by extension 'ignore'
[2.574s] Level 1:colcon.colcon_core.package_identification:_identify(src/yahboom_web_savmap_interfaces) by extension 'ignore_ament_install'
[2.574s] Level 1:colcon.colcon_core.package_identification:_identify(src/yahboom_web_savmap_interfaces) by extensions ['colcon_pkg']
[2.574s] Level 1:colcon.colcon_core.package_identification:_identify(src/yahboom_web_savmap_interfaces) by extension 'colcon_pkg'
[2.574s] Level 1:colcon.colcon_core.package_identification:_identify(src/yahboom_web_savmap_interfaces) by extensions ['colcon_meta']
[2.574s] Level 1:colcon.colcon_core.package_identification:_identify(src/yahboom_web_savmap_interfaces) by extension 'colcon_meta'
[2.575s] Level 1:colcon.colcon_core.package_identification:_identify(src/yahboom_web_savmap_interfaces) by extensions ['ros']
[2.575s] Level 1:colcon.colcon_core.package_identification:_identify(src/yahboom_web_savmap_interfaces) by extension 'ros'
[2.578s] DEBUG:colcon.colcon_core.package_identification:Package 'src/yahboom_web_savmap_interfaces' with type 'ros.ament_cmake' and name 'yahboom_web_savmap_interfaces'
[2.579s] Level 1:colcon.colcon_core.package_identification:_identify(src/yahboomcar_KCFTracker) by extensions ['ignore', 'ignore_ament_install']
[2.579s] Level 1:colcon.colcon_core.package_identification:_identify(src/yahboomcar_KCFTracker) by extension 'ignore'
[2.580s] Level 1:colcon.colcon_core.package_identification:_identify(src/yahboomcar_KCFTracker) by extension 'ignore_ament_install'
[2.580s] Level 1:colcon.colcon_core.package_identification:_identify(src/yahboomcar_KCFTracker) by extensions ['colcon_pkg']
[2.580s] Level 1:colcon.colcon_core.package_identification:_identify(src/yahboomcar_KCFTracker) by extension 'colcon_pkg'
[2.580s] Level 1:colcon.colcon_core.package_identification:_identify(src/yahboomcar_KCFTracker) by extensions ['colcon_meta']
[2.581s] Level 1:colcon.colcon_core.package_identification:_identify(src/yahboomcar_KCFTracker) by extension 'colcon_meta'
[2.581s] Level 1:colcon.colcon_core.package_identification:_identify(src/yahboomcar_KCFTracker) by extensions ['ros']
[2.581s] Level 1:colcon.colcon_core.package_identification:_identify(src/yahboomcar_KCFTracker) by extension 'ros'
[2.585s] DEBUG:colcon.colcon_core.package_identification:Package 'src/yahboomcar_KCFTracker' with type 'ros.ament_cmake' and name 'yahboomcar_KCFTracker'
[2.585s] Level 1:colcon.colcon_core.package_identification:_identify(src/yahboomcar_astra) by extensions ['ignore', 'ignore_ament_install']
[2.586s] Level 1:colcon.colcon_core.package_identification:_identify(src/yahboomcar_astra) by extension 'ignore'
[2.586s] Level 1:colcon.colcon_core.package_identification:_identify(src/yahboomcar_astra) by extension 'ignore_ament_install'
[2.586s] Level 1:colcon.colcon_core.package_identification:_identify(src/yahboomcar_astra) by extensions ['colcon_pkg']
[2.587s] Level 1:colcon.colcon_core.package_identification:_identify(src/yahboomcar_astra) by extension 'colcon_pkg'
[2.587s] Level 1:colcon.colcon_core.package_identification:_identify(src/yahboomcar_astra) by extensions ['colcon_meta']
[2.587s] Level 1:colcon.colcon_core.package_identification:_identify(src/yahboomcar_astra) by extension 'colcon_meta'
[2.587s] Level 1:colcon.colcon_core.package_identification:_identify(src/yahboomcar_astra) by extensions ['ros']
[2.587s] Level 1:colcon.colcon_core.package_identification:_identify(src/yahboomcar_astra) by extension 'ros'
[2.599s] DEBUG:colcon.colcon_core.package_identification:Package 'src/yahboomcar_astra' with type 'ros.ament_python' and name 'yahboomcar_astra'
[2.600s] Level 1:colcon.colcon_core.package_identification:_identify(src/yahboomcar_base_node) by extensions ['ignore', 'ignore_ament_install']
[2.600s] Level 1:colcon.colcon_core.package_identification:_identify(src/yahboomcar_base_node) by extension 'ignore'
[2.600s] Level 1:colcon.colcon_core.package_identification:_identify(src/yahboomcar_base_node) by extension 'ignore_ament_install'
[2.601s] Level 1:colcon.colcon_core.package_identification:_identify(src/yahboomcar_base_node) by extensions ['colcon_pkg']
[2.601s] Level 1:colcon.colcon_core.package_identification:_identify(src/yahboomcar_base_node) by extension 'colcon_pkg'
[2.601s] Level 1:colcon.colcon_core.package_identification:_identify(src/yahboomcar_base_node) by extensions ['colcon_meta']
[2.601s] Level 1:colcon.colcon_core.package_identification:_identify(src/yahboomcar_base_node) by extension 'colcon_meta'
[2.601s] Level 1:colcon.colcon_core.package_identification:_identify(src/yahboomcar_base_node) by extensions ['ros']
[2.602s] Level 1:colcon.colcon_core.package_identification:_identify(src/yahboomcar_base_node) by extension 'ros'
[2.607s] DEBUG:colcon.colcon_core.package_identification:Package 'src/yahboomcar_base_node' with type 'ros.ament_cmake' and name 'yahboomcar_base_node'
[2.607s] Level 1:colcon.colcon_core.package_identification:_identify(src/yahboomcar_bringup) by extensions ['ignore', 'ignore_ament_install']
[2.607s] Level 1:colcon.colcon_core.package_identification:_identify(src/yahboomcar_bringup) by extension 'ignore'
[2.608s] Level 1:colcon.colcon_core.package_identification:_identify(src/yahboomcar_bringup) by extension 'ignore_ament_install'
[2.608s] Level 1:colcon.colcon_core.package_identification:_identify(src/yahboomcar_bringup) by extensions ['colcon_pkg']
[2.608s] Level 1:colcon.colcon_core.package_identification:_identify(src/yahboomcar_bringup) by extension 'colcon_pkg'
[2.608s] Level 1:colcon.colcon_core.package_identification:_identify(src/yahboomcar_bringup) by extensions ['colcon_meta']
[2.609s] Level 1:colcon.colcon_core.package_identification:_identify(src/yahboomcar_bringup) by extension 'colcon_meta'
[2.609s] Level 1:colcon.colcon_core.package_identification:_identify(src/yahboomcar_bringup) by extensions ['ros']
[2.609s] Level 1:colcon.colcon_core.package_identification:_identify(src/yahboomcar_bringup) by extension 'ros'
[2.613s] DEBUG:colcon.colcon_core.package_identification:Package 'src/yahboomcar_bringup' with type 'ros.ament_python' and name 'yahboomcar_bringup'
[2.613s] Level 1:colcon.colcon_core.package_identification:_identify(src/yahboomcar_ctrl) by extensions ['ignore', 'ignore_ament_install']
[2.614s] Level 1:colcon.colcon_core.package_identification:_identify(src/yahboomcar_ctrl) by extension 'ignore'
[2.614s] Level 1:colcon.colcon_core.package_identification:_identify(src/yahboomcar_ctrl) by extension 'ignore_ament_install'
[2.614s] Level 1:colcon.colcon_core.package_identification:_identify(src/yahboomcar_ctrl) by extensions ['colcon_pkg']
[2.614s] Level 1:colcon.colcon_core.package_identification:_identify(src/yahboomcar_ctrl) by extension 'colcon_pkg'
[2.615s] Level 1:colcon.colcon_core.package_identification:_identify(src/yahboomcar_ctrl) by extensions ['colcon_meta']
[2.615s] Level 1:colcon.colcon_core.package_identification:_identify(src/yahboomcar_ctrl) by extension 'colcon_meta'
[2.615s] Level 1:colcon.colcon_core.package_identification:_identify(src/yahboomcar_ctrl) by extensions ['ros']
[2.615s] Level 1:colcon.colcon_core.package_identification:_identify(src/yahboomcar_ctrl) by extension 'ros'
[2.627s] DEBUG:colcon.colcon_core.package_identification:Package 'src/yahboomcar_ctrl' with type 'ros.ament_python' and name 'yahboomcar_ctrl'
[2.627s] Level 1:colcon.colcon_core.package_identification:_identify(src/yahboomcar_description) by extensions ['ignore', 'ignore_ament_install']
[2.628s] Level 1:colcon.colcon_core.package_identification:_identify(src/yahboomcar_description) by extension 'ignore'
[2.628s] Level 1:colcon.colcon_core.package_identification:_identify(src/yahboomcar_description) by extension 'ignore_ament_install'
[2.628s] Level 1:colcon.colcon_core.package_identification:_identify(src/yahboomcar_description) by extensions ['colcon_pkg']
[2.628s] Level 1:colcon.colcon_core.package_identification:_identify(src/yahboomcar_description) by extension 'colcon_pkg'
[2.629s] Level 1:colcon.colcon_core.package_identification:_identify(src/yahboomcar_description) by extensions ['colcon_meta']
[2.629s] Level 1:colcon.colcon_core.package_identification:_identify(src/yahboomcar_description) by extension 'colcon_meta'
[2.629s] Level 1:colcon.colcon_core.package_identification:_identify(src/yahboomcar_description) by extensions ['ros']
[2.629s] Level 1:colcon.colcon_core.package_identification:_identify(src/yahboomcar_description) by extension 'ros'
[2.642s] DEBUG:colcon.colcon_core.package_identification:Package 'src/yahboomcar_description' with type 'ros.ament_python' and name 'yahboomcar_description'
[2.643s] Level 1:colcon.colcon_core.package_identification:_identify(src/yahboomcar_description_x1) by extensions ['ignore', 'ignore_ament_install']
[2.643s] Level 1:colcon.colcon_core.package_identification:_identify(src/yahboomcar_description_x1) by extension 'ignore'
[2.643s] Level 1:colcon.colcon_core.package_identification:_identify(src/yahboomcar_description_x1) by extension 'ignore_ament_install'
[2.644s] Level 1:colcon.colcon_core.package_identification:_identify(src/yahboomcar_description_x1) by extensions ['colcon_pkg']
[2.644s] Level 1:colcon.colcon_core.package_identification:_identify(src/yahboomcar_description_x1) by extension 'colcon_pkg'
[2.644s] Level 1:colcon.colcon_core.package_identification:_identify(src/yahboomcar_description_x1) by extensions ['colcon_meta']
[2.644s] Level 1:colcon.colcon_core.package_identification:_identify(src/yahboomcar_description_x1) by extension 'colcon_meta'
[2.645s] Level 1:colcon.colcon_core.package_identification:_identify(src/yahboomcar_description_x1) by extensions ['ros']
[2.645s] Level 1:colcon.colcon_core.package_identification:_identify(src/yahboomcar_description_x1) by extension 'ros'
[2.658s] DEBUG:colcon.colcon_core.package_identification:Package 'src/yahboomcar_description_x1' with type 'ros.ament_python' and name 'yahboomcar_description_x1'
[2.659s] Level 1:colcon.colcon_core.package_identification:_identify(src/yahboomcar_laser) by extensions ['ignore', 'ignore_ament_install']
[2.659s] Level 1:colcon.colcon_core.package_identification:_identify(src/yahboomcar_laser) by extension 'ignore'
[2.659s] Level 1:colcon.colcon_core.package_identification:_identify(src/yahboomcar_laser) by extension 'ignore_ament_install'
[2.660s] Level 1:colcon.colcon_core.package_identification:_identify(src/yahboomcar_laser) by extensions ['colcon_pkg']
[2.660s] Level 1:colcon.colcon_core.package_identification:_identify(src/yahboomcar_laser) by extension 'colcon_pkg'
[2.660s] Level 1:colcon.colcon_core.package_identification:_identify(src/yahboomcar_laser) by extensions ['colcon_meta']
[2.660s] Level 1:colcon.colcon_core.package_identification:_identify(src/yahboomcar_laser) by extension 'colcon_meta'
[2.661s] Level 1:colcon.colcon_core.package_identification:_identify(src/yahboomcar_laser) by extensions ['ros']
[2.661s] Level 1:colcon.colcon_core.package_identification:_identify(src/yahboomcar_laser) by extension 'ros'
[2.673s] DEBUG:colcon.colcon_core.package_identification:Package 'src/yahboomcar_laser' with type 'ros.ament_python' and name 'yahboomcar_laser'
[2.674s] Level 1:colcon.colcon_core.package_identification:_identify(src/yahboomcar_linefollow) by extensions ['ignore', 'ignore_ament_install']
[2.674s] Level 1:colcon.colcon_core.package_identification:_identify(src/yahboomcar_linefollow) by extension 'ignore'
[2.674s] Level 1:colcon.colcon_core.package_identification:_identify(src/yahboomcar_linefollow) by extension 'ignore_ament_install'
[2.675s] Level 1:colcon.colcon_core.package_identification:_identify(src/yahboomcar_linefollow) by extensions ['colcon_pkg']
[2.675s] Level 1:colcon.colcon_core.package_identification:_identify(src/yahboomcar_linefollow) by extension 'colcon_pkg'
[2.675s] Level 1:colcon.colcon_core.package_identification:_identify(src/yahboomcar_linefollow) by extensions ['colcon_meta']
[2.675s] Level 1:colcon.colcon_core.package_identification:_identify(src/yahboomcar_linefollow) by extension 'colcon_meta'
[2.676s] Level 1:colcon.colcon_core.package_identification:_identify(src/yahboomcar_linefollow) by extensions ['ros']
[2.676s] Level 1:colcon.colcon_core.package_identification:_identify(src/yahboomcar_linefollow) by extension 'ros'
[2.688s] DEBUG:colcon.colcon_core.package_identification:Package 'src/yahboomcar_linefollow' with type 'ros.ament_python' and name 'yahboomcar_linefollow'
[2.689s] Level 1:colcon.colcon_core.package_identification:_identify(src/yahboomcar_mediapipe) by extensions ['ignore', 'ignore_ament_install']
[2.689s] Level 1:colcon.colcon_core.package_identification:_identify(src/yahboomcar_mediapipe) by extension 'ignore'
[2.690s] Level 1:colcon.colcon_core.package_identification:_identify(src/yahboomcar_mediapipe) by extension 'ignore_ament_install'
[2.690s] Level 1:colcon.colcon_core.package_identification:_identify(src/yahboomcar_mediapipe) by extensions ['colcon_pkg']
[2.690s] Level 1:colcon.colcon_core.package_identification:_identify(src/yahboomcar_mediapipe) by extension 'colcon_pkg'
[2.690s] Level 1:colcon.colcon_core.package_identification:_identify(src/yahboomcar_mediapipe) by extensions ['colcon_meta']
[2.691s] Level 1:colcon.colcon_core.package_identification:_identify(src/yahboomcar_mediapipe) by extension 'colcon_meta'
[2.691s] Level 1:colcon.colcon_core.package_identification:_identify(src/yahboomcar_mediapipe) by extensions ['ros']
[2.691s] Level 1:colcon.colcon_core.package_identification:_identify(src/yahboomcar_mediapipe) by extension 'ros'
[2.694s] DEBUG:colcon.colcon_core.package_identification:Package 'src/yahboomcar_mediapipe' with type 'ros.ament_python' and name 'yahboomcar_mediapipe'
[2.694s] Level 1:colcon.colcon_core.package_identification:_identify(src/yahboomcar_msgs) by extensions ['ignore', 'ignore_ament_install']
[2.695s] Level 1:colcon.colcon_core.package_identification:_identify(src/yahboomcar_msgs) by extension 'ignore'
[2.695s] Level 1:colcon.colcon_core.package_identification:_identify(src/yahboomcar_msgs) by extension 'ignore_ament_install'
[2.695s] Level 1:colcon.colcon_core.package_identification:_identify(src/yahboomcar_msgs) by extensions ['colcon_pkg']
[2.695s] Level 1:colcon.colcon_core.package_identification:_identify(src/yahboomcar_msgs) by extension 'colcon_pkg'
[2.696s] Level 1:colcon.colcon_core.package_identification:_identify(src/yahboomcar_msgs) by extensions ['colcon_meta']
[2.696s] Level 1:colcon.colcon_core.package_identification:_identify(src/yahboomcar_msgs) by extension 'colcon_meta'
[2.696s] Level 1:colcon.colcon_core.package_identification:_identify(src/yahboomcar_msgs) by extensions ['ros']
[2.696s] Level 1:colcon.colcon_core.package_identification:_identify(src/yahboomcar_msgs) by extension 'ros'
[2.700s] DEBUG:colcon.colcon_core.package_identification:Package 'src/yahboomcar_msgs' with type 'ros.ament_cmake' and name 'yahboomcar_msgs'
[2.700s] Level 1:colcon.colcon_core.package_identification:_identify(src/yahboomcar_nav) by extensions ['ignore', 'ignore_ament_install']
[2.701s] Level 1:colcon.colcon_core.package_identification:_identify(src/yahboomcar_nav) by extension 'ignore'
[2.701s] Level 1:colcon.colcon_core.package_identification:_identify(src/yahboomcar_nav) by extension 'ignore_ament_install'
[2.701s] Level 1:colcon.colcon_core.package_identification:_identify(src/yahboomcar_nav) by extensions ['colcon_pkg']
[2.701s] Level 1:colcon.colcon_core.package_identification:_identify(src/yahboomcar_nav) by extension 'colcon_pkg'
[2.702s] Level 1:colcon.colcon_core.package_identification:_identify(src/yahboomcar_nav) by extensions ['colcon_meta']
[2.702s] Level 1:colcon.colcon_core.package_identification:_identify(src/yahboomcar_nav) by extension 'colcon_meta'
[2.702s] Level 1:colcon.colcon_core.package_identification:_identify(src/yahboomcar_nav) by extensions ['ros']
[2.702s] Level 1:colcon.colcon_core.package_identification:_identify(src/yahboomcar_nav) by extension 'ros'
[2.706s] DEBUG:colcon.colcon_core.package_identification:Package 'src/yahboomcar_nav' with type 'ros.ament_python' and name 'yahboomcar_nav'
[2.706s] Level 1:colcon.colcon_core.package_identification:_identify(src/yahboomcar_point) by extensions ['ignore', 'ignore_ament_install']
[2.707s] Level 1:colcon.colcon_core.package_identification:_identify(src/yahboomcar_point) by extension 'ignore'
[2.707s] Level 1:colcon.colcon_core.package_identification:_identify(src/yahboomcar_point) by extension 'ignore_ament_install'
[2.707s] Level 1:colcon.colcon_core.package_identification:_identify(src/yahboomcar_point) by extensions ['colcon_pkg']
[2.707s] Level 1:colcon.colcon_core.package_identification:_identify(src/yahboomcar_point) by extension 'colcon_pkg'
[2.707s] Level 1:colcon.colcon_core.package_identification:_identify(src/yahboomcar_point) by extensions ['colcon_meta']
[2.708s] Level 1:colcon.colcon_core.package_identification:_identify(src/yahboomcar_point) by extension 'colcon_meta'
[2.708s] Level 1:colcon.colcon_core.package_identification:_identify(src/yahboomcar_point) by extensions ['ros']
[2.708s] Level 1:colcon.colcon_core.package_identification:_identify(src/yahboomcar_point) by extension 'ros'
[2.711s] DEBUG:colcon.colcon_core.package_identification:Package 'src/yahboomcar_point' with type 'ros.ament_cmake' and name 'yahboomcar_point'
[2.712s] Level 1:colcon.colcon_core.package_identification:_identify(src/yahboomcar_slam) by extensions ['ignore', 'ignore_ament_install']
[2.712s] Level 1:colcon.colcon_core.package_identification:_identify(src/yahboomcar_slam) by extension 'ignore'
[2.712s] Level 1:colcon.colcon_core.package_identification:_identify(src/yahboomcar_slam) by extension 'ignore_ament_install'
[2.713s] Level 1:colcon.colcon_core.package_identification:_identify(src/yahboomcar_slam) by extensions ['colcon_pkg']
[2.713s] Level 1:colcon.colcon_core.package_identification:_identify(src/yahboomcar_slam) by extension 'colcon_pkg'
[2.713s] Level 1:colcon.colcon_core.package_identification:_identify(src/yahboomcar_slam) by extensions ['colcon_meta']
[2.713s] Level 1:colcon.colcon_core.package_identification:_identify(src/yahboomcar_slam) by extension 'colcon_meta'
[2.713s] Level 1:colcon.colcon_core.package_identification:_identify(src/yahboomcar_slam) by extensions ['ros']
[2.713s] Level 1:colcon.colcon_core.package_identification:_identify(src/yahboomcar_slam) by extension 'ros'
[2.731s] DEBUG:colcon.colcon_core.package_identification:Package 'src/yahboomcar_slam' with type 'ros.ament_cmake' and name 'yahboomcar_slam'
[2.732s] Level 1:colcon.colcon_core.package_identification:_identify(src/yahboomcar_visual) by extensions ['ignore', 'ignore_ament_install']
[2.732s] Level 1:colcon.colcon_core.package_identification:_identify(src/yahboomcar_visual) by extension 'ignore'
[2.732s] Level 1:colcon.colcon_core.package_identification:_identify(src/yahboomcar_visual) by extension 'ignore_ament_install'
[2.733s] Level 1:colcon.colcon_core.package_identification:_identify(src/yahboomcar_visual) by extensions ['colcon_pkg']
[2.733s] Level 1:colcon.colcon_core.package_identification:_identify(src/yahboomcar_visual) by extension 'colcon_pkg'
[2.733s] Level 1:colcon.colcon_core.package_identification:_identify(src/yahboomcar_visual) by extensions ['colcon_meta']
[2.733s] Level 1:colcon.colcon_core.package_identification:_identify(src/yahboomcar_visual) by extension 'colcon_meta'
[2.733s] Level 1:colcon.colcon_core.package_identification:_identify(src/yahboomcar_visual) by extensions ['ros']
[2.733s] Level 1:colcon.colcon_core.package_identification:_identify(src/yahboomcar_visual) by extension 'ros'
[2.742s] DEBUG:colcon.colcon_core.package_identification:Package 'src/yahboomcar_visual' with type 'ros.ament_python' and name 'yahboomcar_visual'
[2.743s] Level 1:colcon.colcon_core.package_identification:_identify(src/yahboomcar_voice_ctrl) by extensions ['ignore', 'ignore_ament_install']
[2.743s] Level 1:colcon.colcon_core.package_identification:_identify(src/yahboomcar_voice_ctrl) by extension 'ignore'
[2.744s] Level 1:colcon.colcon_core.package_identification:_identify(src/yahboomcar_voice_ctrl) by extension 'ignore_ament_install'
[2.744s] Level 1:colcon.colcon_core.package_identification:_identify(src/yahboomcar_voice_ctrl) by extensions ['colcon_pkg']
[2.744s] Level 1:colcon.colcon_core.package_identification:_identify(src/yahboomcar_voice_ctrl) by extension 'colcon_pkg'
[2.745s] Level 1:colcon.colcon_core.package_identification:_identify(src/yahboomcar_voice_ctrl) by extensions ['colcon_meta']
[2.745s] Level 1:colcon.colcon_core.package_identification:_identify(src/yahboomcar_voice_ctrl) by extension 'colcon_meta'
[2.745s] Level 1:colcon.colcon_core.package_identification:_identify(src/yahboomcar_voice_ctrl) by extensions ['ros']
[2.745s] Level 1:colcon.colcon_core.package_identification:_identify(src/yahboomcar_voice_ctrl) by extension 'ros'
[2.758s] DEBUG:colcon.colcon_core.package_identification:Package 'src/yahboomcar_voice_ctrl' with type 'ros.ament_python' and name 'yahboomcar_voice_ctrl'
[2.758s] Level 1:colcon.colcon_core.package_discovery:discover_packages(recursive) using defaults
[2.758s] Level 1:colcon.colcon_core.package_discovery:discover_packages(ignore) discover
[2.759s] Level 1:colcon.colcon_core.package_discovery:discover_packages(ignore) using defaults
[2.759s] Level 1:colcon.colcon_core.package_discovery:discover_packages(path) discover
[2.759s] Level 1:colcon.colcon_core.package_discovery:discover_packages(path) using defaults
[2.951s] INFO:colcon.colcon_core.package_selection:Skipping not selected package 'laserscan_to_point_pulisher' in 'src/laserscan_to_point_pulisher'
[2.952s] INFO:colcon.colcon_core.package_selection:Skipping not selected package 'robot_pose_publisher' in 'src/robot_pose_publisher'
[2.952s] INFO:colcon.colcon_core.package_selection:Skipping not selected package 'robot_pose_publisher_ros2' in 'src/robot_pose_publisher_ros2'
[2.952s] INFO:colcon.colcon_core.package_selection:Skipping not selected package 'yahboom_app_save_map' in 'src/yahboom_app_save_map'
[2.952s] INFO:colcon.colcon_core.package_selection:Skipping not selected package 'yahboom_web_savmap_interfaces' in 'src/yahboom_web_savmap_interfaces'
[2.952s] INFO:colcon.colcon_core.package_selection:Skipping not selected package 'yahboomcar_KCFTracker' in 'src/yahboomcar_KCFTracker'
[2.952s] INFO:colcon.colcon_core.package_selection:Skipping not selected package 'yahboomcar_astra' in 'src/yahboomcar_astra'
[2.952s] INFO:colcon.colcon_core.package_selection:Skipping not selected package 'yahboomcar_base_node' in 'src/yahboomcar_base_node'
[2.953s] INFO:colcon.colcon_core.package_selection:Skipping not selected package 'yahboomcar_bringup' in 'src/yahboomcar_bringup'
[2.953s] INFO:colcon.colcon_core.package_selection:Skipping not selected package 'yahboomcar_ctrl' in 'src/yahboomcar_ctrl'
[2.953s] INFO:colcon.colcon_core.package_selection:Skipping not selected package 'yahboomcar_description' in 'src/yahboomcar_description'
[2.953s] INFO:colcon.colcon_core.package_selection:Skipping not selected package 'yahboomcar_description_x1' in 'src/yahboomcar_description_x1'
[2.953s] INFO:colcon.colcon_core.package_selection:Skipping not selected package 'yahboomcar_laser' in 'src/yahboomcar_laser'
[2.953s] INFO:colcon.colcon_core.package_selection:Skipping not selected package 'yahboomcar_linefollow' in 'src/yahboomcar_linefollow'
[2.953s] INFO:colcon.colcon_core.package_selection:Skipping not selected package 'yahboomcar_mediapipe' in 'src/yahboomcar_mediapipe'
[2.953s] INFO:colcon.colcon_core.package_selection:Skipping not selected package 'yahboomcar_msgs' in 'src/yahboomcar_msgs'
[2.954s] INFO:colcon.colcon_core.package_selection:Skipping not selected package 'yahboomcar_slam' in 'src/yahboomcar_slam'
[2.954s] INFO:colcon.colcon_core.package_selection:Skipping not selected package 'yahboomcar_visual' in 'src/yahboomcar_visual'
[2.954s] INFO:colcon.colcon_core.package_selection:Skipping not selected package 'yahboomcar_voice_ctrl' in 'src/yahboomcar_voice_ctrl'
[2.954s] INFO:colcon.colcon_core.package_selection:Skipping not selected package 'yahboomcar_point' in 'src/yahboomcar_point'
[2.960s] Level 5:colcon.colcon_core.verb:set package 'yahboomcar_nav' build argument 'cmake_args' from command line to 'None'
[2.960s] Level 5:colcon.colcon_core.verb:set package 'yahboomcar_nav' build argument 'cmake_target' from command line to 'None'
[2.960s] Level 5:colcon.colcon_core.verb:set package 'yahboomcar_nav' build argument 'cmake_target_skip_unavailable' from command line to 'False'
[2.960s] Level 5:colcon.colcon_core.verb:set package 'yahboomcar_nav' build argument 'cmake_clean_cache' from command line to 'False'
[2.960s] Level 5:colcon.colcon_core.verb:set package 'yahboomcar_nav' build argument 'cmake_clean_first' from command line to 'False'
[2.960s] Level 5:colcon.colcon_core.verb:set package 'yahboomcar_nav' build argument 'cmake_force_configure' from command line to 'False'
[2.960s] Level 5:colcon.colcon_core.verb:set package 'yahboomcar_nav' build argument 'ament_cmake_args' from command line to 'None'
[2.961s] Level 5:colcon.colcon_core.verb:set package 'yahboomcar_nav' build argument 'catkin_cmake_args' from command line to 'None'
[2.961s] Level 5:colcon.colcon_core.verb:set package 'yahboomcar_nav' build argument 'catkin_skip_building_tests' from command line to 'False'
[2.961s] DEBUG:colcon.colcon_core.verb:Building package 'yahboomcar_nav' with the following arguments: {'ament_cmake_args': None, 'build_base': '/root/yahboomcar_ros2_ws/yahboomcar_ws/build/yahboomcar_nav', 'catkin_cmake_args': None, 'catkin_skip_building_tests': False, 'cmake_args': None, 'cmake_clean_cache': False, 'cmake_clean_first': False, 'cmake_force_configure': False, 'cmake_target': None, 'cmake_target_skip_unavailable': False, 'install_base': '/root/yahboomcar_ros2_ws/yahboomcar_ws/install/yahboomcar_nav', 'merge_install': False, 'path': '/root/yahboomcar_ros2_ws/yahboomcar_ws/src/yahboomcar_nav', 'symlink_install': False, 'test_result_base': None}
[2.964s] INFO:colcon.colcon_core.executor:Executing jobs using 'parallel' executor
[2.983s] DEBUG:colcon.colcon_parallel_executor.executor.parallel:run_until_complete
[2.984s] INFO:colcon.colcon_ros.task.ament_python.build:Building ROS package in '/root/yahboomcar_ros2_ws/yahboomcar_ws/src/yahboomcar_nav' with build type 'ament_python'
[2.984s] Level 1:colcon.colcon_core.shell:create_environment_hook('yahboomcar_nav', 'ament_prefix_path')
[3.037s] INFO:colcon.colcon_core.plugin_system:Skipping extension 'colcon_core.shell.bat': Not used on non-Windows systems
[3.038s] INFO:colcon.colcon_core.shell:Creating environment hook '/root/yahboomcar_ros2_ws/yahboomcar_ws/install/yahboomcar_nav/share/yahboomcar_nav/hook/ament_prefix_path.ps1'
[3.041s] INFO:colcon.colcon_core.shell:Creating environment descriptor '/root/yahboomcar_ros2_ws/yahboomcar_ws/install/yahboomcar_nav/share/yahboomcar_nav/hook/ament_prefix_path.dsv'
[3.043s] INFO:colcon.colcon_core.shell:Creating environment hook '/root/yahboomcar_ros2_ws/yahboomcar_ws/install/yahboomcar_nav/share/yahboomcar_nav/hook/ament_prefix_path.sh'
[3.054s] INFO:colcon.colcon_core.shell:Skip shell extension 'powershell' for command environment: Not usable outside of PowerShell
[3.054s] DEBUG:colcon.colcon_core.shell:Skip shell extension 'dsv' for command environment
[4.530s] INFO:colcon.colcon_core.task.python.build:Building Python package in '/root/yahboomcar_ros2_ws/yahboomcar_ws/src/yahboomcar_nav'
[4.539s] INFO:colcon.colcon_core.shell:Skip shell extension 'powershell' for command environment: Not usable outside of PowerShell
[4.539s] DEBUG:colcon.colcon_core.shell:Skip shell extension 'dsv' for command environment
[7.094s] DEBUG:colcon.colcon_core.event_handler.log_command:Invoking command in '/root/yahboomcar_ros2_ws/yahboomcar_ws/src/yahboomcar_nav': PYTHONPATH=/root/yahboomcar_ros2_ws/yahboomcar_ws/build/yahboomcar_nav/prefix_override:/root/yahboomcar_ros2_ws/yahboomcar_ws/install/yahboomcar_nav/lib/python3.8/site-packages:${PYTHONPATH} /usr/bin/python3 setup.py egg_info --egg-base ../../build/yahboomcar_nav build --build-base /root/yahboomcar_ros2_ws/yahboomcar_ws/build/yahboomcar_nav/build install --record /root/yahboomcar_ros2_ws/yahboomcar_ws/build/yahboomcar_nav/install.log --install-scripts $base/lib/yahboomcar_nav --single-version-externally-managed
[8.680s] DEBUG:colcon.colcon_core.event_handler.log_command:Invoked command in '/root/yahboomcar_ros2_ws/yahboomcar_ws/src/yahboomcar_nav' returned '0': PYTHONPATH=/root/yahboomcar_ros2_ws/yahboomcar_ws/build/yahboomcar_nav/prefix_override:/root/yahboomcar_ros2_ws/yahboomcar_ws/install/yahboomcar_nav/lib/python3.8/site-packages:${PYTHONPATH} /usr/bin/python3 setup.py egg_info --egg-base ../../build/yahboomcar_nav build --build-base /root/yahboomcar_ros2_ws/yahboomcar_ws/build/yahboomcar_nav/build install --record /root/yahboomcar_ros2_ws/yahboomcar_ws/build/yahboomcar_nav/install.log --install-scripts $base/lib/yahboomcar_nav --single-version-externally-managed
[8.733s] Level 1:colcon.colcon_core.environment:checking '/root/yahboomcar_ros2_ws/yahboomcar_ws/install/yahboomcar_nav' for CMake module files
[8.751s] Level 1:colcon.colcon_core.environment:checking '/root/yahboomcar_ros2_ws/yahboomcar_ws/install/yahboomcar_nav' for CMake config files
[8.773s] Level 1:colcon.colcon_core.environment:checking '/root/yahboomcar_ros2_ws/yahboomcar_ws/install/yahboomcar_nav/lib'
[8.774s] Level 1:colcon.colcon_core.environment:checking '/root/yahboomcar_ros2_ws/yahboomcar_ws/install/yahboomcar_nav/bin'
[8.774s] Level 1:colcon.colcon_core.environment:checking '/root/yahboomcar_ros2_ws/yahboomcar_ws/install/yahboomcar_nav/lib/pkgconfig/yahboomcar_nav.pc'
[8.775s] Level 1:colcon.colcon_core.environment:checking '/root/yahboomcar_ros2_ws/yahboomcar_ws/install/yahboomcar_nav/lib/python3.8/site-packages'
[8.776s] Level 1:colcon.colcon_core.shell:create_environment_hook('yahboomcar_nav', 'pythonpath')
[8.783s] INFO:colcon.colcon_core.shell:Creating environment hook '/root/yahboomcar_ros2_ws/yahboomcar_ws/install/yahboomcar_nav/share/yahboomcar_nav/hook/pythonpath.ps1'
[8.785s] INFO:colcon.colcon_core.shell:Creating environment descriptor '/root/yahboomcar_ros2_ws/yahboomcar_ws/install/yahboomcar_nav/share/yahboomcar_nav/hook/pythonpath.dsv'
[8.786s] INFO:colcon.colcon_core.shell:Creating environment hook '/root/yahboomcar_ros2_ws/yahboomcar_ws/install/yahboomcar_nav/share/yahboomcar_nav/hook/pythonpath.sh'
[8.788s] Level 1:colcon.colcon_core.environment:checking '/root/yahboomcar_ros2_ws/yahboomcar_ws/install/yahboomcar_nav/bin'
[8.788s] Level 1:colcon.colcon_core.environment:create_environment_scripts_only(yahboomcar_nav)
[8.796s] INFO:colcon.colcon_core.shell:Creating package script '/root/yahboomcar_ros2_ws/yahboomcar_ws/install/yahboomcar_nav/share/yahboomcar_nav/package.ps1'
[8.803s] INFO:colcon.colcon_core.shell:Creating package descriptor '/root/yahboomcar_ros2_ws/yahboomcar_ws/install/yahboomcar_nav/share/yahboomcar_nav/package.dsv'
[8.806s] INFO:colcon.colcon_core.shell:Creating package script '/root/yahboomcar_ros2_ws/yahboomcar_ws/install/yahboomcar_nav/share/yahboomcar_nav/package.sh'
[8.809s] INFO:colcon.colcon_core.shell:Creating package script '/root/yahboomcar_ros2_ws/yahboomcar_ws/install/yahboomcar_nav/share/yahboomcar_nav/package.bash'
[8.813s] INFO:colcon.colcon_core.shell:Creating package script '/root/yahboomcar_ros2_ws/yahboomcar_ws/install/yahboomcar_nav/share/yahboomcar_nav/package.zsh'
[8.816s] Level 1:colcon.colcon_core.environment:create_file_with_runtime_dependencies(/root/yahboomcar_ros2_ws/yahboomcar_ws/install/yahboomcar_nav/share/colcon-core/packages/yahboomcar_nav)
[8.817s] DEBUG:colcon.colcon_parallel_executor.executor.parallel:closing loop
[8.818s] DEBUG:colcon.colcon_parallel_executor.executor.parallel:loop closed
[8.819s] DEBUG:colcon.colcon_parallel_executor.executor.parallel:run_until_complete finished with '0'
[8.820s] DEBUG:colcon.colcon_core.event_reactor:joining thread
[8.868s] INFO:colcon.colcon_core.plugin_system:Skipping extension 'colcon_notification.desktop_notification.notify_send': Could not find 'notify-send'
[8.868s] INFO:colcon.colcon_core.plugin_system:Skipping extension 'colcon_notification.desktop_notification.terminal_notifier': Not used on non-Darwin systems
[8.869s] INFO:colcon.colcon_core.plugin_system:Skipping extension 'colcon_notification.desktop_notification.win32': Not used on non-Windows systems
[8.869s] INFO:colcon.colcon_notification.desktop_notification:Sending desktop notification using 'notify2'
[8.912s] DEBUG:colcon.colcon_notification.desktop_notification.notify2:Failed to initialize notify2: org.freedesktop.DBus.Error.ServiceUnknown: The name org.freedesktop.Notifications was not provided by any .service files
[8.913s] DEBUG:colcon.colcon_core.event_reactor:joined thread
[8.922s] INFO:colcon.colcon_core.shell:Creating prefix script '/root/yahboomcar_ros2_ws/yahboomcar_ws/install/local_setup.ps1'
[8.933s] INFO:colcon.colcon_core.shell:Creating prefix util module '/root/yahboomcar_ros2_ws/yahboomcar_ws/install/_local_setup_util_ps1.py'
[8.944s] INFO:colcon.colcon_core.shell:Creating prefix chain script '/root/yahboomcar_ros2_ws/yahboomcar_ws/install/setup.ps1'
[8.968s] INFO:colcon.colcon_core.shell:Creating prefix script '/root/yahboomcar_ros2_ws/yahboomcar_ws/install/local_setup.sh'
[8.971s] INFO:colcon.colcon_core.shell:Creating prefix util module '/root/yahboomcar_ros2_ws/yahboomcar_ws/install/_local_setup_util_sh.py'
[8.973s] INFO:colcon.colcon_core.shell:Creating prefix chain script '/root/yahboomcar_ros2_ws/yahboomcar_ws/install/setup.sh'
[8.990s] INFO:colcon.colcon_core.shell:Creating prefix script '/root/yahboomcar_ros2_ws/yahboomcar_ws/install/local_setup.bash'
[8.996s] INFO:colcon.colcon_core.shell:Creating prefix chain script '/root/yahboomcar_ros2_ws/yahboomcar_ws/install/setup.bash'
[9.015s] INFO:colcon.colcon_core.shell:Creating prefix script '/root/yahboomcar_ros2_ws/yahboomcar_ws/install/local_setup.zsh'
[9.021s] INFO:colcon.colcon_core.shell:Creating prefix chain script '/root/yahboomcar_ros2_ws/yahboomcar_ws/install/setup.zsh'
