[4.932s] Invoking command in '/root/yahboomcar_ros2_ws/yahboomcar_ws/src/yahboomcar_astra': PYTHONPATH=/root/yahboomcar_ros2_ws/yahboomcar_ws/build/yahboomcar_astra/prefix_override:/root/yahboomcar_ros2_ws/yahboomcar_ws/install/yahboomcar_astra/lib/python3.8/site-packages:${PYTHONPATH} /usr/bin/python3 setup.py egg_info --egg-base ../../build/yahboomcar_astra build --build-base /root/yahboomcar_ros2_ws/yahboomcar_ws/build/yahboomcar_astra/build install --record /root/yahboomcar_ros2_ws/yahboomcar_ws/build/yahboomcar_astra/install.log --install-scripts $base/lib/yahboomcar_astra --single-version-externally-managed
[6.271s] running egg_info
[6.276s] writing ../../build/yahboomcar_astra/yahboomcar_astra.egg-info/PKG-INFO
[6.279s] writing dependency_links to ../../build/yahboomcar_astra/yahboomcar_astra.egg-info/dependency_links.txt
[6.280s] writing entry points to ../../build/yahboomcar_astra/yahboomcar_astra.egg-info/entry_points.txt
[6.281s] writing requirements to ../../build/yahboomcar_astra/yahboomcar_astra.egg-info/requires.txt
[6.282s] writing top-level names to ../../build/yahboomcar_astra/yahboomcar_astra.egg-info/top_level.txt
[6.462s] reading manifest file '../../build/yahboomcar_astra/yahboomcar_astra.egg-info/SOURCES.txt'
[6.468s] writing manifest file '../../build/yahboomcar_astra/yahboomcar_astra.egg-info/SOURCES.txt'
[6.469s] running build
[6.469s] running build_py
[6.472s] running install
[6.476s] running install_lib
[6.496s] running install_data
[6.501s] running install_egg_info
[6.510s] removing '/root/yahboomcar_ros2_ws/yahboomcar_ws/install/yahboomcar_astra/lib/python3.8/site-packages/yahboomcar_astra-0.0.0-py3.8.egg-info' (and everything under it)
[6.515s] Copying ../../build/yahboomcar_astra/yahboomcar_astra.egg-info to /root/yahboomcar_ros2_ws/yahboomcar_ws/install/yahboomcar_astra/lib/python3.8/site-packages/yahboomcar_astra-0.0.0-py3.8.egg-info
[6.523s] running install_scripts
[6.609s] Installing colorHSV script to /root/yahboomcar_ros2_ws/yahboomcar_ws/install/yahboomcar_astra/lib/yahboomcar_astra
[6.609s] Installing colorTracker script to /root/yahboomcar_ros2_ws/yahboomcar_ws/install/yahboomcar_astra/lib/yahboomcar_astra
[6.611s] writing list of installed files to '/root/yahboomcar_ros2_ws/yahboomcar_ws/build/yahboomcar_astra/install.log'
[6.795s] Invoked command in '/root/yahboomcar_ros2_ws/yahboomcar_ws/src/yahboomcar_astra' returned '0': PYTHONPATH=/root/yahboomcar_ros2_ws/yahboomcar_ws/build/yahboomcar_astra/prefix_override:/root/yahboomcar_ros2_ws/yahboomcar_ws/install/yahboomcar_astra/lib/python3.8/site-packages:${PYTHONPATH} /usr/bin/python3 setup.py egg_info --egg-base ../../build/yahboomcar_astra build --build-base /root/yahboomcar_ros2_ws/yahboomcar_ws/build/yahboomcar_astra/build install --record /root/yahboomcar_ros2_ws/yahboomcar_ws/build/yahboomcar_astra/install.log --install-scripts $base/lib/yahboomcar_astra --single-version-externally-managed
