[0.166s] Invoking command in '/root/yahboomcar_ros2_ws/yahboomcar_ws/build/yahboomcar_slam': CMAKE_PREFIX_PATH=${CMAKE_PREFIX_PATH}:/root/yahboomcar_ros2_ws/yahboomcar_ws/install/yahboomcar_voice_ctrl:/root/yahboomcar_ros2_ws/yahboomcar_ws/install/yahboomcar_visual:/root/yahboomcar_ros2_ws/yahboomcar_ws/install/yahboomcar_nav:/root/yahboomcar_ros2_ws/yahboomcar_ws/install/yahboomcar_mediapipe:/root/yahboomcar_ros2_ws/yahboomcar_ws/install/yahboomcar_linefollow:/root/yahboomcar_ros2_ws/yahboomcar_ws/install/yahboomcar_laser:/root/yahboomcar_ros2_ws/yahboomcar_ws/install/yahboomcar_description_x1:/root/yahboomcar_ros2_ws/yahboomcar_ws/install/yahboomcar_description:/root/yahboomcar_ros2_ws/yahboomcar_ws/install/yahboomcar_ctrl:/root/yahboomcar_ros2_ws/yahboomcar_ws/install/yahboomcar_bringup:/root/yahboomcar_ros2_ws/yahboomcar_ws/install/yahboomcar_astra:/opt/ros/foxy /usr/bin/cmake --build /root/yahboomcar_ros2_ws/yahboomcar_ws/build/yahboomcar_slam -- -j4 -l4
[1.086s] [100%] Built target pointcloud_mapping
[2.842s] Invoked command in '/root/yahboomcar_ros2_ws/yahboomcar_ws/build/yahboomcar_slam' returned '0': CMAKE_PREFIX_PATH=${CMAKE_PREFIX_PATH}:/root/yahboomcar_ros2_ws/yahboomcar_ws/install/yahboomcar_voice_ctrl:/root/yahboomcar_ros2_ws/yahboomcar_ws/install/yahboomcar_visual:/root/yahboomcar_ros2_ws/yahboomcar_ws/install/yahboomcar_nav:/root/yahboomcar_ros2_ws/yahboomcar_ws/install/yahboomcar_mediapipe:/root/yahboomcar_ros2_ws/yahboomcar_ws/install/yahboomcar_linefollow:/root/yahboomcar_ros2_ws/yahboomcar_ws/install/yahboomcar_laser:/root/yahboomcar_ros2_ws/yahboomcar_ws/install/yahboomcar_description_x1:/root/yahboomcar_ros2_ws/yahboomcar_ws/install/yahboomcar_description:/root/yahboomcar_ros2_ws/yahboomcar_ws/install/yahboomcar_ctrl:/root/yahboomcar_ros2_ws/yahboomcar_ws/install/yahboomcar_bringup:/root/yahboomcar_ros2_ws/yahboomcar_ws/install/yahboomcar_astra:/opt/ros/foxy /usr/bin/cmake --build /root/yahboomcar_ros2_ws/yahboomcar_ws/build/yahboomcar_slam -- -j4 -l4
[3.111s] Invoking command in '/root/yahboomcar_ros2_ws/yahboomcar_ws/build/yahboomcar_slam': CMAKE_PREFIX_PATH=${CMAKE_PREFIX_PATH}:/root/yahboomcar_ros2_ws/yahboomcar_ws/install/yahboomcar_voice_ctrl:/root/yahboomcar_ros2_ws/yahboomcar_ws/install/yahboomcar_visual:/root/yahboomcar_ros2_ws/yahboomcar_ws/install/yahboomcar_nav:/root/yahboomcar_ros2_ws/yahboomcar_ws/install/yahboomcar_mediapipe:/root/yahboomcar_ros2_ws/yahboomcar_ws/install/yahboomcar_linefollow:/root/yahboomcar_ros2_ws/yahboomcar_ws/install/yahboomcar_laser:/root/yahboomcar_ros2_ws/yahboomcar_ws/install/yahboomcar_description_x1:/root/yahboomcar_ros2_ws/yahboomcar_ws/install/yahboomcar_description:/root/yahboomcar_ros2_ws/yahboomcar_ws/install/yahboomcar_ctrl:/root/yahboomcar_ros2_ws/yahboomcar_ws/install/yahboomcar_bringup:/root/yahboomcar_ros2_ws/yahboomcar_ws/install/yahboomcar_astra:/opt/ros/foxy /usr/bin/cmake --install /root/yahboomcar_ros2_ws/yahboomcar_ws/build/yahboomcar_slam
[5.168s] -- Install configuration: ""
[5.169s] -- Up-to-date: /root/yahboomcar_ros2_ws/yahboomcar_ws/install/yahboomcar_slam/lib/yahboomcar_slam/pointcloud_mapping
[5.169s] -- Up-to-date: /root/yahboomcar_ros2_ws/yahboomcar_ws/install/yahboomcar_slam/share/yahboomcar_slam/launch
[5.170s] -- Up-to-date: /root/yahboomcar_ros2_ws/yahboomcar_ws/install/yahboomcar_slam/share/yahboomcar_slam/launch/orbslam_pcl_octomap_launch.py
[5.171s] -- Up-to-date: /root/yahboomcar_ros2_ws/yahboomcar_ws/install/yahboomcar_slam/share/yahboomcar_slam/launch/octomap_server_launch.py
[5.172s] -- Up-to-date: /root/yahboomcar_ros2_ws/yahboomcar_ws/install/yahboomcar_slam/share/yahboomcar_slam/launch/orbslam_base_launch.py
[5.172s] -- Up-to-date: /root/yahboomcar_ros2_ws/yahboomcar_ws/install/yahboomcar_slam/share/yahboomcar_slam/launch/orbslam_pose_launch.py
[5.172s] -- Up-to-date: /root/yahboomcar_ros2_ws/yahboomcar_ws/install/yahboomcar_slam/share/yahboomcar_slam/launch/camera_octomap_launch.py
[5.176s] -- Up-to-date: /root/yahboomcar_ros2_ws/yahboomcar_ws/install/yahboomcar_slam/share/yahboomcar_slam/launch/orbslam_pcl_map_launch.py
[5.193s] -- Up-to-date: /root/yahboomcar_ros2_ws/yahboomcar_ws/install/yahboomcar_slam/share/yahboomcar_slam/launch/orbslam_ros_launch.py
[5.194s] -- Up-to-date: /root/yahboomcar_ros2_ws/yahboomcar_ws/install/yahboomcar_slam/share/yahboomcar_slam/launch/display_octomap_launch.py
[5.195s] -- Up-to-date: /root/yahboomcar_ros2_ws/yahboomcar_ws/install/yahboomcar_slam/share/yahboomcar_slam/launch/display_pcl_launch.py
[5.196s] -- Up-to-date: /root/yahboomcar_ros2_ws/yahboomcar_ws/install/yahboomcar_slam/share/yahboomcar_slam/params
[5.196s] -- Up-to-date: /root/yahboomcar_ros2_ws/yahboomcar_ws/install/yahboomcar_slam/share/yahboomcar_slam/params/rgbd.yaml
[5.196s] -- Up-to-date: /root/yahboomcar_ros2_ws/yahboomcar_ws/install/yahboomcar_slam/share/yahboomcar_slam/params/ORBvoc.txt
[5.197s] -- Up-to-date: /root/yahboomcar_ros2_ws/yahboomcar_ws/install/yahboomcar_slam/share/yahboomcar_slam/params/mono.yaml
[5.198s] -- Up-to-date: /root/yahboomcar_ros2_ws/yahboomcar_ws/install/yahboomcar_slam/share/yahboomcar_slam/params/pointcloud_octomap.yaml
[5.198s] -- Up-to-date: /root/yahboomcar_ros2_ws/yahboomcar_ws/install/yahboomcar_slam/share/yahboomcar_slam/params/usb_cam_param.yaml
[5.198s] -- Up-to-date: /root/yahboomcar_ros2_ws/yahboomcar_ws/install/yahboomcar_slam/share/yahboomcar_slam/params/pointcloud_map.yaml
[5.199s] -- Up-to-date: /root/yahboomcar_ros2_ws/yahboomcar_ws/install/yahboomcar_slam/share/yahboomcar_slam/pcl
[5.200s] -- Up-to-date: /root/yahboomcar_ros2_ws/yahboomcar_ws/install/yahboomcar_slam/share/yahboomcar_slam/pcl/resultPointCloudFile.pcd
[5.200s] -- Up-to-date: /root/yahboomcar_ros2_ws/yahboomcar_ws/install/yahboomcar_slam/share/yahboomcar_slam/rviz
[5.201s] -- Up-to-date: /root/yahboomcar_ros2_ws/yahboomcar_ws/install/yahboomcar_slam/share/yahboomcar_slam/rviz/cotomap.rviz
[5.202s] -- Up-to-date: /root/yahboomcar_ros2_ws/yahboomcar_ws/install/yahboomcar_slam/share/yahboomcar_slam/rviz/orbslam_pcl.rviz
[5.203s] -- Up-to-date: /root/yahboomcar_ros2_ws/yahboomcar_ws/install/yahboomcar_slam/share/ament_index/resource_index/package_run_dependencies/yahboomcar_slam
[5.203s] -- Up-to-date: /root/yahboomcar_ros2_ws/yahboomcar_ws/install/yahboomcar_slam/share/ament_index/resource_index/parent_prefix_path/yahboomcar_slam
[5.204s] -- Up-to-date: /root/yahboomcar_ros2_ws/yahboomcar_ws/install/yahboomcar_slam/share/yahboomcar_slam/environment/ament_prefix_path.sh
[5.205s] -- Up-to-date: /root/yahboomcar_ros2_ws/yahboomcar_ws/install/yahboomcar_slam/share/yahboomcar_slam/environment/ament_prefix_path.dsv
[5.205s] -- Up-to-date: /root/yahboomcar_ros2_ws/yahboomcar_ws/install/yahboomcar_slam/share/yahboomcar_slam/environment/path.sh
[5.206s] -- Up-to-date: /root/yahboomcar_ros2_ws/yahboomcar_ws/install/yahboomcar_slam/share/yahboomcar_slam/environment/path.dsv
[5.206s] -- Up-to-date: /root/yahboomcar_ros2_ws/yahboomcar_ws/install/yahboomcar_slam/share/yahboomcar_slam/local_setup.bash
[5.207s] -- Up-to-date: /root/yahboomcar_ros2_ws/yahboomcar_ws/install/yahboomcar_slam/share/yahboomcar_slam/local_setup.sh
[5.208s] -- Up-to-date: /root/yahboomcar_ros2_ws/yahboomcar_ws/install/yahboomcar_slam/share/yahboomcar_slam/local_setup.zsh
[5.208s] -- Up-to-date: /root/yahboomcar_ros2_ws/yahboomcar_ws/install/yahboomcar_slam/share/yahboomcar_slam/local_setup.dsv
[5.209s] -- Installing: /root/yahboomcar_ros2_ws/yahboomcar_ws/install/yahboomcar_slam/share/yahboomcar_slam/package.dsv
[5.210s] -- Up-to-date: /root/yahboomcar_ros2_ws/yahboomcar_ws/install/yahboomcar_slam/share/ament_index/resource_index/packages/yahboomcar_slam
[5.210s] -- Up-to-date: /root/yahboomcar_ros2_ws/yahboomcar_ws/install/yahboomcar_slam/share/yahboomcar_slam/cmake/yahboomcar_slamConfig.cmake
[5.210s] -- Up-to-date: /root/yahboomcar_ros2_ws/yahboomcar_ws/install/yahboomcar_slam/share/yahboomcar_slam/cmake/yahboomcar_slamConfig-version.cmake
[5.211s] -- Up-to-date: /root/yahboomcar_ros2_ws/yahboomcar_ws/install/yahboomcar_slam/share/yahboomcar_slam/package.xml
[5.212s] Invoked command in '/root/yahboomcar_ros2_ws/yahboomcar_ws/build/yahboomcar_slam' returned '0': CMAKE_PREFIX_PATH=${CMAKE_PREFIX_PATH}:/root/yahboomcar_ros2_ws/yahboomcar_ws/install/yahboomcar_voice_ctrl:/root/yahboomcar_ros2_ws/yahboomcar_ws/install/yahboomcar_visual:/root/yahboomcar_ros2_ws/yahboomcar_ws/install/yahboomcar_nav:/root/yahboomcar_ros2_ws/yahboomcar_ws/install/yahboomcar_mediapipe:/root/yahboomcar_ros2_ws/yahboomcar_ws/install/yahboomcar_linefollow:/root/yahboomcar_ros2_ws/yahboomcar_ws/install/yahboomcar_laser:/root/yahboomcar_ros2_ws/yahboomcar_ws/install/yahboomcar_description_x1:/root/yahboomcar_ros2_ws/yahboomcar_ws/install/yahboomcar_description:/root/yahboomcar_ros2_ws/yahboomcar_ws/install/yahboomcar_ctrl:/root/yahboomcar_ros2_ws/yahboomcar_ws/install/yahboomcar_bringup:/root/yahboomcar_ros2_ws/yahboomcar_ws/install/yahboomcar_astra:/opt/ros/foxy /usr/bin/cmake --install /root/yahboomcar_ros2_ws/yahboomcar_ws/build/yahboomcar_slam
