[3.997s] Invoking command in '/root/codes/iron_yahboomcar_ws/src/yahboomcar_laser': PYTHONPATH=/root/codes/iron_yahboomcar_ws/build/yahboomcar_laser/prefix_override:/root/codes/iron_yahboomcar_ws/install/yahboomcar_laser/lib/python3.8/site-packages:${PYTHONPATH} /usr/bin/python3 setup.py egg_info --egg-base ../../build/yahboomcar_laser build --build-base /root/codes/iron_yahboomcar_ws/build/yahboomcar_laser/build install --record /root/codes/iron_yahboomcar_ws/build/yahboomcar_laser/install.log --install-scripts $base/lib/yahboomcar_laser --single-version-externally-managed
[5.321s] running egg_info
[5.323s] creating ../../build/yahboomcar_laser/yahboomcar_laser.egg-info
[5.324s] writing ../../build/yahboomcar_laser/yahboomcar_laser.egg-info/PKG-INFO
[5.325s] writing dependency_links to ../../build/yahboomcar_laser/yahboomcar_laser.egg-info/dependency_links.txt
[5.326s] writing entry points to ../../build/yahboomcar_laser/yahboomcar_laser.egg-info/entry_points.txt
[5.327s] writing requirements to ../../build/yahboomcar_laser/yahboomcar_laser.egg-info/requires.txt
[5.327s] writing top-level names to ../../build/yahboomcar_laser/yahboomcar_laser.egg-info/top_level.txt
[5.335s] writing manifest file '../../build/yahboomcar_laser/yahboomcar_laser.egg-info/SOURCES.txt'
[5.738s] reading manifest file '../../build/yahboomcar_laser/yahboomcar_laser.egg-info/SOURCES.txt'
[5.742s] writing manifest file '../../build/yahboomcar_laser/yahboomcar_laser.egg-info/SOURCES.txt'
[5.742s] running build
[5.742s] running build_py
[5.743s] creating /root/codes/iron_yahboomcar_ws/build/yahboomcar_laser/build
[5.744s] creating /root/codes/iron_yahboomcar_ws/build/yahboomcar_laser/build/lib
[5.744s] creating /root/codes/iron_yahboomcar_ws/build/yahboomcar_laser/build/lib/yahboomcar_laser
[5.744s] copying yahboomcar_laser/laser_Avoidance_a1_R2-Copy1.py -> /root/codes/iron_yahboomcar_ws/build/yahboomcar_laser/build/lib/yahboomcar_laser
[5.745s] copying yahboomcar_laser/common.py -> /root/codes/iron_yahboomcar_ws/build/yahboomcar_laser/build/lib/yahboomcar_laser
[5.746s] copying yahboomcar_laser/__init__.py -> /root/codes/iron_yahboomcar_ws/build/yahboomcar_laser/build/lib/yahboomcar_laser
[5.746s] copying yahboomcar_laser/laser_Tracker_a1_X3.py -> /root/codes/iron_yahboomcar_ws/build/yahboomcar_laser/build/lib/yahboomcar_laser
[5.747s] copying yahboomcar_laser/laser_Avoidance_a1_X3.py -> /root/codes/iron_yahboomcar_ws/build/yahboomcar_laser/build/lib/yahboomcar_laser
[5.747s] copying yahboomcar_laser/laser_Avoidance_4ROS_R2.py -> /root/codes/iron_yahboomcar_ws/build/yahboomcar_laser/build/lib/yahboomcar_laser
[5.748s] copying yahboomcar_laser/laser_Tracker_a1_R2.py -> /root/codes/iron_yahboomcar_ws/build/yahboomcar_laser/build/lib/yahboomcar_laser
[5.748s] copying yahboomcar_laser/laser_Avoidance_a1_R2.py -> /root/codes/iron_yahboomcar_ws/build/yahboomcar_laser/build/lib/yahboomcar_laser
[5.748s] copying yahboomcar_laser/laser_Tracker_4ROS_R2.py -> /root/codes/iron_yahboomcar_ws/build/yahboomcar_laser/build/lib/yahboomcar_laser
[5.749s] copying yahboomcar_laser/laser_Avoidance_4ROS.py -> /root/codes/iron_yahboomcar_ws/build/yahboomcar_laser/build/lib/yahboomcar_laser
[5.749s] copying yahboomcar_laser/laser_Tracker_4ROS.py -> /root/codes/iron_yahboomcar_ws/build/yahboomcar_laser/build/lib/yahboomcar_laser
[5.749s] copying yahboomcar_laser/laser_Warning_a1_X3.py -> /root/codes/iron_yahboomcar_ws/build/yahboomcar_laser/build/lib/yahboomcar_laser
[5.750s] running install
[5.755s] running install_lib
[5.759s] copying /root/codes/iron_yahboomcar_ws/build/yahboomcar_laser/build/lib/yahboomcar_laser/laser_Avoidance_a1_R2-Copy1.py -> /root/codes/iron_yahboomcar_ws/install/yahboomcar_laser/lib/python3.8/site-packages/yahboomcar_laser
[5.760s] copying /root/codes/iron_yahboomcar_ws/build/yahboomcar_laser/build/lib/yahboomcar_laser/common.py -> /root/codes/iron_yahboomcar_ws/install/yahboomcar_laser/lib/python3.8/site-packages/yahboomcar_laser
[5.760s] copying /root/codes/iron_yahboomcar_ws/build/yahboomcar_laser/build/lib/yahboomcar_laser/__init__.py -> /root/codes/iron_yahboomcar_ws/install/yahboomcar_laser/lib/python3.8/site-packages/yahboomcar_laser
[5.761s] copying /root/codes/iron_yahboomcar_ws/build/yahboomcar_laser/build/lib/yahboomcar_laser/laser_Tracker_a1_X3.py -> /root/codes/iron_yahboomcar_ws/install/yahboomcar_laser/lib/python3.8/site-packages/yahboomcar_laser
[5.761s] copying /root/codes/iron_yahboomcar_ws/build/yahboomcar_laser/build/lib/yahboomcar_laser/laser_Avoidance_a1_X3.py -> /root/codes/iron_yahboomcar_ws/install/yahboomcar_laser/lib/python3.8/site-packages/yahboomcar_laser
[5.762s] copying /root/codes/iron_yahboomcar_ws/build/yahboomcar_laser/build/lib/yahboomcar_laser/laser_Avoidance_4ROS_R2.py -> /root/codes/iron_yahboomcar_ws/install/yahboomcar_laser/lib/python3.8/site-packages/yahboomcar_laser
[5.763s] copying /root/codes/iron_yahboomcar_ws/build/yahboomcar_laser/build/lib/yahboomcar_laser/laser_Tracker_a1_R2.py -> /root/codes/iron_yahboomcar_ws/install/yahboomcar_laser/lib/python3.8/site-packages/yahboomcar_laser
[5.763s] copying /root/codes/iron_yahboomcar_ws/build/yahboomcar_laser/build/lib/yahboomcar_laser/laser_Avoidance_a1_R2.py -> /root/codes/iron_yahboomcar_ws/install/yahboomcar_laser/lib/python3.8/site-packages/yahboomcar_laser
[5.764s] copying /root/codes/iron_yahboomcar_ws/build/yahboomcar_laser/build/lib/yahboomcar_laser/laser_Tracker_4ROS_R2.py -> /root/codes/iron_yahboomcar_ws/install/yahboomcar_laser/lib/python3.8/site-packages/yahboomcar_laser
[5.764s] copying /root/codes/iron_yahboomcar_ws/build/yahboomcar_laser/build/lib/yahboomcar_laser/laser_Avoidance_4ROS.py -> /root/codes/iron_yahboomcar_ws/install/yahboomcar_laser/lib/python3.8/site-packages/yahboomcar_laser
[5.765s] copying /root/codes/iron_yahboomcar_ws/build/yahboomcar_laser/build/lib/yahboomcar_laser/laser_Tracker_4ROS.py -> /root/codes/iron_yahboomcar_ws/install/yahboomcar_laser/lib/python3.8/site-packages/yahboomcar_laser
[5.765s] copying /root/codes/iron_yahboomcar_ws/build/yahboomcar_laser/build/lib/yahboomcar_laser/laser_Warning_a1_X3.py -> /root/codes/iron_yahboomcar_ws/install/yahboomcar_laser/lib/python3.8/site-packages/yahboomcar_laser
[5.769s] byte-compiling /root/codes/iron_yahboomcar_ws/install/yahboomcar_laser/lib/python3.8/site-packages/yahboomcar_laser/laser_Avoidance_a1_R2-Copy1.py to laser_Avoidance_a1_R2-Copy1.cpython-38.pyc
[5.778s] byte-compiling /root/codes/iron_yahboomcar_ws/install/yahboomcar_laser/lib/python3.8/site-packages/yahboomcar_laser/common.py to common.cpython-38.pyc
[5.780s] byte-compiling /root/codes/iron_yahboomcar_ws/install/yahboomcar_laser/lib/python3.8/site-packages/yahboomcar_laser/__init__.py to __init__.cpython-38.pyc
[5.781s] byte-compiling /root/codes/iron_yahboomcar_ws/install/yahboomcar_laser/lib/python3.8/site-packages/yahboomcar_laser/laser_Tracker_a1_X3.py to laser_Tracker_a1_X3.cpython-38.pyc
[5.784s] byte-compiling /root/codes/iron_yahboomcar_ws/install/yahboomcar_laser/lib/python3.8/site-packages/yahboomcar_laser/laser_Avoidance_a1_X3.py to laser_Avoidance_a1_X3.cpython-38.pyc
[5.789s] byte-compiling /root/codes/iron_yahboomcar_ws/install/yahboomcar_laser/lib/python3.8/site-packages/yahboomcar_laser/laser_Avoidance_4ROS_R2.py to laser_Avoidance_4ROS_R2.cpython-38.pyc
[5.793s] byte-compiling /root/codes/iron_yahboomcar_ws/install/yahboomcar_laser/lib/python3.8/site-packages/yahboomcar_laser/laser_Tracker_a1_R2.py to laser_Tracker_a1_R2.cpython-38.pyc
[5.797s] byte-compiling /root/codes/iron_yahboomcar_ws/install/yahboomcar_laser/lib/python3.8/site-packages/yahboomcar_laser/laser_Avoidance_a1_R2.py to laser_Avoidance_a1_R2.cpython-38.pyc
[5.801s] byte-compiling /root/codes/iron_yahboomcar_ws/install/yahboomcar_laser/lib/python3.8/site-packages/yahboomcar_laser/laser_Tracker_4ROS_R2.py to laser_Tracker_4ROS_R2.cpython-38.pyc
[5.805s] byte-compiling /root/codes/iron_yahboomcar_ws/install/yahboomcar_laser/lib/python3.8/site-packages/yahboomcar_laser/laser_Avoidance_4ROS.py to laser_Avoidance_4ROS.cpython-38.pyc
[5.810s] byte-compiling /root/codes/iron_yahboomcar_ws/install/yahboomcar_laser/lib/python3.8/site-packages/yahboomcar_laser/laser_Tracker_4ROS.py to laser_Tracker_4ROS.cpython-38.pyc
[5.814s] byte-compiling /root/codes/iron_yahboomcar_ws/install/yahboomcar_laser/lib/python3.8/site-packages/yahboomcar_laser/laser_Warning_a1_X3.py to laser_Warning_a1_X3.cpython-38.pyc
[5.817s] running install_data
[5.820s] copying resource/yahboomcar_laser -> /root/codes/iron_yahboomcar_ws/install/yahboomcar_laser/share/ament_index/resource_index/packages
[5.820s] copying package.xml -> /root/codes/iron_yahboomcar_ws/install/yahboomcar_laser/share/yahboomcar_laser
[5.821s] copying launch/laser_Tracker_a1_X3.launch.py -> /root/codes/iron_yahboomcar_ws/install/yahboomcar_laser/share/yahboomcar_laser/launch
[5.821s] copying launch/laser_Avoidance_a1_X3.launch.py -> /root/codes/iron_yahboomcar_ws/install/yahboomcar_laser/share/yahboomcar_laser/launch
[5.822s] copying launch/laser_Warning_a1_X3.launch.py -> /root/codes/iron_yahboomcar_ws/install/yahboomcar_laser/share/yahboomcar_laser/launch
[5.822s] running install_egg_info
[5.830s] removing '/root/codes/iron_yahboomcar_ws/install/yahboomcar_laser/lib/python3.8/site-packages/yahboomcar_laser-0.0.0-py3.8.egg-info' (and everything under it)
[5.831s] Copying ../../build/yahboomcar_laser/yahboomcar_laser.egg-info to /root/codes/iron_yahboomcar_ws/install/yahboomcar_laser/lib/python3.8/site-packages/yahboomcar_laser-0.0.0-py3.8.egg-info
[5.835s] running install_scripts
[5.920s] Installing laser_Avoidance_4ROS_R2 script to /root/codes/iron_yahboomcar_ws/install/yahboomcar_laser/lib/yahboomcar_laser
[5.921s] Installing laser_Avoidance_a1_R2 script to /root/codes/iron_yahboomcar_ws/install/yahboomcar_laser/lib/yahboomcar_laser
[5.921s] Installing laser_Avoidance_a1_X3 script to /root/codes/iron_yahboomcar_ws/install/yahboomcar_laser/lib/yahboomcar_laser
[5.922s] Installing laser_Tracker_4ROS_R2 script to /root/codes/iron_yahboomcar_ws/install/yahboomcar_laser/lib/yahboomcar_laser
[5.922s] Installing laser_Tracker_a1_R2 script to /root/codes/iron_yahboomcar_ws/install/yahboomcar_laser/lib/yahboomcar_laser
[5.923s] Installing laser_Tracker_a1_X3 script to /root/codes/iron_yahboomcar_ws/install/yahboomcar_laser/lib/yahboomcar_laser
[5.923s] Installing laser_Warning_a1_X3 script to /root/codes/iron_yahboomcar_ws/install/yahboomcar_laser/lib/yahboomcar_laser
[5.925s] writing list of installed files to '/root/codes/iron_yahboomcar_ws/build/yahboomcar_laser/install.log'
[6.043s] Invoked command in '/root/codes/iron_yahboomcar_ws/src/yahboomcar_laser' returned '0': PYTHONPATH=/root/codes/iron_yahboomcar_ws/build/yahboomcar_laser/prefix_override:/root/codes/iron_yahboomcar_ws/install/yahboomcar_laser/lib/python3.8/site-packages:${PYTHONPATH} /usr/bin/python3 setup.py egg_info --egg-base ../../build/yahboomcar_laser build --build-base /root/codes/iron_yahboomcar_ws/build/yahboomcar_laser/build install --record /root/codes/iron_yahboomcar_ws/build/yahboomcar_laser/install.log --install-scripts $base/lib/yahboomcar_laser --single-version-externally-managed
