[5.221s] Invoking command in '/root/yahboomcar_ros2_ws/yahboomcar_ws/src/yahboomcar_description_x1': PYTHONPATH=/root/yahboomcar_ros2_ws/yahboomcar_ws/build/yahboomcar_description_x1/prefix_override:/root/yahboomcar_ros2_ws/yahboomcar_ws/install/yahboomcar_description_x1/lib/python3.8/site-packages:${PYTHONPATH} /usr/bin/python3 setup.py egg_info --egg-base ../../build/yahboomcar_description_x1 build --build-base /root/yahboomcar_ros2_ws/yahboomcar_ws/build/yahboomcar_description_x1/build install --record /root/yahboomcar_ros2_ws/yahboomcar_ws/build/yahboomcar_description_x1/install.log --install-scripts $base/lib/yahboomcar_description_x1 --single-version-externally-managed
[6.960s] running egg_info
[6.963s] writing ../../build/yahboomcar_description_x1/yahboomcar_description_x1.egg-info/PKG-INFO
[6.965s] writing dependency_links to ../../build/yahboomcar_description_x1/yahboomcar_description_x1.egg-info/dependency_links.txt
[6.967s] writing entry points to ../../build/yahboomcar_description_x1/yahboomcar_description_x1.egg-info/entry_points.txt
[6.969s] writing requirements to ../../build/yahboomcar_description_x1/yahboomcar_description_x1.egg-info/requires.txt
[6.971s] writing top-level names to ../../build/yahboomcar_description_x1/yahboomcar_description_x1.egg-info/top_level.txt
[7.140s] reading manifest file '../../build/yahboomcar_description_x1/yahboomcar_description_x1.egg-info/SOURCES.txt'
[7.166s] writing manifest file '../../build/yahboomcar_description_x1/yahboomcar_description_x1.egg-info/SOURCES.txt'
[7.167s] running build
[7.168s] running build_py
[7.170s] running install
[7.176s] running install_lib
[7.199s] running install_data
[7.205s] running install_egg_info
[7.213s] removing '/root/yahboomcar_ros2_ws/yahboomcar_ws/install/yahboomcar_description_x1/lib/python3.8/site-packages/yahboomcar_description_x1-0.0.0-py3.8.egg-info' (and everything under it)
[7.230s] Copying ../../build/yahboomcar_description_x1/yahboomcar_description_x1.egg-info to /root/yahboomcar_ros2_ws/yahboomcar_ws/install/yahboomcar_description_x1/lib/python3.8/site-packages/yahboomcar_description_x1-0.0.0-py3.8.egg-info
[7.242s] running install_scripts
[7.359s] writing list of installed files to '/root/yahboomcar_ros2_ws/yahboomcar_ws/build/yahboomcar_description_x1/install.log'
[7.535s] Invoked command in '/root/yahboomcar_ros2_ws/yahboomcar_ws/src/yahboomcar_description_x1' returned '0': PYTHONPATH=/root/yahboomcar_ros2_ws/yahboomcar_ws/build/yahboomcar_description_x1/prefix_override:/root/yahboomcar_ros2_ws/yahboomcar_ws/install/yahboomcar_description_x1/lib/python3.8/site-packages:${PYTHONPATH} /usr/bin/python3 setup.py egg_info --egg-base ../../build/yahboomcar_description_x1 build --build-base /root/yahboomcar_ros2_ws/yahboomcar_ws/build/yahboomcar_description_x1/build install --record /root/yahboomcar_ros2_ws/yahboomcar_ws/build/yahboomcar_description_x1/install.log --install-scripts $base/lib/yahboomcar_description_x1 --single-version-externally-managed
