[6.003s] Invoking command in '/root/yahboomcar_ros2_ws/yahboomcar_ws/src/yahboomcar_mediapipe': PYTHONPATH=/root/yahboomcar_ros2_ws/yahboomcar_ws/build/yahboomcar_mediapipe/prefix_override:/root/yahboomcar_ros2_ws/yahboomcar_ws/install/yahboomcar_mediapipe/lib/python3.8/site-packages:${PYTHONPATH} /usr/bin/python3 setup.py egg_info --egg-base ../../build/yahboomcar_mediapipe build --build-base /root/yahboomcar_ros2_ws/yahboomcar_ws/build/yahboomcar_mediapipe/build install --record /root/yahboomcar_ros2_ws/yahboomcar_ws/build/yahboomcar_mediapipe/install.log --install-scripts $base/lib/yahboomcar_mediapipe --single-version-externally-managed
[7.305s] running egg_info
[7.308s] writing ../../build/yahboomcar_mediapipe/yahboomcar_mediapipe.egg-info/PKG-INFO
[7.312s] writing dependency_links to ../../build/yahboomcar_mediapipe/yahboomcar_mediapipe.egg-info/dependency_links.txt
[7.313s] writing entry points to ../../build/yahboomcar_mediapipe/yahboomcar_mediapipe.egg-info/entry_points.txt
[7.313s] writing requirements to ../../build/yahboomcar_mediapipe/yahboomcar_mediapipe.egg-info/requires.txt
[7.314s] writing top-level names to ../../build/yahboomcar_mediapipe/yahboomcar_mediapipe.egg-info/top_level.txt
[7.508s] reading manifest file '../../build/yahboomcar_mediapipe/yahboomcar_mediapipe.egg-info/SOURCES.txt'
[7.534s] writing manifest file '../../build/yahboomcar_mediapipe/yahboomcar_mediapipe.egg-info/SOURCES.txt'
[7.538s] running build
[7.539s] running build_py
[7.550s] running install
[7.551s] running install_lib
[7.565s] running install_data
[7.575s] running install_egg_info
[7.584s] removing '/root/yahboomcar_ros2_ws/yahboomcar_ws/install/yahboomcar_mediapipe/lib/python3.8/site-packages/yahboomcar_mediapipe-0.0.0-py3.8.egg-info' (and everything under it)
[7.586s] Copying ../../build/yahboomcar_mediapipe/yahboomcar_mediapipe.egg-info to /root/yahboomcar_ros2_ws/yahboomcar_ws/install/yahboomcar_mediapipe/lib/python3.8/site-packages/yahboomcar_mediapipe-0.0.0-py3.8.egg-info
[7.593s] running install_scripts
[7.683s] Installing 01_HandDetector script to /root/yahboomcar_ros2_ws/yahboomcar_ws/install/yahboomcar_mediapipe/lib/yahboomcar_mediapipe
[7.690s] Installing 02_PoseDetector script to /root/yahboomcar_ros2_ws/yahboomcar_ws/install/yahboomcar_mediapipe/lib/yahboomcar_mediapipe
[7.692s] Installing 03_Holistic script to /root/yahboomcar_ros2_ws/yahboomcar_ws/install/yahboomcar_mediapipe/lib/yahboomcar_mediapipe
[7.693s] Installing 04_FaceMesh script to /root/yahboomcar_ros2_ws/yahboomcar_ws/install/yahboomcar_mediapipe/lib/yahboomcar_mediapipe
[7.695s] Installing 05_FaceEyeDetection script to /root/yahboomcar_ros2_ws/yahboomcar_ws/install/yahboomcar_mediapipe/lib/yahboomcar_mediapipe
[7.697s] Installing test_msg script to /root/yahboomcar_ros2_ws/yahboomcar_ws/install/yahboomcar_mediapipe/lib/yahboomcar_mediapipe
[7.700s] writing list of installed files to '/root/yahboomcar_ros2_ws/yahboomcar_ws/build/yahboomcar_mediapipe/install.log'
[7.898s] Invoked command in '/root/yahboomcar_ros2_ws/yahboomcar_ws/src/yahboomcar_mediapipe' returned '0': PYTHONPATH=/root/yahboomcar_ros2_ws/yahboomcar_ws/build/yahboomcar_mediapipe/prefix_override:/root/yahboomcar_ros2_ws/yahboomcar_ws/install/yahboomcar_mediapipe/lib/python3.8/site-packages:${PYTHONPATH} /usr/bin/python3 setup.py egg_info --egg-base ../../build/yahboomcar_mediapipe build --build-base /root/yahboomcar_ros2_ws/yahboomcar_ws/build/yahboomcar_mediapipe/build install --record /root/yahboomcar_ros2_ws/yahboomcar_ws/build/yahboomcar_mediapipe/install.log --install-scripts $base/lib/yahboomcar_mediapipe --single-version-externally-managed
