running egg_info
creating ../../build/yahboomcar_bringup/yahboomcar_bringup.egg-info
writing ../../build/yahboomcar_bringup/yahboomcar_bringup.egg-info/PKG-INFO
writing dependency_links to ../../build/yahboomcar_bringup/yahboomcar_bringup.egg-info/dependency_links.txt
writing entry points to ../../build/yahboomcar_bringup/yahboomcar_bringup.egg-info/entry_points.txt
writing requirements to ../../build/yahboomcar_bringup/yahboomcar_bringup.egg-info/requires.txt
writing top-level names to ../../build/yahboomcar_bringup/yahboomcar_bringup.egg-info/top_level.txt
writing manifest file '../../build/yahboomcar_bringup/yahboomcar_bringup.egg-info/SOURCES.txt'
reading manifest file '../../build/yahboomcar_bringup/yahboomcar_bringup.egg-info/SOURCES.txt'
writing manifest file '../../build/yahboomcar_bringup/yahboomcar_bringup.egg-info/SOURCES.txt'
running build
running build_py
creating /root/codes/iron_yahboomcar_ws/build/yahboomcar_bringup/build
creating /root/codes/iron_yahboomcar_ws/build/yahboomcar_bringup/build/lib
creating /root/codes/iron_yahboomcar_ws/build/yahboomcar_bringup/build/lib/yahboomcar_bringup
copying yahboomcar_bringup/Mcnamu_driver_X3.py -> /root/codes/iron_yahboomcar_ws/build/yahboomcar_bringup/build/lib/yahboomcar_bringup
copying yahboomcar_bringup/patrol_4ROS.py -> /root/codes/iron_yahboomcar_ws/build/yahboomcar_bringup/build/lib/yahboomcar_bringup
copying yahboomcar_bringup/Ackman_driver_R2.py -> /root/codes/iron_yahboomcar_ws/build/yahboomcar_bringup/build/lib/yahboomcar_bringup
copying yahboomcar_bringup/__init__.py -> /root/codes/iron_yahboomcar_ws/build/yahboomcar_bringup/build/lib/yahboomcar_bringup
copying yahboomcar_bringup/patrol_a1_R2.py -> /root/codes/iron_yahboomcar_ws/build/yahboomcar_bringup/build/lib/yahboomcar_bringup
copying yahboomcar_bringup/Mcnamu_driver_x1.py -> /root/codes/iron_yahboomcar_ws/build/yahboomcar_bringup/build/lib/yahboomcar_bringup
copying yahboomcar_bringup/untitled.py -> /root/codes/iron_yahboomcar_ws/build/yahboomcar_bringup/build/lib/yahboomcar_bringup
copying yahboomcar_bringup/calibrate_angular_X3.py -> /root/codes/iron_yahboomcar_ws/build/yahboomcar_bringup/build/lib/yahboomcar_bringup
copying yahboomcar_bringup/patrol_a1_X3.py -> /root/codes/iron_yahboomcar_ws/build/yahboomcar_bringup/build/lib/yahboomcar_bringup
copying yahboomcar_bringup/calibrate_angular_R2.py -> /root/codes/iron_yahboomcar_ws/build/yahboomcar_bringup/build/lib/yahboomcar_bringup
copying yahboomcar_bringup/transform_utils.py -> /root/codes/iron_yahboomcar_ws/build/yahboomcar_bringup/build/lib/yahboomcar_bringup
copying yahboomcar_bringup/test.py -> /root/codes/iron_yahboomcar_ws/build/yahboomcar_bringup/build/lib/yahboomcar_bringup
copying yahboomcar_bringup/calibrate_linear_R2.py -> /root/codes/iron_yahboomcar_ws/build/yahboomcar_bringup/build/lib/yahboomcar_bringup
copying yahboomcar_bringup/calibrate_linear_X3.py -> /root/codes/iron_yahboomcar_ws/build/yahboomcar_bringup/build/lib/yahboomcar_bringup
copying yahboomcar_bringup/patrol_4ROS_R2.py -> /root/codes/iron_yahboomcar_ws/build/yahboomcar_bringup/build/lib/yahboomcar_bringup
running install
running install_lib
running install_data
running install_egg_info
removing '/root/codes/iron_yahboomcar_ws/install/yahboomcar_bringup/lib/python3.8/site-packages/yahboomcar_bringup-0.0.0-py3.8.egg-info' (and everything under it)
Copying ../../build/yahboomcar_bringup/yahboomcar_bringup.egg-info to /root/codes/iron_yahboomcar_ws/install/yahboomcar_bringup/lib/python3.8/site-packages/yahboomcar_bringup-0.0.0-py3.8.egg-info
running install_scripts
Installing Ackman_driver_R2 script to /root/codes/iron_yahboomcar_ws/install/yahboomcar_bringup/lib/yahboomcar_bringup
Installing Mcnamu_driver_X3 script to /root/codes/iron_yahboomcar_ws/install/yahboomcar_bringup/lib/yahboomcar_bringup
Installing Mcnamu_driver_x1 script to /root/codes/iron_yahboomcar_ws/install/yahboomcar_bringup/lib/yahboomcar_bringup
Installing calibrate_angular_R2 script to /root/codes/iron_yahboomcar_ws/install/yahboomcar_bringup/lib/yahboomcar_bringup
Installing calibrate_angular_X3 script to /root/codes/iron_yahboomcar_ws/install/yahboomcar_bringup/lib/yahboomcar_bringup
Installing calibrate_linear_R2 script to /root/codes/iron_yahboomcar_ws/install/yahboomcar_bringup/lib/yahboomcar_bringup
Installing calibrate_linear_X3 script to /root/codes/iron_yahboomcar_ws/install/yahboomcar_bringup/lib/yahboomcar_bringup
Installing patrol_4ROS script to /root/codes/iron_yahboomcar_ws/install/yahboomcar_bringup/lib/yahboomcar_bringup
Installing patrol_4ROS_R2 script to /root/codes/iron_yahboomcar_ws/install/yahboomcar_bringup/lib/yahboomcar_bringup
Installing patrol_a1_R2 script to /root/codes/iron_yahboomcar_ws/install/yahboomcar_bringup/lib/yahboomcar_bringup
Installing patrol_a1_X3 script to /root/codes/iron_yahboomcar_ws/install/yahboomcar_bringup/lib/yahboomcar_bringup
writing list of installed files to '/root/codes/iron_yahboomcar_ws/build/yahboomcar_bringup/install.log'
