[8.888s] Invoking command in '/root/yahboomcar_ros2_ws/yahboomcar_ws/src/robot_pose_publisher': PYTHONPATH=/root/yahboomcar_ros2_ws/yahboomcar_ws/build/robot_pose_publisher/prefix_override:/root/yahboomcar_ros2_ws/yahboomcar_ws/install/robot_pose_publisher/lib/python3.8/site-packages:${PYTHONPATH} /usr/bin/python3 setup.py egg_info --egg-base ../../build/robot_pose_publisher build --build-base /root/yahboomcar_ros2_ws/yahboomcar_ws/build/robot_pose_publisher/build install --record /root/yahboomcar_ros2_ws/yahboomcar_ws/build/robot_pose_publisher/install.log --install-scripts $base/lib/robot_pose_publisher --single-version-externally-managed
[10.961s] running egg_info
[10.967s] writing ../../build/robot_pose_publisher/robot_pose_publisher.egg-info/PKG-INFO
[10.968s] writing dependency_links to ../../build/robot_pose_publisher/robot_pose_publisher.egg-info/dependency_links.txt
[10.970s] writing entry points to ../../build/robot_pose_publisher/robot_pose_publisher.egg-info/entry_points.txt
[10.971s] writing requirements to ../../build/robot_pose_publisher/robot_pose_publisher.egg-info/requires.txt
[10.972s] writing top-level names to ../../build/robot_pose_publisher/robot_pose_publisher.egg-info/top_level.txt
[11.357s] reading manifest file '../../build/robot_pose_publisher/robot_pose_publisher.egg-info/SOURCES.txt'
[11.449s] writing manifest file '../../build/robot_pose_publisher/robot_pose_publisher.egg-info/SOURCES.txt'
[11.449s] running build
[11.450s] running build_py
[11.451s] running install
[11.458s] running install_lib
[11.478s] running install_data
[11.485s] running install_egg_info
[11.504s] removing '/root/yahboomcar_ros2_ws/yahboomcar_ws/install/robot_pose_publisher/lib/python3.8/site-packages/robot_pose_publisher-0.0.0-py3.8.egg-info' (and everything under it)
[11.506s] Copying ../../build/robot_pose_publisher/robot_pose_publisher.egg-info to /root/yahboomcar_ros2_ws/yahboomcar_ws/install/robot_pose_publisher/lib/python3.8/site-packages/robot_pose_publisher-0.0.0-py3.8.egg-info
[11.514s] running install_scripts
[11.663s] Installing robot_pose_publisher script to /root/yahboomcar_ros2_ws/yahboomcar_ws/install/robot_pose_publisher/lib/robot_pose_publisher
[11.665s] writing list of installed files to '/root/yahboomcar_ros2_ws/yahboomcar_ws/build/robot_pose_publisher/install.log'
[11.793s] Invoked command in '/root/yahboomcar_ros2_ws/yahboomcar_ws/src/robot_pose_publisher' returned '0': PYTHONPATH=/root/yahboomcar_ros2_ws/yahboomcar_ws/build/robot_pose_publisher/prefix_override:/root/yahboomcar_ros2_ws/yahboomcar_ws/install/robot_pose_publisher/lib/python3.8/site-packages:${PYTHONPATH} /usr/bin/python3 setup.py egg_info --egg-base ../../build/robot_pose_publisher build --build-base /root/yahboomcar_ros2_ws/yahboomcar_ws/build/robot_pose_publisher/build install --record /root/yahboomcar_ros2_ws/yahboomcar_ws/build/robot_pose_publisher/install.log --install-scripts $base/lib/robot_pose_publisher --single-version-externally-managed
