[4.611s] Invoking command in '/root/yahboomcar_ros2_ws/yahboomcar_ws/src/yahboom_app_save_map': PYTHONPATH=/root/yahboomcar_ros2_ws/yahboomcar_ws/build/yahboom_app_save_map/prefix_override:/root/yahboomcar_ros2_ws/yahboomcar_ws/install/yahboom_app_save_map/lib/python3.8/site-packages:${PYTHONPATH} /usr/bin/python3 setup.py egg_info --egg-base ../../build/yahboom_app_save_map build --build-base /root/yahboomcar_ros2_ws/yahboomcar_ws/build/yahboom_app_save_map/build install --record /root/yahboomcar_ros2_ws/yahboomcar_ws/build/yahboom_app_save_map/install.log --install-scripts $base/lib/yahboom_app_save_map --single-version-externally-managed
[6.508s] running egg_info
[6.512s] writing ../../build/yahboom_app_save_map/yahboom_app_save_map.egg-info/PKG-INFO
[6.518s] writing dependency_links to ../../build/yahboom_app_save_map/yahboom_app_save_map.egg-info/dependency_links.txt
[6.519s] writing entry points to ../../build/yahboom_app_save_map/yahboom_app_save_map.egg-info/entry_points.txt
[6.519s] writing requirements to ../../build/yahboom_app_save_map/yahboom_app_save_map.egg-info/requires.txt
[6.519s] writing top-level names to ../../build/yahboom_app_save_map/yahboom_app_save_map.egg-info/top_level.txt
[6.694s] reading manifest file '../../build/yahboom_app_save_map/yahboom_app_save_map.egg-info/SOURCES.txt'
[6.704s] writing manifest file '../../build/yahboom_app_save_map/yahboom_app_save_map.egg-info/SOURCES.txt'
[6.705s] running build
[6.706s] running build_py
[6.706s] running install
[6.711s] running install_lib
[6.718s] running install_data
[6.721s] running install_egg_info
[6.730s] removing '/root/yahboomcar_ros2_ws/yahboomcar_ws/install/yahboom_app_save_map/lib/python3.8/site-packages/yahboom_app_save_map-0.0.0-py3.8.egg-info' (and everything under it)
[6.733s] Copying ../../build/yahboom_app_save_map/yahboom_app_save_map.egg-info to /root/yahboomcar_ros2_ws/yahboomcar_ws/install/yahboom_app_save_map/lib/python3.8/site-packages/yahboom_app_save_map-0.0.0-py3.8.egg-info
[6.740s] running install_scripts
[6.825s] Installing client script to /root/yahboomcar_ros2_ws/yahboomcar_ws/install/yahboom_app_save_map/lib/yahboom_app_save_map
[6.827s] Installing server script to /root/yahboomcar_ros2_ws/yahboomcar_ws/install/yahboom_app_save_map/lib/yahboom_app_save_map
[6.828s] writing list of installed files to '/root/yahboomcar_ros2_ws/yahboomcar_ws/build/yahboom_app_save_map/install.log'
[7.091s] Invoked command in '/root/yahboomcar_ros2_ws/yahboomcar_ws/src/yahboom_app_save_map' returned '0': PYTHONPATH=/root/yahboomcar_ros2_ws/yahboomcar_ws/build/yahboom_app_save_map/prefix_override:/root/yahboomcar_ros2_ws/yahboomcar_ws/install/yahboom_app_save_map/lib/python3.8/site-packages:${PYTHONPATH} /usr/bin/python3 setup.py egg_info --egg-base ../../build/yahboom_app_save_map build --build-base /root/yahboomcar_ros2_ws/yahboomcar_ws/build/yahboom_app_save_map/build install --record /root/yahboomcar_ros2_ws/yahboomcar_ws/build/yahboom_app_save_map/install.log --install-scripts $base/lib/yahboom_app_save_map --single-version-externally-managed
