/root/codes/iron_yahboomcar_ws/install/yahboomcar_voice_ctrl/lib/python3.8/site-packages/yahboomcar_voice_ctrl/Voice_Ctrl_follow_line_4ROS_R2.py
/root/codes/iron_yahboomcar_ws/install/yahboomcar_voice_ctrl/lib/python3.8/site-packages/yahboomcar_voice_ctrl/voice_Ctrl_send_mark.py
/root/codes/iron_yahboomcar_ws/install/yahboomcar_voice_ctrl/lib/python3.8/site-packages/yahboomcar_voice_ctrl/__init__.py
/root/codes/iron_yahboomcar_ws/install/yahboomcar_voice_ctrl/lib/python3.8/site-packages/yahboomcar_voice_ctrl/Voice_Ctrl_colorHSV.py
/root/codes/iron_yahboomcar_ws/install/yahboomcar_voice_ctrl/lib/python3.8/site-packages/yahboomcar_voice_ctrl/colorHSV.py
/root/codes/iron_yahboomcar_ws/install/yahboomcar_voice_ctrl/lib/python3.8/site-packages/yahboomcar_voice_ctrl/Voice_Ctrl_follow_line_a1_X3.py
/root/codes/iron_yahboomcar_ws/install/yahboomcar_voice_ctrl/lib/python3.8/site-packages/yahboomcar_voice_ctrl/Voice_Ctrl_colorTracker.py
/root/codes/iron_yahboomcar_ws/install/yahboomcar_voice_ctrl/lib/python3.8/site-packages/yahboomcar_voice_ctrl/Voice_Ctrl_Ackman_driver.py
/root/codes/iron_yahboomcar_ws/install/yahboomcar_voice_ctrl/lib/python3.8/site-packages/yahboomcar_voice_ctrl/follow_common.py
/root/codes/iron_yahboomcar_ws/install/yahboomcar_voice_ctrl/lib/python3.8/site-packages/yahboomcar_voice_ctrl/astra_common.py
/root/codes/iron_yahboomcar_ws/install/yahboomcar_voice_ctrl/lib/python3.8/site-packages/yahboomcar_voice_ctrl/Voice_Ctrl_Mcnamu_driver_X3.py
/root/codes/iron_yahboomcar_ws/install/yahboomcar_voice_ctrl/lib/python3.8/site-packages/yahboomcar_voice_ctrl/Voice_Ctrl_follow_line_a1_R2.py
/root/codes/iron_yahboomcar_ws/install/yahboomcar_voice_ctrl/lib/python3.8/site-packages/yahboomcar_voice_ctrl/voice_Ctrl_color_identify.py
/root/codes/iron_yahboomcar_ws/install/yahboomcar_voice_ctrl/lib/python3.8/site-packages/yahboomcar_voice_ctrl/__pycache__/Voice_Ctrl_follow_line_4ROS_R2.cpython-38.pyc
/root/codes/iron_yahboomcar_ws/install/yahboomcar_voice_ctrl/lib/python3.8/site-packages/yahboomcar_voice_ctrl/__pycache__/voice_Ctrl_send_mark.cpython-38.pyc
/root/codes/iron_yahboomcar_ws/install/yahboomcar_voice_ctrl/lib/python3.8/site-packages/yahboomcar_voice_ctrl/__pycache__/__init__.cpython-38.pyc
/root/codes/iron_yahboomcar_ws/install/yahboomcar_voice_ctrl/lib/python3.8/site-packages/yahboomcar_voice_ctrl/__pycache__/Voice_Ctrl_colorHSV.cpython-38.pyc
/root/codes/iron_yahboomcar_ws/install/yahboomcar_voice_ctrl/lib/python3.8/site-packages/yahboomcar_voice_ctrl/__pycache__/colorHSV.cpython-38.pyc
/root/codes/iron_yahboomcar_ws/install/yahboomcar_voice_ctrl/lib/python3.8/site-packages/yahboomcar_voice_ctrl/__pycache__/Voice_Ctrl_follow_line_a1_X3.cpython-38.pyc
/root/codes/iron_yahboomcar_ws/install/yahboomcar_voice_ctrl/lib/python3.8/site-packages/yahboomcar_voice_ctrl/__pycache__/Voice_Ctrl_colorTracker.cpython-38.pyc
/root/codes/iron_yahboomcar_ws/install/yahboomcar_voice_ctrl/lib/python3.8/site-packages/yahboomcar_voice_ctrl/__pycache__/Voice_Ctrl_Ackman_driver.cpython-38.pyc
/root/codes/iron_yahboomcar_ws/install/yahboomcar_voice_ctrl/lib/python3.8/site-packages/yahboomcar_voice_ctrl/__pycache__/follow_common.cpython-38.pyc
/root/codes/iron_yahboomcar_ws/install/yahboomcar_voice_ctrl/lib/python3.8/site-packages/yahboomcar_voice_ctrl/__pycache__/astra_common.cpython-38.pyc
/root/codes/iron_yahboomcar_ws/install/yahboomcar_voice_ctrl/lib/python3.8/site-packages/yahboomcar_voice_ctrl/__pycache__/Voice_Ctrl_Mcnamu_driver_X3.cpython-38.pyc
/root/codes/iron_yahboomcar_ws/install/yahboomcar_voice_ctrl/lib/python3.8/site-packages/yahboomcar_voice_ctrl/__pycache__/Voice_Ctrl_follow_line_a1_R2.cpython-38.pyc
/root/codes/iron_yahboomcar_ws/install/yahboomcar_voice_ctrl/lib/python3.8/site-packages/yahboomcar_voice_ctrl/__pycache__/voice_Ctrl_color_identify.cpython-38.pyc
/root/codes/iron_yahboomcar_ws/install/yahboomcar_voice_ctrl/share/ament_index/resource_index/packages/yahboomcar_voice_ctrl
/root/codes/iron_yahboomcar_ws/install/yahboomcar_voice_ctrl/share/yahboomcar_voice_ctrl/package.xml
/root/codes/iron_yahboomcar_ws/install/yahboomcar_voice_ctrl/lib/python3.8/site-packages/yahboomcar_voice_ctrl-0.0.0-py3.8.egg-info/PKG-INFO
/root/codes/iron_yahboomcar_ws/install/yahboomcar_voice_ctrl/lib/python3.8/site-packages/yahboomcar_voice_ctrl-0.0.0-py3.8.egg-info/top_level.txt
/root/codes/iron_yahboomcar_ws/install/yahboomcar_voice_ctrl/lib/python3.8/site-packages/yahboomcar_voice_ctrl-0.0.0-py3.8.egg-info/zip-safe
/root/codes/iron_yahboomcar_ws/install/yahboomcar_voice_ctrl/lib/python3.8/site-packages/yahboomcar_voice_ctrl-0.0.0-py3.8.egg-info/dependency_links.txt
/root/codes/iron_yahboomcar_ws/install/yahboomcar_voice_ctrl/lib/python3.8/site-packages/yahboomcar_voice_ctrl-0.0.0-py3.8.egg-info/entry_points.txt
/root/codes/iron_yahboomcar_ws/install/yahboomcar_voice_ctrl/lib/python3.8/site-packages/yahboomcar_voice_ctrl-0.0.0-py3.8.egg-info/requires.txt
/root/codes/iron_yahboomcar_ws/install/yahboomcar_voice_ctrl/lib/python3.8/site-packages/yahboomcar_voice_ctrl-0.0.0-py3.8.egg-info/SOURCES.txt
/root/codes/iron_yahboomcar_ws/install/yahboomcar_voice_ctrl/lib/yahboomcar_voice_ctrl/Voice_Ctrl_Ackman_driver_R2
/root/codes/iron_yahboomcar_ws/install/yahboomcar_voice_ctrl/lib/yahboomcar_voice_ctrl/Voice_Ctrl_Mcnamu_driver_X3
/root/codes/iron_yahboomcar_ws/install/yahboomcar_voice_ctrl/lib/yahboomcar_voice_ctrl/Voice_Ctrl_colorHSV
/root/codes/iron_yahboomcar_ws/install/yahboomcar_voice_ctrl/lib/yahboomcar_voice_ctrl/Voice_Ctrl_colorTracker
/root/codes/iron_yahboomcar_ws/install/yahboomcar_voice_ctrl/lib/yahboomcar_voice_ctrl/Voice_Ctrl_follow_line_4ROS_R2
/root/codes/iron_yahboomcar_ws/install/yahboomcar_voice_ctrl/lib/yahboomcar_voice_ctrl/Voice_Ctrl_follow_line_a1_R2
/root/codes/iron_yahboomcar_ws/install/yahboomcar_voice_ctrl/lib/yahboomcar_voice_ctrl/Voice_Ctrl_follow_line_a1_X3
/root/codes/iron_yahboomcar_ws/install/yahboomcar_voice_ctrl/lib/yahboomcar_voice_ctrl/voice_Ctrl_send_mark
