[9.801s] Invoking command in '/root/codes/iron_yahboomcar_ws/src/yahboomcar_nav': PYTHONPATH=/root/codes/iron_yahboomcar_ws/build/yahboomcar_nav/prefix_override:/root/codes/iron_yahboomcar_ws/install/yahboomcar_nav/lib/python3.8/site-packages:${PYTHONPATH} /usr/bin/python3 setup.py egg_info --egg-base ../../build/yahboomcar_nav build --build-base /root/codes/iron_yahboomcar_ws/build/yahboomcar_nav/build install --record /root/codes/iron_yahboomcar_ws/build/yahboomcar_nav/install.log --install-scripts $base/lib/yahboomcar_nav --single-version-externally-managed
[11.133s] running egg_info
[11.135s] creating ../../build/yahboomcar_nav/yahboomcar_nav.egg-info
[11.136s] writing ../../build/yahboomcar_nav/yahboomcar_nav.egg-info/PKG-INFO
[11.137s] writing dependency_links to ../../build/yahboomcar_nav/yahboomcar_nav.egg-info/dependency_links.txt
[11.138s] writing entry points to ../../build/yahboomcar_nav/yahboomcar_nav.egg-info/entry_points.txt
[11.138s] writing requirements to ../../build/yahboomcar_nav/yahboomcar_nav.egg-info/requires.txt
[11.139s] writing top-level names to ../../build/yahboomcar_nav/yahboomcar_nav.egg-info/top_level.txt
[11.148s] writing manifest file '../../build/yahboomcar_nav/yahboomcar_nav.egg-info/SOURCES.txt'
[11.315s] reading manifest file '../../build/yahboomcar_nav/yahboomcar_nav.egg-info/SOURCES.txt'
[11.320s] writing manifest file '../../build/yahboomcar_nav/yahboomcar_nav.egg-info/SOURCES.txt'
[11.321s] running build
[11.321s] running build_py
[11.322s] creating /root/codes/iron_yahboomcar_ws/build/yahboomcar_nav/build
[11.322s] creating /root/codes/iron_yahboomcar_ws/build/yahboomcar_nav/build/lib
[11.322s] creating /root/codes/iron_yahboomcar_ws/build/yahboomcar_nav/build/lib/yahboomcar_nav
[11.323s] copying yahboomcar_nav/__init__.py -> /root/codes/iron_yahboomcar_ws/build/yahboomcar_nav/build/lib/yahboomcar_nav
[11.323s] copying yahboomcar_nav/scan_filter.py -> /root/codes/iron_yahboomcar_ws/build/yahboomcar_nav/build/lib/yahboomcar_nav
[11.324s] running install
[11.328s] running install_lib
[11.333s] copying /root/codes/iron_yahboomcar_ws/build/yahboomcar_nav/build/lib/yahboomcar_nav/__init__.py -> /root/codes/iron_yahboomcar_ws/install/yahboomcar_nav/lib/python3.8/site-packages/yahboomcar_nav
[11.333s] copying /root/codes/iron_yahboomcar_ws/build/yahboomcar_nav/build/lib/yahboomcar_nav/scan_filter.py -> /root/codes/iron_yahboomcar_ws/install/yahboomcar_nav/lib/python3.8/site-packages/yahboomcar_nav
[11.337s] byte-compiling /root/codes/iron_yahboomcar_ws/install/yahboomcar_nav/lib/python3.8/site-packages/yahboomcar_nav/__init__.py to __init__.cpython-38.pyc
[11.342s] byte-compiling /root/codes/iron_yahboomcar_ws/install/yahboomcar_nav/lib/python3.8/site-packages/yahboomcar_nav/scan_filter.py to scan_filter.cpython-38.pyc
[11.345s] running install_data
[11.351s] copying resource/yahboomcar_nav -> /root/codes/iron_yahboomcar_ws/install/yahboomcar_nav/share/ament_index/resource_index/packages
[11.352s] copying package.xml -> /root/codes/iron_yahboomcar_ws/install/yahboomcar_nav/share/yahboomcar_nav
[11.352s] copying launch/rtabmap_nav_launch.py -> /root/codes/iron_yahboomcar_ws/install/yahboomcar_nav/share/yahboomcar_nav/launch
[11.353s] copying launch/map_rtabmap_launch.py -> /root/codes/iron_yahboomcar_ws/install/yahboomcar_nav/share/yahboomcar_nav/launch
[11.353s] copying launch/display_rtabmap_map_launch.py -> /root/codes/iron_yahboomcar_ws/install/yahboomcar_nav/share/yahboomcar_nav/launch
[11.354s] copying launch/navigation_dwa_launch.py -> /root/codes/iron_yahboomcar_ws/install/yahboomcar_nav/share/yahboomcar_nav/launch
[11.354s] copying launch/occupancy_grid_launch.py -> /root/codes/iron_yahboomcar_ws/install/yahboomcar_nav/share/yahboomcar_nav/launch
[11.354s] copying launch/map_gmapping_launch.py -> /root/codes/iron_yahboomcar_ws/install/yahboomcar_nav/share/yahboomcar_nav/launch
[11.355s] copying launch/rtabmap_sync_launch.py -> /root/codes/iron_yahboomcar_ws/install/yahboomcar_nav/share/yahboomcar_nav/launch
[11.355s] copying launch/map_cartographer_launch.py -> /root/codes/iron_yahboomcar_ws/install/yahboomcar_nav/share/yahboomcar_nav/launch
[11.356s] copying launch/laser_bringup_launch.py -> /root/codes/iron_yahboomcar_ws/install/yahboomcar_nav/share/yahboomcar_nav/launch
[11.356s] copying launch/navigation_teb_launch.py -> /root/codes/iron_yahboomcar_ws/install/yahboomcar_nav/share/yahboomcar_nav/launch
[11.356s] copying launch/display_nav_launch.py -> /root/codes/iron_yahboomcar_ws/install/yahboomcar_nav/share/yahboomcar_nav/launch
[11.357s] copying launch/rtabmap_viz_launch.py -> /root/codes/iron_yahboomcar_ws/install/yahboomcar_nav/share/yahboomcar_nav/launch
[11.357s] copying launch/display_map_launch.py -> /root/codes/iron_yahboomcar_ws/install/yahboomcar_nav/share/yahboomcar_nav/launch
[11.358s] copying launch/map_gmapping_a1_launch.py -> /root/codes/iron_yahboomcar_ws/install/yahboomcar_nav/share/yahboomcar_nav/launch
[11.358s] copying launch/map_gmapping_4ros_s2_launch.py -> /root/codes/iron_yahboomcar_ws/install/yahboomcar_nav/share/yahboomcar_nav/launch
[11.359s] copying launch/navigation_rtabmap_launch.py -> /root/codes/iron_yahboomcar_ws/install/yahboomcar_nav/share/yahboomcar_nav/launch
[11.359s] copying launch/cartographer_launch.py -> /root/codes/iron_yahboomcar_ws/install/yahboomcar_nav/share/yahboomcar_nav/launch
[11.360s] copying launch/rtabmap_localization_launch.py -> /root/codes/iron_yahboomcar_ws/install/yahboomcar_nav/share/yahboomcar_nav/launch
[11.360s] copying launch/display_rtabmap_nav_launch.py -> /root/codes/iron_yahboomcar_ws/install/yahboomcar_nav/share/yahboomcar_nav/launch
[11.360s] copying launch/save_map_launch.py -> /root/codes/iron_yahboomcar_ws/install/yahboomcar_nav/share/yahboomcar_nav/launch
[11.361s] copying rviz/map.rviz -> /root/codes/iron_yahboomcar_ws/install/yahboomcar_nav/share/yahboomcar_nav/rviz
[11.361s] copying rviz/nav.rviz -> /root/codes/iron_yahboomcar_ws/install/yahboomcar_nav/share/yahboomcar_nav/rviz
[11.362s] copying rviz/rtabmap_nav.rviz -> /root/codes/iron_yahboomcar_ws/install/yahboomcar_nav/share/yahboomcar_nav/rviz
[11.362s] copying rviz/rtabmap_map.rviz -> /root/codes/iron_yahboomcar_ws/install/yahboomcar_nav/share/yahboomcar_nav/rviz
[11.362s] copying params/rtabmap_nav_params.yaml -> /root/codes/iron_yahboomcar_ws/install/yahboomcar_nav/share/yahboomcar_nav/params
[11.363s] copying params/lds_2d.lua -> /root/codes/iron_yahboomcar_ws/install/yahboomcar_nav/share/yahboomcar_nav/params
[11.363s] copying params/teb_nav_params.yaml -> /root/codes/iron_yahboomcar_ws/install/yahboomcar_nav/share/yahboomcar_nav/params
[11.364s] copying params/dwa_nav_params.yaml -> /root/codes/iron_yahboomcar_ws/install/yahboomcar_nav/share/yahboomcar_nav/params
[11.364s] copying maps/yahboomcar2.pgm -> /root/codes/iron_yahboomcar_ws/install/yahboomcar_nav/share/yahboomcar_nav/maps
[11.364s] copying maps/yahboomcar.yaml -> /root/codes/iron_yahboomcar_ws/install/yahboomcar_nav/share/yahboomcar_nav/maps
[11.365s] copying maps/yahboomcar2.yaml -> /root/codes/iron_yahboomcar_ws/install/yahboomcar_nav/share/yahboomcar_nav/maps
[11.365s] copying maps/yahboomcar.pgm -> /root/codes/iron_yahboomcar_ws/install/yahboomcar_nav/share/yahboomcar_nav/maps
[11.366s] running install_egg_info
[11.375s] removing '/root/codes/iron_yahboomcar_ws/install/yahboomcar_nav/lib/python3.8/site-packages/yahboomcar_nav-0.0.0-py3.8.egg-info' (and everything under it)
[11.376s] Copying ../../build/yahboomcar_nav/yahboomcar_nav.egg-info to /root/codes/iron_yahboomcar_ws/install/yahboomcar_nav/lib/python3.8/site-packages/yahboomcar_nav-0.0.0-py3.8.egg-info
[11.380s] running install_scripts
[11.465s] Installing scan_filter script to /root/codes/iron_yahboomcar_ws/install/yahboomcar_nav/lib/yahboomcar_nav
[11.466s] writing list of installed files to '/root/codes/iron_yahboomcar_ws/build/yahboomcar_nav/install.log'
[11.586s] Invoked command in '/root/codes/iron_yahboomcar_ws/src/yahboomcar_nav' returned '0': PYTHONPATH=/root/codes/iron_yahboomcar_ws/build/yahboomcar_nav/prefix_override:/root/codes/iron_yahboomcar_ws/install/yahboomcar_nav/lib/python3.8/site-packages:${PYTHONPATH} /usr/bin/python3 setup.py egg_info --egg-base ../../build/yahboomcar_nav build --build-base /root/codes/iron_yahboomcar_ws/build/yahboomcar_nav/build install --record /root/codes/iron_yahboomcar_ws/build/yahboomcar_nav/install.log --install-scripts $base/lib/yahboomcar_nav --single-version-externally-managed
