[4.107s] Invoking command in '/root/yahboomcar_ros2_ws/yahboomcar_ws/src/yahboomcar_visual': PYTHONPATH=/root/yahboomcar_ros2_ws/yahboomcar_ws/build/yahboomcar_visual/prefix_override:/root/yahboomcar_ros2_ws/yahboomcar_ws/install/yahboomcar_visual/lib/python3.8/site-packages:${PYTHONPATH} /usr/bin/python3 setup.py egg_info --egg-base ../../build/yahboomcar_visual build --build-base /root/yahboomcar_ros2_ws/yahboomcar_ws/build/yahboomcar_visual/build install --record /root/yahboomcar_ros2_ws/yahboomcar_ws/build/yahboomcar_visual/install.log --install-scripts $base/lib/yahboomcar_visual --single-version-externally-managed
[5.378s] running egg_info
[5.382s] writing ../../build/yahboomcar_visual/yahboomcar_visual.egg-info/PKG-INFO
[5.395s] writing dependency_links to ../../build/yahboomcar_visual/yahboomcar_visual.egg-info/dependency_links.txt
[5.396s] writing entry points to ../../build/yahboomcar_visual/yahboomcar_visual.egg-info/entry_points.txt
[5.397s] writing requirements to ../../build/yahboomcar_visual/yahboomcar_visual.egg-info/requires.txt
[5.398s] writing top-level names to ../../build/yahboomcar_visual/yahboomcar_visual.egg-info/top_level.txt
[5.602s] reading manifest file '../../build/yahboomcar_visual/yahboomcar_visual.egg-info/SOURCES.txt'
[5.617s] writing manifest file '../../build/yahboomcar_visual/yahboomcar_visual.egg-info/SOURCES.txt'
[5.618s] running build
[5.618s] running build_py
[5.632s] running install
[5.636s] running install_lib
[5.655s] running install_data
[5.659s] running install_egg_info
[5.666s] removing '/root/yahboomcar_ros2_ws/yahboomcar_ws/install/yahboomcar_visual/lib/python3.8/site-packages/yahboomcar_visual-0.0.0-py3.8.egg-info' (and everything under it)
[5.680s] Copying ../../build/yahboomcar_visual/yahboomcar_visual.egg-info to /root/yahboomcar_ros2_ws/yahboomcar_ws/install/yahboomcar_visual/lib/python3.8/site-packages/yahboomcar_visual-0.0.0-py3.8.egg-info
[5.687s] running install_scripts
[5.766s] Installing astra_color_point script to /root/yahboomcar_ros2_ws/yahboomcar_ws/install/yahboomcar_visual/lib/yahboomcar_visual
[5.779s] Installing astra_depth_image script to /root/yahboomcar_ros2_ws/yahboomcar_ws/install/yahboomcar_visual/lib/yahboomcar_visual
[5.780s] Installing astra_image_flip script to /root/yahboomcar_ros2_ws/yahboomcar_ws/install/yahboomcar_visual/lib/yahboomcar_visual
[5.780s] Installing astra_rgb_image script to /root/yahboomcar_ros2_ws/yahboomcar_ws/install/yahboomcar_visual/lib/yahboomcar_visual
[5.781s] Installing laser_to_image script to /root/yahboomcar_ros2_ws/yahboomcar_ws/install/yahboomcar_visual/lib/yahboomcar_visual
[5.781s] Installing pub_image script to /root/yahboomcar_ros2_ws/yahboomcar_ws/install/yahboomcar_visual/lib/yahboomcar_visual
[5.782s] Installing simple_AR script to /root/yahboomcar_ros2_ws/yahboomcar_ws/install/yahboomcar_visual/lib/yahboomcar_visual
[5.784s] writing list of installed files to '/root/yahboomcar_ros2_ws/yahboomcar_ws/build/yahboomcar_visual/install.log'
[5.898s] Invoked command in '/root/yahboomcar_ros2_ws/yahboomcar_ws/src/yahboomcar_visual' returned '0': PYTHONPATH=/root/yahboomcar_ros2_ws/yahboomcar_ws/build/yahboomcar_visual/prefix_override:/root/yahboomcar_ros2_ws/yahboomcar_ws/install/yahboomcar_visual/lib/python3.8/site-packages:${PYTHONPATH} /usr/bin/python3 setup.py egg_info --egg-base ../../build/yahboomcar_visual build --build-base /root/yahboomcar_ros2_ws/yahboomcar_ws/build/yahboomcar_visual/build install --record /root/yahboomcar_ros2_ws/yahboomcar_ws/build/yahboomcar_visual/install.log --install-scripts $base/lib/yahboomcar_visual --single-version-externally-managed
