[  1%] Built target yahboomcar_msgs__cpp
[ 12%] Built target yahboomcar_msgs__rosidl_generator_c
[ 23%] Built target yahboomcar_msgs__rosidl_typesupport_cpp
[ 34%] Built target yahboomcar_msgs__rosidl_typesupport_introspection_c
[ 46%] Built target yahboomcar_msgs__rosidl_typesupport_c
[ 57%] Built target yahboomcar_msgs__rosidl_typesupport_fastrtps_cpp
[ 68%] Built target yahboomcar_msgs__rosidl_typesupport_introspection_cpp
[ 79%] Built target yahboomcar_msgs__rosidl_typesupport_fastrtps_c
[ 79%] Built target yahboomcar_msgs
[ 80%] Built target yahboomcar_msgs__py
[ 90%] Built target yahboomcar_msgs__python
[ 93%] Built target yahboomcar_msgs__rosidl_typesupport_c__pyext
[ 96%] Built target yahboomcar_msgs__rosidl_typesupport_fastrtps_c__pyext
[100%] Built target yahboomcar_msgs__rosidl_typesupport_introspection_c__pyext
-- Install configuration: ""
-- Installing: /root/yahboomcar_ros2_ws/yahboomcar_ws/install/yahboomcar_msgs/share/ament_index/resource_index/rosidl_interfaces/yahboomcar_msgs
-- Installing: /root/yahboomcar_ros2_ws/yahboomcar_ws/install/yahboomcar_msgs/include/yahboomcar_msgs
-- Installing: /root/yahboomcar_ros2_ws/yahboomcar_ws/install/yahboomcar_msgs/include/yahboomcar_msgs/msg
-- Installing: /root/yahboomcar_ros2_ws/yahboomcar_ws/install/yahboomcar_msgs/include/yahboomcar_msgs/msg/detail
-- Installing: /root/yahboomcar_ros2_ws/yahboomcar_ws/install/yahboomcar_msgs/include/yahboomcar_msgs/msg/detail/position__type_support.h
-- Installing: /root/yahboomcar_ros2_ws/yahboomcar_ws/install/yahboomcar_msgs/include/yahboomcar_msgs/msg/detail/image_msg__functions.c
-- Installing: /root/yahboomcar_ros2_ws/yahboomcar_ws/install/yahboomcar_msgs/include/yahboomcar_msgs/msg/detail/target__struct.h
-- Installing: /root/yahboomcar_ros2_ws/yahboomcar_ws/install/yahboomcar_msgs/include/yahboomcar_msgs/msg/detail/position__struct.h
-- Installing: /root/yahboomcar_ros2_ws/yahboomcar_ws/install/yahboomcar_msgs/include/yahboomcar_msgs/msg/detail/point_array__struct.h
-- Installing: /root/yahboomcar_ros2_ws/yahboomcar_ws/install/yahboomcar_msgs/include/yahboomcar_msgs/msg/detail/target_array__functions.c
-- Installing: /root/yahboomcar_ros2_ws/yahboomcar_ws/install/yahboomcar_msgs/include/yahboomcar_msgs/msg/detail/target__type_support.h
-- Installing: /root/yahboomcar_ros2_ws/yahboomcar_ws/install/yahboomcar_msgs/include/yahboomcar_msgs/msg/detail/target__functions.h
-- Installing: /root/yahboomcar_ros2_ws/yahboomcar_ws/install/yahboomcar_msgs/include/yahboomcar_msgs/msg/detail/target__functions.c
-- Installing: /root/yahboomcar_ros2_ws/yahboomcar_ws/install/yahboomcar_msgs/include/yahboomcar_msgs/msg/detail/position__functions.h
-- Installing: /root/yahboomcar_ros2_ws/yahboomcar_ws/install/yahboomcar_msgs/include/yahboomcar_msgs/msg/detail/point_array__functions.c
-- Installing: /root/yahboomcar_ros2_ws/yahboomcar_ws/install/yahboomcar_msgs/include/yahboomcar_msgs/msg/detail/point_array__functions.h
-- Installing: /root/yahboomcar_ros2_ws/yahboomcar_ws/install/yahboomcar_msgs/include/yahboomcar_msgs/msg/detail/target_array__functions.h
-- Installing: /root/yahboomcar_ros2_ws/yahboomcar_ws/install/yahboomcar_msgs/include/yahboomcar_msgs/msg/detail/target_array__struct.h
-- Installing: /root/yahboomcar_ros2_ws/yahboomcar_ws/install/yahboomcar_msgs/include/yahboomcar_msgs/msg/detail/image_msg__struct.h
-- Installing: /root/yahboomcar_ros2_ws/yahboomcar_ws/install/yahboomcar_msgs/include/yahboomcar_msgs/msg/detail/target_array__type_support.h
-- Installing: /root/yahboomcar_ros2_ws/yahboomcar_ws/install/yahboomcar_msgs/include/yahboomcar_msgs/msg/detail/position__functions.c
-- Installing: /root/yahboomcar_ros2_ws/yahboomcar_ws/install/yahboomcar_msgs/include/yahboomcar_msgs/msg/detail/image_msg__type_support.h
-- Installing: /root/yahboomcar_ros2_ws/yahboomcar_ws/install/yahboomcar_msgs/include/yahboomcar_msgs/msg/detail/point_array__type_support.h
-- Installing: /root/yahboomcar_ros2_ws/yahboomcar_ws/install/yahboomcar_msgs/include/yahboomcar_msgs/msg/detail/image_msg__functions.h
-- Installing: /root/yahboomcar_ros2_ws/yahboomcar_ws/install/yahboomcar_msgs/include/yahboomcar_msgs/msg/rosidl_generator_c__visibility_control.h
-- Installing: /root/yahboomcar_ros2_ws/yahboomcar_ws/install/yahboomcar_msgs/include/yahboomcar_msgs/msg/image_msg.h
-- Installing: /root/yahboomcar_ros2_ws/yahboomcar_ws/install/yahboomcar_msgs/include/yahboomcar_msgs/msg/target.h
-- Installing: /root/yahboomcar_ros2_ws/yahboomcar_ws/install/yahboomcar_msgs/include/yahboomcar_msgs/msg/position.h
-- Installing: /root/yahboomcar_ros2_ws/yahboomcar_ws/install/yahboomcar_msgs/include/yahboomcar_msgs/msg/target_array.h
-- Installing: /root/yahboomcar_ros2_ws/yahboomcar_ws/install/yahboomcar_msgs/include/yahboomcar_msgs/msg/point_array.h
-- Installing: /root/yahboomcar_ros2_ws/yahboomcar_ws/install/yahboomcar_msgs/share/yahboomcar_msgs/environment/library_path.sh
-- Installing: /root/yahboomcar_ros2_ws/yahboomcar_ws/install/yahboomcar_msgs/share/yahboomcar_msgs/environment/library_path.dsv
-- Installing: /root/yahboomcar_ros2_ws/yahboomcar_ws/install/yahboomcar_msgs/lib/libyahboomcar_msgs__rosidl_generator_c.so
-- Set runtime path of "/root/yahboomcar_ros2_ws/yahboomcar_ws/install/yahboomcar_msgs/lib/libyahboomcar_msgs__rosidl_generator_c.so" to ""
-- Up-to-date: /root/yahboomcar_ros2_ws/yahboomcar_ws/install/yahboomcar_msgs/include/yahboomcar_msgs
-- Up-to-date: /root/yahboomcar_ros2_ws/yahboomcar_ws/install/yahboomcar_msgs/include/yahboomcar_msgs/msg
-- Up-to-date: /root/yahboomcar_ros2_ws/yahboomcar_ws/install/yahboomcar_msgs/include/yahboomcar_msgs/msg/detail
-- Installing: /root/yahboomcar_ros2_ws/yahboomcar_ws/install/yahboomcar_msgs/include/yahboomcar_msgs/msg/detail/target__rosidl_typesupport_fastrtps_c.h
-- Installing: /root/yahboomcar_ros2_ws/yahboomcar_ws/install/yahboomcar_msgs/include/yahboomcar_msgs/msg/detail/image_msg__rosidl_typesupport_fastrtps_c.h
-- Installing: /root/yahboomcar_ros2_ws/yahboomcar_ws/install/yahboomcar_msgs/include/yahboomcar_msgs/msg/detail/target_array__rosidl_typesupport_fastrtps_c.h
-- Installing: /root/yahboomcar_ros2_ws/yahboomcar_ws/install/yahboomcar_msgs/include/yahboomcar_msgs/msg/detail/position__rosidl_typesupport_fastrtps_c.h
-- Installing: /root/yahboomcar_ros2_ws/yahboomcar_ws/install/yahboomcar_msgs/include/yahboomcar_msgs/msg/detail/point_array__rosidl_typesupport_fastrtps_c.h
-- Installing: /root/yahboomcar_ros2_ws/yahboomcar_ws/install/yahboomcar_msgs/include/yahboomcar_msgs/msg/rosidl_typesupport_fastrtps_c__visibility_control.h
-- Installing: /root/yahboomcar_ros2_ws/yahboomcar_ws/install/yahboomcar_msgs/lib/libyahboomcar_msgs__rosidl_typesupport_fastrtps_c.so
-- Set runtime path of "/root/yahboomcar_ros2_ws/yahboomcar_ws/install/yahboomcar_msgs/lib/libyahboomcar_msgs__rosidl_typesupport_fastrtps_c.so" to ""
-- Up-to-date: /root/yahboomcar_ros2_ws/yahboomcar_ws/install/yahboomcar_msgs/include/yahboomcar_msgs
-- Up-to-date: /root/yahboomcar_ros2_ws/yahboomcar_ws/install/yahboomcar_msgs/include/yahboomcar_msgs/msg
-- Up-to-date: /root/yahboomcar_ros2_ws/yahboomcar_ws/install/yahboomcar_msgs/include/yahboomcar_msgs/msg/detail
-- Installing: /root/yahboomcar_ros2_ws/yahboomcar_ws/install/yahboomcar_msgs/include/yahboomcar_msgs/msg/detail/dds_fastrtps
-- Installing: /root/yahboomcar_ros2_ws/yahboomcar_ws/install/yahboomcar_msgs/include/yahboomcar_msgs/msg/detail/target_array__rosidl_typesupport_fastrtps_cpp.hpp
-- Installing: /root/yahboomcar_ros2_ws/yahboomcar_ws/install/yahboomcar_msgs/include/yahboomcar_msgs/msg/detail/image_msg__rosidl_typesupport_fastrtps_cpp.hpp
-- Installing: /root/yahboomcar_ros2_ws/yahboomcar_ws/install/yahboomcar_msgs/include/yahboomcar_msgs/msg/detail/position__rosidl_typesupport_fastrtps_cpp.hpp
-- Installing: /root/yahboomcar_ros2_ws/yahboomcar_ws/install/yahboomcar_msgs/include/yahboomcar_msgs/msg/detail/target__rosidl_typesupport_fastrtps_cpp.hpp
-- Installing: /root/yahboomcar_ros2_ws/yahboomcar_ws/install/yahboomcar_msgs/include/yahboomcar_msgs/msg/detail/point_array__rosidl_typesupport_fastrtps_cpp.hpp
-- Installing: /root/yahboomcar_ros2_ws/yahboomcar_ws/install/yahboomcar_msgs/include/yahboomcar_msgs/msg/rosidl_typesupport_fastrtps_cpp__visibility_control.h
-- Installing: /root/yahboomcar_ros2_ws/yahboomcar_ws/install/yahboomcar_msgs/lib/libyahboomcar_msgs__rosidl_typesupport_fastrtps_cpp.so
-- Set runtime path of "/root/yahboomcar_ros2_ws/yahboomcar_ws/install/yahboomcar_msgs/lib/libyahboomcar_msgs__rosidl_typesupport_fastrtps_cpp.so" to ""
-- Up-to-date: /root/yahboomcar_ros2_ws/yahboomcar_ws/install/yahboomcar_msgs/include/yahboomcar_msgs
-- Up-to-date: /root/yahboomcar_ros2_ws/yahboomcar_ws/install/yahboomcar_msgs/include/yahboomcar_msgs/msg
-- Up-to-date: /root/yahboomcar_ros2_ws/yahboomcar_ws/install/yahboomcar_msgs/include/yahboomcar_msgs/msg/detail
-- Installing: /root/yahboomcar_ros2_ws/yahboomcar_ws/install/yahboomcar_msgs/include/yahboomcar_msgs/msg/detail/point_array__rosidl_typesupport_introspection_c.h
-- Installing: /root/yahboomcar_ros2_ws/yahboomcar_ws/install/yahboomcar_msgs/include/yahboomcar_msgs/msg/detail/target__type_support.c
-- Installing: /root/yahboomcar_ros2_ws/yahboomcar_ws/install/yahboomcar_msgs/include/yahboomcar_msgs/msg/detail/target_array__type_support.c
-- Installing: /root/yahboomcar_ros2_ws/yahboomcar_ws/install/yahboomcar_msgs/include/yahboomcar_msgs/msg/detail/image_msg__rosidl_typesupport_introspection_c.h
-- Installing: /root/yahboomcar_ros2_ws/yahboomcar_ws/install/yahboomcar_msgs/include/yahboomcar_msgs/msg/detail/target_array__rosidl_typesupport_introspection_c.h
-- Installing: /root/yahboomcar_ros2_ws/yahboomcar_ws/install/yahboomcar_msgs/include/yahboomcar_msgs/msg/detail/position__rosidl_typesupport_introspection_c.h
-- Installing: /root/yahboomcar_ros2_ws/yahboomcar_ws/install/yahboomcar_msgs/include/yahboomcar_msgs/msg/detail/image_msg__type_support.c
-- Installing: /root/yahboomcar_ros2_ws/yahboomcar_ws/install/yahboomcar_msgs/include/yahboomcar_msgs/msg/detail/point_array__type_support.c
-- Installing: /root/yahboomcar_ros2_ws/yahboomcar_ws/install/yahboomcar_msgs/include/yahboomcar_msgs/msg/detail/target__rosidl_typesupport_introspection_c.h
-- Installing: /root/yahboomcar_ros2_ws/yahboomcar_ws/install/yahboomcar_msgs/include/yahboomcar_msgs/msg/detail/position__type_support.c
-- Installing: /root/yahboomcar_ros2_ws/yahboomcar_ws/install/yahboomcar_msgs/include/yahboomcar_msgs/msg/rosidl_typesupport_introspection_c__visibility_control.h
-- Installing: /root/yahboomcar_ros2_ws/yahboomcar_ws/install/yahboomcar_msgs/lib/libyahboomcar_msgs__rosidl_typesupport_introspection_c.so
-- Set runtime path of "/root/yahboomcar_ros2_ws/yahboomcar_ws/install/yahboomcar_msgs/lib/libyahboomcar_msgs__rosidl_typesupport_introspection_c.so" to ""
-- Installing: /root/yahboomcar_ros2_ws/yahboomcar_ws/install/yahboomcar_msgs/lib/libyahboomcar_msgs__rosidl_typesupport_c.so
-- Set runtime path of "/root/yahboomcar_ros2_ws/yahboomcar_ws/install/yahboomcar_msgs/lib/libyahboomcar_msgs__rosidl_typesupport_c.so" to ""
-- Up-to-date: /root/yahboomcar_ros2_ws/yahboomcar_ws/install/yahboomcar_msgs/include/yahboomcar_msgs
-- Up-to-date: /root/yahboomcar_ros2_ws/yahboomcar_ws/install/yahboomcar_msgs/include/yahboomcar_msgs/msg
-- Installing: /root/yahboomcar_ros2_ws/yahboomcar_ws/install/yahboomcar_msgs/include/yahboomcar_msgs/msg/point_array.hpp
-- Up-to-date: /root/yahboomcar_ros2_ws/yahboomcar_ws/install/yahboomcar_msgs/include/yahboomcar_msgs/msg/detail
-- Installing: /root/yahboomcar_ros2_ws/yahboomcar_ws/install/yahboomcar_msgs/include/yahboomcar_msgs/msg/detail/image_msg__struct.hpp
-- Installing: /root/yahboomcar_ros2_ws/yahboomcar_ws/install/yahboomcar_msgs/include/yahboomcar_msgs/msg/detail/point_array__struct.hpp
-- Installing: /root/yahboomcar_ros2_ws/yahboomcar_ws/install/yahboomcar_msgs/include/yahboomcar_msgs/msg/detail/position__builder.hpp
-- Installing: /root/yahboomcar_ros2_ws/yahboomcar_ws/install/yahboomcar_msgs/include/yahboomcar_msgs/msg/detail/position__struct.hpp
-- Installing: /root/yahboomcar_ros2_ws/yahboomcar_ws/install/yahboomcar_msgs/include/yahboomcar_msgs/msg/detail/target__builder.hpp
-- Installing: /root/yahboomcar_ros2_ws/yahboomcar_ws/install/yahboomcar_msgs/include/yahboomcar_msgs/msg/detail/target_array__builder.hpp
-- Installing: /root/yahboomcar_ros2_ws/yahboomcar_ws/install/yahboomcar_msgs/include/yahboomcar_msgs/msg/detail/position__traits.hpp
-- Installing: /root/yahboomcar_ros2_ws/yahboomcar_ws/install/yahboomcar_msgs/include/yahboomcar_msgs/msg/detail/point_array__traits.hpp
-- Installing: /root/yahboomcar_ros2_ws/yahboomcar_ws/install/yahboomcar_msgs/include/yahboomcar_msgs/msg/detail/target__traits.hpp
-- Installing: /root/yahboomcar_ros2_ws/yahboomcar_ws/install/yahboomcar_msgs/include/yahboomcar_msgs/msg/detail/point_array__builder.hpp
-- Installing: /root/yahboomcar_ros2_ws/yahboomcar_ws/install/yahboomcar_msgs/include/yahboomcar_msgs/msg/detail/image_msg__builder.hpp
-- Installing: /root/yahboomcar_ros2_ws/yahboomcar_ws/install/yahboomcar_msgs/include/yahboomcar_msgs/msg/detail/target_array__struct.hpp
-- Installing: /root/yahboomcar_ros2_ws/yahboomcar_ws/install/yahboomcar_msgs/include/yahboomcar_msgs/msg/detail/image_msg__traits.hpp
-- Installing: /root/yahboomcar_ros2_ws/yahboomcar_ws/install/yahboomcar_msgs/include/yahboomcar_msgs/msg/detail/target_array__traits.hpp
-- Installing: /root/yahboomcar_ros2_ws/yahboomcar_ws/install/yahboomcar_msgs/include/yahboomcar_msgs/msg/detail/target__struct.hpp
-- Installing: /root/yahboomcar_ros2_ws/yahboomcar_ws/install/yahboomcar_msgs/include/yahboomcar_msgs/msg/image_msg.hpp
-- Installing: /root/yahboomcar_ros2_ws/yahboomcar_ws/install/yahboomcar_msgs/include/yahboomcar_msgs/msg/target_array.hpp
-- Installing: /root/yahboomcar_ros2_ws/yahboomcar_ws/install/yahboomcar_msgs/include/yahboomcar_msgs/msg/target.hpp
-- Installing: /root/yahboomcar_ros2_ws/yahboomcar_ws/install/yahboomcar_msgs/include/yahboomcar_msgs/msg/position.hpp
-- Up-to-date: /root/yahboomcar_ros2_ws/yahboomcar_ws/install/yahboomcar_msgs/include/yahboomcar_msgs
-- Up-to-date: /root/yahboomcar_ros2_ws/yahboomcar_ws/install/yahboomcar_msgs/include/yahboomcar_msgs/msg
-- Up-to-date: /root/yahboomcar_ros2_ws/yahboomcar_ws/install/yahboomcar_msgs/include/yahboomcar_msgs/msg/detail
-- Installing: /root/yahboomcar_ros2_ws/yahboomcar_ws/install/yahboomcar_msgs/include/yahboomcar_msgs/msg/detail/image_msg__rosidl_typesupport_introspection_cpp.hpp
-- Installing: /root/yahboomcar_ros2_ws/yahboomcar_ws/install/yahboomcar_msgs/include/yahboomcar_msgs/msg/detail/point_array__type_support.cpp
-- Installing: /root/yahboomcar_ros2_ws/yahboomcar_ws/install/yahboomcar_msgs/include/yahboomcar_msgs/msg/detail/target_array__type_support.cpp
-- Installing: /root/yahboomcar_ros2_ws/yahboomcar_ws/install/yahboomcar_msgs/include/yahboomcar_msgs/msg/detail/point_array__rosidl_typesupport_introspection_cpp.hpp
-- Installing: /root/yahboomcar_ros2_ws/yahboomcar_ws/install/yahboomcar_msgs/include/yahboomcar_msgs/msg/detail/target__rosidl_typesupport_introspection_cpp.hpp
-- Installing: /root/yahboomcar_ros2_ws/yahboomcar_ws/install/yahboomcar_msgs/include/yahboomcar_msgs/msg/detail/image_msg__type_support.cpp
-- Installing: /root/yahboomcar_ros2_ws/yahboomcar_ws/install/yahboomcar_msgs/include/yahboomcar_msgs/msg/detail/position__type_support.cpp
-- Installing: /root/yahboomcar_ros2_ws/yahboomcar_ws/install/yahboomcar_msgs/include/yahboomcar_msgs/msg/detail/target__type_support.cpp
-- Installing: /root/yahboomcar_ros2_ws/yahboomcar_ws/install/yahboomcar_msgs/include/yahboomcar_msgs/msg/detail/position__rosidl_typesupport_introspection_cpp.hpp
-- Installing: /root/yahboomcar_ros2_ws/yahboomcar_ws/install/yahboomcar_msgs/include/yahboomcar_msgs/msg/detail/target_array__rosidl_typesupport_introspection_cpp.hpp
-- Installing: /root/yahboomcar_ros2_ws/yahboomcar_ws/install/yahboomcar_msgs/lib/libyahboomcar_msgs__rosidl_typesupport_introspection_cpp.so
-- Set runtime path of "/root/yahboomcar_ros2_ws/yahboomcar_ws/install/yahboomcar_msgs/lib/libyahboomcar_msgs__rosidl_typesupport_introspection_cpp.so" to ""
-- Installing: /root/yahboomcar_ros2_ws/yahboomcar_ws/install/yahboomcar_msgs/lib/libyahboomcar_msgs__rosidl_typesupport_cpp.so
-- Set runtime path of "/root/yahboomcar_ros2_ws/yahboomcar_ws/install/yahboomcar_msgs/lib/libyahboomcar_msgs__rosidl_typesupport_cpp.so" to ""
-- Installing: /root/yahboomcar_ros2_ws/yahboomcar_ws/install/yahboomcar_msgs/share/yahboomcar_msgs/environment/pythonpath.sh
-- Installing: /root/yahboomcar_ros2_ws/yahboomcar_ws/install/yahboomcar_msgs/share/yahboomcar_msgs/environment/pythonpath.dsv
-- Installing: /root/yahboomcar_ros2_ws/yahboomcar_ws/install/yahboomcar_msgs/lib/python3.8/site-packages/yahboomcar_msgs/__init__.py
Compiling '/root/yahboomcar_ros2_ws/yahboomcar_ws/install/yahboomcar_msgs/lib/python3.8/site-packages/yahboomcar_msgs/__init__.py'...
-- Installing: /root/yahboomcar_ros2_ws/yahboomcar_ws/install/yahboomcar_msgs/lib/python3.8/site-packages/yahboomcar_msgs/msg
-- Installing: /root/yahboomcar_ros2_ws/yahboomcar_ws/install/yahboomcar_msgs/lib/python3.8/site-packages/yahboomcar_msgs/msg/_image_msg_s.c
-- Installing: /root/yahboomcar_ros2_ws/yahboomcar_ws/install/yahboomcar_msgs/lib/python3.8/site-packages/yahboomcar_msgs/msg/_position.py
-- Installing: /root/yahboomcar_ros2_ws/yahboomcar_ws/install/yahboomcar_msgs/lib/python3.8/site-packages/yahboomcar_msgs/msg/_target_array_s.c
-- Installing: /root/yahboomcar_ros2_ws/yahboomcar_ws/install/yahboomcar_msgs/lib/python3.8/site-packages/yahboomcar_msgs/msg/_target_array.py
-- Installing: /root/yahboomcar_ros2_ws/yahboomcar_ws/install/yahboomcar_msgs/lib/python3.8/site-packages/yahboomcar_msgs/msg/_point_array.py
-- Installing: /root/yahboomcar_ros2_ws/yahboomcar_ws/install/yahboomcar_msgs/lib/python3.8/site-packages/yahboomcar_msgs/msg/__init__.py
-- Installing: /root/yahboomcar_ros2_ws/yahboomcar_ws/install/yahboomcar_msgs/lib/python3.8/site-packages/yahboomcar_msgs/msg/_image_msg.py
-- Installing: /root/yahboomcar_ros2_ws/yahboomcar_ws/install/yahboomcar_msgs/lib/python3.8/site-packages/yahboomcar_msgs/msg/_point_array_s.c
-- Installing: /root/yahboomcar_ros2_ws/yahboomcar_ws/install/yahboomcar_msgs/lib/python3.8/site-packages/yahboomcar_msgs/msg/_target_s.c
-- Installing: /root/yahboomcar_ros2_ws/yahboomcar_ws/install/yahboomcar_msgs/lib/python3.8/site-packages/yahboomcar_msgs/msg/_position_s.c
-- Installing: /root/yahboomcar_ros2_ws/yahboomcar_ws/install/yahboomcar_msgs/lib/python3.8/site-packages/yahboomcar_msgs/msg/_target.py
-- Installing: /root/yahboomcar_ros2_ws/yahboomcar_ws/install/yahboomcar_msgs/lib/python3.8/site-packages/yahboomcar_msgs/yahboomcar_msgs_s__rosidl_typesupport_fastrtps_c.cpython-38-aarch64-linux-gnu.so
-- Set runtime path of "/root/yahboomcar_ros2_ws/yahboomcar_ws/install/yahboomcar_msgs/lib/python3.8/site-packages/yahboomcar_msgs/yahboomcar_msgs_s__rosidl_typesupport_fastrtps_c.cpython-38-aarch64-linux-gnu.so" to ""
-- Installing: /root/yahboomcar_ros2_ws/yahboomcar_ws/install/yahboomcar_msgs/lib/python3.8/site-packages/yahboomcar_msgs/yahboomcar_msgs_s__rosidl_typesupport_introspection_c.cpython-38-aarch64-linux-gnu.so
-- Set runtime path of "/root/yahboomcar_ros2_ws/yahboomcar_ws/install/yahboomcar_msgs/lib/python3.8/site-packages/yahboomcar_msgs/yahboomcar_msgs_s__rosidl_typesupport_introspection_c.cpython-38-aarch64-linux-gnu.so" to ""
-- Installing: /root/yahboomcar_ros2_ws/yahboomcar_ws/install/yahboomcar_msgs/lib/python3.8/site-packages/yahboomcar_msgs/yahboomcar_msgs_s__rosidl_typesupport_c.cpython-38-aarch64-linux-gnu.so
-- Set runtime path of "/root/yahboomcar_ros2_ws/yahboomcar_ws/install/yahboomcar_msgs/lib/python3.8/site-packages/yahboomcar_msgs/yahboomcar_msgs_s__rosidl_typesupport_c.cpython-38-aarch64-linux-gnu.so" to ""
-- Installing: /root/yahboomcar_ros2_ws/yahboomcar_ws/install/yahboomcar_msgs/lib/libyahboomcar_msgs__python.so
-- Set runtime path of "/root/yahboomcar_ros2_ws/yahboomcar_ws/install/yahboomcar_msgs/lib/libyahboomcar_msgs__python.so" to ""
-- Installing: /root/yahboomcar_ros2_ws/yahboomcar_ws/install/yahboomcar_msgs/share/yahboomcar_msgs/msg/ImageMsg.idl
-- Installing: /root/yahboomcar_ros2_ws/yahboomcar_ws/install/yahboomcar_msgs/share/yahboomcar_msgs/msg/PointArray.idl
-- Installing: /root/yahboomcar_ros2_ws/yahboomcar_ws/install/yahboomcar_msgs/share/yahboomcar_msgs/msg/Position.idl
-- Installing: /root/yahboomcar_ros2_ws/yahboomcar_ws/install/yahboomcar_msgs/share/yahboomcar_msgs/msg/Target.idl
-- Installing: /root/yahboomcar_ros2_ws/yahboomcar_ws/install/yahboomcar_msgs/share/yahboomcar_msgs/msg/TargetArray.idl
-- Installing: /root/yahboomcar_ros2_ws/yahboomcar_ws/install/yahboomcar_msgs/share/yahboomcar_msgs/msg/ImageMsg.msg
-- Installing: /root/yahboomcar_ros2_ws/yahboomcar_ws/install/yahboomcar_msgs/share/yahboomcar_msgs/msg/PointArray.msg
-- Installing: /root/yahboomcar_ros2_ws/yahboomcar_ws/install/yahboomcar_msgs/share/yahboomcar_msgs/msg/Position.msg
-- Installing: /root/yahboomcar_ros2_ws/yahboomcar_ws/install/yahboomcar_msgs/share/yahboomcar_msgs/msg/Target.msg
-- Installing: /root/yahboomcar_ros2_ws/yahboomcar_ws/install/yahboomcar_msgs/share/yahboomcar_msgs/msg/TargetArray.msg
-- Installing: /root/yahboomcar_ros2_ws/yahboomcar_ws/install/yahboomcar_msgs/share/ament_index/resource_index/package_run_dependencies/yahboomcar_msgs
-- Installing: /root/yahboomcar_ros2_ws/yahboomcar_ws/install/yahboomcar_msgs/share/ament_index/resource_index/parent_prefix_path/yahboomcar_msgs
-- Installing: /root/yahboomcar_ros2_ws/yahboomcar_ws/install/yahboomcar_msgs/share/yahboomcar_msgs/environment/ament_prefix_path.sh
-- Installing: /root/yahboomcar_ros2_ws/yahboomcar_ws/install/yahboomcar_msgs/share/yahboomcar_msgs/environment/ament_prefix_path.dsv
-- Installing: /root/yahboomcar_ros2_ws/yahboomcar_ws/install/yahboomcar_msgs/share/yahboomcar_msgs/environment/path.sh
-- Installing: /root/yahboomcar_ros2_ws/yahboomcar_ws/install/yahboomcar_msgs/share/yahboomcar_msgs/environment/path.dsv
-- Installing: /root/yahboomcar_ros2_ws/yahboomcar_ws/install/yahboomcar_msgs/share/yahboomcar_msgs/local_setup.bash
-- Installing: /root/yahboomcar_ros2_ws/yahboomcar_ws/install/yahboomcar_msgs/share/yahboomcar_msgs/local_setup.sh
-- Installing: /root/yahboomcar_ros2_ws/yahboomcar_ws/install/yahboomcar_msgs/share/yahboomcar_msgs/local_setup.zsh
-- Installing: /root/yahboomcar_ros2_ws/yahboomcar_ws/install/yahboomcar_msgs/share/yahboomcar_msgs/local_setup.dsv
-- Installing: /root/yahboomcar_ros2_ws/yahboomcar_ws/install/yahboomcar_msgs/share/yahboomcar_msgs/package.dsv
-- Installing: /root/yahboomcar_ros2_ws/yahboomcar_ws/install/yahboomcar_msgs/share/ament_index/resource_index/packages/yahboomcar_msgs
-- Installing: /root/yahboomcar_ros2_ws/yahboomcar_ws/install/yahboomcar_msgs/share/yahboomcar_msgs/cmake/yahboomcar_msgs__rosidl_generator_cExport.cmake
-- Installing: /root/yahboomcar_ros2_ws/yahboomcar_ws/install/yahboomcar_msgs/share/yahboomcar_msgs/cmake/yahboomcar_msgs__rosidl_generator_cExport-noconfig.cmake
-- Installing: /root/yahboomcar_ros2_ws/yahboomcar_ws/install/yahboomcar_msgs/share/yahboomcar_msgs/cmake/yahboomcar_msgs__rosidl_typesupport_introspection_cExport.cmake
-- Installing: /root/yahboomcar_ros2_ws/yahboomcar_ws/install/yahboomcar_msgs/share/yahboomcar_msgs/cmake/yahboomcar_msgs__rosidl_typesupport_introspection_cExport-noconfig.cmake
-- Installing: /root/yahboomcar_ros2_ws/yahboomcar_ws/install/yahboomcar_msgs/share/yahboomcar_msgs/cmake/yahboomcar_msgs__rosidl_typesupport_cExport.cmake
-- Installing: /root/yahboomcar_ros2_ws/yahboomcar_ws/install/yahboomcar_msgs/share/yahboomcar_msgs/cmake/yahboomcar_msgs__rosidl_typesupport_cExport-noconfig.cmake
-- Installing: /root/yahboomcar_ros2_ws/yahboomcar_ws/install/yahboomcar_msgs/share/yahboomcar_msgs/cmake/yahboomcar_msgs__rosidl_generator_cppExport.cmake
-- Installing: /root/yahboomcar_ros2_ws/yahboomcar_ws/install/yahboomcar_msgs/share/yahboomcar_msgs/cmake/yahboomcar_msgs__rosidl_typesupport_introspection_cppExport.cmake
-- Installing: /root/yahboomcar_ros2_ws/yahboomcar_ws/install/yahboomcar_msgs/share/yahboomcar_msgs/cmake/yahboomcar_msgs__rosidl_typesupport_introspection_cppExport-noconfig.cmake
-- Installing: /root/yahboomcar_ros2_ws/yahboomcar_ws/install/yahboomcar_msgs/share/yahboomcar_msgs/cmake/yahboomcar_msgs__rosidl_typesupport_cppExport.cmake
-- Installing: /root/yahboomcar_ros2_ws/yahboomcar_ws/install/yahboomcar_msgs/share/yahboomcar_msgs/cmake/yahboomcar_msgs__rosidl_typesupport_cppExport-noconfig.cmake
-- Installing: /root/yahboomcar_ros2_ws/yahboomcar_ws/install/yahboomcar_msgs/share/yahboomcar_msgs/cmake/rosidl_cmake-extras.cmake
-- Installing: /root/yahboomcar_ros2_ws/yahboomcar_ws/install/yahboomcar_msgs/share/yahboomcar_msgs/cmake/ament_cmake_export_dependencies-extras.cmake
-- Installing: /root/yahboomcar_ros2_ws/yahboomcar_ws/install/yahboomcar_msgs/share/yahboomcar_msgs/cmake/ament_cmake_export_libraries-extras.cmake
-- Installing: /root/yahboomcar_ros2_ws/yahboomcar_ws/install/yahboomcar_msgs/share/yahboomcar_msgs/cmake/ament_cmake_export_targets-extras.cmake
-- Installing: /root/yahboomcar_ros2_ws/yahboomcar_ws/install/yahboomcar_msgs/share/yahboomcar_msgs/cmake/ament_cmake_export_include_directories-extras.cmake
-- Installing: /root/yahboomcar_ros2_ws/yahboomcar_ws/install/yahboomcar_msgs/share/yahboomcar_msgs/cmake/rosidl_cmake_export_typesupport_libraries-extras.cmake
-- Installing: /root/yahboomcar_ros2_ws/yahboomcar_ws/install/yahboomcar_msgs/share/yahboomcar_msgs/cmake/rosidl_cmake_export_typesupport_targets-extras.cmake
-- Installing: /root/yahboomcar_ros2_ws/yahboomcar_ws/install/yahboomcar_msgs/share/yahboomcar_msgs/cmake/yahboomcar_msgsConfig.cmake
-- Installing: /root/yahboomcar_ros2_ws/yahboomcar_ws/install/yahboomcar_msgs/share/yahboomcar_msgs/cmake/yahboomcar_msgsConfig-version.cmake
-- Installing: /root/yahboomcar_ros2_ws/yahboomcar_ws/install/yahboomcar_msgs/share/yahboomcar_msgs/package.xml
