[0.359s] Invoking command in '/root/yahboomcar_ros2_ws/yahboomcar_ws/build/yahboomcar_msgs': CMAKE_PREFIX_PATH=${CMAKE_PREFIX_PATH}:/root/yahboomcar_ros2_ws/yahboomcar_ws/install/yahboomcar_voice_ctrl:/root/yahboomcar_ros2_ws/yahboomcar_ws/install/yahboomcar_visual:/root/yahboomcar_ros2_ws/yahboomcar_ws/install/yahboomcar_nav:/root/yahboomcar_ros2_ws/yahboomcar_ws/install/yahboomcar_mediapipe:/root/yahboomcar_ros2_ws/yahboomcar_ws/install/yahboomcar_linefollow:/root/yahboomcar_ros2_ws/yahboomcar_ws/install/yahboomcar_laser:/root/yahboomcar_ros2_ws/yahboomcar_ws/install/yahboomcar_description_x1:/root/yahboomcar_ros2_ws/yahboomcar_ws/install/yahboomcar_description:/root/yahboomcar_ros2_ws/yahboomcar_ws/install/yahboomcar_ctrl:/root/yahboomcar_ros2_ws/yahboomcar_ws/install/yahboomcar_bringup:/root/yahboomcar_ros2_ws/yahboomcar_ws/install/yahboomcar_astra:/opt/ros/foxy /usr/bin/cmake --build /root/yahboomcar_ros2_ws/yahboomcar_ws/build/yahboomcar_msgs -- -j4 -l4
[2.065s] [  1%] Built target yahboomcar_msgs__cpp
[2.066s] [ 12%] Built target yahboomcar_msgs__rosidl_generator_c
[2.067s] [ 23%] Built target yahboomcar_msgs__rosidl_typesupport_cpp
[2.068s] [ 34%] Built target yahboomcar_msgs__rosidl_typesupport_introspection_c
[2.068s] [ 46%] Built target yahboomcar_msgs__rosidl_typesupport_c
[2.068s] [ 57%] Built target yahboomcar_msgs__rosidl_typesupport_fastrtps_cpp
[2.069s] [ 68%] Built target yahboomcar_msgs__rosidl_typesupport_introspection_cpp
[2.304s] [ 79%] Built target yahboomcar_msgs__rosidl_typesupport_fastrtps_c
[2.548s] [ 79%] Built target yahboomcar_msgs
[3.048s] [ 80%] Built target yahboomcar_msgs__py
[3.583s] [ 90%] Built target yahboomcar_msgs__python
[4.035s] [ 93%] Built target yahboomcar_msgs__rosidl_typesupport_c__pyext
[4.439s] [ 96%] Built target yahboomcar_msgs__rosidl_typesupport_fastrtps_c__pyext
[4.797s] [100%] Built target yahboomcar_msgs__rosidl_typesupport_introspection_c__pyext
[4.997s] Invoked command in '/root/yahboomcar_ros2_ws/yahboomcar_ws/build/yahboomcar_msgs' returned '0': CMAKE_PREFIX_PATH=${CMAKE_PREFIX_PATH}:/root/yahboomcar_ros2_ws/yahboomcar_ws/install/yahboomcar_voice_ctrl:/root/yahboomcar_ros2_ws/yahboomcar_ws/install/yahboomcar_visual:/root/yahboomcar_ros2_ws/yahboomcar_ws/install/yahboomcar_nav:/root/yahboomcar_ros2_ws/yahboomcar_ws/install/yahboomcar_mediapipe:/root/yahboomcar_ros2_ws/yahboomcar_ws/install/yahboomcar_linefollow:/root/yahboomcar_ros2_ws/yahboomcar_ws/install/yahboomcar_laser:/root/yahboomcar_ros2_ws/yahboomcar_ws/install/yahboomcar_description_x1:/root/yahboomcar_ros2_ws/yahboomcar_ws/install/yahboomcar_description:/root/yahboomcar_ros2_ws/yahboomcar_ws/install/yahboomcar_ctrl:/root/yahboomcar_ros2_ws/yahboomcar_ws/install/yahboomcar_bringup:/root/yahboomcar_ros2_ws/yahboomcar_ws/install/yahboomcar_astra:/opt/ros/foxy /usr/bin/cmake --build /root/yahboomcar_ros2_ws/yahboomcar_ws/build/yahboomcar_msgs -- -j4 -l4
[8.434s] Invoking command in '/root/yahboomcar_ros2_ws/yahboomcar_ws/build/yahboomcar_msgs': CMAKE_PREFIX_PATH=${CMAKE_PREFIX_PATH}:/root/yahboomcar_ros2_ws/yahboomcar_ws/install/yahboomcar_voice_ctrl:/root/yahboomcar_ros2_ws/yahboomcar_ws/install/yahboomcar_visual:/root/yahboomcar_ros2_ws/yahboomcar_ws/install/yahboomcar_nav:/root/yahboomcar_ros2_ws/yahboomcar_ws/install/yahboomcar_mediapipe:/root/yahboomcar_ros2_ws/yahboomcar_ws/install/yahboomcar_linefollow:/root/yahboomcar_ros2_ws/yahboomcar_ws/install/yahboomcar_laser:/root/yahboomcar_ros2_ws/yahboomcar_ws/install/yahboomcar_description_x1:/root/yahboomcar_ros2_ws/yahboomcar_ws/install/yahboomcar_description:/root/yahboomcar_ros2_ws/yahboomcar_ws/install/yahboomcar_ctrl:/root/yahboomcar_ros2_ws/yahboomcar_ws/install/yahboomcar_bringup:/root/yahboomcar_ros2_ws/yahboomcar_ws/install/yahboomcar_astra:/opt/ros/foxy /usr/bin/cmake --install /root/yahboomcar_ros2_ws/yahboomcar_ws/build/yahboomcar_msgs
[8.560s] -- Install configuration: ""
[8.564s] -- Installing: /root/yahboomcar_ros2_ws/yahboomcar_ws/install/yahboomcar_msgs/share/ament_index/resource_index/rosidl_interfaces/yahboomcar_msgs
[8.571s] -- Installing: /root/yahboomcar_ros2_ws/yahboomcar_ws/install/yahboomcar_msgs/include/yahboomcar_msgs
[8.575s] -- Installing: /root/yahboomcar_ros2_ws/yahboomcar_ws/install/yahboomcar_msgs/include/yahboomcar_msgs/msg
[8.580s] -- Installing: /root/yahboomcar_ros2_ws/yahboomcar_ws/install/yahboomcar_msgs/include/yahboomcar_msgs/msg/detail
[8.582s] -- Installing: /root/yahboomcar_ros2_ws/yahboomcar_ws/install/yahboomcar_msgs/include/yahboomcar_msgs/msg/detail/position__type_support.h
[8.586s] -- Installing: /root/yahboomcar_ros2_ws/yahboomcar_ws/install/yahboomcar_msgs/include/yahboomcar_msgs/msg/detail/image_msg__functions.c
[8.590s] -- Installing: /root/yahboomcar_ros2_ws/yahboomcar_ws/install/yahboomcar_msgs/include/yahboomcar_msgs/msg/detail/target__struct.h
[8.593s] -- Installing: /root/yahboomcar_ros2_ws/yahboomcar_ws/install/yahboomcar_msgs/include/yahboomcar_msgs/msg/detail/position__struct.h
[8.601s] -- Installing: /root/yahboomcar_ros2_ws/yahboomcar_ws/install/yahboomcar_msgs/include/yahboomcar_msgs/msg/detail/point_array__struct.h
[8.604s] -- Installing: /root/yahboomcar_ros2_ws/yahboomcar_ws/install/yahboomcar_msgs/include/yahboomcar_msgs/msg/detail/target_array__functions.c
[8.608s] -- Installing: /root/yahboomcar_ros2_ws/yahboomcar_ws/install/yahboomcar_msgs/include/yahboomcar_msgs/msg/detail/target__type_support.h
[8.612s] -- Installing: /root/yahboomcar_ros2_ws/yahboomcar_ws/install/yahboomcar_msgs/include/yahboomcar_msgs/msg/detail/target__functions.h
[8.617s] -- Installing: /root/yahboomcar_ros2_ws/yahboomcar_ws/install/yahboomcar_msgs/include/yahboomcar_msgs/msg/detail/target__functions.c
[8.619s] -- Installing: /root/yahboomcar_ros2_ws/yahboomcar_ws/install/yahboomcar_msgs/include/yahboomcar_msgs/msg/detail/position__functions.h
[8.624s] -- Installing: /root/yahboomcar_ros2_ws/yahboomcar_ws/install/yahboomcar_msgs/include/yahboomcar_msgs/msg/detail/point_array__functions.c
[8.626s] -- Installing: /root/yahboomcar_ros2_ws/yahboomcar_ws/install/yahboomcar_msgs/include/yahboomcar_msgs/msg/detail/point_array__functions.h
[8.631s] -- Installing: /root/yahboomcar_ros2_ws/yahboomcar_ws/install/yahboomcar_msgs/include/yahboomcar_msgs/msg/detail/target_array__functions.h
[8.639s] -- Installing: /root/yahboomcar_ros2_ws/yahboomcar_ws/install/yahboomcar_msgs/include/yahboomcar_msgs/msg/detail/target_array__struct.h
[8.642s] -- Installing: /root/yahboomcar_ros2_ws/yahboomcar_ws/install/yahboomcar_msgs/include/yahboomcar_msgs/msg/detail/image_msg__struct.h
[8.644s] -- Installing: /root/yahboomcar_ros2_ws/yahboomcar_ws/install/yahboomcar_msgs/include/yahboomcar_msgs/msg/detail/target_array__type_support.h
[8.647s] -- Installing: /root/yahboomcar_ros2_ws/yahboomcar_ws/install/yahboomcar_msgs/include/yahboomcar_msgs/msg/detail/position__functions.c
[8.654s] -- Installing: /root/yahboomcar_ros2_ws/yahboomcar_ws/install/yahboomcar_msgs/include/yahboomcar_msgs/msg/detail/image_msg__type_support.h
[8.656s] -- Installing: /root/yahboomcar_ros2_ws/yahboomcar_ws/install/yahboomcar_msgs/include/yahboomcar_msgs/msg/detail/point_array__type_support.h
[8.660s] -- Installing: /root/yahboomcar_ros2_ws/yahboomcar_ws/install/yahboomcar_msgs/include/yahboomcar_msgs/msg/detail/image_msg__functions.h
[8.664s] -- Installing: /root/yahboomcar_ros2_ws/yahboomcar_ws/install/yahboomcar_msgs/include/yahboomcar_msgs/msg/rosidl_generator_c__visibility_control.h
[8.666s] -- Installing: /root/yahboomcar_ros2_ws/yahboomcar_ws/install/yahboomcar_msgs/include/yahboomcar_msgs/msg/image_msg.h
[8.672s] -- Installing: /root/yahboomcar_ros2_ws/yahboomcar_ws/install/yahboomcar_msgs/include/yahboomcar_msgs/msg/target.h
[8.674s] -- Installing: /root/yahboomcar_ros2_ws/yahboomcar_ws/install/yahboomcar_msgs/include/yahboomcar_msgs/msg/position.h
[8.681s] -- Installing: /root/yahboomcar_ros2_ws/yahboomcar_ws/install/yahboomcar_msgs/include/yahboomcar_msgs/msg/target_array.h
[8.684s] -- Installing: /root/yahboomcar_ros2_ws/yahboomcar_ws/install/yahboomcar_msgs/include/yahboomcar_msgs/msg/point_array.h
[8.686s] -- Installing: /root/yahboomcar_ros2_ws/yahboomcar_ws/install/yahboomcar_msgs/share/yahboomcar_msgs/environment/library_path.sh
[8.691s] -- Installing: /root/yahboomcar_ros2_ws/yahboomcar_ws/install/yahboomcar_msgs/share/yahboomcar_msgs/environment/library_path.dsv
[8.695s] -- Installing: /root/yahboomcar_ros2_ws/yahboomcar_ws/install/yahboomcar_msgs/lib/libyahboomcar_msgs__rosidl_generator_c.so
[8.707s] -- Set runtime path of "/root/yahboomcar_ros2_ws/yahboomcar_ws/install/yahboomcar_msgs/lib/libyahboomcar_msgs__rosidl_generator_c.so" to ""
[8.709s] -- Up-to-date: /root/yahboomcar_ros2_ws/yahboomcar_ws/install/yahboomcar_msgs/include/yahboomcar_msgs
[8.711s] -- Up-to-date: /root/yahboomcar_ros2_ws/yahboomcar_ws/install/yahboomcar_msgs/include/yahboomcar_msgs/msg
[8.712s] -- Up-to-date: /root/yahboomcar_ros2_ws/yahboomcar_ws/install/yahboomcar_msgs/include/yahboomcar_msgs/msg/detail
[8.713s] -- Installing: /root/yahboomcar_ros2_ws/yahboomcar_ws/install/yahboomcar_msgs/include/yahboomcar_msgs/msg/detail/target__rosidl_typesupport_fastrtps_c.h
[8.716s] -- Installing: /root/yahboomcar_ros2_ws/yahboomcar_ws/install/yahboomcar_msgs/include/yahboomcar_msgs/msg/detail/image_msg__rosidl_typesupport_fastrtps_c.h
[8.718s] -- Installing: /root/yahboomcar_ros2_ws/yahboomcar_ws/install/yahboomcar_msgs/include/yahboomcar_msgs/msg/detail/target_array__rosidl_typesupport_fastrtps_c.h
[8.721s] -- Installing: /root/yahboomcar_ros2_ws/yahboomcar_ws/install/yahboomcar_msgs/include/yahboomcar_msgs/msg/detail/position__rosidl_typesupport_fastrtps_c.h
[8.723s] -- Installing: /root/yahboomcar_ros2_ws/yahboomcar_ws/install/yahboomcar_msgs/include/yahboomcar_msgs/msg/detail/point_array__rosidl_typesupport_fastrtps_c.h
[8.727s] -- Installing: /root/yahboomcar_ros2_ws/yahboomcar_ws/install/yahboomcar_msgs/include/yahboomcar_msgs/msg/rosidl_typesupport_fastrtps_c__visibility_control.h
[8.732s] -- Installing: /root/yahboomcar_ros2_ws/yahboomcar_ws/install/yahboomcar_msgs/lib/libyahboomcar_msgs__rosidl_typesupport_fastrtps_c.so
[8.744s] -- Set runtime path of "/root/yahboomcar_ros2_ws/yahboomcar_ws/install/yahboomcar_msgs/lib/libyahboomcar_msgs__rosidl_typesupport_fastrtps_c.so" to ""
[8.747s] -- Up-to-date: /root/yahboomcar_ros2_ws/yahboomcar_ws/install/yahboomcar_msgs/include/yahboomcar_msgs
[8.750s] -- Up-to-date: /root/yahboomcar_ros2_ws/yahboomcar_ws/install/yahboomcar_msgs/include/yahboomcar_msgs/msg
[8.752s] -- Up-to-date: /root/yahboomcar_ros2_ws/yahboomcar_ws/install/yahboomcar_msgs/include/yahboomcar_msgs/msg/detail
[8.754s] -- Installing: /root/yahboomcar_ros2_ws/yahboomcar_ws/install/yahboomcar_msgs/include/yahboomcar_msgs/msg/detail/dds_fastrtps
[8.758s] -- Installing: /root/yahboomcar_ros2_ws/yahboomcar_ws/install/yahboomcar_msgs/include/yahboomcar_msgs/msg/detail/target_array__rosidl_typesupport_fastrtps_cpp.hpp
[8.762s] -- Installing: /root/yahboomcar_ros2_ws/yahboomcar_ws/install/yahboomcar_msgs/include/yahboomcar_msgs/msg/detail/image_msg__rosidl_typesupport_fastrtps_cpp.hpp
[8.765s] -- Installing: /root/yahboomcar_ros2_ws/yahboomcar_ws/install/yahboomcar_msgs/include/yahboomcar_msgs/msg/detail/position__rosidl_typesupport_fastrtps_cpp.hpp
[8.768s] -- Installing: /root/yahboomcar_ros2_ws/yahboomcar_ws/install/yahboomcar_msgs/include/yahboomcar_msgs/msg/detail/target__rosidl_typesupport_fastrtps_cpp.hpp
[8.771s] -- Installing: /root/yahboomcar_ros2_ws/yahboomcar_ws/install/yahboomcar_msgs/include/yahboomcar_msgs/msg/detail/point_array__rosidl_typesupport_fastrtps_cpp.hpp
[8.774s] -- Installing: /root/yahboomcar_ros2_ws/yahboomcar_ws/install/yahboomcar_msgs/include/yahboomcar_msgs/msg/rosidl_typesupport_fastrtps_cpp__visibility_control.h
[8.779s] -- Installing: /root/yahboomcar_ros2_ws/yahboomcar_ws/install/yahboomcar_msgs/lib/libyahboomcar_msgs__rosidl_typesupport_fastrtps_cpp.so
[8.789s] -- Set runtime path of "/root/yahboomcar_ros2_ws/yahboomcar_ws/install/yahboomcar_msgs/lib/libyahboomcar_msgs__rosidl_typesupport_fastrtps_cpp.so" to ""
[8.792s] -- Up-to-date: /root/yahboomcar_ros2_ws/yahboomcar_ws/install/yahboomcar_msgs/include/yahboomcar_msgs
[8.794s] -- Up-to-date: /root/yahboomcar_ros2_ws/yahboomcar_ws/install/yahboomcar_msgs/include/yahboomcar_msgs/msg
[8.797s] -- Up-to-date: /root/yahboomcar_ros2_ws/yahboomcar_ws/install/yahboomcar_msgs/include/yahboomcar_msgs/msg/detail
[8.799s] -- Installing: /root/yahboomcar_ros2_ws/yahboomcar_ws/install/yahboomcar_msgs/include/yahboomcar_msgs/msg/detail/point_array__rosidl_typesupport_introspection_c.h
[8.802s] -- Installing: /root/yahboomcar_ros2_ws/yahboomcar_ws/install/yahboomcar_msgs/include/yahboomcar_msgs/msg/detail/target__type_support.c
[8.810s] -- Installing: /root/yahboomcar_ros2_ws/yahboomcar_ws/install/yahboomcar_msgs/include/yahboomcar_msgs/msg/detail/target_array__type_support.c
[8.814s] -- Installing: /root/yahboomcar_ros2_ws/yahboomcar_ws/install/yahboomcar_msgs/include/yahboomcar_msgs/msg/detail/image_msg__rosidl_typesupport_introspection_c.h
[8.819s] -- Installing: /root/yahboomcar_ros2_ws/yahboomcar_ws/install/yahboomcar_msgs/include/yahboomcar_msgs/msg/detail/target_array__rosidl_typesupport_introspection_c.h
[8.822s] -- Installing: /root/yahboomcar_ros2_ws/yahboomcar_ws/install/yahboomcar_msgs/include/yahboomcar_msgs/msg/detail/position__rosidl_typesupport_introspection_c.h
[8.825s] -- Installing: /root/yahboomcar_ros2_ws/yahboomcar_ws/install/yahboomcar_msgs/include/yahboomcar_msgs/msg/detail/image_msg__type_support.c
[8.830s] -- Installing: /root/yahboomcar_ros2_ws/yahboomcar_ws/install/yahboomcar_msgs/include/yahboomcar_msgs/msg/detail/point_array__type_support.c
[8.833s] -- Installing: /root/yahboomcar_ros2_ws/yahboomcar_ws/install/yahboomcar_msgs/include/yahboomcar_msgs/msg/detail/target__rosidl_typesupport_introspection_c.h
[8.836s] -- Installing: /root/yahboomcar_ros2_ws/yahboomcar_ws/install/yahboomcar_msgs/include/yahboomcar_msgs/msg/detail/position__type_support.c
[8.840s] -- Installing: /root/yahboomcar_ros2_ws/yahboomcar_ws/install/yahboomcar_msgs/include/yahboomcar_msgs/msg/rosidl_typesupport_introspection_c__visibility_control.h
[8.844s] -- Installing: /root/yahboomcar_ros2_ws/yahboomcar_ws/install/yahboomcar_msgs/lib/libyahboomcar_msgs__rosidl_typesupport_introspection_c.so
[8.862s] -- Set runtime path of "/root/yahboomcar_ros2_ws/yahboomcar_ws/install/yahboomcar_msgs/lib/libyahboomcar_msgs__rosidl_typesupport_introspection_c.so" to ""
[8.868s] -- Installing: /root/yahboomcar_ros2_ws/yahboomcar_ws/install/yahboomcar_msgs/lib/libyahboomcar_msgs__rosidl_typesupport_c.so
[8.877s] -- Set runtime path of "/root/yahboomcar_ros2_ws/yahboomcar_ws/install/yahboomcar_msgs/lib/libyahboomcar_msgs__rosidl_typesupport_c.so" to ""
[8.880s] -- Up-to-date: /root/yahboomcar_ros2_ws/yahboomcar_ws/install/yahboomcar_msgs/include/yahboomcar_msgs
[8.882s] -- Up-to-date: /root/yahboomcar_ros2_ws/yahboomcar_ws/install/yahboomcar_msgs/include/yahboomcar_msgs/msg
[8.885s] -- Installing: /root/yahboomcar_ros2_ws/yahboomcar_ws/install/yahboomcar_msgs/include/yahboomcar_msgs/msg/point_array.hpp
[8.891s] -- Up-to-date: /root/yahboomcar_ros2_ws/yahboomcar_ws/install/yahboomcar_msgs/include/yahboomcar_msgs/msg/detail
[8.894s] -- Installing: /root/yahboomcar_ros2_ws/yahboomcar_ws/install/yahboomcar_msgs/include/yahboomcar_msgs/msg/detail/image_msg__struct.hpp
[8.897s] -- Installing: /root/yahboomcar_ros2_ws/yahboomcar_ws/install/yahboomcar_msgs/include/yahboomcar_msgs/msg/detail/point_array__struct.hpp
[8.904s] -- Installing: /root/yahboomcar_ros2_ws/yahboomcar_ws/install/yahboomcar_msgs/include/yahboomcar_msgs/msg/detail/position__builder.hpp
[8.909s] -- Installing: /root/yahboomcar_ros2_ws/yahboomcar_ws/install/yahboomcar_msgs/include/yahboomcar_msgs/msg/detail/position__struct.hpp
[8.917s] -- Installing: /root/yahboomcar_ros2_ws/yahboomcar_ws/install/yahboomcar_msgs/include/yahboomcar_msgs/msg/detail/target__builder.hpp
[8.920s] -- Installing: /root/yahboomcar_ros2_ws/yahboomcar_ws/install/yahboomcar_msgs/include/yahboomcar_msgs/msg/detail/target_array__builder.hpp
[8.924s] -- Installing: /root/yahboomcar_ros2_ws/yahboomcar_ws/install/yahboomcar_msgs/include/yahboomcar_msgs/msg/detail/position__traits.hpp
[8.927s] -- Installing: /root/yahboomcar_ros2_ws/yahboomcar_ws/install/yahboomcar_msgs/include/yahboomcar_msgs/msg/detail/point_array__traits.hpp
[8.929s] -- Installing: /root/yahboomcar_ros2_ws/yahboomcar_ws/install/yahboomcar_msgs/include/yahboomcar_msgs/msg/detail/target__traits.hpp
[8.933s] -- Installing: /root/yahboomcar_ros2_ws/yahboomcar_ws/install/yahboomcar_msgs/include/yahboomcar_msgs/msg/detail/point_array__builder.hpp
[8.936s] -- Installing: /root/yahboomcar_ros2_ws/yahboomcar_ws/install/yahboomcar_msgs/include/yahboomcar_msgs/msg/detail/image_msg__builder.hpp
[8.942s] -- Installing: /root/yahboomcar_ros2_ws/yahboomcar_ws/install/yahboomcar_msgs/include/yahboomcar_msgs/msg/detail/target_array__struct.hpp
[8.954s] -- Installing: /root/yahboomcar_ros2_ws/yahboomcar_ws/install/yahboomcar_msgs/include/yahboomcar_msgs/msg/detail/image_msg__traits.hpp
[8.957s] -- Installing: /root/yahboomcar_ros2_ws/yahboomcar_ws/install/yahboomcar_msgs/include/yahboomcar_msgs/msg/detail/target_array__traits.hpp
[8.961s] -- Installing: /root/yahboomcar_ros2_ws/yahboomcar_ws/install/yahboomcar_msgs/include/yahboomcar_msgs/msg/detail/target__struct.hpp
[8.964s] -- Installing: /root/yahboomcar_ros2_ws/yahboomcar_ws/install/yahboomcar_msgs/include/yahboomcar_msgs/msg/image_msg.hpp
[8.967s] -- Installing: /root/yahboomcar_ros2_ws/yahboomcar_ws/install/yahboomcar_msgs/include/yahboomcar_msgs/msg/target_array.hpp
[8.971s] -- Installing: /root/yahboomcar_ros2_ws/yahboomcar_ws/install/yahboomcar_msgs/include/yahboomcar_msgs/msg/target.hpp
[8.974s] -- Installing: /root/yahboomcar_ros2_ws/yahboomcar_ws/install/yahboomcar_msgs/include/yahboomcar_msgs/msg/position.hpp
[8.978s] -- Up-to-date: /root/yahboomcar_ros2_ws/yahboomcar_ws/install/yahboomcar_msgs/include/yahboomcar_msgs
[8.980s] -- Up-to-date: /root/yahboomcar_ros2_ws/yahboomcar_ws/install/yahboomcar_msgs/include/yahboomcar_msgs/msg
[8.982s] -- Up-to-date: /root/yahboomcar_ros2_ws/yahboomcar_ws/install/yahboomcar_msgs/include/yahboomcar_msgs/msg/detail
[8.986s] -- Installing: /root/yahboomcar_ros2_ws/yahboomcar_ws/install/yahboomcar_msgs/include/yahboomcar_msgs/msg/detail/image_msg__rosidl_typesupport_introspection_cpp.hpp
[8.990s] -- Installing: /root/yahboomcar_ros2_ws/yahboomcar_ws/install/yahboomcar_msgs/include/yahboomcar_msgs/msg/detail/point_array__type_support.cpp
[8.994s] -- Installing: /root/yahboomcar_ros2_ws/yahboomcar_ws/install/yahboomcar_msgs/include/yahboomcar_msgs/msg/detail/target_array__type_support.cpp
[8.997s] -- Installing: /root/yahboomcar_ros2_ws/yahboomcar_ws/install/yahboomcar_msgs/include/yahboomcar_msgs/msg/detail/point_array__rosidl_typesupport_introspection_cpp.hpp
[9.000s] -- Installing: /root/yahboomcar_ros2_ws/yahboomcar_ws/install/yahboomcar_msgs/include/yahboomcar_msgs/msg/detail/target__rosidl_typesupport_introspection_cpp.hpp
[9.004s] -- Installing: /root/yahboomcar_ros2_ws/yahboomcar_ws/install/yahboomcar_msgs/include/yahboomcar_msgs/msg/detail/image_msg__type_support.cpp
[9.009s] -- Installing: /root/yahboomcar_ros2_ws/yahboomcar_ws/install/yahboomcar_msgs/include/yahboomcar_msgs/msg/detail/position__type_support.cpp
[9.012s] -- Installing: /root/yahboomcar_ros2_ws/yahboomcar_ws/install/yahboomcar_msgs/include/yahboomcar_msgs/msg/detail/target__type_support.cpp
[9.015s] -- Installing: /root/yahboomcar_ros2_ws/yahboomcar_ws/install/yahboomcar_msgs/include/yahboomcar_msgs/msg/detail/position__rosidl_typesupport_introspection_cpp.hpp
[9.018s] -- Installing: /root/yahboomcar_ros2_ws/yahboomcar_ws/install/yahboomcar_msgs/include/yahboomcar_msgs/msg/detail/target_array__rosidl_typesupport_introspection_cpp.hpp
[9.023s] -- Installing: /root/yahboomcar_ros2_ws/yahboomcar_ws/install/yahboomcar_msgs/lib/libyahboomcar_msgs__rosidl_typesupport_introspection_cpp.so
[9.040s] -- Set runtime path of "/root/yahboomcar_ros2_ws/yahboomcar_ws/install/yahboomcar_msgs/lib/libyahboomcar_msgs__rosidl_typesupport_introspection_cpp.so" to ""
[9.043s] -- Installing: /root/yahboomcar_ros2_ws/yahboomcar_ws/install/yahboomcar_msgs/lib/libyahboomcar_msgs__rosidl_typesupport_cpp.so
[9.055s] -- Set runtime path of "/root/yahboomcar_ros2_ws/yahboomcar_ws/install/yahboomcar_msgs/lib/libyahboomcar_msgs__rosidl_typesupport_cpp.so" to ""
[9.064s] -- Installing: /root/yahboomcar_ros2_ws/yahboomcar_ws/install/yahboomcar_msgs/share/yahboomcar_msgs/environment/pythonpath.sh
[9.072s] -- Installing: /root/yahboomcar_ros2_ws/yahboomcar_ws/install/yahboomcar_msgs/share/yahboomcar_msgs/environment/pythonpath.dsv
[9.078s] -- Installing: /root/yahboomcar_ros2_ws/yahboomcar_ws/install/yahboomcar_msgs/lib/python3.8/site-packages/yahboomcar_msgs/__init__.py
[9.510s] Compiling '/root/yahboomcar_ros2_ws/yahboomcar_ws/install/yahboomcar_msgs/lib/python3.8/site-packages/yahboomcar_msgs/__init__.py'...
[9.562s] -- Installing: /root/yahboomcar_ros2_ws/yahboomcar_ws/install/yahboomcar_msgs/lib/python3.8/site-packages/yahboomcar_msgs/msg
[9.565s] -- Installing: /root/yahboomcar_ros2_ws/yahboomcar_ws/install/yahboomcar_msgs/lib/python3.8/site-packages/yahboomcar_msgs/msg/_image_msg_s.c
[9.573s] -- Installing: /root/yahboomcar_ros2_ws/yahboomcar_ws/install/yahboomcar_msgs/lib/python3.8/site-packages/yahboomcar_msgs/msg/_position.py
[9.577s] -- Installing: /root/yahboomcar_ros2_ws/yahboomcar_ws/install/yahboomcar_msgs/lib/python3.8/site-packages/yahboomcar_msgs/msg/_target_array_s.c
[9.582s] -- Installing: /root/yahboomcar_ros2_ws/yahboomcar_ws/install/yahboomcar_msgs/lib/python3.8/site-packages/yahboomcar_msgs/msg/_target_array.py
[9.589s] -- Installing: /root/yahboomcar_ros2_ws/yahboomcar_ws/install/yahboomcar_msgs/lib/python3.8/site-packages/yahboomcar_msgs/msg/_point_array.py
[9.590s] -- Installing: /root/yahboomcar_ros2_ws/yahboomcar_ws/install/yahboomcar_msgs/lib/python3.8/site-packages/yahboomcar_msgs/msg/__init__.py
[9.595s] -- Installing: /root/yahboomcar_ros2_ws/yahboomcar_ws/install/yahboomcar_msgs/lib/python3.8/site-packages/yahboomcar_msgs/msg/_image_msg.py
[9.600s] -- Installing: /root/yahboomcar_ros2_ws/yahboomcar_ws/install/yahboomcar_msgs/lib/python3.8/site-packages/yahboomcar_msgs/msg/_point_array_s.c
[9.602s] -- Installing: /root/yahboomcar_ros2_ws/yahboomcar_ws/install/yahboomcar_msgs/lib/python3.8/site-packages/yahboomcar_msgs/msg/_target_s.c
[9.603s] -- Installing: /root/yahboomcar_ros2_ws/yahboomcar_ws/install/yahboomcar_msgs/lib/python3.8/site-packages/yahboomcar_msgs/msg/_position_s.c
[9.608s] -- Installing: /root/yahboomcar_ros2_ws/yahboomcar_ws/install/yahboomcar_msgs/lib/python3.8/site-packages/yahboomcar_msgs/msg/_target.py
[9.614s] -- Installing: /root/yahboomcar_ros2_ws/yahboomcar_ws/install/yahboomcar_msgs/lib/python3.8/site-packages/yahboomcar_msgs/yahboomcar_msgs_s__rosidl_typesupport_fastrtps_c.cpython-38-aarch64-linux-gnu.so
[9.625s] -- Set runtime path of "/root/yahboomcar_ros2_ws/yahboomcar_ws/install/yahboomcar_msgs/lib/python3.8/site-packages/yahboomcar_msgs/yahboomcar_msgs_s__rosidl_typesupport_fastrtps_c.cpython-38-aarch64-linux-gnu.so" to ""
[9.626s] -- Installing: /root/yahboomcar_ros2_ws/yahboomcar_ws/install/yahboomcar_msgs/lib/python3.8/site-packages/yahboomcar_msgs/yahboomcar_msgs_s__rosidl_typesupport_introspection_c.cpython-38-aarch64-linux-gnu.so
[9.636s] -- Set runtime path of "/root/yahboomcar_ros2_ws/yahboomcar_ws/install/yahboomcar_msgs/lib/python3.8/site-packages/yahboomcar_msgs/yahboomcar_msgs_s__rosidl_typesupport_introspection_c.cpython-38-aarch64-linux-gnu.so" to ""
[9.637s] -- Installing: /root/yahboomcar_ros2_ws/yahboomcar_ws/install/yahboomcar_msgs/lib/python3.8/site-packages/yahboomcar_msgs/yahboomcar_msgs_s__rosidl_typesupport_c.cpython-38-aarch64-linux-gnu.so
[9.644s] -- Set runtime path of "/root/yahboomcar_ros2_ws/yahboomcar_ws/install/yahboomcar_msgs/lib/python3.8/site-packages/yahboomcar_msgs/yahboomcar_msgs_s__rosidl_typesupport_c.cpython-38-aarch64-linux-gnu.so" to ""
[9.645s] -- Installing: /root/yahboomcar_ros2_ws/yahboomcar_ws/install/yahboomcar_msgs/lib/libyahboomcar_msgs__python.so
[9.655s] -- Set runtime path of "/root/yahboomcar_ros2_ws/yahboomcar_ws/install/yahboomcar_msgs/lib/libyahboomcar_msgs__python.so" to ""
[9.656s] -- Installing: /root/yahboomcar_ros2_ws/yahboomcar_ws/install/yahboomcar_msgs/share/yahboomcar_msgs/msg/ImageMsg.idl
[9.660s] -- Installing: /root/yahboomcar_ros2_ws/yahboomcar_ws/install/yahboomcar_msgs/share/yahboomcar_msgs/msg/PointArray.idl
[9.666s] -- Installing: /root/yahboomcar_ros2_ws/yahboomcar_ws/install/yahboomcar_msgs/share/yahboomcar_msgs/msg/Position.idl
[9.667s] -- Installing: /root/yahboomcar_ros2_ws/yahboomcar_ws/install/yahboomcar_msgs/share/yahboomcar_msgs/msg/Target.idl
[9.673s] -- Installing: /root/yahboomcar_ros2_ws/yahboomcar_ws/install/yahboomcar_msgs/share/yahboomcar_msgs/msg/TargetArray.idl
[9.674s] -- Installing: /root/yahboomcar_ros2_ws/yahboomcar_ws/install/yahboomcar_msgs/share/yahboomcar_msgs/msg/ImageMsg.msg
[9.680s] -- Installing: /root/yahboomcar_ros2_ws/yahboomcar_ws/install/yahboomcar_msgs/share/yahboomcar_msgs/msg/PointArray.msg
[9.682s] -- Installing: /root/yahboomcar_ros2_ws/yahboomcar_ws/install/yahboomcar_msgs/share/yahboomcar_msgs/msg/Position.msg
[9.683s] -- Installing: /root/yahboomcar_ros2_ws/yahboomcar_ws/install/yahboomcar_msgs/share/yahboomcar_msgs/msg/Target.msg
[9.688s] -- Installing: /root/yahboomcar_ros2_ws/yahboomcar_ws/install/yahboomcar_msgs/share/yahboomcar_msgs/msg/TargetArray.msg
[9.692s] -- Installing: /root/yahboomcar_ros2_ws/yahboomcar_ws/install/yahboomcar_msgs/share/ament_index/resource_index/package_run_dependencies/yahboomcar_msgs
[9.704s] -- Installing: /root/yahboomcar_ros2_ws/yahboomcar_ws/install/yahboomcar_msgs/share/ament_index/resource_index/parent_prefix_path/yahboomcar_msgs
[9.706s] -- Installing: /root/yahboomcar_ros2_ws/yahboomcar_ws/install/yahboomcar_msgs/share/yahboomcar_msgs/environment/ament_prefix_path.sh
[9.707s] -- Installing: /root/yahboomcar_ros2_ws/yahboomcar_ws/install/yahboomcar_msgs/share/yahboomcar_msgs/environment/ament_prefix_path.dsv
[9.710s] -- Installing: /root/yahboomcar_ros2_ws/yahboomcar_ws/install/yahboomcar_msgs/share/yahboomcar_msgs/environment/path.sh
[9.712s] -- Installing: /root/yahboomcar_ros2_ws/yahboomcar_ws/install/yahboomcar_msgs/share/yahboomcar_msgs/environment/path.dsv
[9.713s] -- Installing: /root/yahboomcar_ros2_ws/yahboomcar_ws/install/yahboomcar_msgs/share/yahboomcar_msgs/local_setup.bash
[9.715s] -- Installing: /root/yahboomcar_ros2_ws/yahboomcar_ws/install/yahboomcar_msgs/share/yahboomcar_msgs/local_setup.sh
[9.720s] -- Installing: /root/yahboomcar_ros2_ws/yahboomcar_ws/install/yahboomcar_msgs/share/yahboomcar_msgs/local_setup.zsh
[9.725s] -- Installing: /root/yahboomcar_ros2_ws/yahboomcar_ws/install/yahboomcar_msgs/share/yahboomcar_msgs/local_setup.dsv
[9.733s] -- Installing: /root/yahboomcar_ros2_ws/yahboomcar_ws/install/yahboomcar_msgs/share/yahboomcar_msgs/package.dsv
[9.734s] -- Installing: /root/yahboomcar_ros2_ws/yahboomcar_ws/install/yahboomcar_msgs/share/ament_index/resource_index/packages/yahboomcar_msgs
[9.736s] -- Installing: /root/yahboomcar_ros2_ws/yahboomcar_ws/install/yahboomcar_msgs/share/yahboomcar_msgs/cmake/yahboomcar_msgs__rosidl_generator_cExport.cmake
[9.745s] -- Installing: /root/yahboomcar_ros2_ws/yahboomcar_ws/install/yahboomcar_msgs/share/yahboomcar_msgs/cmake/yahboomcar_msgs__rosidl_generator_cExport-noconfig.cmake
[9.747s] -- Installing: /root/yahboomcar_ros2_ws/yahboomcar_ws/install/yahboomcar_msgs/share/yahboomcar_msgs/cmake/yahboomcar_msgs__rosidl_typesupport_introspection_cExport.cmake
[9.748s] -- Installing: /root/yahboomcar_ros2_ws/yahboomcar_ws/install/yahboomcar_msgs/share/yahboomcar_msgs/cmake/yahboomcar_msgs__rosidl_typesupport_introspection_cExport-noconfig.cmake
[9.751s] -- Installing: /root/yahboomcar_ros2_ws/yahboomcar_ws/install/yahboomcar_msgs/share/yahboomcar_msgs/cmake/yahboomcar_msgs__rosidl_typesupport_cExport.cmake
[9.753s] -- Installing: /root/yahboomcar_ros2_ws/yahboomcar_ws/install/yahboomcar_msgs/share/yahboomcar_msgs/cmake/yahboomcar_msgs__rosidl_typesupport_cExport-noconfig.cmake
[9.756s] -- Installing: /root/yahboomcar_ros2_ws/yahboomcar_ws/install/yahboomcar_msgs/share/yahboomcar_msgs/cmake/yahboomcar_msgs__rosidl_generator_cppExport.cmake
[9.760s] -- Installing: /root/yahboomcar_ros2_ws/yahboomcar_ws/install/yahboomcar_msgs/share/yahboomcar_msgs/cmake/yahboomcar_msgs__rosidl_typesupport_introspection_cppExport.cmake
[9.766s] -- Installing: /root/yahboomcar_ros2_ws/yahboomcar_ws/install/yahboomcar_msgs/share/yahboomcar_msgs/cmake/yahboomcar_msgs__rosidl_typesupport_introspection_cppExport-noconfig.cmake
[9.768s] -- Installing: /root/yahboomcar_ros2_ws/yahboomcar_ws/install/yahboomcar_msgs/share/yahboomcar_msgs/cmake/yahboomcar_msgs__rosidl_typesupport_cppExport.cmake
[9.770s] -- Installing: /root/yahboomcar_ros2_ws/yahboomcar_ws/install/yahboomcar_msgs/share/yahboomcar_msgs/cmake/yahboomcar_msgs__rosidl_typesupport_cppExport-noconfig.cmake
[9.777s] -- Installing: /root/yahboomcar_ros2_ws/yahboomcar_ws/install/yahboomcar_msgs/share/yahboomcar_msgs/cmake/rosidl_cmake-extras.cmake
[9.778s] -- Installing: /root/yahboomcar_ros2_ws/yahboomcar_ws/install/yahboomcar_msgs/share/yahboomcar_msgs/cmake/ament_cmake_export_dependencies-extras.cmake
[9.780s] -- Installing: /root/yahboomcar_ros2_ws/yahboomcar_ws/install/yahboomcar_msgs/share/yahboomcar_msgs/cmake/ament_cmake_export_libraries-extras.cmake
[9.788s] -- Installing: /root/yahboomcar_ros2_ws/yahboomcar_ws/install/yahboomcar_msgs/share/yahboomcar_msgs/cmake/ament_cmake_export_targets-extras.cmake
[9.789s] -- Installing: /root/yahboomcar_ros2_ws/yahboomcar_ws/install/yahboomcar_msgs/share/yahboomcar_msgs/cmake/ament_cmake_export_include_directories-extras.cmake
[9.797s] -- Installing: /root/yahboomcar_ros2_ws/yahboomcar_ws/install/yahboomcar_msgs/share/yahboomcar_msgs/cmake/rosidl_cmake_export_typesupport_libraries-extras.cmake
[9.798s] -- Installing: /root/yahboomcar_ros2_ws/yahboomcar_ws/install/yahboomcar_msgs/share/yahboomcar_msgs/cmake/rosidl_cmake_export_typesupport_targets-extras.cmake
[9.801s] -- Installing: /root/yahboomcar_ros2_ws/yahboomcar_ws/install/yahboomcar_msgs/share/yahboomcar_msgs/cmake/yahboomcar_msgsConfig.cmake
[9.804s] -- Installing: /root/yahboomcar_ros2_ws/yahboomcar_ws/install/yahboomcar_msgs/share/yahboomcar_msgs/cmake/yahboomcar_msgsConfig-version.cmake
[9.810s] -- Installing: /root/yahboomcar_ros2_ws/yahboomcar_ws/install/yahboomcar_msgs/share/yahboomcar_msgs/package.xml
[11.168s] Invoked command in '/root/yahboomcar_ros2_ws/yahboomcar_ws/build/yahboomcar_msgs' returned '0': CMAKE_PREFIX_PATH=${CMAKE_PREFIX_PATH}:/root/yahboomcar_ros2_ws/yahboomcar_ws/install/yahboomcar_voice_ctrl:/root/yahboomcar_ros2_ws/yahboomcar_ws/install/yahboomcar_visual:/root/yahboomcar_ros2_ws/yahboomcar_ws/install/yahboomcar_nav:/root/yahboomcar_ros2_ws/yahboomcar_ws/install/yahboomcar_mediapipe:/root/yahboomcar_ros2_ws/yahboomcar_ws/install/yahboomcar_linefollow:/root/yahboomcar_ros2_ws/yahboomcar_ws/install/yahboomcar_laser:/root/yahboomcar_ros2_ws/yahboomcar_ws/install/yahboomcar_description_x1:/root/yahboomcar_ros2_ws/yahboomcar_ws/install/yahboomcar_description:/root/yahboomcar_ros2_ws/yahboomcar_ws/install/yahboomcar_ctrl:/root/yahboomcar_ros2_ws/yahboomcar_ws/install/yahboomcar_bringup:/root/yahboomcar_ros2_ws/yahboomcar_ws/install/yahboomcar_astra:/opt/ros/foxy /usr/bin/cmake --install /root/yahboomcar_ros2_ws/yahboomcar_ws/build/yahboomcar_msgs
