[6.748s] Invoking command in '/root/yahboomcar_ros2_ws/yahboomcar_ws/src/yahboomcar_laser': PYTHONPATH=/root/yahboomcar_ros2_ws/yahboomcar_ws/build/yahboomcar_laser/prefix_override:/root/yahboomcar_ros2_ws/yahboomcar_ws/install/yahboomcar_laser/lib/python3.8/site-packages:${PYTHONPATH} /usr/bin/python3 setup.py egg_info --egg-base ../../build/yahboomcar_laser build --build-base /root/yahboomcar_ros2_ws/yahboomcar_ws/build/yahboomcar_laser/build install --record /root/yahboomcar_ros2_ws/yahboomcar_ws/build/yahboomcar_laser/install.log --install-scripts $base/lib/yahboomcar_laser --single-version-externally-managed
[8.108s] running egg_info
[8.111s] writing ../../build/yahboomcar_laser/yahboomcar_laser.egg-info/PKG-INFO
[8.112s] writing dependency_links to ../../build/yahboomcar_laser/yahboomcar_laser.egg-info/dependency_links.txt
[8.113s] writing entry points to ../../build/yahboomcar_laser/yahboomcar_laser.egg-info/entry_points.txt
[8.113s] writing requirements to ../../build/yahboomcar_laser/yahboomcar_laser.egg-info/requires.txt
[8.114s] writing top-level names to ../../build/yahboomcar_laser/yahboomcar_laser.egg-info/top_level.txt
[8.304s] reading manifest file '../../build/yahboomcar_laser/yahboomcar_laser.egg-info/SOURCES.txt'
[8.320s] writing manifest file '../../build/yahboomcar_laser/yahboomcar_laser.egg-info/SOURCES.txt'
[8.320s] running build
[8.321s] running build_py
[8.327s] running install
[8.332s] running install_lib
[8.346s] running install_data
[8.348s] running install_egg_info
[8.357s] removing '/root/yahboomcar_ros2_ws/yahboomcar_ws/install/yahboomcar_laser/lib/python3.8/site-packages/yahboomcar_laser-0.0.0-py3.8.egg-info' (and everything under it)
[8.358s] Copying ../../build/yahboomcar_laser/yahboomcar_laser.egg-info to /root/yahboomcar_ros2_ws/yahboomcar_ws/install/yahboomcar_laser/lib/python3.8/site-packages/yahboomcar_laser-0.0.0-py3.8.egg-info
[8.374s] running install_scripts
[8.459s] Installing laser_Avoidance_4ROS_R2 script to /root/yahboomcar_ros2_ws/yahboomcar_ws/install/yahboomcar_laser/lib/yahboomcar_laser
[8.459s] Installing laser_Avoidance_a1_R2 script to /root/yahboomcar_ros2_ws/yahboomcar_ws/install/yahboomcar_laser/lib/yahboomcar_laser
[8.460s] Installing laser_Avoidance_a1_X3 script to /root/yahboomcar_ros2_ws/yahboomcar_ws/install/yahboomcar_laser/lib/yahboomcar_laser
[8.461s] Installing laser_Tracker_4ROS_R2 script to /root/yahboomcar_ros2_ws/yahboomcar_ws/install/yahboomcar_laser/lib/yahboomcar_laser
[8.461s] Installing laser_Tracker_a1_R2 script to /root/yahboomcar_ros2_ws/yahboomcar_ws/install/yahboomcar_laser/lib/yahboomcar_laser
[8.461s] Installing laser_Tracker_a1_X3 script to /root/yahboomcar_ros2_ws/yahboomcar_ws/install/yahboomcar_laser/lib/yahboomcar_laser
[8.462s] Installing laser_Warning_a1_X3 script to /root/yahboomcar_ros2_ws/yahboomcar_ws/install/yahboomcar_laser/lib/yahboomcar_laser
[8.463s] writing list of installed files to '/root/yahboomcar_ros2_ws/yahboomcar_ws/build/yahboomcar_laser/install.log'
[8.577s] Invoked command in '/root/yahboomcar_ros2_ws/yahboomcar_ws/src/yahboomcar_laser' returned '0': PYTHONPATH=/root/yahboomcar_ros2_ws/yahboomcar_ws/build/yahboomcar_laser/prefix_override:/root/yahboomcar_ros2_ws/yahboomcar_ws/install/yahboomcar_laser/lib/python3.8/site-packages:${PYTHONPATH} /usr/bin/python3 setup.py egg_info --egg-base ../../build/yahboomcar_laser build --build-base /root/yahboomcar_ros2_ws/yahboomcar_ws/build/yahboomcar_laser/build install --record /root/yahboomcar_ros2_ws/yahboomcar_ws/build/yahboomcar_laser/install.log --install-scripts $base/lib/yahboomcar_laser --single-version-externally-managed
