[3.518s] Invoking command in '/root/yahboomcar_ros2_ws/yahboomcar_ws/src/yahboomcar_multi': PYTHONPATH=/root/yahboomcar_ros2_ws/yahboomcar_ws/build/yahboomcar_multi/prefix_override:/root/yahboomcar_ros2_ws/yahboomcar_ws/install/yahboomcar_multi/lib/python3.8/site-packages:${PYTHONPATH} /usr/bin/python3 setup.py egg_info --egg-base ../../build/yahboomcar_multi build --build-base /root/yahboomcar_ros2_ws/yahboomcar_ws/build/yahboomcar_multi/build install --record /root/yahboomcar_ros2_ws/yahboomcar_ws/build/yahboomcar_multi/install.log --install-scripts $base/lib/yahboomcar_multi --single-version-externally-managed
[4.713s] running egg_info
[4.716s] writing ../../build/yahboomcar_multi/yahboomcar_multi.egg-info/PKG-INFO
[4.716s] writing dependency_links to ../../build/yahboomcar_multi/yahboomcar_multi.egg-info/dependency_links.txt
[4.717s] writing entry points to ../../build/yahboomcar_multi/yahboomcar_multi.egg-info/entry_points.txt
[4.717s] writing requirements to ../../build/yahboomcar_multi/yahboomcar_multi.egg-info/requires.txt
[4.718s] writing top-level names to ../../build/yahboomcar_multi/yahboomcar_multi.egg-info/top_level.txt
[4.885s] reading manifest file '../../build/yahboomcar_multi/yahboomcar_multi.egg-info/SOURCES.txt'
[4.889s] writing manifest file '../../build/yahboomcar_multi/yahboomcar_multi.egg-info/SOURCES.txt'
[4.890s] running build
[4.890s] running build_py
[4.891s] running install
[4.895s] running install_lib
[4.901s] running install_data
[4.904s] copying launch/multi_laser_bringup_launch.py -> /root/yahboomcar_ros2_ws/yahboomcar_ws/install/yahboomcar_multi/share/yahboomcar_multi/launch
[4.905s] copying launch/bringup_multi.launch.xml -> /root/yahboomcar_ros2_ws/yahboomcar_ws/install/yahboomcar_multi/share/yahboomcar_multi/launch
[4.905s] running install_egg_info
[4.912s] removing '/root/yahboomcar_ros2_ws/yahboomcar_ws/install/yahboomcar_multi/lib/python3.8/site-packages/yahboomcar_multi-0.0.0-py3.8.egg-info' (and everything under it)
[4.914s] Copying ../../build/yahboomcar_multi/yahboomcar_multi.egg-info to /root/yahboomcar_ros2_ws/yahboomcar_ws/install/yahboomcar_multi/lib/python3.8/site-packages/yahboomcar_multi-0.0.0-py3.8.egg-info
[4.918s] running install_scripts
[4.995s] writing list of installed files to '/root/yahboomcar_ros2_ws/yahboomcar_ws/build/yahboomcar_multi/install.log'
[5.097s] Invoked command in '/root/yahboomcar_ros2_ws/yahboomcar_ws/src/yahboomcar_multi' returned '0': PYTHONPATH=/root/yahboomcar_ros2_ws/yahboomcar_ws/build/yahboomcar_multi/prefix_override:/root/yahboomcar_ros2_ws/yahboomcar_ws/install/yahboomcar_multi/lib/python3.8/site-packages:${PYTHONPATH} /usr/bin/python3 setup.py egg_info --egg-base ../../build/yahboomcar_multi build --build-base /root/yahboomcar_ros2_ws/yahboomcar_ws/build/yahboomcar_multi/build install --record /root/yahboomcar_ros2_ws/yahboomcar_ws/build/yahboomcar_multi/install.log --install-scripts $base/lib/yahboomcar_multi --single-version-externally-managed
