[3.967s] Invoking command in '/root/yahboomcar_ros2_ws/yahboomcar_ws/src/yahboomcar_bringup': PYTHONPATH=/root/yahboomcar_ros2_ws/yahboomcar_ws/build/yahboomcar_bringup/prefix_override:/root/yahboomcar_ros2_ws/yahboomcar_ws/install/yahboomcar_bringup/lib/python3.8/site-packages:${PYTHONPATH} /usr/bin/python3 setup.py egg_info --egg-base ../../build/yahboomcar_bringup build --build-base /root/yahboomcar_ros2_ws/yahboomcar_ws/build/yahboomcar_bringup/build install --record /root/yahboomcar_ros2_ws/yahboomcar_ws/build/yahboomcar_bringup/install.log --install-scripts $base/lib/yahboomcar_bringup --single-version-externally-managed
[5.320s] running egg_info
[5.323s] writing ../../build/yahboomcar_bringup/yahboomcar_bringup.egg-info/PKG-INFO
[5.337s] writing dependency_links to ../../build/yahboomcar_bringup/yahboomcar_bringup.egg-info/dependency_links.txt
[5.338s] writing entry points to ../../build/yahboomcar_bringup/yahboomcar_bringup.egg-info/entry_points.txt
[5.339s] writing requirements to ../../build/yahboomcar_bringup/yahboomcar_bringup.egg-info/requires.txt
[5.340s] writing top-level names to ../../build/yahboomcar_bringup/yahboomcar_bringup.egg-info/top_level.txt
[5.517s] reading manifest file '../../build/yahboomcar_bringup/yahboomcar_bringup.egg-info/SOURCES.txt'
[5.523s] writing manifest file '../../build/yahboomcar_bringup/yahboomcar_bringup.egg-info/SOURCES.txt'
[5.524s] running build
[5.524s] running build_py
[5.539s] copying yahboomcar_bringup/Ackman_driver_R2.py -> /root/yahboomcar_ros2_ws/yahboomcar_ws/build/yahboomcar_bringup/build/lib/yahboomcar_bringup
[5.542s] running install
[5.546s] running install_lib
[5.554s] copying /root/yahboomcar_ros2_ws/yahboomcar_ws/build/yahboomcar_bringup/build/lib/yahboomcar_bringup/Ackman_driver_R2.py -> /root/yahboomcar_ros2_ws/yahboomcar_ws/install/yahboomcar_bringup/lib/python3.8/site-packages/yahboomcar_bringup
[5.566s] byte-compiling /root/yahboomcar_ros2_ws/yahboomcar_ws/install/yahboomcar_bringup/lib/python3.8/site-packages/yahboomcar_bringup/Ackman_driver_R2.py to Ackman_driver_R2.cpython-38.pyc
[5.575s] running install_data
[5.581s] running install_egg_info
[5.589s] removing '/root/yahboomcar_ros2_ws/yahboomcar_ws/install/yahboomcar_bringup/lib/python3.8/site-packages/yahboomcar_bringup-0.0.0-py3.8.egg-info' (and everything under it)
[5.592s] Copying ../../build/yahboomcar_bringup/yahboomcar_bringup.egg-info to /root/yahboomcar_ros2_ws/yahboomcar_ws/install/yahboomcar_bringup/lib/python3.8/site-packages/yahboomcar_bringup-0.0.0-py3.8.egg-info
[5.598s] running install_scripts
[5.681s] Installing Ackman_driver_R2 script to /root/yahboomcar_ros2_ws/yahboomcar_ws/install/yahboomcar_bringup/lib/yahboomcar_bringup
[5.683s] Installing Mcnamu_driver_X3 script to /root/yahboomcar_ros2_ws/yahboomcar_ws/install/yahboomcar_bringup/lib/yahboomcar_bringup
[5.684s] Installing Mcnamu_driver_x1 script to /root/yahboomcar_ros2_ws/yahboomcar_ws/install/yahboomcar_bringup/lib/yahboomcar_bringup
[5.684s] Installing calibrate_angular_R2 script to /root/yahboomcar_ros2_ws/yahboomcar_ws/install/yahboomcar_bringup/lib/yahboomcar_bringup
[5.685s] Installing calibrate_angular_X3 script to /root/yahboomcar_ros2_ws/yahboomcar_ws/install/yahboomcar_bringup/lib/yahboomcar_bringup
[5.686s] Installing calibrate_linear_R2 script to /root/yahboomcar_ros2_ws/yahboomcar_ws/install/yahboomcar_bringup/lib/yahboomcar_bringup
[5.687s] Installing calibrate_linear_X3 script to /root/yahboomcar_ros2_ws/yahboomcar_ws/install/yahboomcar_bringup/lib/yahboomcar_bringup
[5.688s] Installing patrol_4ROS script to /root/yahboomcar_ros2_ws/yahboomcar_ws/install/yahboomcar_bringup/lib/yahboomcar_bringup
[5.689s] Installing patrol_4ROS_R2 script to /root/yahboomcar_ros2_ws/yahboomcar_ws/install/yahboomcar_bringup/lib/yahboomcar_bringup
[5.690s] Installing patrol_a1_R2 script to /root/yahboomcar_ros2_ws/yahboomcar_ws/install/yahboomcar_bringup/lib/yahboomcar_bringup
[5.690s] Installing patrol_a1_X3 script to /root/yahboomcar_ros2_ws/yahboomcar_ws/install/yahboomcar_bringup/lib/yahboomcar_bringup
[5.693s] writing list of installed files to '/root/yahboomcar_ros2_ws/yahboomcar_ws/build/yahboomcar_bringup/install.log'
[5.800s] Invoked command in '/root/yahboomcar_ros2_ws/yahboomcar_ws/src/yahboomcar_bringup' returned '0': PYTHONPATH=/root/yahboomcar_ros2_ws/yahboomcar_ws/build/yahboomcar_bringup/prefix_override:/root/yahboomcar_ros2_ws/yahboomcar_ws/install/yahboomcar_bringup/lib/python3.8/site-packages:${PYTHONPATH} /usr/bin/python3 setup.py egg_info --egg-base ../../build/yahboomcar_bringup build --build-base /root/yahboomcar_ros2_ws/yahboomcar_ws/build/yahboomcar_bringup/build install --record /root/yahboomcar_ros2_ws/yahboomcar_ws/build/yahboomcar_bringup/install.log --install-scripts $base/lib/yahboomcar_bringup --single-version-externally-managed
