[0.332s] Invoking command in '/root/yahboomcar_ros2_ws/yahboomcar_ws/build/yahboomcar_msgs': CMAKE_PREFIX_PATH=${CMAKE_PREFIX_PATH}:/root/yahboomcar_ros2_ws/yahboomcar_ws/install/yahboomcar_voice_ctrl:/root/yahboomcar_ros2_ws/yahboomcar_ws/install/yahboomcar_visual:/root/yahboomcar_ros2_ws/yahboomcar_ws/install/yahboomcar_nav:/root/yahboomcar_ros2_ws/yahboomcar_ws/install/yahboomcar_mediapipe:/root/yahboomcar_ros2_ws/yahboomcar_ws/install/yahboomcar_linefollow:/root/yahboomcar_ros2_ws/yahboomcar_ws/install/yahboomcar_laser:/root/yahboomcar_ros2_ws/yahboomcar_ws/install/yahboomcar_description_x1:/root/yahboomcar_ros2_ws/yahboomcar_ws/install/yahboomcar_description:/root/yahboomcar_ros2_ws/yahboomcar_ws/install/yahboomcar_ctrl:/root/yahboomcar_ros2_ws/yahboomcar_ws/install/yahboomcar_bringup:/root/yahboomcar_ros2_ws/yahboomcar_ws/install/yahboomcar_astra:/root/yahboomcar_ros2_ws/yahboomcar_ws/install/yahboom_app_save_map:/root/yahboomcar_ros2_ws/yahboomcar_ws/install/robot_pose_publisher:/root/yahboomcar_ros2_ws/yahboomcar_ws/install/laserscan_to_point_pulisher:/opt/ros/foxy /usr/bin/cmake --build /root/yahboomcar_ros2_ws/yahboomcar_ws/build/yahboomcar_msgs -- -j4 -l4
[3.376s] [  1%] Built target yahboomcar_msgs__cpp
[3.377s] [ 12%] Built target yahboomcar_msgs__rosidl_generator_c
[3.378s] [ 23%] Built target yahboomcar_msgs__rosidl_typesupport_cpp
[3.380s] [ 34%] Built target yahboomcar_msgs__rosidl_typesupport_introspection_c
[3.381s] [ 46%] Built target yahboomcar_msgs__rosidl_typesupport_c
[3.382s] [ 57%] Built target yahboomcar_msgs__rosidl_typesupport_fastrtps_cpp
[3.382s] [ 68%] Built target yahboomcar_msgs__rosidl_typesupport_introspection_cpp
[3.383s] [ 79%] Built target yahboomcar_msgs__rosidl_typesupport_fastrtps_c
[3.383s] [ 79%] Built target yahboomcar_msgs
[3.384s] [ 80%] Built target yahboomcar_msgs__py
[3.385s] [ 90%] Built target yahboomcar_msgs__python
[3.385s] [ 93%] Built target yahboomcar_msgs__rosidl_typesupport_c__pyext
[3.386s] [ 96%] Built target yahboomcar_msgs__rosidl_typesupport_fastrtps_c__pyext
[3.386s] [100%] Built target yahboomcar_msgs__rosidl_typesupport_introspection_c__pyext
[3.411s] Invoked command in '/root/yahboomcar_ros2_ws/yahboomcar_ws/build/yahboomcar_msgs' returned '0': CMAKE_PREFIX_PATH=${CMAKE_PREFIX_PATH}:/root/yahboomcar_ros2_ws/yahboomcar_ws/install/yahboomcar_voice_ctrl:/root/yahboomcar_ros2_ws/yahboomcar_ws/install/yahboomcar_visual:/root/yahboomcar_ros2_ws/yahboomcar_ws/install/yahboomcar_nav:/root/yahboomcar_ros2_ws/yahboomcar_ws/install/yahboomcar_mediapipe:/root/yahboomcar_ros2_ws/yahboomcar_ws/install/yahboomcar_linefollow:/root/yahboomcar_ros2_ws/yahboomcar_ws/install/yahboomcar_laser:/root/yahboomcar_ros2_ws/yahboomcar_ws/install/yahboomcar_description_x1:/root/yahboomcar_ros2_ws/yahboomcar_ws/install/yahboomcar_description:/root/yahboomcar_ros2_ws/yahboomcar_ws/install/yahboomcar_ctrl:/root/yahboomcar_ros2_ws/yahboomcar_ws/install/yahboomcar_bringup:/root/yahboomcar_ros2_ws/yahboomcar_ws/install/yahboomcar_astra:/root/yahboomcar_ros2_ws/yahboomcar_ws/install/yahboom_app_save_map:/root/yahboomcar_ros2_ws/yahboomcar_ws/install/robot_pose_publisher:/root/yahboomcar_ros2_ws/yahboomcar_ws/install/laserscan_to_point_pulisher:/opt/ros/foxy /usr/bin/cmake --build /root/yahboomcar_ros2_ws/yahboomcar_ws/build/yahboomcar_msgs -- -j4 -l4
[4.812s] Invoking command in '/root/yahboomcar_ros2_ws/yahboomcar_ws/build/yahboomcar_msgs': CMAKE_PREFIX_PATH=${CMAKE_PREFIX_PATH}:/root/yahboomcar_ros2_ws/yahboomcar_ws/install/yahboomcar_voice_ctrl:/root/yahboomcar_ros2_ws/yahboomcar_ws/install/yahboomcar_visual:/root/yahboomcar_ros2_ws/yahboomcar_ws/install/yahboomcar_nav:/root/yahboomcar_ros2_ws/yahboomcar_ws/install/yahboomcar_mediapipe:/root/yahboomcar_ros2_ws/yahboomcar_ws/install/yahboomcar_linefollow:/root/yahboomcar_ros2_ws/yahboomcar_ws/install/yahboomcar_laser:/root/yahboomcar_ros2_ws/yahboomcar_ws/install/yahboomcar_description_x1:/root/yahboomcar_ros2_ws/yahboomcar_ws/install/yahboomcar_description:/root/yahboomcar_ros2_ws/yahboomcar_ws/install/yahboomcar_ctrl:/root/yahboomcar_ros2_ws/yahboomcar_ws/install/yahboomcar_bringup:/root/yahboomcar_ros2_ws/yahboomcar_ws/install/yahboomcar_astra:/root/yahboomcar_ros2_ws/yahboomcar_ws/install/yahboom_app_save_map:/root/yahboomcar_ros2_ws/yahboomcar_ws/install/robot_pose_publisher:/root/yahboomcar_ros2_ws/yahboomcar_ws/install/laserscan_to_point_pulisher:/opt/ros/foxy /usr/bin/cmake --install /root/yahboomcar_ros2_ws/yahboomcar_ws/build/yahboomcar_msgs
[4.880s] -- Install configuration: ""
[4.880s] -- Up-to-date: /root/yahboomcar_ros2_ws/yahboomcar_ws/install/yahboomcar_msgs/share/ament_index/resource_index/rosidl_interfaces/yahboomcar_msgs
[4.881s] -- Up-to-date: /root/yahboomcar_ros2_ws/yahboomcar_ws/install/yahboomcar_msgs/include/yahboomcar_msgs
[4.882s] -- Up-to-date: /root/yahboomcar_ros2_ws/yahboomcar_ws/install/yahboomcar_msgs/include/yahboomcar_msgs/msg
[4.882s] -- Up-to-date: /root/yahboomcar_ros2_ws/yahboomcar_ws/install/yahboomcar_msgs/include/yahboomcar_msgs/msg/detail
[4.883s] -- Up-to-date: /root/yahboomcar_ros2_ws/yahboomcar_ws/install/yahboomcar_msgs/include/yahboomcar_msgs/msg/detail/image_msg__type_support.h
[4.884s] -- Up-to-date: /root/yahboomcar_ros2_ws/yahboomcar_ws/install/yahboomcar_msgs/include/yahboomcar_msgs/msg/detail/position__type_support.h
[4.885s] -- Up-to-date: /root/yahboomcar_ros2_ws/yahboomcar_ws/install/yahboomcar_msgs/include/yahboomcar_msgs/msg/detail/image_msg__functions.h
[4.886s] -- Up-to-date: /root/yahboomcar_ros2_ws/yahboomcar_ws/install/yahboomcar_msgs/include/yahboomcar_msgs/msg/detail/point_array__functions.c
[4.887s] -- Up-to-date: /root/yahboomcar_ros2_ws/yahboomcar_ws/install/yahboomcar_msgs/include/yahboomcar_msgs/msg/detail/image_msg__struct.h
[4.888s] -- Up-to-date: /root/yahboomcar_ros2_ws/yahboomcar_ws/install/yahboomcar_msgs/include/yahboomcar_msgs/msg/detail/target__type_support.h
[4.888s] -- Up-to-date: /root/yahboomcar_ros2_ws/yahboomcar_ws/install/yahboomcar_msgs/include/yahboomcar_msgs/msg/detail/target__functions.c
[4.889s] -- Up-to-date: /root/yahboomcar_ros2_ws/yahboomcar_ws/install/yahboomcar_msgs/include/yahboomcar_msgs/msg/detail/position__functions.c
[4.894s] -- Up-to-date: /root/yahboomcar_ros2_ws/yahboomcar_ws/install/yahboomcar_msgs/include/yahboomcar_msgs/msg/detail/point_array__type_support.h
[4.895s] -- Up-to-date: /root/yahboomcar_ros2_ws/yahboomcar_ws/install/yahboomcar_msgs/include/yahboomcar_msgs/msg/detail/image_msg__functions.c
[4.895s] -- Up-to-date: /root/yahboomcar_ros2_ws/yahboomcar_ws/install/yahboomcar_msgs/include/yahboomcar_msgs/msg/detail/target__functions.h
[4.896s] -- Up-to-date: /root/yahboomcar_ros2_ws/yahboomcar_ws/install/yahboomcar_msgs/include/yahboomcar_msgs/msg/detail/position__functions.h
[4.896s] -- Up-to-date: /root/yahboomcar_ros2_ws/yahboomcar_ws/install/yahboomcar_msgs/include/yahboomcar_msgs/msg/detail/target__struct.h
[4.897s] -- Up-to-date: /root/yahboomcar_ros2_ws/yahboomcar_ws/install/yahboomcar_msgs/include/yahboomcar_msgs/msg/detail/point_array__struct.h
[4.906s] -- Up-to-date: /root/yahboomcar_ros2_ws/yahboomcar_ws/install/yahboomcar_msgs/include/yahboomcar_msgs/msg/detail/target_array__functions.c
[4.906s] -- Up-to-date: /root/yahboomcar_ros2_ws/yahboomcar_ws/install/yahboomcar_msgs/include/yahboomcar_msgs/msg/detail/target_array__struct.h
[4.907s] -- Up-to-date: /root/yahboomcar_ros2_ws/yahboomcar_ws/install/yahboomcar_msgs/include/yahboomcar_msgs/msg/detail/position__struct.h
[4.907s] -- Up-to-date: /root/yahboomcar_ros2_ws/yahboomcar_ws/install/yahboomcar_msgs/include/yahboomcar_msgs/msg/detail/point_array__functions.h
[4.908s] -- Up-to-date: /root/yahboomcar_ros2_ws/yahboomcar_ws/install/yahboomcar_msgs/include/yahboomcar_msgs/msg/detail/target_array__functions.h
[4.908s] -- Up-to-date: /root/yahboomcar_ros2_ws/yahboomcar_ws/install/yahboomcar_msgs/include/yahboomcar_msgs/msg/detail/target_array__type_support.h
[4.908s] -- Up-to-date: /root/yahboomcar_ros2_ws/yahboomcar_ws/install/yahboomcar_msgs/include/yahboomcar_msgs/msg/target.h
[4.909s] -- Up-to-date: /root/yahboomcar_ros2_ws/yahboomcar_ws/install/yahboomcar_msgs/include/yahboomcar_msgs/msg/position.h
[4.909s] -- Up-to-date: /root/yahboomcar_ros2_ws/yahboomcar_ws/install/yahboomcar_msgs/include/yahboomcar_msgs/msg/target_array.h
[4.910s] -- Up-to-date: /root/yahboomcar_ros2_ws/yahboomcar_ws/install/yahboomcar_msgs/include/yahboomcar_msgs/msg/image_msg.h
[4.910s] -- Up-to-date: /root/yahboomcar_ros2_ws/yahboomcar_ws/install/yahboomcar_msgs/include/yahboomcar_msgs/msg/rosidl_generator_c__visibility_control.h
[4.910s] -- Up-to-date: /root/yahboomcar_ros2_ws/yahboomcar_ws/install/yahboomcar_msgs/include/yahboomcar_msgs/msg/point_array.h
[4.911s] -- Up-to-date: /root/yahboomcar_ros2_ws/yahboomcar_ws/install/yahboomcar_msgs/share/yahboomcar_msgs/environment/library_path.sh
[4.911s] -- Up-to-date: /root/yahboomcar_ros2_ws/yahboomcar_ws/install/yahboomcar_msgs/share/yahboomcar_msgs/environment/library_path.dsv
[4.911s] -- Up-to-date: /root/yahboomcar_ros2_ws/yahboomcar_ws/install/yahboomcar_msgs/lib/libyahboomcar_msgs__rosidl_generator_c.so
[4.912s] -- Up-to-date: /root/yahboomcar_ros2_ws/yahboomcar_ws/install/yahboomcar_msgs/include/yahboomcar_msgs
[4.913s] -- Up-to-date: /root/yahboomcar_ros2_ws/yahboomcar_ws/install/yahboomcar_msgs/include/yahboomcar_msgs/msg
[4.914s] -- Up-to-date: /root/yahboomcar_ros2_ws/yahboomcar_ws/install/yahboomcar_msgs/include/yahboomcar_msgs/msg/detail
[4.914s] -- Up-to-date: /root/yahboomcar_ros2_ws/yahboomcar_ws/install/yahboomcar_msgs/include/yahboomcar_msgs/msg/detail/image_msg__rosidl_typesupport_fastrtps_c.h
[4.915s] -- Up-to-date: /root/yahboomcar_ros2_ws/yahboomcar_ws/install/yahboomcar_msgs/include/yahboomcar_msgs/msg/detail/target__rosidl_typesupport_fastrtps_c.h
[4.915s] -- Up-to-date: /root/yahboomcar_ros2_ws/yahboomcar_ws/install/yahboomcar_msgs/include/yahboomcar_msgs/msg/detail/position__rosidl_typesupport_fastrtps_c.h
[4.915s] -- Up-to-date: /root/yahboomcar_ros2_ws/yahboomcar_ws/install/yahboomcar_msgs/include/yahboomcar_msgs/msg/detail/point_array__rosidl_typesupport_fastrtps_c.h
[4.916s] -- Up-to-date: /root/yahboomcar_ros2_ws/yahboomcar_ws/install/yahboomcar_msgs/include/yahboomcar_msgs/msg/detail/target_array__rosidl_typesupport_fastrtps_c.h
[4.916s] -- Up-to-date: /root/yahboomcar_ros2_ws/yahboomcar_ws/install/yahboomcar_msgs/include/yahboomcar_msgs/msg/rosidl_typesupport_fastrtps_c__visibility_control.h
[4.918s] -- Up-to-date: /root/yahboomcar_ros2_ws/yahboomcar_ws/install/yahboomcar_msgs/lib/libyahboomcar_msgs__rosidl_typesupport_fastrtps_c.so
[4.918s] -- Up-to-date: /root/yahboomcar_ros2_ws/yahboomcar_ws/install/yahboomcar_msgs/include/yahboomcar_msgs
[4.919s] -- Up-to-date: /root/yahboomcar_ros2_ws/yahboomcar_ws/install/yahboomcar_msgs/include/yahboomcar_msgs/msg
[4.919s] -- Up-to-date: /root/yahboomcar_ros2_ws/yahboomcar_ws/install/yahboomcar_msgs/include/yahboomcar_msgs/msg/detail
[4.920s] -- Up-to-date: /root/yahboomcar_ros2_ws/yahboomcar_ws/install/yahboomcar_msgs/include/yahboomcar_msgs/msg/detail/image_msg__rosidl_typesupport_fastrtps_cpp.hpp
[4.920s] -- Up-to-date: /root/yahboomcar_ros2_ws/yahboomcar_ws/install/yahboomcar_msgs/include/yahboomcar_msgs/msg/detail/dds_fastrtps
[4.920s] -- Up-to-date: /root/yahboomcar_ros2_ws/yahboomcar_ws/install/yahboomcar_msgs/include/yahboomcar_msgs/msg/detail/position__rosidl_typesupport_fastrtps_cpp.hpp
[4.921s] -- Up-to-date: /root/yahboomcar_ros2_ws/yahboomcar_ws/install/yahboomcar_msgs/include/yahboomcar_msgs/msg/detail/target_array__rosidl_typesupport_fastrtps_cpp.hpp
[4.921s] -- Up-to-date: /root/yahboomcar_ros2_ws/yahboomcar_ws/install/yahboomcar_msgs/include/yahboomcar_msgs/msg/detail/target__rosidl_typesupport_fastrtps_cpp.hpp
[4.921s] -- Up-to-date: /root/yahboomcar_ros2_ws/yahboomcar_ws/install/yahboomcar_msgs/include/yahboomcar_msgs/msg/detail/point_array__rosidl_typesupport_fastrtps_cpp.hpp
[4.922s] -- Up-to-date: /root/yahboomcar_ros2_ws/yahboomcar_ws/install/yahboomcar_msgs/include/yahboomcar_msgs/msg/rosidl_typesupport_fastrtps_cpp__visibility_control.h
[4.928s] -- Up-to-date: /root/yahboomcar_ros2_ws/yahboomcar_ws/install/yahboomcar_msgs/lib/libyahboomcar_msgs__rosidl_typesupport_fastrtps_cpp.so
[4.929s] -- Up-to-date: /root/yahboomcar_ros2_ws/yahboomcar_ws/install/yahboomcar_msgs/include/yahboomcar_msgs
[4.929s] -- Up-to-date: /root/yahboomcar_ros2_ws/yahboomcar_ws/install/yahboomcar_msgs/include/yahboomcar_msgs/msg
[4.930s] -- Up-to-date: /root/yahboomcar_ros2_ws/yahboomcar_ws/install/yahboomcar_msgs/include/yahboomcar_msgs/msg/detail
[4.930s] -- Up-to-date: /root/yahboomcar_ros2_ws/yahboomcar_ws/install/yahboomcar_msgs/include/yahboomcar_msgs/msg/detail/target__type_support.c
[4.931s] -- Up-to-date: /root/yahboomcar_ros2_ws/yahboomcar_ws/install/yahboomcar_msgs/include/yahboomcar_msgs/msg/detail/target__rosidl_typesupport_introspection_c.h
[4.931s] -- Up-to-date: /root/yahboomcar_ros2_ws/yahboomcar_ws/install/yahboomcar_msgs/include/yahboomcar_msgs/msg/detail/point_array__type_support.c
[4.932s] -- Up-to-date: /root/yahboomcar_ros2_ws/yahboomcar_ws/install/yahboomcar_msgs/include/yahboomcar_msgs/msg/detail/target_array__rosidl_typesupport_introspection_c.h
[4.932s] -- Up-to-date: /root/yahboomcar_ros2_ws/yahboomcar_ws/install/yahboomcar_msgs/include/yahboomcar_msgs/msg/detail/position__rosidl_typesupport_introspection_c.h
[4.932s] -- Up-to-date: /root/yahboomcar_ros2_ws/yahboomcar_ws/install/yahboomcar_msgs/include/yahboomcar_msgs/msg/detail/point_array__rosidl_typesupport_introspection_c.h
[4.933s] -- Up-to-date: /root/yahboomcar_ros2_ws/yahboomcar_ws/install/yahboomcar_msgs/include/yahboomcar_msgs/msg/detail/position__type_support.c
[4.933s] -- Up-to-date: /root/yahboomcar_ros2_ws/yahboomcar_ws/install/yahboomcar_msgs/include/yahboomcar_msgs/msg/detail/image_msg__type_support.c
[4.934s] -- Up-to-date: /root/yahboomcar_ros2_ws/yahboomcar_ws/install/yahboomcar_msgs/include/yahboomcar_msgs/msg/detail/target_array__type_support.c
[4.934s] -- Up-to-date: /root/yahboomcar_ros2_ws/yahboomcar_ws/install/yahboomcar_msgs/include/yahboomcar_msgs/msg/detail/image_msg__rosidl_typesupport_introspection_c.h
[4.934s] -- Up-to-date: /root/yahboomcar_ros2_ws/yahboomcar_ws/install/yahboomcar_msgs/include/yahboomcar_msgs/msg/rosidl_typesupport_introspection_c__visibility_control.h
[4.935s] -- Up-to-date: /root/yahboomcar_ros2_ws/yahboomcar_ws/install/yahboomcar_msgs/lib/libyahboomcar_msgs__rosidl_typesupport_introspection_c.so
[4.938s] -- Up-to-date: /root/yahboomcar_ros2_ws/yahboomcar_ws/install/yahboomcar_msgs/lib/libyahboomcar_msgs__rosidl_typesupport_c.so
[4.940s] -- Up-to-date: /root/yahboomcar_ros2_ws/yahboomcar_ws/install/yahboomcar_msgs/include/yahboomcar_msgs
[4.941s] -- Up-to-date: /root/yahboomcar_ros2_ws/yahboomcar_ws/install/yahboomcar_msgs/include/yahboomcar_msgs/msg
[4.947s] -- Up-to-date: /root/yahboomcar_ros2_ws/yahboomcar_ws/install/yahboomcar_msgs/include/yahboomcar_msgs/msg/detail
[4.947s] -- Up-to-date: /root/yahboomcar_ros2_ws/yahboomcar_ws/install/yahboomcar_msgs/include/yahboomcar_msgs/msg/detail/target_array__builder.hpp
[4.948s] -- Up-to-date: /root/yahboomcar_ros2_ws/yahboomcar_ws/install/yahboomcar_msgs/include/yahboomcar_msgs/msg/detail/image_msg__builder.hpp
[4.948s] -- Up-to-date: /root/yahboomcar_ros2_ws/yahboomcar_ws/install/yahboomcar_msgs/include/yahboomcar_msgs/msg/detail/position__builder.hpp
[4.948s] -- Up-to-date: /root/yahboomcar_ros2_ws/yahboomcar_ws/install/yahboomcar_msgs/include/yahboomcar_msgs/msg/detail/target_array__struct.hpp
[4.949s] -- Up-to-date: /root/yahboomcar_ros2_ws/yahboomcar_ws/install/yahboomcar_msgs/include/yahboomcar_msgs/msg/detail/position__struct.hpp
[4.949s] -- Up-to-date: /root/yahboomcar_ros2_ws/yahboomcar_ws/install/yahboomcar_msgs/include/yahboomcar_msgs/msg/detail/target__traits.hpp
[4.950s] -- Up-to-date: /root/yahboomcar_ros2_ws/yahboomcar_ws/install/yahboomcar_msgs/include/yahboomcar_msgs/msg/detail/position__traits.hpp
[4.953s] -- Up-to-date: /root/yahboomcar_ros2_ws/yahboomcar_ws/install/yahboomcar_msgs/include/yahboomcar_msgs/msg/detail/point_array__builder.hpp
[4.953s] -- Up-to-date: /root/yahboomcar_ros2_ws/yahboomcar_ws/install/yahboomcar_msgs/include/yahboomcar_msgs/msg/detail/image_msg__struct.hpp
[4.955s] -- Up-to-date: /root/yahboomcar_ros2_ws/yahboomcar_ws/install/yahboomcar_msgs/include/yahboomcar_msgs/msg/detail/target_array__traits.hpp
[4.956s] -- Up-to-date: /root/yahboomcar_ros2_ws/yahboomcar_ws/install/yahboomcar_msgs/include/yahboomcar_msgs/msg/detail/point_array__traits.hpp
[4.963s] -- Up-to-date: /root/yahboomcar_ros2_ws/yahboomcar_ws/install/yahboomcar_msgs/include/yahboomcar_msgs/msg/detail/target__struct.hpp
[4.975s] -- Up-to-date: /root/yahboomcar_ros2_ws/yahboomcar_ws/install/yahboomcar_msgs/include/yahboomcar_msgs/msg/detail/point_array__struct.hpp
[4.976s] -- Up-to-date: /root/yahboomcar_ros2_ws/yahboomcar_ws/install/yahboomcar_msgs/include/yahboomcar_msgs/msg/detail/image_msg__traits.hpp
[4.988s] -- Up-to-date: /root/yahboomcar_ros2_ws/yahboomcar_ws/install/yahboomcar_msgs/include/yahboomcar_msgs/msg/detail/target__builder.hpp
[4.989s] -- Up-to-date: /root/yahboomcar_ros2_ws/yahboomcar_ws/install/yahboomcar_msgs/include/yahboomcar_msgs/msg/position.hpp
[4.989s] -- Up-to-date: /root/yahboomcar_ros2_ws/yahboomcar_ws/install/yahboomcar_msgs/include/yahboomcar_msgs/msg/image_msg.hpp
[4.990s] -- Up-to-date: /root/yahboomcar_ros2_ws/yahboomcar_ws/install/yahboomcar_msgs/include/yahboomcar_msgs/msg/target_array.hpp
[4.991s] -- Up-to-date: /root/yahboomcar_ros2_ws/yahboomcar_ws/install/yahboomcar_msgs/include/yahboomcar_msgs/msg/target.hpp
[4.991s] -- Up-to-date: /root/yahboomcar_ros2_ws/yahboomcar_ws/install/yahboomcar_msgs/include/yahboomcar_msgs/msg/point_array.hpp
[4.992s] -- Up-to-date: /root/yahboomcar_ros2_ws/yahboomcar_ws/install/yahboomcar_msgs/include/yahboomcar_msgs
[4.992s] -- Up-to-date: /root/yahboomcar_ros2_ws/yahboomcar_ws/install/yahboomcar_msgs/include/yahboomcar_msgs/msg
[4.992s] -- Up-to-date: /root/yahboomcar_ros2_ws/yahboomcar_ws/install/yahboomcar_msgs/include/yahboomcar_msgs/msg/detail
[4.993s] -- Up-to-date: /root/yahboomcar_ros2_ws/yahboomcar_ws/install/yahboomcar_msgs/include/yahboomcar_msgs/msg/detail/point_array__rosidl_typesupport_introspection_cpp.hpp
[4.993s] -- Up-to-date: /root/yahboomcar_ros2_ws/yahboomcar_ws/install/yahboomcar_msgs/include/yahboomcar_msgs/msg/detail/position__rosidl_typesupport_introspection_cpp.hpp
[4.994s] -- Up-to-date: /root/yahboomcar_ros2_ws/yahboomcar_ws/install/yahboomcar_msgs/include/yahboomcar_msgs/msg/detail/target__rosidl_typesupport_introspection_cpp.hpp
[4.995s] -- Up-to-date: /root/yahboomcar_ros2_ws/yahboomcar_ws/install/yahboomcar_msgs/include/yahboomcar_msgs/msg/detail/image_msg__type_support.cpp
[4.995s] -- Up-to-date: /root/yahboomcar_ros2_ws/yahboomcar_ws/install/yahboomcar_msgs/include/yahboomcar_msgs/msg/detail/position__type_support.cpp
[4.996s] -- Up-to-date: /root/yahboomcar_ros2_ws/yahboomcar_ws/install/yahboomcar_msgs/include/yahboomcar_msgs/msg/detail/target_array__rosidl_typesupport_introspection_cpp.hpp
[4.996s] -- Up-to-date: /root/yahboomcar_ros2_ws/yahboomcar_ws/install/yahboomcar_msgs/include/yahboomcar_msgs/msg/detail/target_array__type_support.cpp
[4.997s] -- Up-to-date: /root/yahboomcar_ros2_ws/yahboomcar_ws/install/yahboomcar_msgs/include/yahboomcar_msgs/msg/detail/image_msg__rosidl_typesupport_introspection_cpp.hpp
[4.997s] -- Up-to-date: /root/yahboomcar_ros2_ws/yahboomcar_ws/install/yahboomcar_msgs/include/yahboomcar_msgs/msg/detail/target__type_support.cpp
[4.998s] -- Up-to-date: /root/yahboomcar_ros2_ws/yahboomcar_ws/install/yahboomcar_msgs/include/yahboomcar_msgs/msg/detail/point_array__type_support.cpp
[4.999s] -- Up-to-date: /root/yahboomcar_ros2_ws/yahboomcar_ws/install/yahboomcar_msgs/lib/libyahboomcar_msgs__rosidl_typesupport_introspection_cpp.so
[4.999s] -- Up-to-date: /root/yahboomcar_ros2_ws/yahboomcar_ws/install/yahboomcar_msgs/lib/libyahboomcar_msgs__rosidl_typesupport_cpp.so
[5.000s] -- Up-to-date: /root/yahboomcar_ros2_ws/yahboomcar_ws/install/yahboomcar_msgs/share/yahboomcar_msgs/environment/pythonpath.sh
[5.011s] -- Up-to-date: /root/yahboomcar_ros2_ws/yahboomcar_ws/install/yahboomcar_msgs/share/yahboomcar_msgs/environment/pythonpath.dsv
[5.012s] -- Up-to-date: /root/yahboomcar_ros2_ws/yahboomcar_ws/install/yahboomcar_msgs/lib/python3.8/site-packages/yahboomcar_msgs/__init__.py
[5.286s] -- Up-to-date: /root/yahboomcar_ros2_ws/yahboomcar_ws/install/yahboomcar_msgs/lib/python3.8/site-packages/yahboomcar_msgs/msg
[5.288s] -- Up-to-date: /root/yahboomcar_ros2_ws/yahboomcar_ws/install/yahboomcar_msgs/lib/python3.8/site-packages/yahboomcar_msgs/msg/_target_array_s.c
[5.288s] -- Up-to-date: /root/yahboomcar_ros2_ws/yahboomcar_ws/install/yahboomcar_msgs/lib/python3.8/site-packages/yahboomcar_msgs/msg/_position_s.c
[5.289s] -- Up-to-date: /root/yahboomcar_ros2_ws/yahboomcar_ws/install/yahboomcar_msgs/lib/python3.8/site-packages/yahboomcar_msgs/msg/_point_array.py
[5.289s] -- Up-to-date: /root/yahboomcar_ros2_ws/yahboomcar_ws/install/yahboomcar_msgs/lib/python3.8/site-packages/yahboomcar_msgs/msg/_point_array_s.c
[5.290s] -- Up-to-date: /root/yahboomcar_ros2_ws/yahboomcar_ws/install/yahboomcar_msgs/lib/python3.8/site-packages/yahboomcar_msgs/msg/_target.py
[5.290s] -- Up-to-date: /root/yahboomcar_ros2_ws/yahboomcar_ws/install/yahboomcar_msgs/lib/python3.8/site-packages/yahboomcar_msgs/msg/__init__.py
[5.291s] -- Up-to-date: /root/yahboomcar_ros2_ws/yahboomcar_ws/install/yahboomcar_msgs/lib/python3.8/site-packages/yahboomcar_msgs/msg/_position.py
[5.291s] -- Up-to-date: /root/yahboomcar_ros2_ws/yahboomcar_ws/install/yahboomcar_msgs/lib/python3.8/site-packages/yahboomcar_msgs/msg/_target_s.c
[5.291s] -- Up-to-date: /root/yahboomcar_ros2_ws/yahboomcar_ws/install/yahboomcar_msgs/lib/python3.8/site-packages/yahboomcar_msgs/msg/_image_msg_s.c
[5.292s] -- Up-to-date: /root/yahboomcar_ros2_ws/yahboomcar_ws/install/yahboomcar_msgs/lib/python3.8/site-packages/yahboomcar_msgs/msg/_image_msg.py
[5.292s] -- Up-to-date: /root/yahboomcar_ros2_ws/yahboomcar_ws/install/yahboomcar_msgs/lib/python3.8/site-packages/yahboomcar_msgs/msg/_target_array.py
[5.299s] -- Up-to-date: /root/yahboomcar_ros2_ws/yahboomcar_ws/install/yahboomcar_msgs/lib/python3.8/site-packages/yahboomcar_msgs/yahboomcar_msgs_s__rosidl_typesupport_fastrtps_c.cpython-38-aarch64-linux-gnu.so
[5.304s] -- Up-to-date: /root/yahboomcar_ros2_ws/yahboomcar_ws/install/yahboomcar_msgs/lib/python3.8/site-packages/yahboomcar_msgs/yahboomcar_msgs_s__rosidl_typesupport_introspection_c.cpython-38-aarch64-linux-gnu.so
[5.310s] -- Up-to-date: /root/yahboomcar_ros2_ws/yahboomcar_ws/install/yahboomcar_msgs/lib/python3.8/site-packages/yahboomcar_msgs/yahboomcar_msgs_s__rosidl_typesupport_c.cpython-38-aarch64-linux-gnu.so
[5.318s] -- Up-to-date: /root/yahboomcar_ros2_ws/yahboomcar_ws/install/yahboomcar_msgs/lib/libyahboomcar_msgs__python.so
[5.321s] -- Up-to-date: /root/yahboomcar_ros2_ws/yahboomcar_ws/install/yahboomcar_msgs/share/yahboomcar_msgs/msg/ImageMsg.idl
[5.323s] -- Up-to-date: /root/yahboomcar_ros2_ws/yahboomcar_ws/install/yahboomcar_msgs/share/yahboomcar_msgs/msg/PointArray.idl
[5.325s] -- Up-to-date: /root/yahboomcar_ros2_ws/yahboomcar_ws/install/yahboomcar_msgs/share/yahboomcar_msgs/msg/Position.idl
[5.327s] -- Up-to-date: /root/yahboomcar_ros2_ws/yahboomcar_ws/install/yahboomcar_msgs/share/yahboomcar_msgs/msg/Target.idl
[5.331s] -- Up-to-date: /root/yahboomcar_ros2_ws/yahboomcar_ws/install/yahboomcar_msgs/share/yahboomcar_msgs/msg/TargetArray.idl
[5.333s] -- Up-to-date: /root/yahboomcar_ros2_ws/yahboomcar_ws/install/yahboomcar_msgs/share/yahboomcar_msgs/msg/ImageMsg.msg
[5.334s] -- Up-to-date: /root/yahboomcar_ros2_ws/yahboomcar_ws/install/yahboomcar_msgs/share/yahboomcar_msgs/msg/PointArray.msg
[5.336s] -- Up-to-date: /root/yahboomcar_ros2_ws/yahboomcar_ws/install/yahboomcar_msgs/share/yahboomcar_msgs/msg/Position.msg
[5.337s] -- Up-to-date: /root/yahboomcar_ros2_ws/yahboomcar_ws/install/yahboomcar_msgs/share/yahboomcar_msgs/msg/Target.msg
[5.338s] -- Up-to-date: /root/yahboomcar_ros2_ws/yahboomcar_ws/install/yahboomcar_msgs/share/yahboomcar_msgs/msg/TargetArray.msg
[5.339s] -- Up-to-date: /root/yahboomcar_ros2_ws/yahboomcar_ws/install/yahboomcar_msgs/share/ament_index/resource_index/package_run_dependencies/yahboomcar_msgs
[5.340s] -- Up-to-date: /root/yahboomcar_ros2_ws/yahboomcar_ws/install/yahboomcar_msgs/share/ament_index/resource_index/parent_prefix_path/yahboomcar_msgs
[5.341s] -- Up-to-date: /root/yahboomcar_ros2_ws/yahboomcar_ws/install/yahboomcar_msgs/share/yahboomcar_msgs/environment/ament_prefix_path.sh
[5.342s] -- Up-to-date: /root/yahboomcar_ros2_ws/yahboomcar_ws/install/yahboomcar_msgs/share/yahboomcar_msgs/environment/ament_prefix_path.dsv
[5.343s] -- Up-to-date: /root/yahboomcar_ros2_ws/yahboomcar_ws/install/yahboomcar_msgs/share/yahboomcar_msgs/environment/path.sh
[5.343s] -- Up-to-date: /root/yahboomcar_ros2_ws/yahboomcar_ws/install/yahboomcar_msgs/share/yahboomcar_msgs/environment/path.dsv
[5.344s] -- Up-to-date: /root/yahboomcar_ros2_ws/yahboomcar_ws/install/yahboomcar_msgs/share/yahboomcar_msgs/local_setup.bash
[5.345s] -- Up-to-date: /root/yahboomcar_ros2_ws/yahboomcar_ws/install/yahboomcar_msgs/share/yahboomcar_msgs/local_setup.sh
[5.346s] -- Up-to-date: /root/yahboomcar_ros2_ws/yahboomcar_ws/install/yahboomcar_msgs/share/yahboomcar_msgs/local_setup.zsh
[5.346s] -- Up-to-date: /root/yahboomcar_ros2_ws/yahboomcar_ws/install/yahboomcar_msgs/share/yahboomcar_msgs/local_setup.dsv
[5.347s] -- Installing: /root/yahboomcar_ros2_ws/yahboomcar_ws/install/yahboomcar_msgs/share/yahboomcar_msgs/package.dsv
[5.351s] -- Up-to-date: /root/yahboomcar_ros2_ws/yahboomcar_ws/install/yahboomcar_msgs/share/ament_index/resource_index/packages/yahboomcar_msgs
[5.357s] -- Up-to-date: /root/yahboomcar_ros2_ws/yahboomcar_ws/install/yahboomcar_msgs/share/yahboomcar_msgs/cmake/yahboomcar_msgs__rosidl_generator_cExport.cmake
[5.357s] -- Up-to-date: /root/yahboomcar_ros2_ws/yahboomcar_ws/install/yahboomcar_msgs/share/yahboomcar_msgs/cmake/yahboomcar_msgs__rosidl_generator_cExport-noconfig.cmake
[5.363s] -- Up-to-date: /root/yahboomcar_ros2_ws/yahboomcar_ws/install/yahboomcar_msgs/share/yahboomcar_msgs/cmake/yahboomcar_msgs__rosidl_typesupport_introspection_cExport.cmake
[5.364s] -- Up-to-date: /root/yahboomcar_ros2_ws/yahboomcar_ws/install/yahboomcar_msgs/share/yahboomcar_msgs/cmake/yahboomcar_msgs__rosidl_typesupport_introspection_cExport-noconfig.cmake
[5.369s] -- Up-to-date: /root/yahboomcar_ros2_ws/yahboomcar_ws/install/yahboomcar_msgs/share/yahboomcar_msgs/cmake/yahboomcar_msgs__rosidl_typesupport_cExport.cmake
[5.370s] -- Up-to-date: /root/yahboomcar_ros2_ws/yahboomcar_ws/install/yahboomcar_msgs/share/yahboomcar_msgs/cmake/yahboomcar_msgs__rosidl_typesupport_cExport-noconfig.cmake
[5.375s] -- Up-to-date: /root/yahboomcar_ros2_ws/yahboomcar_ws/install/yahboomcar_msgs/share/yahboomcar_msgs/cmake/yahboomcar_msgs__rosidl_generator_cppExport.cmake
[5.381s] -- Up-to-date: /root/yahboomcar_ros2_ws/yahboomcar_ws/install/yahboomcar_msgs/share/yahboomcar_msgs/cmake/yahboomcar_msgs__rosidl_typesupport_introspection_cppExport.cmake
[5.382s] -- Up-to-date: /root/yahboomcar_ros2_ws/yahboomcar_ws/install/yahboomcar_msgs/share/yahboomcar_msgs/cmake/yahboomcar_msgs__rosidl_typesupport_introspection_cppExport-noconfig.cmake
[5.387s] -- Up-to-date: /root/yahboomcar_ros2_ws/yahboomcar_ws/install/yahboomcar_msgs/share/yahboomcar_msgs/cmake/yahboomcar_msgs__rosidl_typesupport_cppExport.cmake
[5.392s] -- Up-to-date: /root/yahboomcar_ros2_ws/yahboomcar_ws/install/yahboomcar_msgs/share/yahboomcar_msgs/cmake/yahboomcar_msgs__rosidl_typesupport_cppExport-noconfig.cmake
[5.394s] -- Up-to-date: /root/yahboomcar_ros2_ws/yahboomcar_ws/install/yahboomcar_msgs/share/yahboomcar_msgs/cmake/rosidl_cmake-extras.cmake
[5.395s] -- Up-to-date: /root/yahboomcar_ros2_ws/yahboomcar_ws/install/yahboomcar_msgs/share/yahboomcar_msgs/cmake/ament_cmake_export_dependencies-extras.cmake
[5.396s] -- Up-to-date: /root/yahboomcar_ros2_ws/yahboomcar_ws/install/yahboomcar_msgs/share/yahboomcar_msgs/cmake/ament_cmake_export_libraries-extras.cmake
[5.396s] -- Up-to-date: /root/yahboomcar_ros2_ws/yahboomcar_ws/install/yahboomcar_msgs/share/yahboomcar_msgs/cmake/ament_cmake_export_targets-extras.cmake
[5.397s] -- Up-to-date: /root/yahboomcar_ros2_ws/yahboomcar_ws/install/yahboomcar_msgs/share/yahboomcar_msgs/cmake/ament_cmake_export_include_directories-extras.cmake
[5.398s] -- Up-to-date: /root/yahboomcar_ros2_ws/yahboomcar_ws/install/yahboomcar_msgs/share/yahboomcar_msgs/cmake/rosidl_cmake_export_typesupport_libraries-extras.cmake
[5.398s] -- Up-to-date: /root/yahboomcar_ros2_ws/yahboomcar_ws/install/yahboomcar_msgs/share/yahboomcar_msgs/cmake/rosidl_cmake_export_typesupport_targets-extras.cmake
[5.399s] -- Up-to-date: /root/yahboomcar_ros2_ws/yahboomcar_ws/install/yahboomcar_msgs/share/yahboomcar_msgs/cmake/yahboomcar_msgsConfig.cmake
[5.399s] -- Up-to-date: /root/yahboomcar_ros2_ws/yahboomcar_ws/install/yahboomcar_msgs/share/yahboomcar_msgs/cmake/yahboomcar_msgsConfig-version.cmake
[5.401s] -- Up-to-date: /root/yahboomcar_ros2_ws/yahboomcar_ws/install/yahboomcar_msgs/share/yahboomcar_msgs/package.xml
[6.822s] Invoked command in '/root/yahboomcar_ros2_ws/yahboomcar_ws/build/yahboomcar_msgs' returned '0': CMAKE_PREFIX_PATH=${CMAKE_PREFIX_PATH}:/root/yahboomcar_ros2_ws/yahboomcar_ws/install/yahboomcar_voice_ctrl:/root/yahboomcar_ros2_ws/yahboomcar_ws/install/yahboomcar_visual:/root/yahboomcar_ros2_ws/yahboomcar_ws/install/yahboomcar_nav:/root/yahboomcar_ros2_ws/yahboomcar_ws/install/yahboomcar_mediapipe:/root/yahboomcar_ros2_ws/yahboomcar_ws/install/yahboomcar_linefollow:/root/yahboomcar_ros2_ws/yahboomcar_ws/install/yahboomcar_laser:/root/yahboomcar_ros2_ws/yahboomcar_ws/install/yahboomcar_description_x1:/root/yahboomcar_ros2_ws/yahboomcar_ws/install/yahboomcar_description:/root/yahboomcar_ros2_ws/yahboomcar_ws/install/yahboomcar_ctrl:/root/yahboomcar_ros2_ws/yahboomcar_ws/install/yahboomcar_bringup:/root/yahboomcar_ros2_ws/yahboomcar_ws/install/yahboomcar_astra:/root/yahboomcar_ros2_ws/yahboomcar_ws/install/yahboom_app_save_map:/root/yahboomcar_ros2_ws/yahboomcar_ws/install/robot_pose_publisher:/root/yahboomcar_ros2_ws/yahboomcar_ws/install/laserscan_to_point_pulisher:/opt/ros/foxy /usr/bin/cmake --install /root/yahboomcar_ros2_ws/yahboomcar_ws/build/yahboomcar_msgs
