running egg_info
writing ../../build/yahboomcar_nav/yahboomcar_nav.egg-info/PKG-INFO
writing dependency_links to ../../build/yahboomcar_nav/yahboomcar_nav.egg-info/dependency_links.txt
writing entry points to ../../build/yahboomcar_nav/yahboomcar_nav.egg-info/entry_points.txt
writing requirements to ../../build/yahboomcar_nav/yahboomcar_nav.egg-info/requires.txt
writing top-level names to ../../build/yahboomcar_nav/yahboomcar_nav.egg-info/top_level.txt
reading manifest file '../../build/yahboomcar_nav/yahboomcar_nav.egg-info/SOURCES.txt'
writing manifest file '../../build/yahboomcar_nav/yahboomcar_nav.egg-info/SOURCES.txt'
running build
running build_py
running install
running install_lib
running install_data
copying launch/map_gmapping_launch.py -> /root/yahboomcar_ros2_ws/yahboomcar_ws/install/yahboomcar_nav/share/yahboomcar_nav/launch
running install_egg_info
removing '/root/yahboomcar_ros2_ws/yahboomcar_ws/install/yahboomcar_nav/lib/python3.8/site-packages/yahboomcar_nav-0.0.0-py3.8.egg-info' (and everything under it)
Copying ../../build/yahboomcar_nav/yahboomcar_nav.egg-info to /root/yahboomcar_ros2_ws/yahboomcar_ws/install/yahboomcar_nav/lib/python3.8/site-packages/yahboomcar_nav-0.0.0-py3.8.egg-info
running install_scripts
Installing scan_filter script to /root/yahboomcar_ros2_ws/yahboomcar_ws/install/yahboomcar_nav/lib/yahboomcar_nav
writing list of installed files to '/root/yahboomcar_ros2_ws/yahboomcar_ws/build/yahboomcar_nav/install.log'
