[8.669s] Invoking command in '/root/yahboomcar_ros2_ws/yahboomcar_ws/src/yahboomcar_mediapipe': PYTHONPATH=/root/yahboomcar_ros2_ws/yahboomcar_ws/build/yahboomcar_mediapipe/prefix_override:/root/yahboomcar_ros2_ws/yahboomcar_ws/install/yahboomcar_mediapipe/lib/python3.8/site-packages:${PYTHONPATH} /usr/bin/python3 setup.py egg_info --egg-base ../../build/yahboomcar_mediapipe build --build-base /root/yahboomcar_ros2_ws/yahboomcar_ws/build/yahboomcar_mediapipe/build install --record /root/yahboomcar_ros2_ws/yahboomcar_ws/build/yahboomcar_mediapipe/install.log --install-scripts $base/lib/yahboomcar_mediapipe --single-version-externally-managed
[10.677s] running egg_info
[10.677s] writing ../../build/yahboomcar_mediapipe/yahboomcar_mediapipe.egg-info/PKG-INFO
[10.678s] writing dependency_links to ../../build/yahboomcar_mediapipe/yahboomcar_mediapipe.egg-info/dependency_links.txt
[10.681s] writing entry points to ../../build/yahboomcar_mediapipe/yahboomcar_mediapipe.egg-info/entry_points.txt
[10.681s] writing requirements to ../../build/yahboomcar_mediapipe/yahboomcar_mediapipe.egg-info/requires.txt
[10.682s] writing top-level names to ../../build/yahboomcar_mediapipe/yahboomcar_mediapipe.egg-info/top_level.txt
[10.870s] reading manifest file '../../build/yahboomcar_mediapipe/yahboomcar_mediapipe.egg-info/SOURCES.txt'
[10.876s] writing manifest file '../../build/yahboomcar_mediapipe/yahboomcar_mediapipe.egg-info/SOURCES.txt'
[10.877s] running build
[10.878s] running build_py
[10.880s] running install
[10.884s] running install_lib
[10.895s] running install_data
[10.900s] running install_egg_info
[10.910s] removing '/root/yahboomcar_ros2_ws/yahboomcar_ws/install/yahboomcar_mediapipe/lib/python3.8/site-packages/yahboomcar_mediapipe-0.0.0-py3.8.egg-info' (and everything under it)
[10.916s] Copying ../../build/yahboomcar_mediapipe/yahboomcar_mediapipe.egg-info to /root/yahboomcar_ros2_ws/yahboomcar_ws/install/yahboomcar_mediapipe/lib/python3.8/site-packages/yahboomcar_mediapipe-0.0.0-py3.8.egg-info
[10.917s] running install_scripts
[11.024s] Installing 01_HandDetector script to /root/yahboomcar_ros2_ws/yahboomcar_ws/install/yahboomcar_mediapipe/lib/yahboomcar_mediapipe
[11.028s] Installing 02_PoseDetector script to /root/yahboomcar_ros2_ws/yahboomcar_ws/install/yahboomcar_mediapipe/lib/yahboomcar_mediapipe
[11.030s] Installing 03_Holistic script to /root/yahboomcar_ros2_ws/yahboomcar_ws/install/yahboomcar_mediapipe/lib/yahboomcar_mediapipe
[11.032s] Installing 04_FaceMesh script to /root/yahboomcar_ros2_ws/yahboomcar_ws/install/yahboomcar_mediapipe/lib/yahboomcar_mediapipe
[11.033s] Installing 05_FaceEyeDetection script to /root/yahboomcar_ros2_ws/yahboomcar_ws/install/yahboomcar_mediapipe/lib/yahboomcar_mediapipe
[11.035s] Installing test_msg script to /root/yahboomcar_ros2_ws/yahboomcar_ws/install/yahboomcar_mediapipe/lib/yahboomcar_mediapipe
[11.038s] writing list of installed files to '/root/yahboomcar_ros2_ws/yahboomcar_ws/build/yahboomcar_mediapipe/install.log'
[12.634s] Invoked command in '/root/yahboomcar_ros2_ws/yahboomcar_ws/src/yahboomcar_mediapipe' returned '0': PYTHONPATH=/root/yahboomcar_ros2_ws/yahboomcar_ws/build/yahboomcar_mediapipe/prefix_override:/root/yahboomcar_ros2_ws/yahboomcar_ws/install/yahboomcar_mediapipe/lib/python3.8/site-packages:${PYTHONPATH} /usr/bin/python3 setup.py egg_info --egg-base ../../build/yahboomcar_mediapipe build --build-base /root/yahboomcar_ros2_ws/yahboomcar_ws/build/yahboomcar_mediapipe/build install --record /root/yahboomcar_ros2_ws/yahboomcar_ws/build/yahboomcar_mediapipe/install.log --install-scripts $base/lib/yahboomcar_mediapipe --single-version-externally-managed
