[8.503s] Invoking command in '/root/yahboomcar_ros2_ws/yahboomcar_ws/src/yahboomcar_ctrl': PYTHONPATH=/root/yahboomcar_ros2_ws/yahboomcar_ws/build/yahboomcar_ctrl/prefix_override:/root/yahboomcar_ros2_ws/yahboomcar_ws/install/yahboomcar_ctrl/lib/python3.8/site-packages:${PYTHONPATH} /usr/bin/python3 setup.py egg_info --egg-base ../../build/yahboomcar_ctrl build --build-base /root/yahboomcar_ros2_ws/yahboomcar_ws/build/yahboomcar_ctrl/build install --record /root/yahboomcar_ros2_ws/yahboomcar_ws/build/yahboomcar_ctrl/install.log --install-scripts $base/lib/yahboomcar_ctrl --single-version-externally-managed
[10.863s] running egg_info
[10.866s] writing ../../build/yahboomcar_ctrl/yahboomcar_ctrl.egg-info/PKG-INFO
[10.869s] writing dependency_links to ../../build/yahboomcar_ctrl/yahboomcar_ctrl.egg-info/dependency_links.txt
[10.873s] writing entry points to ../../build/yahboomcar_ctrl/yahboomcar_ctrl.egg-info/entry_points.txt
[10.876s] writing requirements to ../../build/yahboomcar_ctrl/yahboomcar_ctrl.egg-info/requires.txt
[10.876s] writing top-level names to ../../build/yahboomcar_ctrl/yahboomcar_ctrl.egg-info/top_level.txt
[11.079s] reading manifest file '../../build/yahboomcar_ctrl/yahboomcar_ctrl.egg-info/SOURCES.txt'
[11.085s] writing manifest file '../../build/yahboomcar_ctrl/yahboomcar_ctrl.egg-info/SOURCES.txt'
[11.092s] running build
[11.093s] running build_py
[11.094s] copying yahboomcar_ctrl/yahboom_joy_X3.py -> /root/yahboomcar_ros2_ws/yahboomcar_ws/build/yahboomcar_ctrl/build/lib/yahboomcar_ctrl
[11.097s] running install
[11.108s] running install_lib
[11.122s] copying /root/yahboomcar_ros2_ws/yahboomcar_ws/build/yahboomcar_ctrl/build/lib/yahboomcar_ctrl/yahboom_joy_X3.py -> /root/yahboomcar_ros2_ws/yahboomcar_ws/install/yahboomcar_ctrl/lib/python3.8/site-packages/yahboomcar_ctrl
[11.138s] byte-compiling /root/yahboomcar_ros2_ws/yahboomcar_ws/install/yahboomcar_ctrl/lib/python3.8/site-packages/yahboomcar_ctrl/yahboom_joy_X3.py to yahboom_joy_X3.cpython-38.pyc
[11.161s] running install_data
[11.164s] running install_egg_info
[11.174s] removing '/root/yahboomcar_ros2_ws/yahboomcar_ws/install/yahboomcar_ctrl/lib/python3.8/site-packages/yahboomcar_ctrl-0.0.0-py3.8.egg-info' (and everything under it)
[11.177s] Copying ../../build/yahboomcar_ctrl/yahboomcar_ctrl.egg-info to /root/yahboomcar_ros2_ws/yahboomcar_ws/install/yahboomcar_ctrl/lib/python3.8/site-packages/yahboomcar_ctrl-0.0.0-py3.8.egg-info
[11.189s] running install_scripts
[11.370s] Installing yahboom_joy_X3 script to /root/yahboomcar_ros2_ws/yahboomcar_ws/install/yahboomcar_ctrl/lib/yahboomcar_ctrl
[11.372s] Installing yahboom_keyboard script to /root/yahboomcar_ros2_ws/yahboomcar_ws/install/yahboomcar_ctrl/lib/yahboomcar_ctrl
[11.377s] writing list of installed files to '/root/yahboomcar_ros2_ws/yahboomcar_ws/build/yahboomcar_ctrl/install.log'
[11.529s] Invoked command in '/root/yahboomcar_ros2_ws/yahboomcar_ws/src/yahboomcar_ctrl' returned '0': PYTHONPATH=/root/yahboomcar_ros2_ws/yahboomcar_ws/build/yahboomcar_ctrl/prefix_override:/root/yahboomcar_ros2_ws/yahboomcar_ws/install/yahboomcar_ctrl/lib/python3.8/site-packages:${PYTHONPATH} /usr/bin/python3 setup.py egg_info --egg-base ../../build/yahboomcar_ctrl build --build-base /root/yahboomcar_ros2_ws/yahboomcar_ws/build/yahboomcar_ctrl/build install --record /root/yahboomcar_ros2_ws/yahboomcar_ws/build/yahboomcar_ctrl/install.log --install-scripts $base/lib/yahboomcar_ctrl --single-version-externally-managed
