[0.111s] Invoking command in '/root/yahboomcar_ros2_ws/yahboomcar_ws/build/yahboom_web_savmap_interfaces': CMAKE_PREFIX_PATH=${CMAKE_PREFIX_PATH}:/root/yahboomcar_ros2_ws/yahboomcar_ws/install/yahboomcar_voice_ctrl:/root/yahboomcar_ros2_ws/yahboomcar_ws/install/yahboomcar_visual:/root/yahboomcar_ros2_ws/yahboomcar_ws/install/yahboomcar_nav:/root/yahboomcar_ros2_ws/yahboomcar_ws/install/yahboomcar_multi:/root/yahboomcar_ros2_ws/yahboomcar_ws/install/yahboomcar_mediapipe:/root/yahboomcar_ros2_ws/yahboomcar_ws/install/yahboomcar_linefollow:/root/yahboomcar_ros2_ws/yahboomcar_ws/install/yahboomcar_laser:/root/yahboomcar_ros2_ws/yahboomcar_ws/install/yahboomcar_description_x1:/root/yahboomcar_ros2_ws/yahboomcar_ws/install/yahboomcar_description:/root/yahboomcar_ros2_ws/yahboomcar_ws/install/yahboomcar_ctrl:/root/yahboomcar_ros2_ws/yahboomcar_ws/install/yahboomcar_bringup:/root/yahboomcar_ros2_ws/yahboomcar_ws/install/yahboomcar_astra:/root/yahboomcar_ros2_ws/yahboomcar_ws/install/yahboom_app_save_map:/root/yahboomcar_ros2_ws/yahboomcar_ws/install/robot_pose_publisher:/root/yahboomcar_ros2_ws/yahboomcar_ws/install/laserscan_to_point_pulisher:/opt/ros/foxy /usr/bin/cmake --build /root/yahboomcar_ros2_ws/yahboomcar_ws/build/yahboom_web_savmap_interfaces -- -j4 -l4
[0.616s] [  3%] Built target yahboom_web_savmap_interfaces__cpp
[0.660s] [ 12%] Built target yahboom_web_savmap_interfaces__rosidl_generator_c
[0.967s] [ 22%] Built target yahboom_web_savmap_interfaces__rosidl_typesupport_introspection_cpp
[0.967s] [ 32%] Built target yahboom_web_savmap_interfaces__rosidl_typesupport_c
[0.986s] [ 41%] Built target yahboom_web_savmap_interfaces__rosidl_typesupport_cpp
[1.032s] [ 51%] Built target yahboom_web_savmap_interfaces__rosidl_typesupport_fastrtps_cpp
[1.125s] [ 61%] Built target yahboom_web_savmap_interfaces__rosidl_typesupport_introspection_c
[1.221s] [ 70%] Built target yahboom_web_savmap_interfaces__rosidl_typesupport_fastrtps_c
[1.363s] [ 70%] Built target yahboom_web_savmap_interfaces
[1.508s] [ 74%] Built target yahboom_web_savmap_interfaces__py
[1.715s] [ 80%] Built target yahboom_web_savmap_interfaces__python
[1.903s] [ 87%] Built target yahboom_web_savmap_interfaces__rosidl_typesupport_fastrtps_c__pyext
[1.913s] [ 93%] Built target yahboom_web_savmap_interfaces__rosidl_typesupport_c__pyext
[1.927s] [100%] Built target yahboom_web_savmap_interfaces__rosidl_typesupport_introspection_c__pyext
[2.689s] Invoked command in '/root/yahboomcar_ros2_ws/yahboomcar_ws/build/yahboom_web_savmap_interfaces' returned '0': CMAKE_PREFIX_PATH=${CMAKE_PREFIX_PATH}:/root/yahboomcar_ros2_ws/yahboomcar_ws/install/yahboomcar_voice_ctrl:/root/yahboomcar_ros2_ws/yahboomcar_ws/install/yahboomcar_visual:/root/yahboomcar_ros2_ws/yahboomcar_ws/install/yahboomcar_nav:/root/yahboomcar_ros2_ws/yahboomcar_ws/install/yahboomcar_multi:/root/yahboomcar_ros2_ws/yahboomcar_ws/install/yahboomcar_mediapipe:/root/yahboomcar_ros2_ws/yahboomcar_ws/install/yahboomcar_linefollow:/root/yahboomcar_ros2_ws/yahboomcar_ws/install/yahboomcar_laser:/root/yahboomcar_ros2_ws/yahboomcar_ws/install/yahboomcar_description_x1:/root/yahboomcar_ros2_ws/yahboomcar_ws/install/yahboomcar_description:/root/yahboomcar_ros2_ws/yahboomcar_ws/install/yahboomcar_ctrl:/root/yahboomcar_ros2_ws/yahboomcar_ws/install/yahboomcar_bringup:/root/yahboomcar_ros2_ws/yahboomcar_ws/install/yahboomcar_astra:/root/yahboomcar_ros2_ws/yahboomcar_ws/install/yahboom_app_save_map:/root/yahboomcar_ros2_ws/yahboomcar_ws/install/robot_pose_publisher:/root/yahboomcar_ros2_ws/yahboomcar_ws/install/laserscan_to_point_pulisher:/opt/ros/foxy /usr/bin/cmake --build /root/yahboomcar_ros2_ws/yahboomcar_ws/build/yahboom_web_savmap_interfaces -- -j4 -l4
[3.079s] Invoking command in '/root/yahboomcar_ros2_ws/yahboomcar_ws/build/yahboom_web_savmap_interfaces': CMAKE_PREFIX_PATH=${CMAKE_PREFIX_PATH}:/root/yahboomcar_ros2_ws/yahboomcar_ws/install/yahboomcar_voice_ctrl:/root/yahboomcar_ros2_ws/yahboomcar_ws/install/yahboomcar_visual:/root/yahboomcar_ros2_ws/yahboomcar_ws/install/yahboomcar_nav:/root/yahboomcar_ros2_ws/yahboomcar_ws/install/yahboomcar_multi:/root/yahboomcar_ros2_ws/yahboomcar_ws/install/yahboomcar_mediapipe:/root/yahboomcar_ros2_ws/yahboomcar_ws/install/yahboomcar_linefollow:/root/yahboomcar_ros2_ws/yahboomcar_ws/install/yahboomcar_laser:/root/yahboomcar_ros2_ws/yahboomcar_ws/install/yahboomcar_description_x1:/root/yahboomcar_ros2_ws/yahboomcar_ws/install/yahboomcar_description:/root/yahboomcar_ros2_ws/yahboomcar_ws/install/yahboomcar_ctrl:/root/yahboomcar_ros2_ws/yahboomcar_ws/install/yahboomcar_bringup:/root/yahboomcar_ros2_ws/yahboomcar_ws/install/yahboomcar_astra:/root/yahboomcar_ros2_ws/yahboomcar_ws/install/yahboom_app_save_map:/root/yahboomcar_ros2_ws/yahboomcar_ws/install/robot_pose_publisher:/root/yahboomcar_ros2_ws/yahboomcar_ws/install/laserscan_to_point_pulisher:/opt/ros/foxy /usr/bin/cmake --install /root/yahboomcar_ros2_ws/yahboomcar_ws/build/yahboom_web_savmap_interfaces
[3.363s] -- Install configuration: ""
[3.379s] -- Up-to-date: /root/yahboomcar_ros2_ws/yahboomcar_ws/install/yahboom_web_savmap_interfaces/share/ament_index/resource_index/rosidl_interfaces/yahboom_web_savmap_interfaces
[3.427s] -- Up-to-date: /root/yahboomcar_ros2_ws/yahboomcar_ws/install/yahboom_web_savmap_interfaces/include/yahboom_web_savmap_interfaces
[3.442s] -- Up-to-date: /root/yahboomcar_ros2_ws/yahboomcar_ws/install/yahboom_web_savmap_interfaces/include/yahboom_web_savmap_interfaces/srv
[3.443s] -- Up-to-date: /root/yahboomcar_ros2_ws/yahboomcar_ws/install/yahboom_web_savmap_interfaces/include/yahboom_web_savmap_interfaces/srv/detail
[3.443s] -- Up-to-date: /root/yahboomcar_ros2_ws/yahboomcar_ws/install/yahboom_web_savmap_interfaces/include/yahboom_web_savmap_interfaces/srv/detail/web_save_map__functions.h
[3.459s] -- Up-to-date: /root/yahboomcar_ros2_ws/yahboomcar_ws/install/yahboom_web_savmap_interfaces/include/yahboom_web_savmap_interfaces/srv/detail/web_save_map__struct.h
[3.652s] -- Up-to-date: /root/yahboomcar_ros2_ws/yahboomcar_ws/install/yahboom_web_savmap_interfaces/include/yahboom_web_savmap_interfaces/srv/detail/web_save_map__type_support.h
[4.080s] -- Up-to-date: /root/yahboomcar_ros2_ws/yahboomcar_ws/install/yahboom_web_savmap_interfaces/include/yahboom_web_savmap_interfaces/srv/detail/web_save_map__functions.c
[4.512s] -- Up-to-date: /root/yahboomcar_ros2_ws/yahboomcar_ws/install/yahboom_web_savmap_interfaces/include/yahboom_web_savmap_interfaces/srv/web_save_map.h
[5.057s] -- Up-to-date: /root/yahboomcar_ros2_ws/yahboomcar_ws/install/yahboom_web_savmap_interfaces/include/yahboom_web_savmap_interfaces/msg
[5.065s] -- Up-to-date: /root/yahboomcar_ros2_ws/yahboomcar_ws/install/yahboom_web_savmap_interfaces/include/yahboom_web_savmap_interfaces/msg/rosidl_generator_c__visibility_control.h
[5.907s] -- Up-to-date: /root/yahboomcar_ros2_ws/yahboomcar_ws/install/yahboom_web_savmap_interfaces/share/yahboom_web_savmap_interfaces/environment/library_path.sh
[6.365s] -- Up-to-date: /root/yahboomcar_ros2_ws/yahboomcar_ws/install/yahboom_web_savmap_interfaces/share/yahboom_web_savmap_interfaces/environment/library_path.dsv
[6.435s] -- Up-to-date: /root/yahboomcar_ros2_ws/yahboomcar_ws/install/yahboom_web_savmap_interfaces/lib/libyahboom_web_savmap_interfaces__rosidl_generator_c.so
[6.444s] -- Up-to-date: /root/yahboomcar_ros2_ws/yahboomcar_ws/install/yahboom_web_savmap_interfaces/include/yahboom_web_savmap_interfaces
[6.445s] -- Up-to-date: /root/yahboomcar_ros2_ws/yahboomcar_ws/install/yahboom_web_savmap_interfaces/include/yahboom_web_savmap_interfaces/srv
[6.453s] -- Up-to-date: /root/yahboomcar_ros2_ws/yahboomcar_ws/install/yahboom_web_savmap_interfaces/include/yahboom_web_savmap_interfaces/srv/detail
[6.455s] -- Up-to-date: /root/yahboomcar_ros2_ws/yahboomcar_ws/install/yahboom_web_savmap_interfaces/include/yahboom_web_savmap_interfaces/srv/detail/web_save_map__rosidl_typesupport_fastrtps_c.h
[6.456s] -- Up-to-date: /root/yahboomcar_ros2_ws/yahboomcar_ws/install/yahboom_web_savmap_interfaces/include/yahboom_web_savmap_interfaces/msg
[6.456s] -- Up-to-date: /root/yahboomcar_ros2_ws/yahboomcar_ws/install/yahboom_web_savmap_interfaces/include/yahboom_web_savmap_interfaces/msg/rosidl_typesupport_fastrtps_c__visibility_control.h
[6.467s] -- Up-to-date: /root/yahboomcar_ros2_ws/yahboomcar_ws/install/yahboom_web_savmap_interfaces/lib/libyahboom_web_savmap_interfaces__rosidl_typesupport_fastrtps_c.so
[6.477s] -- Up-to-date: /root/yahboomcar_ros2_ws/yahboomcar_ws/install/yahboom_web_savmap_interfaces/include/yahboom_web_savmap_interfaces
[6.478s] -- Up-to-date: /root/yahboomcar_ros2_ws/yahboomcar_ws/install/yahboom_web_savmap_interfaces/include/yahboom_web_savmap_interfaces/srv
[6.479s] -- Up-to-date: /root/yahboomcar_ros2_ws/yahboomcar_ws/install/yahboom_web_savmap_interfaces/include/yahboom_web_savmap_interfaces/srv/detail
[6.483s] -- Up-to-date: /root/yahboomcar_ros2_ws/yahboomcar_ws/install/yahboom_web_savmap_interfaces/include/yahboom_web_savmap_interfaces/srv/detail/dds_fastrtps
[6.484s] -- Up-to-date: /root/yahboomcar_ros2_ws/yahboomcar_ws/install/yahboom_web_savmap_interfaces/include/yahboom_web_savmap_interfaces/srv/detail/web_save_map__rosidl_typesupport_fastrtps_cpp.hpp
[6.497s] -- Up-to-date: /root/yahboomcar_ros2_ws/yahboomcar_ws/install/yahboom_web_savmap_interfaces/include/yahboom_web_savmap_interfaces/msg
[6.497s] -- Up-to-date: /root/yahboomcar_ros2_ws/yahboomcar_ws/install/yahboom_web_savmap_interfaces/include/yahboom_web_savmap_interfaces/msg/rosidl_typesupport_fastrtps_cpp__visibility_control.h
[6.512s] -- Up-to-date: /root/yahboomcar_ros2_ws/yahboomcar_ws/install/yahboom_web_savmap_interfaces/lib/libyahboom_web_savmap_interfaces__rosidl_typesupport_fastrtps_cpp.so
[6.521s] -- Up-to-date: /root/yahboomcar_ros2_ws/yahboomcar_ws/install/yahboom_web_savmap_interfaces/include/yahboom_web_savmap_interfaces
[6.522s] -- Up-to-date: /root/yahboomcar_ros2_ws/yahboomcar_ws/install/yahboom_web_savmap_interfaces/include/yahboom_web_savmap_interfaces/srv
[6.522s] -- Up-to-date: /root/yahboomcar_ros2_ws/yahboomcar_ws/install/yahboom_web_savmap_interfaces/include/yahboom_web_savmap_interfaces/srv/detail
[6.523s] -- Up-to-date: /root/yahboomcar_ros2_ws/yahboomcar_ws/install/yahboom_web_savmap_interfaces/include/yahboom_web_savmap_interfaces/srv/detail/web_save_map__type_support.c
[6.549s] -- Up-to-date: /root/yahboomcar_ros2_ws/yahboomcar_ws/install/yahboom_web_savmap_interfaces/include/yahboom_web_savmap_interfaces/srv/detail/web_save_map__rosidl_typesupport_introspection_c.h
[6.568s] -- Up-to-date: /root/yahboomcar_ros2_ws/yahboomcar_ws/install/yahboom_web_savmap_interfaces/include/yahboom_web_savmap_interfaces/msg
[6.570s] -- Up-to-date: /root/yahboomcar_ros2_ws/yahboomcar_ws/install/yahboom_web_savmap_interfaces/include/yahboom_web_savmap_interfaces/msg/rosidl_typesupport_introspection_c__visibility_control.h
[6.581s] -- Up-to-date: /root/yahboomcar_ros2_ws/yahboomcar_ws/install/yahboom_web_savmap_interfaces/lib/libyahboom_web_savmap_interfaces__rosidl_typesupport_introspection_c.so
[6.598s] -- Up-to-date: /root/yahboomcar_ros2_ws/yahboomcar_ws/install/yahboom_web_savmap_interfaces/lib/libyahboom_web_savmap_interfaces__rosidl_typesupport_c.so
[6.609s] -- Up-to-date: /root/yahboomcar_ros2_ws/yahboomcar_ws/install/yahboom_web_savmap_interfaces/include/yahboom_web_savmap_interfaces
[6.612s] -- Up-to-date: /root/yahboomcar_ros2_ws/yahboomcar_ws/install/yahboom_web_savmap_interfaces/include/yahboom_web_savmap_interfaces/srv
[6.615s] -- Up-to-date: /root/yahboomcar_ros2_ws/yahboomcar_ws/install/yahboom_web_savmap_interfaces/include/yahboom_web_savmap_interfaces/srv/detail
[6.615s] -- Up-to-date: /root/yahboomcar_ros2_ws/yahboomcar_ws/install/yahboom_web_savmap_interfaces/include/yahboom_web_savmap_interfaces/srv/detail/web_save_map__builder.hpp
[6.618s] -- Up-to-date: /root/yahboomcar_ros2_ws/yahboomcar_ws/install/yahboom_web_savmap_interfaces/include/yahboom_web_savmap_interfaces/srv/detail/web_save_map__traits.hpp
[6.694s] -- Up-to-date: /root/yahboomcar_ros2_ws/yahboomcar_ws/install/yahboom_web_savmap_interfaces/include/yahboom_web_savmap_interfaces/srv/detail/web_save_map__struct.hpp
[6.726s] -- Up-to-date: /root/yahboomcar_ros2_ws/yahboomcar_ws/install/yahboom_web_savmap_interfaces/include/yahboom_web_savmap_interfaces/srv/web_save_map.hpp
[6.787s] -- Up-to-date: /root/yahboomcar_ros2_ws/yahboomcar_ws/install/yahboom_web_savmap_interfaces/include/yahboom_web_savmap_interfaces
[6.788s] -- Up-to-date: /root/yahboomcar_ros2_ws/yahboomcar_ws/install/yahboom_web_savmap_interfaces/include/yahboom_web_savmap_interfaces/srv
[6.796s] -- Up-to-date: /root/yahboomcar_ros2_ws/yahboomcar_ws/install/yahboom_web_savmap_interfaces/include/yahboom_web_savmap_interfaces/srv/detail
[6.803s] -- Up-to-date: /root/yahboomcar_ros2_ws/yahboomcar_ws/install/yahboom_web_savmap_interfaces/include/yahboom_web_savmap_interfaces/srv/detail/web_save_map__type_support.cpp
[6.811s] -- Up-to-date: /root/yahboomcar_ros2_ws/yahboomcar_ws/install/yahboom_web_savmap_interfaces/include/yahboom_web_savmap_interfaces/srv/detail/web_save_map__rosidl_typesupport_introspection_cpp.hpp
[6.830s] -- Up-to-date: /root/yahboomcar_ros2_ws/yahboomcar_ws/install/yahboom_web_savmap_interfaces/lib/libyahboom_web_savmap_interfaces__rosidl_typesupport_introspection_cpp.so
[6.933s] -- Up-to-date: /root/yahboomcar_ros2_ws/yahboomcar_ws/install/yahboom_web_savmap_interfaces/lib/libyahboom_web_savmap_interfaces__rosidl_typesupport_cpp.so
[6.933s] -- Up-to-date: /root/yahboomcar_ros2_ws/yahboomcar_ws/install/yahboom_web_savmap_interfaces/share/yahboom_web_savmap_interfaces/environment/pythonpath.sh
[6.956s] -- Up-to-date: /root/yahboomcar_ros2_ws/yahboomcar_ws/install/yahboom_web_savmap_interfaces/share/yahboom_web_savmap_interfaces/environment/pythonpath.dsv
[6.977s] -- Up-to-date: /root/yahboomcar_ros2_ws/yahboomcar_ws/install/yahboom_web_savmap_interfaces/lib/python3.8/site-packages/yahboom_web_savmap_interfaces/__init__.py
[7.298s] -- Up-to-date: /root/yahboomcar_ros2_ws/yahboomcar_ws/install/yahboom_web_savmap_interfaces/lib/python3.8/site-packages/yahboom_web_savmap_interfaces/srv
[7.299s] -- Up-to-date: /root/yahboomcar_ros2_ws/yahboomcar_ws/install/yahboom_web_savmap_interfaces/lib/python3.8/site-packages/yahboom_web_savmap_interfaces/srv/_web_save_map_s.c
[7.317s] -- Up-to-date: /root/yahboomcar_ros2_ws/yahboomcar_ws/install/yahboom_web_savmap_interfaces/lib/python3.8/site-packages/yahboom_web_savmap_interfaces/srv/__init__.py
[7.325s] -- Up-to-date: /root/yahboomcar_ros2_ws/yahboomcar_ws/install/yahboom_web_savmap_interfaces/lib/python3.8/site-packages/yahboom_web_savmap_interfaces/srv/_web_save_map.py
[7.335s] -- Up-to-date: /root/yahboomcar_ros2_ws/yahboomcar_ws/install/yahboom_web_savmap_interfaces/lib/python3.8/site-packages/yahboom_web_savmap_interfaces/yahboom_web_savmap_interfaces_s__rosidl_typesupport_fastrtps_c.cpython-38-aarch64-linux-gnu.so
[7.347s] -- Up-to-date: /root/yahboomcar_ros2_ws/yahboomcar_ws/install/yahboom_web_savmap_interfaces/lib/python3.8/site-packages/yahboom_web_savmap_interfaces/yahboom_web_savmap_interfaces_s__rosidl_typesupport_introspection_c.cpython-38-aarch64-linux-gnu.so
[7.358s] -- Up-to-date: /root/yahboomcar_ros2_ws/yahboomcar_ws/install/yahboom_web_savmap_interfaces/lib/python3.8/site-packages/yahboom_web_savmap_interfaces/yahboom_web_savmap_interfaces_s__rosidl_typesupport_c.cpython-38-aarch64-linux-gnu.so
[7.372s] -- Up-to-date: /root/yahboomcar_ros2_ws/yahboomcar_ws/install/yahboom_web_savmap_interfaces/lib/libyahboom_web_savmap_interfaces__python.so
[7.383s] -- Up-to-date: /root/yahboomcar_ros2_ws/yahboomcar_ws/install/yahboom_web_savmap_interfaces/share/yahboom_web_savmap_interfaces/srv/WebSaveMap.idl
[7.393s] -- Up-to-date: /root/yahboomcar_ros2_ws/yahboomcar_ws/install/yahboom_web_savmap_interfaces/share/yahboom_web_savmap_interfaces/srv/WebSaveMap.srv
[7.402s] -- Up-to-date: /root/yahboomcar_ros2_ws/yahboomcar_ws/install/yahboom_web_savmap_interfaces/share/yahboom_web_savmap_interfaces/srv/WebSaveMap_Request.msg
[7.407s] -- Up-to-date: /root/yahboomcar_ros2_ws/yahboomcar_ws/install/yahboom_web_savmap_interfaces/share/yahboom_web_savmap_interfaces/srv/WebSaveMap_Response.msg
[7.416s] -- Up-to-date: /root/yahboomcar_ros2_ws/yahboomcar_ws/install/yahboom_web_savmap_interfaces/share/ament_index/resource_index/package_run_dependencies/yahboom_web_savmap_interfaces
[7.426s] -- Up-to-date: /root/yahboomcar_ros2_ws/yahboomcar_ws/install/yahboom_web_savmap_interfaces/share/ament_index/resource_index/parent_prefix_path/yahboom_web_savmap_interfaces
[7.436s] -- Up-to-date: /root/yahboomcar_ros2_ws/yahboomcar_ws/install/yahboom_web_savmap_interfaces/share/yahboom_web_savmap_interfaces/environment/ament_prefix_path.sh
[7.444s] -- Up-to-date: /root/yahboomcar_ros2_ws/yahboomcar_ws/install/yahboom_web_savmap_interfaces/share/yahboom_web_savmap_interfaces/environment/ament_prefix_path.dsv
[7.447s] -- Up-to-date: /root/yahboomcar_ros2_ws/yahboomcar_ws/install/yahboom_web_savmap_interfaces/share/yahboom_web_savmap_interfaces/environment/path.sh
[7.456s] -- Up-to-date: /root/yahboomcar_ros2_ws/yahboomcar_ws/install/yahboom_web_savmap_interfaces/share/yahboom_web_savmap_interfaces/environment/path.dsv
[7.462s] -- Up-to-date: /root/yahboomcar_ros2_ws/yahboomcar_ws/install/yahboom_web_savmap_interfaces/share/yahboom_web_savmap_interfaces/local_setup.bash
[7.470s] -- Up-to-date: /root/yahboomcar_ros2_ws/yahboomcar_ws/install/yahboom_web_savmap_interfaces/share/yahboom_web_savmap_interfaces/local_setup.sh
[7.480s] -- Up-to-date: /root/yahboomcar_ros2_ws/yahboomcar_ws/install/yahboom_web_savmap_interfaces/share/yahboom_web_savmap_interfaces/local_setup.zsh
[7.489s] -- Up-to-date: /root/yahboomcar_ros2_ws/yahboomcar_ws/install/yahboom_web_savmap_interfaces/share/yahboom_web_savmap_interfaces/local_setup.dsv
[7.492s] -- Installing: /root/yahboomcar_ros2_ws/yahboomcar_ws/install/yahboom_web_savmap_interfaces/share/yahboom_web_savmap_interfaces/package.dsv
[7.495s] -- Up-to-date: /root/yahboomcar_ros2_ws/yahboomcar_ws/install/yahboom_web_savmap_interfaces/share/ament_index/resource_index/packages/yahboom_web_savmap_interfaces
[7.504s] -- Up-to-date: /root/yahboomcar_ros2_ws/yahboomcar_ws/install/yahboom_web_savmap_interfaces/share/yahboom_web_savmap_interfaces/cmake/yahboom_web_savmap_interfaces__rosidl_generator_cExport.cmake
[7.515s] -- Up-to-date: /root/yahboomcar_ros2_ws/yahboomcar_ws/install/yahboom_web_savmap_interfaces/share/yahboom_web_savmap_interfaces/cmake/yahboom_web_savmap_interfaces__rosidl_generator_cExport-noconfig.cmake
[7.522s] -- Up-to-date: /root/yahboomcar_ros2_ws/yahboomcar_ws/install/yahboom_web_savmap_interfaces/share/yahboom_web_savmap_interfaces/cmake/yahboom_web_savmap_interfaces__rosidl_typesupport_introspection_cExport.cmake
[7.529s] -- Up-to-date: /root/yahboomcar_ros2_ws/yahboomcar_ws/install/yahboom_web_savmap_interfaces/share/yahboom_web_savmap_interfaces/cmake/yahboom_web_savmap_interfaces__rosidl_typesupport_introspection_cExport-noconfig.cmake
[7.540s] -- Up-to-date: /root/yahboomcar_ros2_ws/yahboomcar_ws/install/yahboom_web_savmap_interfaces/share/yahboom_web_savmap_interfaces/cmake/yahboom_web_savmap_interfaces__rosidl_typesupport_cExport.cmake
[7.544s] -- Up-to-date: /root/yahboomcar_ros2_ws/yahboomcar_ws/install/yahboom_web_savmap_interfaces/share/yahboom_web_savmap_interfaces/cmake/yahboom_web_savmap_interfaces__rosidl_typesupport_cExport-noconfig.cmake
[7.555s] -- Up-to-date: /root/yahboomcar_ros2_ws/yahboomcar_ws/install/yahboom_web_savmap_interfaces/share/yahboom_web_savmap_interfaces/cmake/yahboom_web_savmap_interfaces__rosidl_generator_cppExport.cmake
[7.564s] -- Up-to-date: /root/yahboomcar_ros2_ws/yahboomcar_ws/install/yahboom_web_savmap_interfaces/share/yahboom_web_savmap_interfaces/cmake/yahboom_web_savmap_interfaces__rosidl_typesupport_introspection_cppExport.cmake
[7.568s] -- Up-to-date: /root/yahboomcar_ros2_ws/yahboomcar_ws/install/yahboom_web_savmap_interfaces/share/yahboom_web_savmap_interfaces/cmake/yahboom_web_savmap_interfaces__rosidl_typesupport_introspection_cppExport-noconfig.cmake
[7.578s] -- Up-to-date: /root/yahboomcar_ros2_ws/yahboomcar_ws/install/yahboom_web_savmap_interfaces/share/yahboom_web_savmap_interfaces/cmake/yahboom_web_savmap_interfaces__rosidl_typesupport_cppExport.cmake
[7.586s] -- Up-to-date: /root/yahboomcar_ros2_ws/yahboomcar_ws/install/yahboom_web_savmap_interfaces/share/yahboom_web_savmap_interfaces/cmake/yahboom_web_savmap_interfaces__rosidl_typesupport_cppExport-noconfig.cmake
[7.590s] -- Up-to-date: /root/yahboomcar_ros2_ws/yahboomcar_ws/install/yahboom_web_savmap_interfaces/share/yahboom_web_savmap_interfaces/cmake/rosidl_cmake-extras.cmake
[7.598s] -- Up-to-date: /root/yahboomcar_ros2_ws/yahboomcar_ws/install/yahboom_web_savmap_interfaces/share/yahboom_web_savmap_interfaces/cmake/ament_cmake_export_dependencies-extras.cmake
[7.606s] -- Up-to-date: /root/yahboomcar_ros2_ws/yahboomcar_ws/install/yahboom_web_savmap_interfaces/share/yahboom_web_savmap_interfaces/cmake/ament_cmake_export_libraries-extras.cmake
[7.615s] -- Up-to-date: /root/yahboomcar_ros2_ws/yahboomcar_ws/install/yahboom_web_savmap_interfaces/share/yahboom_web_savmap_interfaces/cmake/ament_cmake_export_targets-extras.cmake
[7.623s] -- Up-to-date: /root/yahboomcar_ros2_ws/yahboomcar_ws/install/yahboom_web_savmap_interfaces/share/yahboom_web_savmap_interfaces/cmake/ament_cmake_export_include_directories-extras.cmake
[7.632s] -- Up-to-date: /root/yahboomcar_ros2_ws/yahboomcar_ws/install/yahboom_web_savmap_interfaces/share/yahboom_web_savmap_interfaces/cmake/rosidl_cmake_export_typesupport_libraries-extras.cmake
[7.637s] -- Up-to-date: /root/yahboomcar_ros2_ws/yahboomcar_ws/install/yahboom_web_savmap_interfaces/share/yahboom_web_savmap_interfaces/cmake/rosidl_cmake_export_typesupport_targets-extras.cmake
[7.644s] -- Up-to-date: /root/yahboomcar_ros2_ws/yahboomcar_ws/install/yahboom_web_savmap_interfaces/share/yahboom_web_savmap_interfaces/cmake/yahboom_web_savmap_interfacesConfig.cmake
[7.652s] -- Up-to-date: /root/yahboomcar_ros2_ws/yahboomcar_ws/install/yahboom_web_savmap_interfaces/share/yahboom_web_savmap_interfaces/cmake/yahboom_web_savmap_interfacesConfig-version.cmake
[7.657s] -- Up-to-date: /root/yahboomcar_ros2_ws/yahboomcar_ws/install/yahboom_web_savmap_interfaces/share/yahboom_web_savmap_interfaces/package.xml
[9.886s] Invoked command in '/root/yahboomcar_ros2_ws/yahboomcar_ws/build/yahboom_web_savmap_interfaces' returned '0': CMAKE_PREFIX_PATH=${CMAKE_PREFIX_PATH}:/root/yahboomcar_ros2_ws/yahboomcar_ws/install/yahboomcar_voice_ctrl:/root/yahboomcar_ros2_ws/yahboomcar_ws/install/yahboomcar_visual:/root/yahboomcar_ros2_ws/yahboomcar_ws/install/yahboomcar_nav:/root/yahboomcar_ros2_ws/yahboomcar_ws/install/yahboomcar_multi:/root/yahboomcar_ros2_ws/yahboomcar_ws/install/yahboomcar_mediapipe:/root/yahboomcar_ros2_ws/yahboomcar_ws/install/yahboomcar_linefollow:/root/yahboomcar_ros2_ws/yahboomcar_ws/install/yahboomcar_laser:/root/yahboomcar_ros2_ws/yahboomcar_ws/install/yahboomcar_description_x1:/root/yahboomcar_ros2_ws/yahboomcar_ws/install/yahboomcar_description:/root/yahboomcar_ros2_ws/yahboomcar_ws/install/yahboomcar_ctrl:/root/yahboomcar_ros2_ws/yahboomcar_ws/install/yahboomcar_bringup:/root/yahboomcar_ros2_ws/yahboomcar_ws/install/yahboomcar_astra:/root/yahboomcar_ros2_ws/yahboomcar_ws/install/yahboom_app_save_map:/root/yahboomcar_ros2_ws/yahboomcar_ws/install/robot_pose_publisher:/root/yahboomcar_ros2_ws/yahboomcar_ws/install/laserscan_to_point_pulisher:/opt/ros/foxy /usr/bin/cmake --install /root/yahboomcar_ros2_ws/yahboomcar_ws/build/yahboom_web_savmap_interfaces
