[4.509s] Invoking command in '/root/codes/iron_yahboomcar_ws/src/yahboomcar_description': PYTHONPATH=/root/codes/iron_yahboomcar_ws/build/yahboomcar_description/prefix_override:/root/codes/iron_yahboomcar_ws/install/yahboomcar_description/lib/python3.8/site-packages:${PYTHONPATH} /usr/bin/python3 setup.py egg_info --egg-base ../../build/yahboomcar_description build --build-base /root/codes/iron_yahboomcar_ws/build/yahboomcar_description/build install --record /root/codes/iron_yahboomcar_ws/build/yahboomcar_description/install.log --install-scripts $base/lib/yahboomcar_description --single-version-externally-managed
[5.833s] running egg_info
[5.835s] creating ../../build/yahboomcar_description/yahboomcar_description.egg-info
[5.836s] writing ../../build/yahboomcar_description/yahboomcar_description.egg-info/PKG-INFO
[5.837s] writing dependency_links to ../../build/yahboomcar_description/yahboomcar_description.egg-info/dependency_links.txt
[5.838s] writing entry points to ../../build/yahboomcar_description/yahboomcar_description.egg-info/entry_points.txt
[5.838s] writing requirements to ../../build/yahboomcar_description/yahboomcar_description.egg-info/requires.txt
[5.838s] writing top-level names to ../../build/yahboomcar_description/yahboomcar_description.egg-info/top_level.txt
[5.845s] writing manifest file '../../build/yahboomcar_description/yahboomcar_description.egg-info/SOURCES.txt'
[6.012s] reading manifest file '../../build/yahboomcar_description/yahboomcar_description.egg-info/SOURCES.txt'
[6.017s] writing manifest file '../../build/yahboomcar_description/yahboomcar_description.egg-info/SOURCES.txt'
[6.017s] running build
[6.018s] running build_py
[6.018s] creating /root/codes/iron_yahboomcar_ws/build/yahboomcar_description/build
[6.018s] creating /root/codes/iron_yahboomcar_ws/build/yahboomcar_description/build/lib
[6.019s] creating /root/codes/iron_yahboomcar_ws/build/yahboomcar_description/build/lib/yahboomcar_description
[6.019s] copying yahboomcar_description/__init__.py -> /root/codes/iron_yahboomcar_ws/build/yahboomcar_description/build/lib/yahboomcar_description
[6.019s] running install
[6.024s] running install_lib
[6.028s] copying /root/codes/iron_yahboomcar_ws/build/yahboomcar_description/build/lib/yahboomcar_description/__init__.py -> /root/codes/iron_yahboomcar_ws/install/yahboomcar_description/lib/python3.8/site-packages/yahboomcar_description
[6.032s] byte-compiling /root/codes/iron_yahboomcar_ws/install/yahboomcar_description/lib/python3.8/site-packages/yahboomcar_description/__init__.py to __init__.cpython-38.pyc
[6.036s] running install_data
[6.039s] copying resource/yahboomcar_description -> /root/codes/iron_yahboomcar_ws/install/yahboomcar_description/share/ament_index/resource_index/packages
[6.039s] copying package.xml -> /root/codes/iron_yahboomcar_ws/install/yahboomcar_description/share/yahboomcar_description
[6.040s] copying launch/display_R2.launch.py -> /root/codes/iron_yahboomcar_ws/install/yahboomcar_description/share/yahboomcar_description/launch
[6.040s] copying launch/description_X3_multi_robot2.launch.py -> /root/codes/iron_yahboomcar_ws/install/yahboomcar_description/share/yahboomcar_description/launch
[6.041s] copying launch/description_X3_multi_robot1.launch.py -> /root/codes/iron_yahboomcar_ws/install/yahboomcar_description/share/yahboomcar_description/launch
[6.042s] copying launch/display_X3.launch.py -> /root/codes/iron_yahboomcar_ws/install/yahboomcar_description/share/yahboomcar_description/launch
[6.042s] copying launch/description_R2_multi_robot2.launch.py -> /root/codes/iron_yahboomcar_ws/install/yahboomcar_description/share/yahboomcar_description/launch
[6.042s] copying launch/description_R2_multi_robot1.launch.py -> /root/codes/iron_yahboomcar_ws/install/yahboomcar_description/share/yahboomcar_description/launch
[6.043s] copying urdf/yahboomcar_X3.urdf -> /root/codes/iron_yahboomcar_ws/install/yahboomcar_description/share/yahboomcar_description/urdf
[6.043s] copying urdf/yahboomcar_X3_robot1.urdf -> /root/codes/iron_yahboomcar_ws/install/yahboomcar_description/share/yahboomcar_description/urdf
[6.044s] copying urdf/yahboomcar_R2_multi.urdf.xacro -> /root/codes/iron_yahboomcar_ws/install/yahboomcar_description/share/yahboomcar_description/urdf
[6.044s] copying urdf/yahboomcar_R2_robot1.urdf -> /root/codes/iron_yahboomcar_ws/install/yahboomcar_description/share/yahboomcar_description/urdf
[6.045s] copying urdf/yahboomcar_X3.urdf.xacro -> /root/codes/iron_yahboomcar_ws/install/yahboomcar_description/share/yahboomcar_description/urdf
[6.045s] copying urdf/yahboomcar_R2_robot2.urdf -> /root/codes/iron_yahboomcar_ws/install/yahboomcar_description/share/yahboomcar_description/urdf
[6.046s] copying urdf/yahboomcar_X3_robot2.urdf -> /root/codes/iron_yahboomcar_ws/install/yahboomcar_description/share/yahboomcar_description/urdf
[6.046s] copying urdf/yahboomcar_R2_robot2.urdf.xacro -> /root/codes/iron_yahboomcar_ws/install/yahboomcar_description/share/yahboomcar_description/urdf
[6.047s] copying urdf/yahboomcar_R2_robot1.urdf.xacro -> /root/codes/iron_yahboomcar_ws/install/yahboomcar_description/share/yahboomcar_description/urdf
[6.047s] copying urdf/yahboomcar_R2.urdf -> /root/codes/iron_yahboomcar_ws/install/yahboomcar_description/share/yahboomcar_description/urdf
[6.047s] copying urdf/yahboomcar_R2.urdf.xacro -> /root/codes/iron_yahboomcar_ws/install/yahboomcar_description/share/yahboomcar_description/urdf
[6.048s] copying meshes/front_right_wheel_X3.STL -> /root/codes/iron_yahboomcar_ws/install/yahboomcar_description/share/yahboomcar_description/meshes
[6.057s] copying meshes/laser_link.STL -> /root/codes/iron_yahboomcar_ws/install/yahboomcar_description/share/yahboomcar_description/meshes
[6.085s] copying meshes/front_left_steer.STL -> /root/codes/iron_yahboomcar_ws/install/yahboomcar_description/share/yahboomcar_description/meshes
[6.086s] copying meshes/front_right_wheel.STL -> /root/codes/iron_yahboomcar_ws/install/yahboomcar_description/share/yahboomcar_description/meshes
[6.090s] copying meshes/laser_link_R2.STL -> /root/codes/iron_yahboomcar_ws/install/yahboomcar_description/share/yahboomcar_description/meshes
[6.092s] copying meshes/front_left_wheel.STL -> /root/codes/iron_yahboomcar_ws/install/yahboomcar_description/share/yahboomcar_description/meshes
[6.097s] copying meshes/back_right_wheel_X3.STL -> /root/codes/iron_yahboomcar_ws/install/yahboomcar_description/share/yahboomcar_description/meshes
[6.105s] copying meshes/front_right_steer.STL -> /root/codes/iron_yahboomcar_ws/install/yahboomcar_description/share/yahboomcar_description/meshes
[6.106s] copying meshes/camera_link_R2.STL -> /root/codes/iron_yahboomcar_ws/install/yahboomcar_description/share/yahboomcar_description/meshes
[6.107s] copying meshes/front_left_wheel_X3.STL -> /root/codes/iron_yahboomcar_ws/install/yahboomcar_description/share/yahboomcar_description/meshes
[6.116s] copying meshes/back_right_link.STL -> /root/codes/iron_yahboomcar_ws/install/yahboomcar_description/share/yahboomcar_description/meshes
[6.120s] copying meshes/base_link_X3.STL -> /root/codes/iron_yahboomcar_ws/install/yahboomcar_description/share/yahboomcar_description/meshes
[6.133s] copying meshes/back_left_link.STL -> /root/codes/iron_yahboomcar_ws/install/yahboomcar_description/share/yahboomcar_description/meshes
[6.137s] copying meshes/back_left_wheel_X3.STL -> /root/codes/iron_yahboomcar_ws/install/yahboomcar_description/share/yahboomcar_description/meshes
[6.145s] copying meshes/base_link.STL -> /root/codes/iron_yahboomcar_ws/install/yahboomcar_description/share/yahboomcar_description/meshes
[6.186s] copying meshes/camera_link.STL -> /root/codes/iron_yahboomcar_ws/install/yahboomcar_description/share/yahboomcar_description/meshes
[6.187s] copying rviz/yahboomcar.rviz -> /root/codes/iron_yahboomcar_ws/install/yahboomcar_description/share/yahboomcar_description/rviz
[6.188s] running install_egg_info
[6.197s] removing '/root/codes/iron_yahboomcar_ws/install/yahboomcar_description/lib/python3.8/site-packages/yahboomcar_description-0.0.0-py3.8.egg-info' (and everything under it)
[6.198s] Copying ../../build/yahboomcar_description/yahboomcar_description.egg-info to /root/codes/iron_yahboomcar_ws/install/yahboomcar_description/lib/python3.8/site-packages/yahboomcar_description-0.0.0-py3.8.egg-info
[6.202s] running install_scripts
[6.284s] writing list of installed files to '/root/codes/iron_yahboomcar_ws/build/yahboomcar_description/install.log'
[6.397s] Invoked command in '/root/codes/iron_yahboomcar_ws/src/yahboomcar_description' returned '0': PYTHONPATH=/root/codes/iron_yahboomcar_ws/build/yahboomcar_description/prefix_override:/root/codes/iron_yahboomcar_ws/install/yahboomcar_description/lib/python3.8/site-packages:${PYTHONPATH} /usr/bin/python3 setup.py egg_info --egg-base ../../build/yahboomcar_description build --build-base /root/codes/iron_yahboomcar_ws/build/yahboomcar_description/build install --record /root/codes/iron_yahboomcar_ws/build/yahboomcar_description/install.log --install-scripts $base/lib/yahboomcar_description --single-version-externally-managed
