[6.053s] Invoking command in '/root/yahboomcar_ros2_ws/yahboomcar_ws/src/yahboomcar_description_x1': PYTHONPATH=/root/yahboomcar_ros2_ws/yahboomcar_ws/build/yahboomcar_description_x1/prefix_override:/root/yahboomcar_ros2_ws/yahboomcar_ws/install/yahboomcar_description_x1/lib/python3.8/site-packages:${PYTHONPATH} /usr/bin/python3 setup.py egg_info --egg-base ../../build/yahboomcar_description_x1 build --build-base /root/yahboomcar_ros2_ws/yahboomcar_ws/build/yahboomcar_description_x1/build install --record /root/yahboomcar_ros2_ws/yahboomcar_ws/build/yahboomcar_description_x1/install.log --install-scripts $base/lib/yahboomcar_description_x1 --single-version-externally-managed
[8.273s] running egg_info
[8.276s] writing ../../build/yahboomcar_description_x1/yahboomcar_description_x1.egg-info/PKG-INFO
[8.279s] writing dependency_links to ../../build/yahboomcar_description_x1/yahboomcar_description_x1.egg-info/dependency_links.txt
[8.279s] writing entry points to ../../build/yahboomcar_description_x1/yahboomcar_description_x1.egg-info/entry_points.txt
[8.280s] writing requirements to ../../build/yahboomcar_description_x1/yahboomcar_description_x1.egg-info/requires.txt
[8.282s] writing top-level names to ../../build/yahboomcar_description_x1/yahboomcar_description_x1.egg-info/top_level.txt
[8.665s] reading manifest file '../../build/yahboomcar_description_x1/yahboomcar_description_x1.egg-info/SOURCES.txt'
[8.670s] writing manifest file '../../build/yahboomcar_description_x1/yahboomcar_description_x1.egg-info/SOURCES.txt'
[8.670s] running build
[8.671s] running build_py
[8.671s] running install
[8.674s] running install_lib
[8.681s] running install_data
[8.689s] running install_egg_info
[8.698s] removing '/root/yahboomcar_ros2_ws/yahboomcar_ws/install/yahboomcar_description_x1/lib/python3.8/site-packages/yahboomcar_description_x1-0.0.0-py3.8.egg-info' (and everything under it)
[8.700s] Copying ../../build/yahboomcar_description_x1/yahboomcar_description_x1.egg-info to /root/yahboomcar_ros2_ws/yahboomcar_ws/install/yahboomcar_description_x1/lib/python3.8/site-packages/yahboomcar_description_x1-0.0.0-py3.8.egg-info
[8.711s] running install_scripts
[8.867s] writing list of installed files to '/root/yahboomcar_ros2_ws/yahboomcar_ws/build/yahboomcar_description_x1/install.log'
[11.104s] Invoked command in '/root/yahboomcar_ros2_ws/yahboomcar_ws/src/yahboomcar_description_x1' returned '0': PYTHONPATH=/root/yahboomcar_ros2_ws/yahboomcar_ws/build/yahboomcar_description_x1/prefix_override:/root/yahboomcar_ros2_ws/yahboomcar_ws/install/yahboomcar_description_x1/lib/python3.8/site-packages:${PYTHONPATH} /usr/bin/python3 setup.py egg_info --egg-base ../../build/yahboomcar_description_x1 build --build-base /root/yahboomcar_ros2_ws/yahboomcar_ws/build/yahboomcar_description_x1/build install --record /root/yahboomcar_ros2_ws/yahboomcar_ws/build/yahboomcar_description_x1/install.log --install-scripts $base/lib/yahboomcar_description_x1 --single-version-externally-managed
