[0.252s] Invoking command in '/root/yahboomcar_ros2_ws/yahboomcar_ws/build/yahboom_web_savmap_interfaces': CMAKE_PREFIX_PATH=${CMAKE_PREFIX_PATH}:/root/yahboomcar_ros2_ws/yahboomcar_ws/install/yahboomcar_voice_ctrl:/root/yahboomcar_ros2_ws/yahboomcar_ws/install/yahboomcar_visual:/root/yahboomcar_ros2_ws/yahboomcar_ws/install/yahboomcar_nav:/root/yahboomcar_ros2_ws/yahboomcar_ws/install/yahboomcar_mediapipe:/root/yahboomcar_ros2_ws/yahboomcar_ws/install/yahboomcar_linefollow:/root/yahboomcar_ros2_ws/yahboomcar_ws/install/yahboomcar_laser:/root/yahboomcar_ros2_ws/yahboomcar_ws/install/yahboomcar_description_x1:/root/yahboomcar_ros2_ws/yahboomcar_ws/install/yahboomcar_description:/root/yahboomcar_ros2_ws/yahboomcar_ws/install/yahboomcar_ctrl:/root/yahboomcar_ros2_ws/yahboomcar_ws/install/yahboomcar_bringup:/root/yahboomcar_ros2_ws/yahboomcar_ws/install/yahboomcar_astra:/root/yahboomcar_ros2_ws/yahboomcar_ws/install/yahboom_app_save_map:/root/yahboomcar_ros2_ws/yahboomcar_ws/install/robot_pose_publisher:/root/yahboomcar_ros2_ws/yahboomcar_ws/install/laserscan_to_point_pulisher:/opt/ros/foxy /usr/bin/cmake --build /root/yahboomcar_ros2_ws/yahboomcar_ws/build/yahboom_web_savmap_interfaces -- -j4 -l4
[0.752s] [  9%] Built target yahboom_web_savmap_interfaces__rosidl_generator_c
[0.845s] [ 12%] Built target yahboom_web_savmap_interfaces__cpp
[1.199s] [ 22%] Built target yahboom_web_savmap_interfaces__rosidl_typesupport_c
[1.205s] [ 32%] Built target yahboom_web_savmap_interfaces__rosidl_typesupport_introspection_c
[1.258s] [ 41%] Built target yahboom_web_savmap_interfaces__rosidl_typesupport_cpp
[1.355s] [ 51%] Built target yahboom_web_savmap_interfaces__rosidl_typesupport_fastrtps_cpp
[1.550s] [ 61%] Built target yahboom_web_savmap_interfaces__rosidl_typesupport_introspection_cpp
[1.730s] [ 70%] Built target yahboom_web_savmap_interfaces__rosidl_typesupport_fastrtps_c
[2.145s] [ 70%] Built target yahboom_web_savmap_interfaces
[2.539s] [ 74%] Built target yahboom_web_savmap_interfaces__py
[2.806s] [ 80%] Built target yahboom_web_savmap_interfaces__python
[2.997s] [ 87%] Built target yahboom_web_savmap_interfaces__rosidl_typesupport_c__pyext
[3.047s] [ 93%] Built target yahboom_web_savmap_interfaces__rosidl_typesupport_fastrtps_c__pyext
[3.051s] [100%] Built target yahboom_web_savmap_interfaces__rosidl_typesupport_introspection_c__pyext
[3.337s] Invoked command in '/root/yahboomcar_ros2_ws/yahboomcar_ws/build/yahboom_web_savmap_interfaces' returned '0': CMAKE_PREFIX_PATH=${CMAKE_PREFIX_PATH}:/root/yahboomcar_ros2_ws/yahboomcar_ws/install/yahboomcar_voice_ctrl:/root/yahboomcar_ros2_ws/yahboomcar_ws/install/yahboomcar_visual:/root/yahboomcar_ros2_ws/yahboomcar_ws/install/yahboomcar_nav:/root/yahboomcar_ros2_ws/yahboomcar_ws/install/yahboomcar_mediapipe:/root/yahboomcar_ros2_ws/yahboomcar_ws/install/yahboomcar_linefollow:/root/yahboomcar_ros2_ws/yahboomcar_ws/install/yahboomcar_laser:/root/yahboomcar_ros2_ws/yahboomcar_ws/install/yahboomcar_description_x1:/root/yahboomcar_ros2_ws/yahboomcar_ws/install/yahboomcar_description:/root/yahboomcar_ros2_ws/yahboomcar_ws/install/yahboomcar_ctrl:/root/yahboomcar_ros2_ws/yahboomcar_ws/install/yahboomcar_bringup:/root/yahboomcar_ros2_ws/yahboomcar_ws/install/yahboomcar_astra:/root/yahboomcar_ros2_ws/yahboomcar_ws/install/yahboom_app_save_map:/root/yahboomcar_ros2_ws/yahboomcar_ws/install/robot_pose_publisher:/root/yahboomcar_ros2_ws/yahboomcar_ws/install/laserscan_to_point_pulisher:/opt/ros/foxy /usr/bin/cmake --build /root/yahboomcar_ros2_ws/yahboomcar_ws/build/yahboom_web_savmap_interfaces -- -j4 -l4
[4.133s] Invoking command in '/root/yahboomcar_ros2_ws/yahboomcar_ws/build/yahboom_web_savmap_interfaces': CMAKE_PREFIX_PATH=${CMAKE_PREFIX_PATH}:/root/yahboomcar_ros2_ws/yahboomcar_ws/install/yahboomcar_voice_ctrl:/root/yahboomcar_ros2_ws/yahboomcar_ws/install/yahboomcar_visual:/root/yahboomcar_ros2_ws/yahboomcar_ws/install/yahboomcar_nav:/root/yahboomcar_ros2_ws/yahboomcar_ws/install/yahboomcar_mediapipe:/root/yahboomcar_ros2_ws/yahboomcar_ws/install/yahboomcar_linefollow:/root/yahboomcar_ros2_ws/yahboomcar_ws/install/yahboomcar_laser:/root/yahboomcar_ros2_ws/yahboomcar_ws/install/yahboomcar_description_x1:/root/yahboomcar_ros2_ws/yahboomcar_ws/install/yahboomcar_description:/root/yahboomcar_ros2_ws/yahboomcar_ws/install/yahboomcar_ctrl:/root/yahboomcar_ros2_ws/yahboomcar_ws/install/yahboomcar_bringup:/root/yahboomcar_ros2_ws/yahboomcar_ws/install/yahboomcar_astra:/root/yahboomcar_ros2_ws/yahboomcar_ws/install/yahboom_app_save_map:/root/yahboomcar_ros2_ws/yahboomcar_ws/install/robot_pose_publisher:/root/yahboomcar_ros2_ws/yahboomcar_ws/install/laserscan_to_point_pulisher:/opt/ros/foxy /usr/bin/cmake --install /root/yahboomcar_ros2_ws/yahboomcar_ws/build/yahboom_web_savmap_interfaces
[4.229s] -- Install configuration: ""
[4.230s] -- Up-to-date: /root/yahboomcar_ros2_ws/yahboomcar_ws/install/yahboom_web_savmap_interfaces/share/ament_index/resource_index/rosidl_interfaces/yahboom_web_savmap_interfaces
[4.230s] -- Up-to-date: /root/yahboomcar_ros2_ws/yahboomcar_ws/install/yahboom_web_savmap_interfaces/include/yahboom_web_savmap_interfaces
[4.231s] -- Up-to-date: /root/yahboomcar_ros2_ws/yahboomcar_ws/install/yahboom_web_savmap_interfaces/include/yahboom_web_savmap_interfaces/srv
[4.231s] -- Up-to-date: /root/yahboomcar_ros2_ws/yahboomcar_ws/install/yahboom_web_savmap_interfaces/include/yahboom_web_savmap_interfaces/srv/detail
[4.232s] -- Up-to-date: /root/yahboomcar_ros2_ws/yahboomcar_ws/install/yahboom_web_savmap_interfaces/include/yahboom_web_savmap_interfaces/srv/detail/web_save_map__functions.h
[4.232s] -- Up-to-date: /root/yahboomcar_ros2_ws/yahboomcar_ws/install/yahboom_web_savmap_interfaces/include/yahboom_web_savmap_interfaces/srv/detail/web_save_map__struct.h
[4.232s] -- Up-to-date: /root/yahboomcar_ros2_ws/yahboomcar_ws/install/yahboom_web_savmap_interfaces/include/yahboom_web_savmap_interfaces/srv/detail/web_save_map__type_support.h
[4.233s] -- Up-to-date: /root/yahboomcar_ros2_ws/yahboomcar_ws/install/yahboom_web_savmap_interfaces/include/yahboom_web_savmap_interfaces/srv/detail/web_save_map__functions.c
[4.233s] -- Up-to-date: /root/yahboomcar_ros2_ws/yahboomcar_ws/install/yahboom_web_savmap_interfaces/include/yahboom_web_savmap_interfaces/srv/web_save_map.h
[4.234s] -- Up-to-date: /root/yahboomcar_ros2_ws/yahboomcar_ws/install/yahboom_web_savmap_interfaces/include/yahboom_web_savmap_interfaces/msg
[4.234s] -- Up-to-date: /root/yahboomcar_ros2_ws/yahboomcar_ws/install/yahboom_web_savmap_interfaces/include/yahboom_web_savmap_interfaces/msg/rosidl_generator_c__visibility_control.h
[4.235s] -- Up-to-date: /root/yahboomcar_ros2_ws/yahboomcar_ws/install/yahboom_web_savmap_interfaces/share/yahboom_web_savmap_interfaces/environment/library_path.sh
[4.235s] -- Up-to-date: /root/yahboomcar_ros2_ws/yahboomcar_ws/install/yahboom_web_savmap_interfaces/share/yahboom_web_savmap_interfaces/environment/library_path.dsv
[4.239s] -- Up-to-date: /root/yahboomcar_ros2_ws/yahboomcar_ws/install/yahboom_web_savmap_interfaces/lib/libyahboom_web_savmap_interfaces__rosidl_generator_c.so
[4.241s] -- Up-to-date: /root/yahboomcar_ros2_ws/yahboomcar_ws/install/yahboom_web_savmap_interfaces/include/yahboom_web_savmap_interfaces
[4.241s] -- Up-to-date: /root/yahboomcar_ros2_ws/yahboomcar_ws/install/yahboom_web_savmap_interfaces/include/yahboom_web_savmap_interfaces/srv
[4.242s] -- Up-to-date: /root/yahboomcar_ros2_ws/yahboomcar_ws/install/yahboom_web_savmap_interfaces/include/yahboom_web_savmap_interfaces/srv/detail
[4.242s] -- Up-to-date: /root/yahboomcar_ros2_ws/yahboomcar_ws/install/yahboom_web_savmap_interfaces/include/yahboom_web_savmap_interfaces/srv/detail/web_save_map__rosidl_typesupport_fastrtps_c.h
[4.246s] -- Up-to-date: /root/yahboomcar_ros2_ws/yahboomcar_ws/install/yahboom_web_savmap_interfaces/include/yahboom_web_savmap_interfaces/msg
[4.247s] -- Up-to-date: /root/yahboomcar_ros2_ws/yahboomcar_ws/install/yahboom_web_savmap_interfaces/include/yahboom_web_savmap_interfaces/msg/rosidl_typesupport_fastrtps_c__visibility_control.h
[4.247s] -- Up-to-date: /root/yahboomcar_ros2_ws/yahboomcar_ws/install/yahboom_web_savmap_interfaces/lib/libyahboom_web_savmap_interfaces__rosidl_typesupport_fastrtps_c.so
[4.249s] -- Up-to-date: /root/yahboomcar_ros2_ws/yahboomcar_ws/install/yahboom_web_savmap_interfaces/include/yahboom_web_savmap_interfaces
[4.250s] -- Up-to-date: /root/yahboomcar_ros2_ws/yahboomcar_ws/install/yahboom_web_savmap_interfaces/include/yahboom_web_savmap_interfaces/srv
[4.250s] -- Up-to-date: /root/yahboomcar_ros2_ws/yahboomcar_ws/install/yahboom_web_savmap_interfaces/include/yahboom_web_savmap_interfaces/srv/detail
[4.251s] -- Up-to-date: /root/yahboomcar_ros2_ws/yahboomcar_ws/install/yahboom_web_savmap_interfaces/include/yahboom_web_savmap_interfaces/srv/detail/dds_fastrtps
[4.252s] -- Up-to-date: /root/yahboomcar_ros2_ws/yahboomcar_ws/install/yahboom_web_savmap_interfaces/include/yahboom_web_savmap_interfaces/srv/detail/web_save_map__rosidl_typesupport_fastrtps_cpp.hpp
[4.252s] -- Up-to-date: /root/yahboomcar_ros2_ws/yahboomcar_ws/install/yahboom_web_savmap_interfaces/include/yahboom_web_savmap_interfaces/msg
[4.252s] -- Up-to-date: /root/yahboomcar_ros2_ws/yahboomcar_ws/install/yahboom_web_savmap_interfaces/include/yahboom_web_savmap_interfaces/msg/rosidl_typesupport_fastrtps_cpp__visibility_control.h
[4.263s] -- Up-to-date: /root/yahboomcar_ros2_ws/yahboomcar_ws/install/yahboom_web_savmap_interfaces/lib/libyahboom_web_savmap_interfaces__rosidl_typesupport_fastrtps_cpp.so
[4.285s] -- Up-to-date: /root/yahboomcar_ros2_ws/yahboomcar_ws/install/yahboom_web_savmap_interfaces/include/yahboom_web_savmap_interfaces
[4.286s] -- Up-to-date: /root/yahboomcar_ros2_ws/yahboomcar_ws/install/yahboom_web_savmap_interfaces/include/yahboom_web_savmap_interfaces/srv
[4.286s] -- Up-to-date: /root/yahboomcar_ros2_ws/yahboomcar_ws/install/yahboom_web_savmap_interfaces/include/yahboom_web_savmap_interfaces/srv/detail
[4.286s] -- Up-to-date: /root/yahboomcar_ros2_ws/yahboomcar_ws/install/yahboom_web_savmap_interfaces/include/yahboom_web_savmap_interfaces/srv/detail/web_save_map__type_support.c
[4.287s] -- Up-to-date: /root/yahboomcar_ros2_ws/yahboomcar_ws/install/yahboom_web_savmap_interfaces/include/yahboom_web_savmap_interfaces/srv/detail/web_save_map__rosidl_typesupport_introspection_c.h
[4.287s] -- Up-to-date: /root/yahboomcar_ros2_ws/yahboomcar_ws/install/yahboom_web_savmap_interfaces/include/yahboom_web_savmap_interfaces/msg
[4.288s] -- Up-to-date: /root/yahboomcar_ros2_ws/yahboomcar_ws/install/yahboom_web_savmap_interfaces/include/yahboom_web_savmap_interfaces/msg/rosidl_typesupport_introspection_c__visibility_control.h
[4.288s] -- Up-to-date: /root/yahboomcar_ros2_ws/yahboomcar_ws/install/yahboom_web_savmap_interfaces/lib/libyahboom_web_savmap_interfaces__rosidl_typesupport_introspection_c.so
[4.289s] -- Up-to-date: /root/yahboomcar_ros2_ws/yahboomcar_ws/install/yahboom_web_savmap_interfaces/lib/libyahboom_web_savmap_interfaces__rosidl_typesupport_c.so
[4.299s] -- Up-to-date: /root/yahboomcar_ros2_ws/yahboomcar_ws/install/yahboom_web_savmap_interfaces/include/yahboom_web_savmap_interfaces
[4.300s] -- Up-to-date: /root/yahboomcar_ros2_ws/yahboomcar_ws/install/yahboom_web_savmap_interfaces/include/yahboom_web_savmap_interfaces/srv
[4.301s] -- Up-to-date: /root/yahboomcar_ros2_ws/yahboomcar_ws/install/yahboom_web_savmap_interfaces/include/yahboom_web_savmap_interfaces/srv/detail
[4.301s] -- Up-to-date: /root/yahboomcar_ros2_ws/yahboomcar_ws/install/yahboom_web_savmap_interfaces/include/yahboom_web_savmap_interfaces/srv/detail/web_save_map__builder.hpp
[4.302s] -- Up-to-date: /root/yahboomcar_ros2_ws/yahboomcar_ws/install/yahboom_web_savmap_interfaces/include/yahboom_web_savmap_interfaces/srv/detail/web_save_map__traits.hpp
[4.302s] -- Up-to-date: /root/yahboomcar_ros2_ws/yahboomcar_ws/install/yahboom_web_savmap_interfaces/include/yahboom_web_savmap_interfaces/srv/detail/web_save_map__struct.hpp
[4.303s] -- Up-to-date: /root/yahboomcar_ros2_ws/yahboomcar_ws/install/yahboom_web_savmap_interfaces/include/yahboom_web_savmap_interfaces/srv/web_save_map.hpp
[4.303s] -- Up-to-date: /root/yahboomcar_ros2_ws/yahboomcar_ws/install/yahboom_web_savmap_interfaces/include/yahboom_web_savmap_interfaces
[4.303s] -- Up-to-date: /root/yahboomcar_ros2_ws/yahboomcar_ws/install/yahboom_web_savmap_interfaces/include/yahboom_web_savmap_interfaces/srv
[4.304s] -- Up-to-date: /root/yahboomcar_ros2_ws/yahboomcar_ws/install/yahboom_web_savmap_interfaces/include/yahboom_web_savmap_interfaces/srv/detail
[4.304s] -- Up-to-date: /root/yahboomcar_ros2_ws/yahboomcar_ws/install/yahboom_web_savmap_interfaces/include/yahboom_web_savmap_interfaces/srv/detail/web_save_map__type_support.cpp
[4.304s] -- Up-to-date: /root/yahboomcar_ros2_ws/yahboomcar_ws/install/yahboom_web_savmap_interfaces/include/yahboom_web_savmap_interfaces/srv/detail/web_save_map__rosidl_typesupport_introspection_cpp.hpp
[4.331s] -- Up-to-date: /root/yahboomcar_ros2_ws/yahboomcar_ws/install/yahboom_web_savmap_interfaces/lib/libyahboom_web_savmap_interfaces__rosidl_typesupport_introspection_cpp.so
[4.331s] -- Up-to-date: /root/yahboomcar_ros2_ws/yahboomcar_ws/install/yahboom_web_savmap_interfaces/lib/libyahboom_web_savmap_interfaces__rosidl_typesupport_cpp.so
[4.332s] -- Up-to-date: /root/yahboomcar_ros2_ws/yahboomcar_ws/install/yahboom_web_savmap_interfaces/share/yahboom_web_savmap_interfaces/environment/pythonpath.sh
[4.332s] -- Up-to-date: /root/yahboomcar_ros2_ws/yahboomcar_ws/install/yahboom_web_savmap_interfaces/share/yahboom_web_savmap_interfaces/environment/pythonpath.dsv
[4.333s] -- Up-to-date: /root/yahboomcar_ros2_ws/yahboomcar_ws/install/yahboom_web_savmap_interfaces/lib/python3.8/site-packages/yahboom_web_savmap_interfaces/__init__.py
[4.822s] -- Up-to-date: /root/yahboomcar_ros2_ws/yahboomcar_ws/install/yahboom_web_savmap_interfaces/lib/python3.8/site-packages/yahboom_web_savmap_interfaces/srv
[4.822s] -- Up-to-date: /root/yahboomcar_ros2_ws/yahboomcar_ws/install/yahboom_web_savmap_interfaces/lib/python3.8/site-packages/yahboom_web_savmap_interfaces/srv/_web_save_map_s.c
[4.823s] -- Up-to-date: /root/yahboomcar_ros2_ws/yahboomcar_ws/install/yahboom_web_savmap_interfaces/lib/python3.8/site-packages/yahboom_web_savmap_interfaces/srv/__init__.py
[4.823s] -- Up-to-date: /root/yahboomcar_ros2_ws/yahboomcar_ws/install/yahboom_web_savmap_interfaces/lib/python3.8/site-packages/yahboom_web_savmap_interfaces/srv/_web_save_map.py
[4.828s] -- Up-to-date: /root/yahboomcar_ros2_ws/yahboomcar_ws/install/yahboom_web_savmap_interfaces/lib/python3.8/site-packages/yahboom_web_savmap_interfaces/yahboom_web_savmap_interfaces_s__rosidl_typesupport_fastrtps_c.cpython-38-aarch64-linux-gnu.so
[4.833s] -- Up-to-date: /root/yahboomcar_ros2_ws/yahboomcar_ws/install/yahboom_web_savmap_interfaces/lib/python3.8/site-packages/yahboom_web_savmap_interfaces/yahboom_web_savmap_interfaces_s__rosidl_typesupport_introspection_c.cpython-38-aarch64-linux-gnu.so
[4.843s] -- Up-to-date: /root/yahboomcar_ros2_ws/yahboomcar_ws/install/yahboom_web_savmap_interfaces/lib/python3.8/site-packages/yahboom_web_savmap_interfaces/yahboom_web_savmap_interfaces_s__rosidl_typesupport_c.cpython-38-aarch64-linux-gnu.so
[4.852s] -- Up-to-date: /root/yahboomcar_ros2_ws/yahboomcar_ws/install/yahboom_web_savmap_interfaces/lib/libyahboom_web_savmap_interfaces__python.so
[4.855s] -- Up-to-date: /root/yahboomcar_ros2_ws/yahboomcar_ws/install/yahboom_web_savmap_interfaces/share/yahboom_web_savmap_interfaces/srv/WebSaveMap.idl
[4.857s] -- Up-to-date: /root/yahboomcar_ros2_ws/yahboomcar_ws/install/yahboom_web_savmap_interfaces/share/yahboom_web_savmap_interfaces/srv/WebSaveMap.srv
[4.859s] -- Up-to-date: /root/yahboomcar_ros2_ws/yahboomcar_ws/install/yahboom_web_savmap_interfaces/share/yahboom_web_savmap_interfaces/srv/WebSaveMap_Request.msg
[4.860s] -- Up-to-date: /root/yahboomcar_ros2_ws/yahboomcar_ws/install/yahboom_web_savmap_interfaces/share/yahboom_web_savmap_interfaces/srv/WebSaveMap_Response.msg
[4.862s] -- Up-to-date: /root/yahboomcar_ros2_ws/yahboomcar_ws/install/yahboom_web_savmap_interfaces/share/ament_index/resource_index/package_run_dependencies/yahboom_web_savmap_interfaces
[4.863s] -- Up-to-date: /root/yahboomcar_ros2_ws/yahboomcar_ws/install/yahboom_web_savmap_interfaces/share/ament_index/resource_index/parent_prefix_path/yahboom_web_savmap_interfaces
[4.865s] -- Up-to-date: /root/yahboomcar_ros2_ws/yahboomcar_ws/install/yahboom_web_savmap_interfaces/share/yahboom_web_savmap_interfaces/environment/ament_prefix_path.sh
[4.867s] -- Up-to-date: /root/yahboomcar_ros2_ws/yahboomcar_ws/install/yahboom_web_savmap_interfaces/share/yahboom_web_savmap_interfaces/environment/ament_prefix_path.dsv
[4.869s] -- Up-to-date: /root/yahboomcar_ros2_ws/yahboomcar_ws/install/yahboom_web_savmap_interfaces/share/yahboom_web_savmap_interfaces/environment/path.sh
[4.872s] -- Up-to-date: /root/yahboomcar_ros2_ws/yahboomcar_ws/install/yahboom_web_savmap_interfaces/share/yahboom_web_savmap_interfaces/environment/path.dsv
[4.873s] -- Up-to-date: /root/yahboomcar_ros2_ws/yahboomcar_ws/install/yahboom_web_savmap_interfaces/share/yahboom_web_savmap_interfaces/local_setup.bash
[4.875s] -- Up-to-date: /root/yahboomcar_ros2_ws/yahboomcar_ws/install/yahboom_web_savmap_interfaces/share/yahboom_web_savmap_interfaces/local_setup.sh
[4.876s] -- Up-to-date: /root/yahboomcar_ros2_ws/yahboomcar_ws/install/yahboom_web_savmap_interfaces/share/yahboom_web_savmap_interfaces/local_setup.zsh
[4.878s] -- Up-to-date: /root/yahboomcar_ros2_ws/yahboomcar_ws/install/yahboom_web_savmap_interfaces/share/yahboom_web_savmap_interfaces/local_setup.dsv
[4.880s] -- Installing: /root/yahboomcar_ros2_ws/yahboomcar_ws/install/yahboom_web_savmap_interfaces/share/yahboom_web_savmap_interfaces/package.dsv
[4.888s] -- Up-to-date: /root/yahboomcar_ros2_ws/yahboomcar_ws/install/yahboom_web_savmap_interfaces/share/ament_index/resource_index/packages/yahboom_web_savmap_interfaces
[4.891s] -- Up-to-date: /root/yahboomcar_ros2_ws/yahboomcar_ws/install/yahboom_web_savmap_interfaces/share/yahboom_web_savmap_interfaces/cmake/yahboom_web_savmap_interfaces__rosidl_generator_cExport.cmake
[4.893s] -- Up-to-date: /root/yahboomcar_ros2_ws/yahboomcar_ws/install/yahboom_web_savmap_interfaces/share/yahboom_web_savmap_interfaces/cmake/yahboom_web_savmap_interfaces__rosidl_generator_cExport-noconfig.cmake
[4.899s] -- Up-to-date: /root/yahboomcar_ros2_ws/yahboomcar_ws/install/yahboom_web_savmap_interfaces/share/yahboom_web_savmap_interfaces/cmake/yahboom_web_savmap_interfaces__rosidl_typesupport_introspection_cExport.cmake
[4.901s] -- Up-to-date: /root/yahboomcar_ros2_ws/yahboomcar_ws/install/yahboom_web_savmap_interfaces/share/yahboom_web_savmap_interfaces/cmake/yahboom_web_savmap_interfaces__rosidl_typesupport_introspection_cExport-noconfig.cmake
[4.907s] -- Up-to-date: /root/yahboomcar_ros2_ws/yahboomcar_ws/install/yahboom_web_savmap_interfaces/share/yahboom_web_savmap_interfaces/cmake/yahboom_web_savmap_interfaces__rosidl_typesupport_cExport.cmake
[4.909s] -- Up-to-date: /root/yahboomcar_ros2_ws/yahboomcar_ws/install/yahboom_web_savmap_interfaces/share/yahboom_web_savmap_interfaces/cmake/yahboom_web_savmap_interfaces__rosidl_typesupport_cExport-noconfig.cmake
[4.913s] -- Up-to-date: /root/yahboomcar_ros2_ws/yahboomcar_ws/install/yahboom_web_savmap_interfaces/share/yahboom_web_savmap_interfaces/cmake/yahboom_web_savmap_interfaces__rosidl_generator_cppExport.cmake
[4.920s] -- Up-to-date: /root/yahboomcar_ros2_ws/yahboomcar_ws/install/yahboom_web_savmap_interfaces/share/yahboom_web_savmap_interfaces/cmake/yahboom_web_savmap_interfaces__rosidl_typesupport_introspection_cppExport.cmake
[4.921s] -- Up-to-date: /root/yahboomcar_ros2_ws/yahboomcar_ws/install/yahboom_web_savmap_interfaces/share/yahboom_web_savmap_interfaces/cmake/yahboom_web_savmap_interfaces__rosidl_typesupport_introspection_cppExport-noconfig.cmake
[4.925s] -- Up-to-date: /root/yahboomcar_ros2_ws/yahboomcar_ws/install/yahboom_web_savmap_interfaces/share/yahboom_web_savmap_interfaces/cmake/yahboom_web_savmap_interfaces__rosidl_typesupport_cppExport.cmake
[4.927s] -- Up-to-date: /root/yahboomcar_ros2_ws/yahboomcar_ws/install/yahboom_web_savmap_interfaces/share/yahboom_web_savmap_interfaces/cmake/yahboom_web_savmap_interfaces__rosidl_typesupport_cppExport-noconfig.cmake
[4.929s] -- Up-to-date: /root/yahboomcar_ros2_ws/yahboomcar_ws/install/yahboom_web_savmap_interfaces/share/yahboom_web_savmap_interfaces/cmake/rosidl_cmake-extras.cmake
[4.931s] -- Up-to-date: /root/yahboomcar_ros2_ws/yahboomcar_ws/install/yahboom_web_savmap_interfaces/share/yahboom_web_savmap_interfaces/cmake/ament_cmake_export_dependencies-extras.cmake
[4.932s] -- Up-to-date: /root/yahboomcar_ros2_ws/yahboomcar_ws/install/yahboom_web_savmap_interfaces/share/yahboom_web_savmap_interfaces/cmake/ament_cmake_export_libraries-extras.cmake
[4.934s] -- Up-to-date: /root/yahboomcar_ros2_ws/yahboomcar_ws/install/yahboom_web_savmap_interfaces/share/yahboom_web_savmap_interfaces/cmake/ament_cmake_export_targets-extras.cmake
[4.936s] -- Up-to-date: /root/yahboomcar_ros2_ws/yahboomcar_ws/install/yahboom_web_savmap_interfaces/share/yahboom_web_savmap_interfaces/cmake/ament_cmake_export_include_directories-extras.cmake
[4.938s] -- Up-to-date: /root/yahboomcar_ros2_ws/yahboomcar_ws/install/yahboom_web_savmap_interfaces/share/yahboom_web_savmap_interfaces/cmake/rosidl_cmake_export_typesupport_libraries-extras.cmake
[4.940s] -- Up-to-date: /root/yahboomcar_ros2_ws/yahboomcar_ws/install/yahboom_web_savmap_interfaces/share/yahboom_web_savmap_interfaces/cmake/rosidl_cmake_export_typesupport_targets-extras.cmake
[4.942s] -- Up-to-date: /root/yahboomcar_ros2_ws/yahboomcar_ws/install/yahboom_web_savmap_interfaces/share/yahboom_web_savmap_interfaces/cmake/yahboom_web_savmap_interfacesConfig.cmake
[4.944s] -- Up-to-date: /root/yahboomcar_ros2_ws/yahboomcar_ws/install/yahboom_web_savmap_interfaces/share/yahboom_web_savmap_interfaces/cmake/yahboom_web_savmap_interfacesConfig-version.cmake
[4.946s] -- Up-to-date: /root/yahboomcar_ros2_ws/yahboomcar_ws/install/yahboom_web_savmap_interfaces/share/yahboom_web_savmap_interfaces/package.xml
[6.234s] Invoked command in '/root/yahboomcar_ros2_ws/yahboomcar_ws/build/yahboom_web_savmap_interfaces' returned '0': CMAKE_PREFIX_PATH=${CMAKE_PREFIX_PATH}:/root/yahboomcar_ros2_ws/yahboomcar_ws/install/yahboomcar_voice_ctrl:/root/yahboomcar_ros2_ws/yahboomcar_ws/install/yahboomcar_visual:/root/yahboomcar_ros2_ws/yahboomcar_ws/install/yahboomcar_nav:/root/yahboomcar_ros2_ws/yahboomcar_ws/install/yahboomcar_mediapipe:/root/yahboomcar_ros2_ws/yahboomcar_ws/install/yahboomcar_linefollow:/root/yahboomcar_ros2_ws/yahboomcar_ws/install/yahboomcar_laser:/root/yahboomcar_ros2_ws/yahboomcar_ws/install/yahboomcar_description_x1:/root/yahboomcar_ros2_ws/yahboomcar_ws/install/yahboomcar_description:/root/yahboomcar_ros2_ws/yahboomcar_ws/install/yahboomcar_ctrl:/root/yahboomcar_ros2_ws/yahboomcar_ws/install/yahboomcar_bringup:/root/yahboomcar_ros2_ws/yahboomcar_ws/install/yahboomcar_astra:/root/yahboomcar_ros2_ws/yahboomcar_ws/install/yahboom_app_save_map:/root/yahboomcar_ros2_ws/yahboomcar_ws/install/robot_pose_publisher:/root/yahboomcar_ros2_ws/yahboomcar_ws/install/laserscan_to_point_pulisher:/opt/ros/foxy /usr/bin/cmake --install /root/yahboomcar_ros2_ws/yahboomcar_ws/build/yahboom_web_savmap_interfaces
