[2.538s] Invoking command in '/root/codes/iron_yahboomcar_ws/build/yahboom_web_savmap_interfaces': CMAKE_PREFIX_PATH=${CMAKE_PREFIX_PATH}:/root/codes/iron_yahboomcar_ws/install/yahboomcar_voice_ctrl:/root/codes/iron_yahboomcar_ws/install/yahboomcar_visual:/root/codes/iron_yahboomcar_ws/install/yahboomcar_nav:/root/codes/iron_yahboomcar_ws/install/yahboomcar_multi:/root/codes/iron_yahboomcar_ws/install/yahboomcar_mediapipe:/root/codes/iron_yahboomcar_ws/install/yahboomcar_linefollow:/root/codes/iron_yahboomcar_ws/install/yahboomcar_laser:/root/codes/iron_yahboomcar_ws/install/yahboomcar_description_x1:/root/codes/iron_yahboomcar_ws/install/yahboomcar_description:/root/codes/iron_yahboomcar_ws/install/yahboomcar_ctrl:/root/codes/iron_yahboomcar_ws/install/yahboomcar_color:/root/codes/iron_yahboomcar_ws/install/yahboomcar_bringup:/root/codes/iron_yahboomcar_ws/install/yahboomcar_astra:/root/codes/iron_yahboomcar_ws/install/yahboom_app_save_map:/root/codes/iron_yahboomcar_ws/install/robot_pose_publisher:/root/codes/iron_yahboomcar_ws/install/laserscan_to_point_pulisher:/root/yahboomcar_ros2_ws/yahboomcar_ws/install/yahboomcar_voice_ctrl:/root/yahboomcar_ros2_ws/yahboomcar_ws/install/yahboomcar_visual:/root/yahboomcar_ros2_ws/yahboomcar_ws/install/yahboomcar_nav:/root/yahboomcar_ros2_ws/yahboomcar_ws/install/yahboomcar_multi:/root/yahboomcar_ros2_ws/yahboomcar_ws/install/yahboomcar_mediapipe:/root/yahboomcar_ros2_ws/yahboomcar_ws/install/yahboomcar_linefollow:/root/yahboomcar_ros2_ws/yahboomcar_ws/install/yahboomcar_laser:/root/yahboomcar_ros2_ws/yahboomcar_ws/install/yahboomcar_description_x1:/root/yahboomcar_ros2_ws/yahboomcar_ws/install/yahboomcar_description:/root/yahboomcar_ros2_ws/yahboomcar_ws/install/yahboomcar_ctrl:/root/yahboomcar_ros2_ws/yahboomcar_ws/install/yahboomcar_bringup:/root/yahboomcar_ros2_ws/yahboomcar_ws/install/yahboomcar_astra:/root/yahboomcar_ros2_ws/yahboomcar_ws/install/yahboom_app_save_map:/root/yahboomcar_ros2_ws/yahboomcar_ws/install/robot_pose_publisher:/root/yahboomcar_ros2_ws/yahboomcar_ws/install/laserscan_to_point_pulisher:/opt/ros/foxy /usr/bin/cmake /root/codes/iron_yahboomcar_ws/src/yahboom_web_savmap_interfaces -DCMAKE_INSTALL_PREFIX=/root/codes/iron_yahboomcar_ws/install/yahboom_web_savmap_interfaces
[14.004s] -- The C compiler identification is GNU 9.4.0
[27.799s] -- The CXX compiler identification is GNU 9.4.0
[29.058s] -- Check for working C compiler: /usr/bin/cc
[40.495s] -- Check for working C compiler: /usr/bin/cc -- works
[40.654s] -- Detecting C compiler ABI info
[50.037s] -- Detecting C compiler ABI info - done
[50.088s] -- Detecting C compile features
[50.219s] -- Detecting C compile features - done
[50.280s] -- Check for working CXX compiler: /usr/bin/c++
[57.272s] -- Check for working CXX compiler: /usr/bin/c++ -- works
[57.278s] -- Detecting CXX compiler ABI info
[62.139s] -- Detecting CXX compiler ABI info - done
[62.187s] -- Detecting CXX compile features
[62.189s] -- Detecting CXX compile features - done
[63.066s] -- Found ament_cmake: 0.9.11 (/opt/ros/foxy/share/ament_cmake/cmake)
[63.702s] -- Found PythonInterp: /usr/bin/python3 (found suitable version "3.8.10", minimum required is "3") 
[63.703s] -- Using PYTHON_EXECUTABLE: /usr/bin/python3
[68.012s] -- Found geometry_msgs: 2.0.5 (/opt/ros/foxy/share/geometry_msgs/cmake)
[69.600s] -- Using all available rosidl_typesupport_c: rosidl_typesupport_fastrtps_c;rosidl_typesupport_introspection_c
[69.781s] -- Found rosidl_adapter: 1.3.0 (/opt/ros/foxy/share/rosidl_adapter/cmake)
[71.659s] -- Found OpenSSL: /usr/lib/aarch64-linux-gnu/libcrypto.so (found version "1.1.1f")  
[72.724s] -- Found FastRTPS: /opt/ros/foxy/include  
[74.363s] -- Using all available rosidl_typesupport_cpp: rosidl_typesupport_fastrtps_cpp;rosidl_typesupport_introspection_cpp
[75.075s] -- Found rosidl_default_generators: 1.0.1 (/opt/ros/foxy/share/rosidl_default_generators/cmake)
[75.418s] -- Found PythonInterp: /usr/bin/python3 (found version "3.8.10") 
[76.589s] -- Found ament_cmake_ros: 0.9.2 (/opt/ros/foxy/share/ament_cmake_ros/cmake)
[78.075s] -- Using all available rosidl_typesupport_c: rosidl_typesupport_fastrtps_c;rosidl_typesupport_introspection_c
[78.323s] -- Using all available rosidl_typesupport_cpp: rosidl_typesupport_fastrtps_cpp;rosidl_typesupport_introspection_cpp
[78.535s] -- Found PythonInterp: /usr/bin/python3 (found suitable version "3.8.10", minimum required is "3.5") 
[78.650s] -- Found python_cmake_module: 0.8.1 (/opt/ros/foxy/share/python_cmake_module/cmake)
[79.139s] -- Found PythonLibs: /usr/lib/aarch64-linux-gnu/libpython3.8.so (found suitable version "3.8.10", minimum required is "3.5") 
[79.139s] -- Using PYTHON_EXECUTABLE: /usr/bin/python3
[79.140s] -- Using PYTHON_INCLUDE_DIRS: /usr/include/python3.8
[79.140s] -- Using PYTHON_LIBRARIES: /usr/lib/aarch64-linux-gnu/libpython3.8.so
[79.307s] -- Found PythonExtra: .so  
[80.006s] -- Found ament_lint_auto: 0.9.7 (/opt/ros/foxy/share/ament_lint_auto/cmake)
[80.803s] -- Added test 'copyright' to check source files copyright and LICENSE
[80.819s] -- Added test 'lint_cmake' to check CMake code style
[80.831s] -- Added test 'xmllint' to check XML markup files
[80.885s] -- Configuring done
[81.112s] -- Generating done
[81.125s] -- Build files have been written to: /root/codes/iron_yahboomcar_ws/build/yahboom_web_savmap_interfaces
[81.164s] Invoked command in '/root/codes/iron_yahboomcar_ws/build/yahboom_web_savmap_interfaces' returned '0': CMAKE_PREFIX_PATH=${CMAKE_PREFIX_PATH}:/root/codes/iron_yahboomcar_ws/install/yahboomcar_voice_ctrl:/root/codes/iron_yahboomcar_ws/install/yahboomcar_visual:/root/codes/iron_yahboomcar_ws/install/yahboomcar_nav:/root/codes/iron_yahboomcar_ws/install/yahboomcar_multi:/root/codes/iron_yahboomcar_ws/install/yahboomcar_mediapipe:/root/codes/iron_yahboomcar_ws/install/yahboomcar_linefollow:/root/codes/iron_yahboomcar_ws/install/yahboomcar_laser:/root/codes/iron_yahboomcar_ws/install/yahboomcar_description_x1:/root/codes/iron_yahboomcar_ws/install/yahboomcar_description:/root/codes/iron_yahboomcar_ws/install/yahboomcar_ctrl:/root/codes/iron_yahboomcar_ws/install/yahboomcar_color:/root/codes/iron_yahboomcar_ws/install/yahboomcar_bringup:/root/codes/iron_yahboomcar_ws/install/yahboomcar_astra:/root/codes/iron_yahboomcar_ws/install/yahboom_app_save_map:/root/codes/iron_yahboomcar_ws/install/robot_pose_publisher:/root/codes/iron_yahboomcar_ws/install/laserscan_to_point_pulisher:/root/yahboomcar_ros2_ws/yahboomcar_ws/install/yahboomcar_voice_ctrl:/root/yahboomcar_ros2_ws/yahboomcar_ws/install/yahboomcar_visual:/root/yahboomcar_ros2_ws/yahboomcar_ws/install/yahboomcar_nav:/root/yahboomcar_ros2_ws/yahboomcar_ws/install/yahboomcar_multi:/root/yahboomcar_ros2_ws/yahboomcar_ws/install/yahboomcar_mediapipe:/root/yahboomcar_ros2_ws/yahboomcar_ws/install/yahboomcar_linefollow:/root/yahboomcar_ros2_ws/yahboomcar_ws/install/yahboomcar_laser:/root/yahboomcar_ros2_ws/yahboomcar_ws/install/yahboomcar_description_x1:/root/yahboomcar_ros2_ws/yahboomcar_ws/install/yahboomcar_description:/root/yahboomcar_ros2_ws/yahboomcar_ws/install/yahboomcar_ctrl:/root/yahboomcar_ros2_ws/yahboomcar_ws/install/yahboomcar_bringup:/root/yahboomcar_ros2_ws/yahboomcar_ws/install/yahboomcar_astra:/root/yahboomcar_ros2_ws/yahboomcar_ws/install/yahboom_app_save_map:/root/yahboomcar_ros2_ws/yahboomcar_ws/install/robot_pose_publisher:/root/yahboomcar_ros2_ws/yahboomcar_ws/install/laserscan_to_point_pulisher:/opt/ros/foxy /usr/bin/cmake /root/codes/iron_yahboomcar_ws/src/yahboom_web_savmap_interfaces -DCMAKE_INSTALL_PREFIX=/root/codes/iron_yahboomcar_ws/install/yahboom_web_savmap_interfaces
[81.171s] Invoking command in '/root/codes/iron_yahboomcar_ws/build/yahboom_web_savmap_interfaces': CMAKE_PREFIX_PATH=${CMAKE_PREFIX_PATH}:/root/codes/iron_yahboomcar_ws/install/yahboomcar_voice_ctrl:/root/codes/iron_yahboomcar_ws/install/yahboomcar_visual:/root/codes/iron_yahboomcar_ws/install/yahboomcar_nav:/root/codes/iron_yahboomcar_ws/install/yahboomcar_multi:/root/codes/iron_yahboomcar_ws/install/yahboomcar_mediapipe:/root/codes/iron_yahboomcar_ws/install/yahboomcar_linefollow:/root/codes/iron_yahboomcar_ws/install/yahboomcar_laser:/root/codes/iron_yahboomcar_ws/install/yahboomcar_description_x1:/root/codes/iron_yahboomcar_ws/install/yahboomcar_description:/root/codes/iron_yahboomcar_ws/install/yahboomcar_ctrl:/root/codes/iron_yahboomcar_ws/install/yahboomcar_color:/root/codes/iron_yahboomcar_ws/install/yahboomcar_bringup:/root/codes/iron_yahboomcar_ws/install/yahboomcar_astra:/root/codes/iron_yahboomcar_ws/install/yahboom_app_save_map:/root/codes/iron_yahboomcar_ws/install/robot_pose_publisher:/root/codes/iron_yahboomcar_ws/install/laserscan_to_point_pulisher:/root/yahboomcar_ros2_ws/yahboomcar_ws/install/yahboomcar_voice_ctrl:/root/yahboomcar_ros2_ws/yahboomcar_ws/install/yahboomcar_visual:/root/yahboomcar_ros2_ws/yahboomcar_ws/install/yahboomcar_nav:/root/yahboomcar_ros2_ws/yahboomcar_ws/install/yahboomcar_multi:/root/yahboomcar_ros2_ws/yahboomcar_ws/install/yahboomcar_mediapipe:/root/yahboomcar_ros2_ws/yahboomcar_ws/install/yahboomcar_linefollow:/root/yahboomcar_ros2_ws/yahboomcar_ws/install/yahboomcar_laser:/root/yahboomcar_ros2_ws/yahboomcar_ws/install/yahboomcar_description_x1:/root/yahboomcar_ros2_ws/yahboomcar_ws/install/yahboomcar_description:/root/yahboomcar_ros2_ws/yahboomcar_ws/install/yahboomcar_ctrl:/root/yahboomcar_ros2_ws/yahboomcar_ws/install/yahboomcar_bringup:/root/yahboomcar_ros2_ws/yahboomcar_ws/install/yahboomcar_astra:/root/yahboomcar_ros2_ws/yahboomcar_ws/install/yahboom_app_save_map:/root/yahboomcar_ros2_ws/yahboomcar_ws/install/robot_pose_publisher:/root/yahboomcar_ros2_ws/yahboomcar_ws/install/laserscan_to_point_pulisher:/opt/ros/foxy /usr/bin/cmake --build /root/codes/iron_yahboomcar_ws/build/yahboom_web_savmap_interfaces -- -j4 -l4
[81.397s] [35m[1mScanning dependencies of target yahboom_web_savmap_interfaces__cpp[0m
[81.454s] [  3%] [34m[1mGenerating C++ code for ROS interfaces[0m
[84.821s] [  3%] Built target yahboom_web_savmap_interfaces__cpp
[84.877s] [  6%] [34m[1mGenerating C code for ROS interfaces[0m
[87.350s] [35m[1mScanning dependencies of target yahboom_web_savmap_interfaces__rosidl_generator_c[0m
[87.656s] [  9%] [32mBuilding C object CMakeFiles/yahboom_web_savmap_interfaces__rosidl_generator_c.dir/rosidl_generator_c/yahboom_web_savmap_interfaces/srv/detail/web_save_map__functions.c.o[0m
[97.411s] [ 12%] [32m[1mLinking C shared library libyahboom_web_savmap_interfaces__rosidl_generator_c.so[0m
[99.375s] [ 12%] Built target yahboom_web_savmap_interfaces__rosidl_generator_c
[99.431s] [ 16%] [34m[1mGenerating C++ introspection for ROS interfaces[0m
[101.105s] [35m[1mScanning dependencies of target yahboom_web_savmap_interfaces__rosidl_typesupport_introspection_cpp[0m
[101.301s] [ 19%] [32mBuilding CXX object CMakeFiles/yahboom_web_savmap_interfaces__rosidl_typesupport_introspection_cpp.dir/rosidl_typesupport_introspection_cpp/yahboom_web_savmap_interfaces/srv/detail/web_save_map__type_support.cpp.o[0m
[108.798s] [ 22%] [32m[1mLinking CXX shared library libyahboom_web_savmap_interfaces__rosidl_typesupport_introspection_cpp.so[0m
[119.324s] [ 22%] Built target yahboom_web_savmap_interfaces__rosidl_typesupport_introspection_cpp
[119.382s] [ 25%] [34m[1mGenerating C type support dispatch for ROS interfaces[0m
[122.804s] [35m[1mScanning dependencies of target yahboom_web_savmap_interfaces__rosidl_typesupport_c[0m
[123.152s] [ 29%] [32mBuilding CXX object CMakeFiles/yahboom_web_savmap_interfaces__rosidl_typesupport_c.dir/rosidl_typesupport_c/yahboom_web_savmap_interfaces/srv/web_save_map__type_support.cpp.o[0m
[128.900s] [ 32%] [32m[1mLinking CXX shared library libyahboom_web_savmap_interfaces__rosidl_typesupport_c.so[0m
[129.334s] [ 32%] Built target yahboom_web_savmap_interfaces__rosidl_typesupport_c
[129.390s] [ 35%] [34m[1mGenerating C introspection for ROS interfaces[0m
[131.246s] [35m[1mScanning dependencies of target yahboom_web_savmap_interfaces__rosidl_typesupport_introspection_c[0m
[131.332s] [ 38%] [32mBuilding C object CMakeFiles/yahboom_web_savmap_interfaces__rosidl_typesupport_introspection_c.dir/rosidl_typesupport_introspection_c/yahboom_web_savmap_interfaces/srv/detail/web_save_map__type_support.c.o[0m
[131.585s] [ 41%] [32m[1mLinking C shared library libyahboom_web_savmap_interfaces__rosidl_typesupport_introspection_c.so[0m
[131.758s] [ 41%] Built target yahboom_web_savmap_interfaces__rosidl_typesupport_introspection_c
[131.822s] [ 45%] [34m[1mGenerating C++ type support for eProsima Fast-RTPS[0m
[133.749s] [35m[1mScanning dependencies of target yahboom_web_savmap_interfaces__rosidl_typesupport_fastrtps_cpp[0m
[133.862s] [ 48%] [32mBuilding CXX object CMakeFiles/yahboom_web_savmap_interfaces__rosidl_typesupport_fastrtps_cpp.dir/rosidl_typesupport_fastrtps_cpp/yahboom_web_savmap_interfaces/srv/detail/dds_fastrtps/web_save_map__type_support.cpp.o[0m
[136.170s] [ 51%] [32m[1mLinking CXX shared library libyahboom_web_savmap_interfaces__rosidl_typesupport_fastrtps_cpp.so[0m
[136.677s] [ 51%] Built target yahboom_web_savmap_interfaces__rosidl_typesupport_fastrtps_cpp
[136.755s] [ 54%] [34m[1mGenerating C++ type support dispatch for ROS interfaces[0m
[138.227s] [35m[1mScanning dependencies of target yahboom_web_savmap_interfaces__rosidl_typesupport_cpp[0m
[138.311s] [ 58%] [32mBuilding CXX object CMakeFiles/yahboom_web_savmap_interfaces__rosidl_typesupport_cpp.dir/rosidl_typesupport_cpp/yahboom_web_savmap_interfaces/srv/web_save_map__type_support.cpp.o[0m
[139.943s] [ 61%] [32m[1mLinking CXX shared library libyahboom_web_savmap_interfaces__rosidl_typesupport_cpp.so[0m
[140.171s] [ 61%] Built target yahboom_web_savmap_interfaces__rosidl_typesupport_cpp
[140.250s] [ 64%] [34m[1mGenerating C type support for eProsima Fast-RTPS[0m
[141.958s] [35m[1mScanning dependencies of target yahboom_web_savmap_interfaces__rosidl_typesupport_fastrtps_c[0m
[142.104s] [ 67%] [32mBuilding CXX object CMakeFiles/yahboom_web_savmap_interfaces__rosidl_typesupport_fastrtps_c.dir/rosidl_typesupport_fastrtps_c/yahboom_web_savmap_interfaces/srv/detail/web_save_map__type_support_c.cpp.o[0m
[144.147s] [ 70%] [32m[1mLinking CXX shared library libyahboom_web_savmap_interfaces__rosidl_typesupport_fastrtps_c.so[0m
[144.890s] [ 70%] Built target yahboom_web_savmap_interfaces__rosidl_typesupport_fastrtps_c
[144.969s] [35m[1mScanning dependencies of target yahboom_web_savmap_interfaces[0m
[145.036s] [ 70%] Built target yahboom_web_savmap_interfaces
[145.124s] [35m[1mScanning dependencies of target yahboom_web_savmap_interfaces__py[0m
[145.202s] [ 74%] [34m[1mGenerating Python code for ROS interfaces[0m
[148.637s] [ 74%] Built target yahboom_web_savmap_interfaces__py
[148.711s] [35m[1mScanning dependencies of target yahboom_web_savmap_interfaces__python[0m
[149.060s] [ 77%] [32mBuilding C object CMakeFiles/yahboom_web_savmap_interfaces__python.dir/rosidl_generator_py/yahboom_web_savmap_interfaces/srv/_web_save_map_s.c.o[0m
[150.015s] [ 80%] [32m[1mLinking C shared library rosidl_generator_py/yahboom_web_savmap_interfaces/libyahboom_web_savmap_interfaces__python.so[0m
[150.292s] [ 80%] Built target yahboom_web_savmap_interfaces__python
[150.375s] [35m[1mScanning dependencies of target yahboom_web_savmap_interfaces__rosidl_typesupport_c__pyext[0m
[150.519s] [ 83%] [32mBuilding C object CMakeFiles/yahboom_web_savmap_interfaces__rosidl_typesupport_c__pyext.dir/rosidl_generator_py/yahboom_web_savmap_interfaces/_yahboom_web_savmap_interfaces_s.ep.rosidl_typesupport_c.c.o[0m
[151.072s] [ 87%] [32m[1mLinking C shared library rosidl_generator_py/yahboom_web_savmap_interfaces/yahboom_web_savmap_interfaces_s__rosidl_typesupport_c.cpython-38-aarch64-linux-gnu.so[0m
[151.334s] [ 87%] Built target yahboom_web_savmap_interfaces__rosidl_typesupport_c__pyext
[151.410s] [35m[1mScanning dependencies of target yahboom_web_savmap_interfaces__rosidl_typesupport_introspection_c__pyext[0m
[151.548s] [ 90%] [32mBuilding C object CMakeFiles/yahboom_web_savmap_interfaces__rosidl_typesupport_introspection_c__pyext.dir/rosidl_generator_py/yahboom_web_savmap_interfaces/_yahboom_web_savmap_interfaces_s.ep.rosidl_typesupport_introspection_c.c.o[0m
[152.628s] [ 93%] [32m[1mLinking C shared library rosidl_generator_py/yahboom_web_savmap_interfaces/yahboom_web_savmap_interfaces_s__rosidl_typesupport_introspection_c.cpython-38-aarch64-linux-gnu.so[0m
[152.900s] [ 93%] Built target yahboom_web_savmap_interfaces__rosidl_typesupport_introspection_c__pyext
[152.966s] [35m[1mScanning dependencies of target yahboom_web_savmap_interfaces__rosidl_typesupport_fastrtps_c__pyext[0m
[153.107s] [ 96%] [32mBuilding C object CMakeFiles/yahboom_web_savmap_interfaces__rosidl_typesupport_fastrtps_c__pyext.dir/rosidl_generator_py/yahboom_web_savmap_interfaces/_yahboom_web_savmap_interfaces_s.ep.rosidl_typesupport_fastrtps_c.c.o[0m
[156.432s] [100%] [32m[1mLinking CXX shared library rosidl_generator_py/yahboom_web_savmap_interfaces/yahboom_web_savmap_interfaces_s__rosidl_typesupport_fastrtps_c.cpython-38-aarch64-linux-gnu.so[0m
[156.857s] [100%] Built target yahboom_web_savmap_interfaces__rosidl_typesupport_fastrtps_c__pyext
[156.928s] Invoked command in '/root/codes/iron_yahboomcar_ws/build/yahboom_web_savmap_interfaces' returned '0': CMAKE_PREFIX_PATH=${CMAKE_PREFIX_PATH}:/root/codes/iron_yahboomcar_ws/install/yahboomcar_voice_ctrl:/root/codes/iron_yahboomcar_ws/install/yahboomcar_visual:/root/codes/iron_yahboomcar_ws/install/yahboomcar_nav:/root/codes/iron_yahboomcar_ws/install/yahboomcar_multi:/root/codes/iron_yahboomcar_ws/install/yahboomcar_mediapipe:/root/codes/iron_yahboomcar_ws/install/yahboomcar_linefollow:/root/codes/iron_yahboomcar_ws/install/yahboomcar_laser:/root/codes/iron_yahboomcar_ws/install/yahboomcar_description_x1:/root/codes/iron_yahboomcar_ws/install/yahboomcar_description:/root/codes/iron_yahboomcar_ws/install/yahboomcar_ctrl:/root/codes/iron_yahboomcar_ws/install/yahboomcar_color:/root/codes/iron_yahboomcar_ws/install/yahboomcar_bringup:/root/codes/iron_yahboomcar_ws/install/yahboomcar_astra:/root/codes/iron_yahboomcar_ws/install/yahboom_app_save_map:/root/codes/iron_yahboomcar_ws/install/robot_pose_publisher:/root/codes/iron_yahboomcar_ws/install/laserscan_to_point_pulisher:/root/yahboomcar_ros2_ws/yahboomcar_ws/install/yahboomcar_voice_ctrl:/root/yahboomcar_ros2_ws/yahboomcar_ws/install/yahboomcar_visual:/root/yahboomcar_ros2_ws/yahboomcar_ws/install/yahboomcar_nav:/root/yahboomcar_ros2_ws/yahboomcar_ws/install/yahboomcar_multi:/root/yahboomcar_ros2_ws/yahboomcar_ws/install/yahboomcar_mediapipe:/root/yahboomcar_ros2_ws/yahboomcar_ws/install/yahboomcar_linefollow:/root/yahboomcar_ros2_ws/yahboomcar_ws/install/yahboomcar_laser:/root/yahboomcar_ros2_ws/yahboomcar_ws/install/yahboomcar_description_x1:/root/yahboomcar_ros2_ws/yahboomcar_ws/install/yahboomcar_description:/root/yahboomcar_ros2_ws/yahboomcar_ws/install/yahboomcar_ctrl:/root/yahboomcar_ros2_ws/yahboomcar_ws/install/yahboomcar_bringup:/root/yahboomcar_ros2_ws/yahboomcar_ws/install/yahboomcar_astra:/root/yahboomcar_ros2_ws/yahboomcar_ws/install/yahboom_app_save_map:/root/yahboomcar_ros2_ws/yahboomcar_ws/install/robot_pose_publisher:/root/yahboomcar_ros2_ws/yahboomcar_ws/install/laserscan_to_point_pulisher:/opt/ros/foxy /usr/bin/cmake --build /root/codes/iron_yahboomcar_ws/build/yahboom_web_savmap_interfaces -- -j4 -l4
[157.437s] Invoking command in '/root/codes/iron_yahboomcar_ws/build/yahboom_web_savmap_interfaces': CMAKE_PREFIX_PATH=${CMAKE_PREFIX_PATH}:/root/codes/iron_yahboomcar_ws/install/yahboomcar_voice_ctrl:/root/codes/iron_yahboomcar_ws/install/yahboomcar_visual:/root/codes/iron_yahboomcar_ws/install/yahboomcar_nav:/root/codes/iron_yahboomcar_ws/install/yahboomcar_multi:/root/codes/iron_yahboomcar_ws/install/yahboomcar_mediapipe:/root/codes/iron_yahboomcar_ws/install/yahboomcar_linefollow:/root/codes/iron_yahboomcar_ws/install/yahboomcar_laser:/root/codes/iron_yahboomcar_ws/install/yahboomcar_description_x1:/root/codes/iron_yahboomcar_ws/install/yahboomcar_description:/root/codes/iron_yahboomcar_ws/install/yahboomcar_ctrl:/root/codes/iron_yahboomcar_ws/install/yahboomcar_color:/root/codes/iron_yahboomcar_ws/install/yahboomcar_bringup:/root/codes/iron_yahboomcar_ws/install/yahboomcar_astra:/root/codes/iron_yahboomcar_ws/install/yahboom_app_save_map:/root/codes/iron_yahboomcar_ws/install/robot_pose_publisher:/root/codes/iron_yahboomcar_ws/install/laserscan_to_point_pulisher:/root/yahboomcar_ros2_ws/yahboomcar_ws/install/yahboomcar_voice_ctrl:/root/yahboomcar_ros2_ws/yahboomcar_ws/install/yahboomcar_visual:/root/yahboomcar_ros2_ws/yahboomcar_ws/install/yahboomcar_nav:/root/yahboomcar_ros2_ws/yahboomcar_ws/install/yahboomcar_multi:/root/yahboomcar_ros2_ws/yahboomcar_ws/install/yahboomcar_mediapipe:/root/yahboomcar_ros2_ws/yahboomcar_ws/install/yahboomcar_linefollow:/root/yahboomcar_ros2_ws/yahboomcar_ws/install/yahboomcar_laser:/root/yahboomcar_ros2_ws/yahboomcar_ws/install/yahboomcar_description_x1:/root/yahboomcar_ros2_ws/yahboomcar_ws/install/yahboomcar_description:/root/yahboomcar_ros2_ws/yahboomcar_ws/install/yahboomcar_ctrl:/root/yahboomcar_ros2_ws/yahboomcar_ws/install/yahboomcar_bringup:/root/yahboomcar_ros2_ws/yahboomcar_ws/install/yahboomcar_astra:/root/yahboomcar_ros2_ws/yahboomcar_ws/install/yahboom_app_save_map:/root/yahboomcar_ros2_ws/yahboomcar_ws/install/robot_pose_publisher:/root/yahboomcar_ros2_ws/yahboomcar_ws/install/laserscan_to_point_pulisher:/opt/ros/foxy /usr/bin/cmake --install /root/codes/iron_yahboomcar_ws/build/yahboom_web_savmap_interfaces
[157.505s] -- Install configuration: ""
[157.506s] -- Installing: /root/codes/iron_yahboomcar_ws/install/yahboom_web_savmap_interfaces/share/ament_index/resource_index/rosidl_interfaces/yahboom_web_savmap_interfaces
[157.507s] -- Up-to-date: /root/codes/iron_yahboomcar_ws/install/yahboom_web_savmap_interfaces/include/yahboom_web_savmap_interfaces
[157.507s] -- Up-to-date: /root/codes/iron_yahboomcar_ws/install/yahboom_web_savmap_interfaces/include/yahboom_web_savmap_interfaces/srv
[157.508s] -- Up-to-date: /root/codes/iron_yahboomcar_ws/install/yahboom_web_savmap_interfaces/include/yahboom_web_savmap_interfaces/srv/detail
[157.508s] -- Installing: /root/codes/iron_yahboomcar_ws/install/yahboom_web_savmap_interfaces/include/yahboom_web_savmap_interfaces/srv/detail/web_save_map__functions.h
[157.509s] -- Installing: /root/codes/iron_yahboomcar_ws/install/yahboom_web_savmap_interfaces/include/yahboom_web_savmap_interfaces/srv/detail/web_save_map__struct.h
[157.510s] -- Installing: /root/codes/iron_yahboomcar_ws/install/yahboom_web_savmap_interfaces/include/yahboom_web_savmap_interfaces/srv/detail/web_save_map__type_support.h
[157.510s] -- Installing: /root/codes/iron_yahboomcar_ws/install/yahboom_web_savmap_interfaces/include/yahboom_web_savmap_interfaces/srv/detail/web_save_map__functions.c
[157.511s] -- Installing: /root/codes/iron_yahboomcar_ws/install/yahboom_web_savmap_interfaces/include/yahboom_web_savmap_interfaces/srv/web_save_map.h
[157.513s] -- Up-to-date: /root/codes/iron_yahboomcar_ws/install/yahboom_web_savmap_interfaces/include/yahboom_web_savmap_interfaces/msg
[157.514s] -- Installing: /root/codes/iron_yahboomcar_ws/install/yahboom_web_savmap_interfaces/include/yahboom_web_savmap_interfaces/msg/rosidl_generator_c__visibility_control.h
[157.517s] -- Installing: /root/codes/iron_yahboomcar_ws/install/yahboom_web_savmap_interfaces/share/yahboom_web_savmap_interfaces/environment/library_path.sh
[157.518s] -- Installing: /root/codes/iron_yahboomcar_ws/install/yahboom_web_savmap_interfaces/share/yahboom_web_savmap_interfaces/environment/library_path.dsv
[157.570s] -- Installing: /root/codes/iron_yahboomcar_ws/install/yahboom_web_savmap_interfaces/lib/libyahboom_web_savmap_interfaces__rosidl_generator_c.so
[157.573s] -- Set runtime path of "/root/codes/iron_yahboomcar_ws/install/yahboom_web_savmap_interfaces/lib/libyahboom_web_savmap_interfaces__rosidl_generator_c.so" to ""
[157.575s] -- Up-to-date: /root/codes/iron_yahboomcar_ws/install/yahboom_web_savmap_interfaces/include/yahboom_web_savmap_interfaces
[157.577s] -- Up-to-date: /root/codes/iron_yahboomcar_ws/install/yahboom_web_savmap_interfaces/include/yahboom_web_savmap_interfaces/srv
[157.579s] -- Up-to-date: /root/codes/iron_yahboomcar_ws/install/yahboom_web_savmap_interfaces/include/yahboom_web_savmap_interfaces/srv/detail
[157.581s] -- Installing: /root/codes/iron_yahboomcar_ws/install/yahboom_web_savmap_interfaces/include/yahboom_web_savmap_interfaces/srv/detail/web_save_map__rosidl_typesupport_fastrtps_c.h
[157.585s] -- Up-to-date: /root/codes/iron_yahboomcar_ws/install/yahboom_web_savmap_interfaces/include/yahboom_web_savmap_interfaces/msg
[157.591s] -- Installing: /root/codes/iron_yahboomcar_ws/install/yahboom_web_savmap_interfaces/include/yahboom_web_savmap_interfaces/msg/rosidl_typesupport_fastrtps_c__visibility_control.h
[157.592s] -- Installing: /root/codes/iron_yahboomcar_ws/install/yahboom_web_savmap_interfaces/lib/libyahboom_web_savmap_interfaces__rosidl_typesupport_fastrtps_c.so
[157.594s] -- Set runtime path of "/root/codes/iron_yahboomcar_ws/install/yahboom_web_savmap_interfaces/lib/libyahboom_web_savmap_interfaces__rosidl_typesupport_fastrtps_c.so" to ""
[157.595s] -- Up-to-date: /root/codes/iron_yahboomcar_ws/install/yahboom_web_savmap_interfaces/include/yahboom_web_savmap_interfaces
[157.597s] -- Up-to-date: /root/codes/iron_yahboomcar_ws/install/yahboom_web_savmap_interfaces/include/yahboom_web_savmap_interfaces/srv
[157.600s] -- Up-to-date: /root/codes/iron_yahboomcar_ws/install/yahboom_web_savmap_interfaces/include/yahboom_web_savmap_interfaces/srv/detail
[157.603s] -- Up-to-date: /root/codes/iron_yahboomcar_ws/install/yahboom_web_savmap_interfaces/include/yahboom_web_savmap_interfaces/srv/detail/dds_fastrtps
[157.604s] -- Installing: /root/codes/iron_yahboomcar_ws/install/yahboom_web_savmap_interfaces/include/yahboom_web_savmap_interfaces/srv/detail/web_save_map__rosidl_typesupport_fastrtps_cpp.hpp
[157.607s] -- Up-to-date: /root/codes/iron_yahboomcar_ws/install/yahboom_web_savmap_interfaces/include/yahboom_web_savmap_interfaces/msg
[157.607s] -- Installing: /root/codes/iron_yahboomcar_ws/install/yahboom_web_savmap_interfaces/include/yahboom_web_savmap_interfaces/msg/rosidl_typesupport_fastrtps_cpp__visibility_control.h
[157.612s] -- Installing: /root/codes/iron_yahboomcar_ws/install/yahboom_web_savmap_interfaces/lib/libyahboom_web_savmap_interfaces__rosidl_typesupport_fastrtps_cpp.so
[157.619s] -- Set runtime path of "/root/codes/iron_yahboomcar_ws/install/yahboom_web_savmap_interfaces/lib/libyahboom_web_savmap_interfaces__rosidl_typesupport_fastrtps_cpp.so" to ""
[157.621s] -- Up-to-date: /root/codes/iron_yahboomcar_ws/install/yahboom_web_savmap_interfaces/include/yahboom_web_savmap_interfaces
[157.622s] -- Up-to-date: /root/codes/iron_yahboomcar_ws/install/yahboom_web_savmap_interfaces/include/yahboom_web_savmap_interfaces/srv
[157.623s] -- Up-to-date: /root/codes/iron_yahboomcar_ws/install/yahboom_web_savmap_interfaces/include/yahboom_web_savmap_interfaces/srv/detail
[157.624s] -- Installing: /root/codes/iron_yahboomcar_ws/install/yahboom_web_savmap_interfaces/include/yahboom_web_savmap_interfaces/srv/detail/web_save_map__type_support.c
[157.626s] -- Installing: /root/codes/iron_yahboomcar_ws/install/yahboom_web_savmap_interfaces/include/yahboom_web_savmap_interfaces/srv/detail/web_save_map__rosidl_typesupport_introspection_c.h
[157.628s] -- Up-to-date: /root/codes/iron_yahboomcar_ws/install/yahboom_web_savmap_interfaces/include/yahboom_web_savmap_interfaces/msg
[157.630s] -- Installing: /root/codes/iron_yahboomcar_ws/install/yahboom_web_savmap_interfaces/include/yahboom_web_savmap_interfaces/msg/rosidl_typesupport_introspection_c__visibility_control.h
[157.634s] -- Installing: /root/codes/iron_yahboomcar_ws/install/yahboom_web_savmap_interfaces/lib/libyahboom_web_savmap_interfaces__rosidl_typesupport_introspection_c.so
[157.637s] -- Set runtime path of "/root/codes/iron_yahboomcar_ws/install/yahboom_web_savmap_interfaces/lib/libyahboom_web_savmap_interfaces__rosidl_typesupport_introspection_c.so" to ""
[157.642s] -- Installing: /root/codes/iron_yahboomcar_ws/install/yahboom_web_savmap_interfaces/lib/libyahboom_web_savmap_interfaces__rosidl_typesupport_c.so
[157.643s] -- Set runtime path of "/root/codes/iron_yahboomcar_ws/install/yahboom_web_savmap_interfaces/lib/libyahboom_web_savmap_interfaces__rosidl_typesupport_c.so" to ""
[157.644s] -- Up-to-date: /root/codes/iron_yahboomcar_ws/install/yahboom_web_savmap_interfaces/include/yahboom_web_savmap_interfaces
[157.645s] -- Up-to-date: /root/codes/iron_yahboomcar_ws/install/yahboom_web_savmap_interfaces/include/yahboom_web_savmap_interfaces/srv
[157.652s] -- Up-to-date: /root/codes/iron_yahboomcar_ws/install/yahboom_web_savmap_interfaces/include/yahboom_web_savmap_interfaces/srv/detail
[157.653s] -- Installing: /root/codes/iron_yahboomcar_ws/install/yahboom_web_savmap_interfaces/include/yahboom_web_savmap_interfaces/srv/detail/web_save_map__builder.hpp
[157.653s] -- Installing: /root/codes/iron_yahboomcar_ws/install/yahboom_web_savmap_interfaces/include/yahboom_web_savmap_interfaces/srv/detail/web_save_map__traits.hpp
[157.654s] -- Installing: /root/codes/iron_yahboomcar_ws/install/yahboom_web_savmap_interfaces/include/yahboom_web_savmap_interfaces/srv/detail/web_save_map__struct.hpp
[157.654s] -- Installing: /root/codes/iron_yahboomcar_ws/install/yahboom_web_savmap_interfaces/include/yahboom_web_savmap_interfaces/srv/web_save_map.hpp
[157.655s] -- Up-to-date: /root/codes/iron_yahboomcar_ws/install/yahboom_web_savmap_interfaces/include/yahboom_web_savmap_interfaces
[157.655s] -- Up-to-date: /root/codes/iron_yahboomcar_ws/install/yahboom_web_savmap_interfaces/include/yahboom_web_savmap_interfaces/srv
[157.656s] -- Up-to-date: /root/codes/iron_yahboomcar_ws/install/yahboom_web_savmap_interfaces/include/yahboom_web_savmap_interfaces/srv/detail
[157.656s] -- Installing: /root/codes/iron_yahboomcar_ws/install/yahboom_web_savmap_interfaces/include/yahboom_web_savmap_interfaces/srv/detail/web_save_map__type_support.cpp
[157.657s] -- Installing: /root/codes/iron_yahboomcar_ws/install/yahboom_web_savmap_interfaces/include/yahboom_web_savmap_interfaces/srv/detail/web_save_map__rosidl_typesupport_introspection_cpp.hpp
[157.660s] -- Installing: /root/codes/iron_yahboomcar_ws/install/yahboom_web_savmap_interfaces/lib/libyahboom_web_savmap_interfaces__rosidl_typesupport_introspection_cpp.so
[157.663s] -- Set runtime path of "/root/codes/iron_yahboomcar_ws/install/yahboom_web_savmap_interfaces/lib/libyahboom_web_savmap_interfaces__rosidl_typesupport_introspection_cpp.so" to ""
[157.666s] -- Installing: /root/codes/iron_yahboomcar_ws/install/yahboom_web_savmap_interfaces/lib/libyahboom_web_savmap_interfaces__rosidl_typesupport_cpp.so
[157.669s] -- Set runtime path of "/root/codes/iron_yahboomcar_ws/install/yahboom_web_savmap_interfaces/lib/libyahboom_web_savmap_interfaces__rosidl_typesupport_cpp.so" to ""
[157.670s] -- Installing: /root/codes/iron_yahboomcar_ws/install/yahboom_web_savmap_interfaces/share/yahboom_web_savmap_interfaces/environment/pythonpath.sh
[157.672s] -- Installing: /root/codes/iron_yahboomcar_ws/install/yahboom_web_savmap_interfaces/share/yahboom_web_savmap_interfaces/environment/pythonpath.dsv
[157.674s] -- Installing: /root/codes/iron_yahboomcar_ws/install/yahboom_web_savmap_interfaces/lib/python3.8/site-packages/yahboom_web_savmap_interfaces/__init__.py
[158.192s] Compiling '/root/codes/iron_yahboomcar_ws/install/yahboom_web_savmap_interfaces/lib/python3.8/site-packages/yahboom_web_savmap_interfaces/__init__.py'...
[158.217s] -- Up-to-date: /root/codes/iron_yahboomcar_ws/install/yahboom_web_savmap_interfaces/lib/python3.8/site-packages/yahboom_web_savmap_interfaces/srv
[158.218s] -- Installing: /root/codes/iron_yahboomcar_ws/install/yahboom_web_savmap_interfaces/lib/python3.8/site-packages/yahboom_web_savmap_interfaces/srv/_web_save_map_s.c
[158.220s] -- Installing: /root/codes/iron_yahboomcar_ws/install/yahboom_web_savmap_interfaces/lib/python3.8/site-packages/yahboom_web_savmap_interfaces/srv/__init__.py
[158.222s] -- Installing: /root/codes/iron_yahboomcar_ws/install/yahboom_web_savmap_interfaces/lib/python3.8/site-packages/yahboom_web_savmap_interfaces/srv/_web_save_map.py
[158.244s] -- Installing: /root/codes/iron_yahboomcar_ws/install/yahboom_web_savmap_interfaces/lib/python3.8/site-packages/yahboom_web_savmap_interfaces/yahboom_web_savmap_interfaces_s__rosidl_typesupport_fastrtps_c.cpython-38-aarch64-linux-gnu.so
[158.249s] -- Set runtime path of "/root/codes/iron_yahboomcar_ws/install/yahboom_web_savmap_interfaces/lib/python3.8/site-packages/yahboom_web_savmap_interfaces/yahboom_web_savmap_interfaces_s__rosidl_typesupport_fastrtps_c.cpython-38-aarch64-linux-gnu.so" to ""
[158.253s] -- Installing: /root/codes/iron_yahboomcar_ws/install/yahboom_web_savmap_interfaces/lib/python3.8/site-packages/yahboom_web_savmap_interfaces/yahboom_web_savmap_interfaces_s__rosidl_typesupport_introspection_c.cpython-38-aarch64-linux-gnu.so
[158.257s] -- Set runtime path of "/root/codes/iron_yahboomcar_ws/install/yahboom_web_savmap_interfaces/lib/python3.8/site-packages/yahboom_web_savmap_interfaces/yahboom_web_savmap_interfaces_s__rosidl_typesupport_introspection_c.cpython-38-aarch64-linux-gnu.so" to ""
[158.262s] -- Installing: /root/codes/iron_yahboomcar_ws/install/yahboom_web_savmap_interfaces/lib/python3.8/site-packages/yahboom_web_savmap_interfaces/yahboom_web_savmap_interfaces_s__rosidl_typesupport_c.cpython-38-aarch64-linux-gnu.so
[158.266s] -- Set runtime path of "/root/codes/iron_yahboomcar_ws/install/yahboom_web_savmap_interfaces/lib/python3.8/site-packages/yahboom_web_savmap_interfaces/yahboom_web_savmap_interfaces_s__rosidl_typesupport_c.cpython-38-aarch64-linux-gnu.so" to ""
[158.270s] -- Installing: /root/codes/iron_yahboomcar_ws/install/yahboom_web_savmap_interfaces/lib/libyahboom_web_savmap_interfaces__python.so
[158.274s] -- Set runtime path of "/root/codes/iron_yahboomcar_ws/install/yahboom_web_savmap_interfaces/lib/libyahboom_web_savmap_interfaces__python.so" to ""
[158.276s] -- Installing: /root/codes/iron_yahboomcar_ws/install/yahboom_web_savmap_interfaces/share/yahboom_web_savmap_interfaces/srv/WebSaveMap.idl
[158.279s] -- Installing: /root/codes/iron_yahboomcar_ws/install/yahboom_web_savmap_interfaces/share/yahboom_web_savmap_interfaces/srv/WebSaveMap.srv
[158.281s] -- Installing: /root/codes/iron_yahboomcar_ws/install/yahboom_web_savmap_interfaces/share/yahboom_web_savmap_interfaces/srv/WebSaveMap_Request.msg
[158.282s] -- Installing: /root/codes/iron_yahboomcar_ws/install/yahboom_web_savmap_interfaces/share/yahboom_web_savmap_interfaces/srv/WebSaveMap_Response.msg
[158.283s] -- Installing: /root/codes/iron_yahboomcar_ws/install/yahboom_web_savmap_interfaces/share/ament_index/resource_index/package_run_dependencies/yahboom_web_savmap_interfaces
[158.285s] -- Installing: /root/codes/iron_yahboomcar_ws/install/yahboom_web_savmap_interfaces/share/ament_index/resource_index/parent_prefix_path/yahboom_web_savmap_interfaces
[158.287s] -- Installing: /root/codes/iron_yahboomcar_ws/install/yahboom_web_savmap_interfaces/share/yahboom_web_savmap_interfaces/environment/ament_prefix_path.sh
[158.287s] -- Installing: /root/codes/iron_yahboomcar_ws/install/yahboom_web_savmap_interfaces/share/yahboom_web_savmap_interfaces/environment/ament_prefix_path.dsv
[158.290s] -- Installing: /root/codes/iron_yahboomcar_ws/install/yahboom_web_savmap_interfaces/share/yahboom_web_savmap_interfaces/environment/path.sh
[158.291s] -- Installing: /root/codes/iron_yahboomcar_ws/install/yahboom_web_savmap_interfaces/share/yahboom_web_savmap_interfaces/environment/path.dsv
[158.291s] -- Installing: /root/codes/iron_yahboomcar_ws/install/yahboom_web_savmap_interfaces/share/yahboom_web_savmap_interfaces/local_setup.bash
[158.292s] -- Installing: /root/codes/iron_yahboomcar_ws/install/yahboom_web_savmap_interfaces/share/yahboom_web_savmap_interfaces/local_setup.sh
[158.293s] -- Installing: /root/codes/iron_yahboomcar_ws/install/yahboom_web_savmap_interfaces/share/yahboom_web_savmap_interfaces/local_setup.zsh
[158.294s] -- Installing: /root/codes/iron_yahboomcar_ws/install/yahboom_web_savmap_interfaces/share/yahboom_web_savmap_interfaces/local_setup.dsv
[158.295s] -- Installing: /root/codes/iron_yahboomcar_ws/install/yahboom_web_savmap_interfaces/share/yahboom_web_savmap_interfaces/package.dsv
[158.296s] -- Installing: /root/codes/iron_yahboomcar_ws/install/yahboom_web_savmap_interfaces/share/ament_index/resource_index/packages/yahboom_web_savmap_interfaces
[158.298s] -- Installing: /root/codes/iron_yahboomcar_ws/install/yahboom_web_savmap_interfaces/share/yahboom_web_savmap_interfaces/cmake/yahboom_web_savmap_interfaces__rosidl_generator_cExport.cmake
[158.299s] -- Installing: /root/codes/iron_yahboomcar_ws/install/yahboom_web_savmap_interfaces/share/yahboom_web_savmap_interfaces/cmake/yahboom_web_savmap_interfaces__rosidl_generator_cExport-noconfig.cmake
[158.302s] -- Installing: /root/codes/iron_yahboomcar_ws/install/yahboom_web_savmap_interfaces/share/yahboom_web_savmap_interfaces/cmake/yahboom_web_savmap_interfaces__rosidl_typesupport_introspection_cExport.cmake
[158.303s] -- Installing: /root/codes/iron_yahboomcar_ws/install/yahboom_web_savmap_interfaces/share/yahboom_web_savmap_interfaces/cmake/yahboom_web_savmap_interfaces__rosidl_typesupport_introspection_cExport-noconfig.cmake
[158.306s] -- Installing: /root/codes/iron_yahboomcar_ws/install/yahboom_web_savmap_interfaces/share/yahboom_web_savmap_interfaces/cmake/yahboom_web_savmap_interfaces__rosidl_typesupport_cExport.cmake
[158.307s] -- Installing: /root/codes/iron_yahboomcar_ws/install/yahboom_web_savmap_interfaces/share/yahboom_web_savmap_interfaces/cmake/yahboom_web_savmap_interfaces__rosidl_typesupport_cExport-noconfig.cmake
[158.322s] -- Installing: /root/codes/iron_yahboomcar_ws/install/yahboom_web_savmap_interfaces/share/yahboom_web_savmap_interfaces/cmake/yahboom_web_savmap_interfaces__rosidl_generator_cppExport.cmake
[158.332s] -- Installing: /root/codes/iron_yahboomcar_ws/install/yahboom_web_savmap_interfaces/share/yahboom_web_savmap_interfaces/cmake/yahboom_web_savmap_interfaces__rosidl_typesupport_introspection_cppExport.cmake
[158.333s] -- Installing: /root/codes/iron_yahboomcar_ws/install/yahboom_web_savmap_interfaces/share/yahboom_web_savmap_interfaces/cmake/yahboom_web_savmap_interfaces__rosidl_typesupport_introspection_cppExport-noconfig.cmake
[158.334s] -- Installing: /root/codes/iron_yahboomcar_ws/install/yahboom_web_savmap_interfaces/share/yahboom_web_savmap_interfaces/cmake/yahboom_web_savmap_interfaces__rosidl_typesupport_cppExport.cmake
[158.334s] -- Installing: /root/codes/iron_yahboomcar_ws/install/yahboom_web_savmap_interfaces/share/yahboom_web_savmap_interfaces/cmake/yahboom_web_savmap_interfaces__rosidl_typesupport_cppExport-noconfig.cmake
[158.335s] -- Installing: /root/codes/iron_yahboomcar_ws/install/yahboom_web_savmap_interfaces/share/yahboom_web_savmap_interfaces/cmake/rosidl_cmake-extras.cmake
[158.335s] -- Installing: /root/codes/iron_yahboomcar_ws/install/yahboom_web_savmap_interfaces/share/yahboom_web_savmap_interfaces/cmake/ament_cmake_export_dependencies-extras.cmake
[158.336s] -- Installing: /root/codes/iron_yahboomcar_ws/install/yahboom_web_savmap_interfaces/share/yahboom_web_savmap_interfaces/cmake/ament_cmake_export_libraries-extras.cmake
[158.336s] -- Installing: /root/codes/iron_yahboomcar_ws/install/yahboom_web_savmap_interfaces/share/yahboom_web_savmap_interfaces/cmake/ament_cmake_export_targets-extras.cmake
[158.337s] -- Installing: /root/codes/iron_yahboomcar_ws/install/yahboom_web_savmap_interfaces/share/yahboom_web_savmap_interfaces/cmake/ament_cmake_export_include_directories-extras.cmake
[158.337s] -- Installing: /root/codes/iron_yahboomcar_ws/install/yahboom_web_savmap_interfaces/share/yahboom_web_savmap_interfaces/cmake/rosidl_cmake_export_typesupport_libraries-extras.cmake
[158.338s] -- Installing: /root/codes/iron_yahboomcar_ws/install/yahboom_web_savmap_interfaces/share/yahboom_web_savmap_interfaces/cmake/rosidl_cmake_export_typesupport_targets-extras.cmake
[158.338s] -- Installing: /root/codes/iron_yahboomcar_ws/install/yahboom_web_savmap_interfaces/share/yahboom_web_savmap_interfaces/cmake/yahboom_web_savmap_interfacesConfig.cmake
[158.338s] -- Installing: /root/codes/iron_yahboomcar_ws/install/yahboom_web_savmap_interfaces/share/yahboom_web_savmap_interfaces/cmake/yahboom_web_savmap_interfacesConfig-version.cmake
[158.339s] -- Installing: /root/codes/iron_yahboomcar_ws/install/yahboom_web_savmap_interfaces/share/yahboom_web_savmap_interfaces/package.xml
[158.349s] Invoked command in '/root/codes/iron_yahboomcar_ws/build/yahboom_web_savmap_interfaces' returned '0': CMAKE_PREFIX_PATH=${CMAKE_PREFIX_PATH}:/root/codes/iron_yahboomcar_ws/install/yahboomcar_voice_ctrl:/root/codes/iron_yahboomcar_ws/install/yahboomcar_visual:/root/codes/iron_yahboomcar_ws/install/yahboomcar_nav:/root/codes/iron_yahboomcar_ws/install/yahboomcar_multi:/root/codes/iron_yahboomcar_ws/install/yahboomcar_mediapipe:/root/codes/iron_yahboomcar_ws/install/yahboomcar_linefollow:/root/codes/iron_yahboomcar_ws/install/yahboomcar_laser:/root/codes/iron_yahboomcar_ws/install/yahboomcar_description_x1:/root/codes/iron_yahboomcar_ws/install/yahboomcar_description:/root/codes/iron_yahboomcar_ws/install/yahboomcar_ctrl:/root/codes/iron_yahboomcar_ws/install/yahboomcar_color:/root/codes/iron_yahboomcar_ws/install/yahboomcar_bringup:/root/codes/iron_yahboomcar_ws/install/yahboomcar_astra:/root/codes/iron_yahboomcar_ws/install/yahboom_app_save_map:/root/codes/iron_yahboomcar_ws/install/robot_pose_publisher:/root/codes/iron_yahboomcar_ws/install/laserscan_to_point_pulisher:/root/yahboomcar_ros2_ws/yahboomcar_ws/install/yahboomcar_voice_ctrl:/root/yahboomcar_ros2_ws/yahboomcar_ws/install/yahboomcar_visual:/root/yahboomcar_ros2_ws/yahboomcar_ws/install/yahboomcar_nav:/root/yahboomcar_ros2_ws/yahboomcar_ws/install/yahboomcar_multi:/root/yahboomcar_ros2_ws/yahboomcar_ws/install/yahboomcar_mediapipe:/root/yahboomcar_ros2_ws/yahboomcar_ws/install/yahboomcar_linefollow:/root/yahboomcar_ros2_ws/yahboomcar_ws/install/yahboomcar_laser:/root/yahboomcar_ros2_ws/yahboomcar_ws/install/yahboomcar_description_x1:/root/yahboomcar_ros2_ws/yahboomcar_ws/install/yahboomcar_description:/root/yahboomcar_ros2_ws/yahboomcar_ws/install/yahboomcar_ctrl:/root/yahboomcar_ros2_ws/yahboomcar_ws/install/yahboomcar_bringup:/root/yahboomcar_ros2_ws/yahboomcar_ws/install/yahboomcar_astra:/root/yahboomcar_ros2_ws/yahboomcar_ws/install/yahboom_app_save_map:/root/yahboomcar_ros2_ws/yahboomcar_ws/install/robot_pose_publisher:/root/yahboomcar_ros2_ws/yahboomcar_ws/install/laserscan_to_point_pulisher:/opt/ros/foxy /usr/bin/cmake --install /root/codes/iron_yahboomcar_ws/build/yahboom_web_savmap_interfaces
