[35m[1mScanning dependencies of target base_node_X3[0m
[ 50%] Built target base_node_x1
[ 75%] [32mBuilding CXX object CMakeFiles/base_node_X3.dir/src/base_node_X3.cpp.o[0m
[01m[K/root/yahboomcar_ros2_ws/yahboomcar_ws/src/yahboomcar_base_node/src/base_node_X3.cpp:[m[K In member function ‘[01m[Kvoid OdomPublisher::handle_vel(std::shared_ptr<geometry_msgs::msg::Twist_<std::allocator<void> > >)[m[K’:
[01m[K/root/yahboomcar_ros2_ws/yahboomcar_ws/src/yahboomcar_base_node/src/base_node_X3.cpp:81:11:[m[K [01;35m[Kwarning: [m[Kunused variable ‘[01m[Ksteer_angle[m[K’ [[01;35m[K-Wunused-variable[m[K]
   81 |    double [01;35m[Ksteer_angle[m[K = linear_velocity_y_;
      |           [01;35m[K^~~~~~~~~~~[m[K
[01m[K/root/yahboomcar_ros2_ws/yahboomcar_ws/src/yahboomcar_base_node/src/base_node_X3.cpp:82:11:[m[K [01;35m[Kwarning: [m[Kunused variable ‘[01m[KMI_PI[m[K’ [[01;35m[K-Wunused-variable[m[K]
   82 |    double [01;35m[KMI_PI[m[K = 3.1416;
      |           [01;35m[K^~~~~[m[K
[100%] [32m[1mLinking CXX executable base_node_X3[0m
[100%] Built target base_node_X3
-- Install configuration: ""
-- Installing: /root/yahboomcar_ros2_ws/yahboomcar_ws/install/yahboomcar_base_node/lib/yahboomcar_base_node/base_node_X3
-- Set runtime path of "/root/yahboomcar_ros2_ws/yahboomcar_ws/install/yahboomcar_base_node/lib/yahboomcar_base_node/base_node_X3" to ""
-- Up-to-date: /root/yahboomcar_ros2_ws/yahboomcar_ws/install/yahboomcar_base_node/lib/yahboomcar_base_node/base_node_x1
-- Up-to-date: /root/yahboomcar_ros2_ws/yahboomcar_ws/install/yahboomcar_base_node/share/ament_index/resource_index/package_run_dependencies/yahboomcar_base_node
-- Up-to-date: /root/yahboomcar_ros2_ws/yahboomcar_ws/install/yahboomcar_base_node/share/ament_index/resource_index/parent_prefix_path/yahboomcar_base_node
-- Up-to-date: /root/yahboomcar_ros2_ws/yahboomcar_ws/install/yahboomcar_base_node/share/yahboomcar_base_node/environment/ament_prefix_path.sh
-- Up-to-date: /root/yahboomcar_ros2_ws/yahboomcar_ws/install/yahboomcar_base_node/share/yahboomcar_base_node/environment/ament_prefix_path.dsv
-- Up-to-date: /root/yahboomcar_ros2_ws/yahboomcar_ws/install/yahboomcar_base_node/share/yahboomcar_base_node/environment/path.sh
-- Up-to-date: /root/yahboomcar_ros2_ws/yahboomcar_ws/install/yahboomcar_base_node/share/yahboomcar_base_node/environment/path.dsv
-- Up-to-date: /root/yahboomcar_ros2_ws/yahboomcar_ws/install/yahboomcar_base_node/share/yahboomcar_base_node/local_setup.bash
-- Up-to-date: /root/yahboomcar_ros2_ws/yahboomcar_ws/install/yahboomcar_base_node/share/yahboomcar_base_node/local_setup.sh
-- Up-to-date: /root/yahboomcar_ros2_ws/yahboomcar_ws/install/yahboomcar_base_node/share/yahboomcar_base_node/local_setup.zsh
-- Up-to-date: /root/yahboomcar_ros2_ws/yahboomcar_ws/install/yahboomcar_base_node/share/yahboomcar_base_node/local_setup.dsv
-- Installing: /root/yahboomcar_ros2_ws/yahboomcar_ws/install/yahboomcar_base_node/share/yahboomcar_base_node/package.dsv
-- Up-to-date: /root/yahboomcar_ros2_ws/yahboomcar_ws/install/yahboomcar_base_node/share/ament_index/resource_index/packages/yahboomcar_base_node
-- Up-to-date: /root/yahboomcar_ros2_ws/yahboomcar_ws/install/yahboomcar_base_node/share/yahboomcar_base_node/cmake/yahboomcar_base_nodeConfig.cmake
-- Up-to-date: /root/yahboomcar_ros2_ws/yahboomcar_ws/install/yahboomcar_base_node/share/yahboomcar_base_node/cmake/yahboomcar_base_nodeConfig-version.cmake
-- Up-to-date: /root/yahboomcar_ros2_ws/yahboomcar_ws/install/yahboomcar_base_node/share/yahboomcar_base_node/package.xml
