[7.290s] Invoking command in '/root/yahboomcar_ros2_ws/yahboomcar_ws/src/robot_pose_publisher': PYTHONPATH=/root/yahboomcar_ros2_ws/yahboomcar_ws/build/robot_pose_publisher/prefix_override:/root/yahboomcar_ros2_ws/yahboomcar_ws/install/robot_pose_publisher/lib/python3.8/site-packages:${PYTHONPATH} /usr/bin/python3 setup.py egg_info --egg-base ../../build/robot_pose_publisher build --build-base /root/yahboomcar_ros2_ws/yahboomcar_ws/build/robot_pose_publisher/build install --record /root/yahboomcar_ros2_ws/yahboomcar_ws/build/robot_pose_publisher/install.log --install-scripts $base/lib/robot_pose_publisher --single-version-externally-managed
[9.518s] running egg_info
[9.525s] writing ../../build/robot_pose_publisher/robot_pose_publisher.egg-info/PKG-INFO
[9.526s] writing dependency_links to ../../build/robot_pose_publisher/robot_pose_publisher.egg-info/dependency_links.txt
[9.527s] writing entry points to ../../build/robot_pose_publisher/robot_pose_publisher.egg-info/entry_points.txt
[9.528s] writing requirements to ../../build/robot_pose_publisher/robot_pose_publisher.egg-info/requires.txt
[9.528s] writing top-level names to ../../build/robot_pose_publisher/robot_pose_publisher.egg-info/top_level.txt
[10.022s] reading manifest file '../../build/robot_pose_publisher/robot_pose_publisher.egg-info/SOURCES.txt'
[10.027s] writing manifest file '../../build/robot_pose_publisher/robot_pose_publisher.egg-info/SOURCES.txt'
[10.028s] running build
[10.028s] running build_py
[10.029s] running install
[10.035s] running install_lib
[10.055s] running install_data
[10.062s] running install_egg_info
[10.070s] removing '/root/yahboomcar_ros2_ws/yahboomcar_ws/install/robot_pose_publisher/lib/python3.8/site-packages/robot_pose_publisher-0.0.0-py3.8.egg-info' (and everything under it)
[10.071s] Copying ../../build/robot_pose_publisher/robot_pose_publisher.egg-info to /root/yahboomcar_ros2_ws/yahboomcar_ws/install/robot_pose_publisher/lib/python3.8/site-packages/robot_pose_publisher-0.0.0-py3.8.egg-info
[10.078s] running install_scripts
[10.170s] Installing robot_pose_publisher script to /root/yahboomcar_ros2_ws/yahboomcar_ws/install/robot_pose_publisher/lib/robot_pose_publisher
[10.174s] writing list of installed files to '/root/yahboomcar_ros2_ws/yahboomcar_ws/build/robot_pose_publisher/install.log'
[10.394s] Invoked command in '/root/yahboomcar_ros2_ws/yahboomcar_ws/src/robot_pose_publisher' returned '0': PYTHONPATH=/root/yahboomcar_ros2_ws/yahboomcar_ws/build/robot_pose_publisher/prefix_override:/root/yahboomcar_ros2_ws/yahboomcar_ws/install/robot_pose_publisher/lib/python3.8/site-packages:${PYTHONPATH} /usr/bin/python3 setup.py egg_info --egg-base ../../build/robot_pose_publisher build --build-base /root/yahboomcar_ros2_ws/yahboomcar_ws/build/robot_pose_publisher/build install --record /root/yahboomcar_ros2_ws/yahboomcar_ws/build/robot_pose_publisher/install.log --install-scripts $base/lib/robot_pose_publisher --single-version-externally-managed
