[0.000000] (-) TimerEvent: {}
[0.000975] (-) JobUnselected: {'identifier': 'laserscan_to_point_pulisher'}
[0.001776] (-) JobUnselected: {'identifier': 'robot_pose_publisher'}
[0.002059] (-) JobUnselected: {'identifier': 'robot_pose_publisher_ros2'}
[0.002207] (-) JobUnselected: {'identifier': 'yahboom_app_save_map'}
[0.002309] (-) JobUnselected: {'identifier': 'yahboom_web_savmap_interfaces'}
[0.002436] (-) JobUnselected: {'identifier': 'yahboomcar_KCFTracker'}
[0.002713] (-) JobUnselected: {'identifier': 'yahboomcar_astra'}
[0.002958] (-) JobUnselected: {'identifier': 'yahboomcar_base_node'}
[0.003243] (-) JobUnselected: {'identifier': 'yahboomcar_bringup'}
[0.003384] (-) JobUnselected: {'identifier': 'yahboomcar_ctrl'}
[0.003471] (-) JobUnselected: {'identifier': 'yahboomcar_description'}
[0.003557] (-) JobUnselected: {'identifier': 'yahboomcar_description_x1'}
[0.003641] (-) JobUnselected: {'identifier': 'yahboomcar_laser'}
[0.003724] (-) JobUnselected: {'identifier': 'yahboomcar_linefollow'}
[0.003807] (-) JobUnselected: {'identifier': 'yahboomcar_mediapipe'}
[0.003889] (-) JobUnselected: {'identifier': 'yahboomcar_msgs'}
[0.003973] (-) JobUnselected: {'identifier': 'yahboomcar_multi'}
[0.004055] (-) JobUnselected: {'identifier': 'yahboomcar_nav'}
[0.004139] (-) JobUnselected: {'identifier': 'yahboomcar_point'}
[0.004242] (-) JobUnselected: {'identifier': 'yahboomcar_slam'}
[0.004326] (-) JobUnselected: {'identifier': 'yahboomcar_visual'}
[0.004409] (-) JobUnselected: {'identifier': 'yahboomcar_voice_ctrl'}
[0.004494] (-) EventReactorShutdown: {}
