running egg_info
creating ../../build/yahboomcar_linefollow/yahboomcar_linefollow.egg-info
writing ../../build/yahboomcar_linefollow/yahboomcar_linefollow.egg-info/PKG-INFO
writing dependency_links to ../../build/yahboomcar_linefollow/yahboomcar_linefollow.egg-info/dependency_links.txt
writing entry points to ../../build/yahboomcar_linefollow/yahboomcar_linefollow.egg-info/entry_points.txt
writing requirements to ../../build/yahboomcar_linefollow/yahboomcar_linefollow.egg-info/requires.txt
writing top-level names to ../../build/yahboomcar_linefollow/yahboomcar_linefollow.egg-info/top_level.txt
writing manifest file '../../build/yahboomcar_linefollow/yahboomcar_linefollow.egg-info/SOURCES.txt'
reading manifest file '../../build/yahboomcar_linefollow/yahboomcar_linefollow.egg-info/SOURCES.txt'
writing manifest file '../../build/yahboomcar_linefollow/yahboomcar_linefollow.egg-info/SOURCES.txt'
running build
running build_py
creating /root/yahboomcar_ros2_ws/yahboomcar_ws/build/yahboomcar_linefollow/build
creating /root/yahboomcar_ros2_ws/yahboomcar_ws/build/yahboomcar_linefollow/build/lib
creating /root/yahboomcar_ros2_ws/yahboomcar_ws/build/yahboomcar_linefollow/build/lib/yahboomcar_linefollow
copying yahboomcar_linefollow/__init__.py -> /root/yahboomcar_ros2_ws/yahboomcar_ws/build/yahboomcar_linefollow/build/lib/yahboomcar_linefollow
copying yahboomcar_linefollow/follow_line_4ROS.py -> /root/yahboomcar_ros2_ws/yahboomcar_ws/build/yahboomcar_linefollow/build/lib/yahboomcar_linefollow
copying yahboomcar_linefollow/follow_common.py -> /root/yahboomcar_ros2_ws/yahboomcar_ws/build/yahboomcar_linefollow/build/lib/yahboomcar_linefollow
copying yahboomcar_linefollow/follow_line_a1_X3.py -> /root/yahboomcar_ros2_ws/yahboomcar_ws/build/yahboomcar_linefollow/build/lib/yahboomcar_linefollow
running install
running install_lib
creating /root/yahboomcar_ros2_ws/yahboomcar_ws/install/yahboomcar_linefollow/lib/python3.8/site-packages/yahboomcar_linefollow
copying /root/yahboomcar_ros2_ws/yahboomcar_ws/build/yahboomcar_linefollow/build/lib/yahboomcar_linefollow/__init__.py -> /root/yahboomcar_ros2_ws/yahboomcar_ws/install/yahboomcar_linefollow/lib/python3.8/site-packages/yahboomcar_linefollow
copying /root/yahboomcar_ros2_ws/yahboomcar_ws/build/yahboomcar_linefollow/build/lib/yahboomcar_linefollow/follow_line_4ROS.py -> /root/yahboomcar_ros2_ws/yahboomcar_ws/install/yahboomcar_linefollow/lib/python3.8/site-packages/yahboomcar_linefollow
copying /root/yahboomcar_ros2_ws/yahboomcar_ws/build/yahboomcar_linefollow/build/lib/yahboomcar_linefollow/follow_common.py -> /root/yahboomcar_ros2_ws/yahboomcar_ws/install/yahboomcar_linefollow/lib/python3.8/site-packages/yahboomcar_linefollow
copying /root/yahboomcar_ros2_ws/yahboomcar_ws/build/yahboomcar_linefollow/build/lib/yahboomcar_linefollow/follow_line_a1_X3.py -> /root/yahboomcar_ros2_ws/yahboomcar_ws/install/yahboomcar_linefollow/lib/python3.8/site-packages/yahboomcar_linefollow
byte-compiling /root/yahboomcar_ros2_ws/yahboomcar_ws/install/yahboomcar_linefollow/lib/python3.8/site-packages/yahboomcar_linefollow/__init__.py to __init__.cpython-38.pyc
byte-compiling /root/yahboomcar_ros2_ws/yahboomcar_ws/install/yahboomcar_linefollow/lib/python3.8/site-packages/yahboomcar_linefollow/follow_line_4ROS.py to follow_line_4ROS.cpython-38.pyc
byte-compiling /root/yahboomcar_ros2_ws/yahboomcar_ws/install/yahboomcar_linefollow/lib/python3.8/site-packages/yahboomcar_linefollow/follow_common.py to follow_common.cpython-38.pyc
byte-compiling /root/yahboomcar_ros2_ws/yahboomcar_ws/install/yahboomcar_linefollow/lib/python3.8/site-packages/yahboomcar_linefollow/follow_line_a1_X3.py to follow_line_a1_X3.cpython-38.pyc
running install_data
creating /root/yahboomcar_ros2_ws/yahboomcar_ws/install/yahboomcar_linefollow/share/ament_index
creating /root/yahboomcar_ros2_ws/yahboomcar_ws/install/yahboomcar_linefollow/share/ament_index/resource_index
creating /root/yahboomcar_ros2_ws/yahboomcar_ws/install/yahboomcar_linefollow/share/ament_index/resource_index/packages
copying resource/yahboomcar_linefollow -> /root/yahboomcar_ros2_ws/yahboomcar_ws/install/yahboomcar_linefollow/share/ament_index/resource_index/packages
copying package.xml -> /root/yahboomcar_ros2_ws/yahboomcar_ws/install/yahboomcar_linefollow/share/yahboomcar_linefollow
creating /root/yahboomcar_ros2_ws/yahboomcar_ws/install/yahboomcar_linefollow/share/yahboomcar_linefollow/launch
copying launch/linefollow.launch.py -> /root/yahboomcar_ros2_ws/yahboomcar_ws/install/yahboomcar_linefollow/share/yahboomcar_linefollow/launch
running install_egg_info
Copying ../../build/yahboomcar_linefollow/yahboomcar_linefollow.egg-info to /root/yahboomcar_ros2_ws/yahboomcar_ws/install/yahboomcar_linefollow/lib/python3.8/site-packages/yahboomcar_linefollow-0.0.0-py3.8.egg-info
running install_scripts
Installing follow_line_a1_X3 script to /root/yahboomcar_ros2_ws/yahboomcar_ws/install/yahboomcar_linefollow/lib/yahboomcar_linefollow
writing list of installed files to '/root/yahboomcar_ros2_ws/yahboomcar_ws/build/yahboomcar_linefollow/install.log'
