[4.957s] Invoking command in '/root/yahboomcar_ros2_ws/yahboomcar_ws/src/yahboomcar_bringup': PYTHONPATH=/root/yahboomcar_ros2_ws/yahboomcar_ws/build/yahboomcar_bringup/prefix_override:/root/yahboomcar_ros2_ws/yahboomcar_ws/install/yahboomcar_bringup/lib/python3.8/site-packages:${PYTHONPATH} /usr/bin/python3 setup.py egg_info --egg-base ../../build/yahboomcar_bringup build --build-base /root/yahboomcar_ros2_ws/yahboomcar_ws/build/yahboomcar_bringup/build install --record /root/yahboomcar_ros2_ws/yahboomcar_ws/build/yahboomcar_bringup/install.log --install-scripts $base/lib/yahboomcar_bringup --single-version-externally-managed
[6.184s] running egg_info
[6.188s] writing ../../build/yahboomcar_bringup/yahboomcar_bringup.egg-info/PKG-INFO
[6.189s] writing dependency_links to ../../build/yahboomcar_bringup/yahboomcar_bringup.egg-info/dependency_links.txt
[6.191s] writing entry points to ../../build/yahboomcar_bringup/yahboomcar_bringup.egg-info/entry_points.txt
[6.191s] writing requirements to ../../build/yahboomcar_bringup/yahboomcar_bringup.egg-info/requires.txt
[6.192s] writing top-level names to ../../build/yahboomcar_bringup/yahboomcar_bringup.egg-info/top_level.txt
[6.361s] reading manifest file '../../build/yahboomcar_bringup/yahboomcar_bringup.egg-info/SOURCES.txt'
[6.367s] writing manifest file '../../build/yahboomcar_bringup/yahboomcar_bringup.egg-info/SOURCES.txt'
[6.368s] running build
[6.368s] running build_py
[6.373s] running install
[6.377s] running install_lib
[6.388s] running install_data
[6.391s] running install_egg_info
[6.400s] removing '/root/yahboomcar_ros2_ws/yahboomcar_ws/install/yahboomcar_bringup/lib/python3.8/site-packages/yahboomcar_bringup-0.0.0-py3.8.egg-info' (and everything under it)
[6.404s] Copying ../../build/yahboomcar_bringup/yahboomcar_bringup.egg-info to /root/yahboomcar_ros2_ws/yahboomcar_ws/install/yahboomcar_bringup/lib/python3.8/site-packages/yahboomcar_bringup-0.0.0-py3.8.egg-info
[6.412s] running install_scripts
[6.503s] Installing Mcnamu_driver_X3 script to /root/yahboomcar_ros2_ws/yahboomcar_ws/install/yahboomcar_bringup/lib/yahboomcar_bringup
[6.511s] Installing Mcnamu_driver_x1 script to /root/yahboomcar_ros2_ws/yahboomcar_ws/install/yahboomcar_bringup/lib/yahboomcar_bringup
[6.513s] Installing calibrate_angular_X3 script to /root/yahboomcar_ros2_ws/yahboomcar_ws/install/yahboomcar_bringup/lib/yahboomcar_bringup
[6.515s] Installing calibrate_linear_X3 script to /root/yahboomcar_ros2_ws/yahboomcar_ws/install/yahboomcar_bringup/lib/yahboomcar_bringup
[6.520s] Installing patrol_4ROS script to /root/yahboomcar_ros2_ws/yahboomcar_ws/install/yahboomcar_bringup/lib/yahboomcar_bringup
[6.521s] Installing patrol_a1_X3 script to /root/yahboomcar_ros2_ws/yahboomcar_ws/install/yahboomcar_bringup/lib/yahboomcar_bringup
[6.524s] writing list of installed files to '/root/yahboomcar_ros2_ws/yahboomcar_ws/build/yahboomcar_bringup/install.log'
[6.634s] Invoked command in '/root/yahboomcar_ros2_ws/yahboomcar_ws/src/yahboomcar_bringup' returned '0': PYTHONPATH=/root/yahboomcar_ros2_ws/yahboomcar_ws/build/yahboomcar_bringup/prefix_override:/root/yahboomcar_ros2_ws/yahboomcar_ws/install/yahboomcar_bringup/lib/python3.8/site-packages:${PYTHONPATH} /usr/bin/python3 setup.py egg_info --egg-base ../../build/yahboomcar_bringup build --build-base /root/yahboomcar_ros2_ws/yahboomcar_ws/build/yahboomcar_bringup/build install --record /root/yahboomcar_ros2_ws/yahboomcar_ws/build/yahboomcar_bringup/install.log --install-scripts $base/lib/yahboomcar_bringup --single-version-externally-managed
