[4.824s] Invoking command in '/root/codes/iron_yahboomcar_ws/src/yahboomcar_ctrl': PYTHONPATH=/root/codes/iron_yahboomcar_ws/build/yahboomcar_ctrl/prefix_override:/root/codes/iron_yahboomcar_ws/install/yahboomcar_ctrl/lib/python3.8/site-packages:${PYTHONPATH} /usr/bin/python3 setup.py egg_info --egg-base ../../build/yahboomcar_ctrl build --build-base /root/codes/iron_yahboomcar_ws/build/yahboomcar_ctrl/build install --record /root/codes/iron_yahboomcar_ws/build/yahboomcar_ctrl/install.log --install-scripts $base/lib/yahboomcar_ctrl --single-version-externally-managed
[6.032s] running egg_info
[6.033s] creating ../../build/yahboomcar_ctrl/yahboomcar_ctrl.egg-info
[6.036s] writing ../../build/yahboomcar_ctrl/yahboomcar_ctrl.egg-info/PKG-INFO
[6.039s] writing dependency_links to ../../build/yahboomcar_ctrl/yahboomcar_ctrl.egg-info/dependency_links.txt
[6.039s] writing entry points to ../../build/yahboomcar_ctrl/yahboomcar_ctrl.egg-info/entry_points.txt
[6.040s] writing requirements to ../../build/yahboomcar_ctrl/yahboomcar_ctrl.egg-info/requires.txt
[6.040s] writing top-level names to ../../build/yahboomcar_ctrl/yahboomcar_ctrl.egg-info/top_level.txt
[6.046s] writing manifest file '../../build/yahboomcar_ctrl/yahboomcar_ctrl.egg-info/SOURCES.txt'
[6.373s] reading manifest file '../../build/yahboomcar_ctrl/yahboomcar_ctrl.egg-info/SOURCES.txt'
[6.377s] writing manifest file '../../build/yahboomcar_ctrl/yahboomcar_ctrl.egg-info/SOURCES.txt'
[6.378s] running build
[6.378s] running build_py
[6.379s] creating /root/codes/iron_yahboomcar_ws/build/yahboomcar_ctrl/build
[6.380s] creating /root/codes/iron_yahboomcar_ws/build/yahboomcar_ctrl/build/lib
[6.381s] creating /root/codes/iron_yahboomcar_ws/build/yahboomcar_ctrl/build/lib/yahboomcar_ctrl
[6.381s] copying yahboomcar_ctrl/__init__.py -> /root/codes/iron_yahboomcar_ws/build/yahboomcar_ctrl/build/lib/yahboomcar_ctrl
[6.382s] copying yahboomcar_ctrl/yahboom_joy_X3.py -> /root/codes/iron_yahboomcar_ws/build/yahboomcar_ctrl/build/lib/yahboomcar_ctrl
[6.382s] copying yahboomcar_ctrl/yahboom_joy_R2.py -> /root/codes/iron_yahboomcar_ws/build/yahboomcar_ctrl/build/lib/yahboomcar_ctrl
[6.383s] copying yahboomcar_ctrl/yahboom_keyboard.py -> /root/codes/iron_yahboomcar_ws/build/yahboomcar_ctrl/build/lib/yahboomcar_ctrl
[6.383s] running install
[6.387s] running install_lib
[6.392s] copying /root/codes/iron_yahboomcar_ws/build/yahboomcar_ctrl/build/lib/yahboomcar_ctrl/__init__.py -> /root/codes/iron_yahboomcar_ws/install/yahboomcar_ctrl/lib/python3.8/site-packages/yahboomcar_ctrl
[6.393s] copying /root/codes/iron_yahboomcar_ws/build/yahboomcar_ctrl/build/lib/yahboomcar_ctrl/yahboom_joy_X3.py -> /root/codes/iron_yahboomcar_ws/install/yahboomcar_ctrl/lib/python3.8/site-packages/yahboomcar_ctrl
[6.393s] copying /root/codes/iron_yahboomcar_ws/build/yahboomcar_ctrl/build/lib/yahboomcar_ctrl/yahboom_joy_R2.py -> /root/codes/iron_yahboomcar_ws/install/yahboomcar_ctrl/lib/python3.8/site-packages/yahboomcar_ctrl
[6.394s] copying /root/codes/iron_yahboomcar_ws/build/yahboomcar_ctrl/build/lib/yahboomcar_ctrl/yahboom_keyboard.py -> /root/codes/iron_yahboomcar_ws/install/yahboomcar_ctrl/lib/python3.8/site-packages/yahboomcar_ctrl
[6.399s] byte-compiling /root/codes/iron_yahboomcar_ws/install/yahboomcar_ctrl/lib/python3.8/site-packages/yahboomcar_ctrl/__init__.py to __init__.cpython-38.pyc
[6.404s] byte-compiling /root/codes/iron_yahboomcar_ws/install/yahboomcar_ctrl/lib/python3.8/site-packages/yahboomcar_ctrl/yahboom_joy_X3.py to yahboom_joy_X3.cpython-38.pyc
[6.410s] byte-compiling /root/codes/iron_yahboomcar_ws/install/yahboomcar_ctrl/lib/python3.8/site-packages/yahboomcar_ctrl/yahboom_joy_R2.py to yahboom_joy_R2.cpython-38.pyc
[6.415s] byte-compiling /root/codes/iron_yahboomcar_ws/install/yahboomcar_ctrl/lib/python3.8/site-packages/yahboomcar_ctrl/yahboom_keyboard.py to yahboom_keyboard.cpython-38.pyc
[6.419s] running install_data
[6.422s] copying resource/yahboomcar_ctrl -> /root/codes/iron_yahboomcar_ws/install/yahboomcar_ctrl/share/ament_index/resource_index/packages
[6.422s] copying package.xml -> /root/codes/iron_yahboomcar_ws/install/yahboomcar_ctrl/share/yahboomcar_ctrl
[6.423s] copying launch/yahboomcar_joy_launch.py -> /root/codes/iron_yahboomcar_ws/install/yahboomcar_ctrl/share/yahboomcar_ctrl/launch
[6.424s] running install_egg_info
[6.432s] removing '/root/codes/iron_yahboomcar_ws/install/yahboomcar_ctrl/lib/python3.8/site-packages/yahboomcar_ctrl-0.0.0-py3.8.egg-info' (and everything under it)
[6.434s] Copying ../../build/yahboomcar_ctrl/yahboomcar_ctrl.egg-info to /root/codes/iron_yahboomcar_ws/install/yahboomcar_ctrl/lib/python3.8/site-packages/yahboomcar_ctrl-0.0.0-py3.8.egg-info
[6.439s] running install_scripts
[6.538s] Installing yahboom_joy_R2 script to /root/codes/iron_yahboomcar_ws/install/yahboomcar_ctrl/lib/yahboomcar_ctrl
[6.539s] Installing yahboom_joy_X3 script to /root/codes/iron_yahboomcar_ws/install/yahboomcar_ctrl/lib/yahboomcar_ctrl
[6.539s] Installing yahboom_keyboard script to /root/codes/iron_yahboomcar_ws/install/yahboomcar_ctrl/lib/yahboomcar_ctrl
[6.541s] writing list of installed files to '/root/codes/iron_yahboomcar_ws/build/yahboomcar_ctrl/install.log'
[6.673s] Invoked command in '/root/codes/iron_yahboomcar_ws/src/yahboomcar_ctrl' returned '0': PYTHONPATH=/root/codes/iron_yahboomcar_ws/build/yahboomcar_ctrl/prefix_override:/root/codes/iron_yahboomcar_ws/install/yahboomcar_ctrl/lib/python3.8/site-packages:${PYTHONPATH} /usr/bin/python3 setup.py egg_info --egg-base ../../build/yahboomcar_ctrl build --build-base /root/codes/iron_yahboomcar_ws/build/yahboomcar_ctrl/build install --record /root/codes/iron_yahboomcar_ws/build/yahboomcar_ctrl/install.log --install-scripts $base/lib/yahboomcar_ctrl --single-version-externally-managed
