[5.874s] Invoking command in '/root/codes/iron_yahboomcar_ws/src/yahboomcar_visual': PYTHONPATH=/root/codes/iron_yahboomcar_ws/build/yahboomcar_visual/prefix_override:/root/codes/iron_yahboomcar_ws/install/yahboomcar_visual/lib/python3.8/site-packages:${PYTHONPATH} /usr/bin/python3 setup.py egg_info --egg-base ../../build/yahboomcar_visual build --build-base /root/codes/iron_yahboomcar_ws/build/yahboomcar_visual/build install --record /root/codes/iron_yahboomcar_ws/build/yahboomcar_visual/install.log --install-scripts $base/lib/yahboomcar_visual --single-version-externally-managed
[7.806s] running egg_info
[7.810s] creating ../../build/yahboomcar_visual/yahboomcar_visual.egg-info
[7.812s] writing ../../build/yahboomcar_visual/yahboomcar_visual.egg-info/PKG-INFO
[7.814s] writing dependency_links to ../../build/yahboomcar_visual/yahboomcar_visual.egg-info/dependency_links.txt
[7.816s] writing entry points to ../../build/yahboomcar_visual/yahboomcar_visual.egg-info/entry_points.txt
[7.817s] writing requirements to ../../build/yahboomcar_visual/yahboomcar_visual.egg-info/requires.txt
[7.819s] writing top-level names to ../../build/yahboomcar_visual/yahboomcar_visual.egg-info/top_level.txt
[7.828s] writing manifest file '../../build/yahboomcar_visual/yahboomcar_visual.egg-info/SOURCES.txt'
[8.092s] reading manifest file '../../build/yahboomcar_visual/yahboomcar_visual.egg-info/SOURCES.txt'
[8.097s] writing manifest file '../../build/yahboomcar_visual/yahboomcar_visual.egg-info/SOURCES.txt'
[8.099s] running build
[8.101s] running build_py
[8.108s] creating /root/codes/iron_yahboomcar_ws/build/yahboomcar_visual/build
[8.108s] creating /root/codes/iron_yahboomcar_ws/build/yahboomcar_visual/build/lib
[8.110s] creating /root/codes/iron_yahboomcar_ws/build/yahboomcar_visual/build/lib/yahboomcar_visual
[8.112s] copying yahboomcar_visual/laser_to_image.py -> /root/codes/iron_yahboomcar_ws/build/yahboomcar_visual/build/lib/yahboomcar_visual
[8.112s] copying yahboomcar_visual/__init__.py -> /root/codes/iron_yahboomcar_ws/build/yahboomcar_visual/build/lib/yahboomcar_visual
[8.114s] copying yahboomcar_visual/astra_color_point.py -> /root/codes/iron_yahboomcar_ws/build/yahboomcar_visual/build/lib/yahboomcar_visual
[8.116s] copying yahboomcar_visual/simple_AR.py -> /root/codes/iron_yahboomcar_ws/build/yahboomcar_visual/build/lib/yahboomcar_visual
[8.118s] copying yahboomcar_visual/pub_image.py -> /root/codes/iron_yahboomcar_ws/build/yahboomcar_visual/build/lib/yahboomcar_visual
[8.120s] copying yahboomcar_visual/astra_depth_image.py -> /root/codes/iron_yahboomcar_ws/build/yahboomcar_visual/build/lib/yahboomcar_visual
[8.120s] copying yahboomcar_visual/astra_image_flip.py -> /root/codes/iron_yahboomcar_ws/build/yahboomcar_visual/build/lib/yahboomcar_visual
[8.122s] copying yahboomcar_visual/laser_geometry.py -> /root/codes/iron_yahboomcar_ws/build/yahboomcar_visual/build/lib/yahboomcar_visual
[8.124s] copying yahboomcar_visual/astra_rgb_image.py -> /root/codes/iron_yahboomcar_ws/build/yahboomcar_visual/build/lib/yahboomcar_visual
[8.127s] running install
[8.145s] running install_lib
[8.158s] running install_data
[8.162s] running install_egg_info
[8.175s] removing '/root/codes/iron_yahboomcar_ws/install/yahboomcar_visual/lib/python3.8/site-packages/yahboomcar_visual-0.0.0-py3.8.egg-info' (and everything under it)
[8.176s] Copying ../../build/yahboomcar_visual/yahboomcar_visual.egg-info to /root/codes/iron_yahboomcar_ws/install/yahboomcar_visual/lib/python3.8/site-packages/yahboomcar_visual-0.0.0-py3.8.egg-info
[8.182s] running install_scripts
[8.292s] Installing astra_color_point script to /root/codes/iron_yahboomcar_ws/install/yahboomcar_visual/lib/yahboomcar_visual
[8.293s] Installing astra_depth_image script to /root/codes/iron_yahboomcar_ws/install/yahboomcar_visual/lib/yahboomcar_visual
[8.295s] Installing astra_image_flip script to /root/codes/iron_yahboomcar_ws/install/yahboomcar_visual/lib/yahboomcar_visual
[8.297s] Installing astra_rgb_image script to /root/codes/iron_yahboomcar_ws/install/yahboomcar_visual/lib/yahboomcar_visual
[8.301s] Installing laser_to_image script to /root/codes/iron_yahboomcar_ws/install/yahboomcar_visual/lib/yahboomcar_visual
[8.303s] Installing pub_image script to /root/codes/iron_yahboomcar_ws/install/yahboomcar_visual/lib/yahboomcar_visual
[8.303s] Installing simple_AR script to /root/codes/iron_yahboomcar_ws/install/yahboomcar_visual/lib/yahboomcar_visual
[8.307s] writing list of installed files to '/root/codes/iron_yahboomcar_ws/build/yahboomcar_visual/install.log'
[8.444s] Invoked command in '/root/codes/iron_yahboomcar_ws/src/yahboomcar_visual' returned '0': PYTHONPATH=/root/codes/iron_yahboomcar_ws/build/yahboomcar_visual/prefix_override:/root/codes/iron_yahboomcar_ws/install/yahboomcar_visual/lib/python3.8/site-packages:${PYTHONPATH} /usr/bin/python3 setup.py egg_info --egg-base ../../build/yahboomcar_visual build --build-base /root/codes/iron_yahboomcar_ws/build/yahboomcar_visual/build install --record /root/codes/iron_yahboomcar_ws/build/yahboomcar_visual/install.log --install-scripts $base/lib/yahboomcar_visual --single-version-externally-managed
