[5.800s] Invoking command in '/root/yahboomcar_ros2_ws/yahboomcar_ws/src/yahboomcar_astra': PYTHONPATH=/root/yahboomcar_ros2_ws/yahboomcar_ws/build/yahboomcar_astra/prefix_override:/root/yahboomcar_ros2_ws/yahboomcar_ws/install/yahboomcar_astra/lib/python3.8/site-packages:${PYTHONPATH} /usr/bin/python3 setup.py egg_info --egg-base ../../build/yahboomcar_astra build --build-base /root/yahboomcar_ros2_ws/yahboomcar_ws/build/yahboomcar_astra/build install --record /root/yahboomcar_ros2_ws/yahboomcar_ws/build/yahboomcar_astra/install.log --install-scripts $base/lib/yahboomcar_astra --single-version-externally-managed
[7.721s] running egg_info
[7.724s] creating ../../build/yahboomcar_astra/yahboomcar_astra.egg-info
[7.732s] writing ../../build/yahboomcar_astra/yahboomcar_astra.egg-info/PKG-INFO
[7.735s] writing dependency_links to ../../build/yahboomcar_astra/yahboomcar_astra.egg-info/dependency_links.txt
[7.738s] writing entry points to ../../build/yahboomcar_astra/yahboomcar_astra.egg-info/entry_points.txt
[7.745s] writing requirements to ../../build/yahboomcar_astra/yahboomcar_astra.egg-info/requires.txt
[7.747s] writing top-level names to ../../build/yahboomcar_astra/yahboomcar_astra.egg-info/top_level.txt
[7.785s] writing manifest file '../../build/yahboomcar_astra/yahboomcar_astra.egg-info/SOURCES.txt'
[7.975s] reading manifest file '../../build/yahboomcar_astra/yahboomcar_astra.egg-info/SOURCES.txt'
[7.980s] writing manifest file '../../build/yahboomcar_astra/yahboomcar_astra.egg-info/SOURCES.txt'
[7.981s] running build
[7.981s] running build_py
[7.983s] creating /root/yahboomcar_ros2_ws/yahboomcar_ws/build/yahboomcar_astra/build
[7.984s] creating /root/yahboomcar_ros2_ws/yahboomcar_ws/build/yahboomcar_astra/build/lib
[7.985s] creating /root/yahboomcar_ros2_ws/yahboomcar_ws/build/yahboomcar_astra/build/lib/yahboomcar_astra
[7.986s] copying yahboomcar_astra/colorTracker.py -> /root/yahboomcar_ros2_ws/yahboomcar_ws/build/yahboomcar_astra/build/lib/yahboomcar_astra
[7.993s] copying yahboomcar_astra/__init__.py -> /root/yahboomcar_ros2_ws/yahboomcar_ws/build/yahboomcar_astra/build/lib/yahboomcar_astra
[7.995s] copying yahboomcar_astra/astra_common.py -> /root/yahboomcar_ros2_ws/yahboomcar_ws/build/yahboomcar_astra/build/lib/yahboomcar_astra
[7.997s] copying yahboomcar_astra/colorHSV.py -> /root/yahboomcar_ros2_ws/yahboomcar_ws/build/yahboomcar_astra/build/lib/yahboomcar_astra
[8.007s] running install
[8.012s] running install_lib
[8.020s] creating /root/yahboomcar_ros2_ws/yahboomcar_ws/install/yahboomcar_astra/lib/python3.8/site-packages/yahboomcar_astra
[8.024s] copying /root/yahboomcar_ros2_ws/yahboomcar_ws/build/yahboomcar_astra/build/lib/yahboomcar_astra/colorTracker.py -> /root/yahboomcar_ros2_ws/yahboomcar_ws/install/yahboomcar_astra/lib/python3.8/site-packages/yahboomcar_astra
[8.029s] copying /root/yahboomcar_ros2_ws/yahboomcar_ws/build/yahboomcar_astra/build/lib/yahboomcar_astra/__init__.py -> /root/yahboomcar_ros2_ws/yahboomcar_ws/install/yahboomcar_astra/lib/python3.8/site-packages/yahboomcar_astra
[8.032s] copying /root/yahboomcar_ros2_ws/yahboomcar_ws/build/yahboomcar_astra/build/lib/yahboomcar_astra/astra_common.py -> /root/yahboomcar_ros2_ws/yahboomcar_ws/install/yahboomcar_astra/lib/python3.8/site-packages/yahboomcar_astra
[8.039s] copying /root/yahboomcar_ros2_ws/yahboomcar_ws/build/yahboomcar_astra/build/lib/yahboomcar_astra/colorHSV.py -> /root/yahboomcar_ros2_ws/yahboomcar_ws/install/yahboomcar_astra/lib/python3.8/site-packages/yahboomcar_astra
[8.042s] byte-compiling /root/yahboomcar_ros2_ws/yahboomcar_ws/install/yahboomcar_astra/lib/python3.8/site-packages/yahboomcar_astra/colorTracker.py to colorTracker.cpython-38.pyc
[8.054s] byte-compiling /root/yahboomcar_ros2_ws/yahboomcar_ws/install/yahboomcar_astra/lib/python3.8/site-packages/yahboomcar_astra/__init__.py to __init__.cpython-38.pyc
[8.055s] byte-compiling /root/yahboomcar_ros2_ws/yahboomcar_ws/install/yahboomcar_astra/lib/python3.8/site-packages/yahboomcar_astra/astra_common.py to astra_common.cpython-38.pyc
[8.065s] byte-compiling /root/yahboomcar_ros2_ws/yahboomcar_ws/install/yahboomcar_astra/lib/python3.8/site-packages/yahboomcar_astra/colorHSV.py to colorHSV.cpython-38.pyc
[8.077s] running install_data
[8.086s] creating /root/yahboomcar_ros2_ws/yahboomcar_ws/install/yahboomcar_astra/share/ament_index
[8.086s] creating /root/yahboomcar_ros2_ws/yahboomcar_ws/install/yahboomcar_astra/share/ament_index/resource_index
[8.087s] creating /root/yahboomcar_ros2_ws/yahboomcar_ws/install/yahboomcar_astra/share/ament_index/resource_index/packages
[8.087s] copying resource/yahboomcar_astra -> /root/yahboomcar_ros2_ws/yahboomcar_ws/install/yahboomcar_astra/share/ament_index/resource_index/packages
[8.088s] copying package.xml -> /root/yahboomcar_ros2_ws/yahboomcar_ws/install/yahboomcar_astra/share/yahboomcar_astra
[8.088s] creating /root/yahboomcar_ros2_ws/yahboomcar_ws/install/yahboomcar_astra/share/yahboomcar_astra/launch
[8.091s] copying launch/colorTracker.launch.py -> /root/yahboomcar_ros2_ws/yahboomcar_ws/install/yahboomcar_astra/share/yahboomcar_astra/launch
[8.091s] running install_egg_info
[8.097s] Copying ../../build/yahboomcar_astra/yahboomcar_astra.egg-info to /root/yahboomcar_ros2_ws/yahboomcar_ws/install/yahboomcar_astra/lib/python3.8/site-packages/yahboomcar_astra-0.0.0-py3.8.egg-info
[8.105s] running install_scripts
[8.248s] Installing colorHSV script to /root/yahboomcar_ros2_ws/yahboomcar_ws/install/yahboomcar_astra/lib/yahboomcar_astra
[8.249s] Installing colorTracker script to /root/yahboomcar_ros2_ws/yahboomcar_ws/install/yahboomcar_astra/lib/yahboomcar_astra
[8.252s] writing list of installed files to '/root/yahboomcar_ros2_ws/yahboomcar_ws/build/yahboomcar_astra/install.log'
[8.385s] Invoked command in '/root/yahboomcar_ros2_ws/yahboomcar_ws/src/yahboomcar_astra' returned '0': PYTHONPATH=/root/yahboomcar_ros2_ws/yahboomcar_ws/build/yahboomcar_astra/prefix_override:/root/yahboomcar_ros2_ws/yahboomcar_ws/install/yahboomcar_astra/lib/python3.8/site-packages:${PYTHONPATH} /usr/bin/python3 setup.py egg_info --egg-base ../../build/yahboomcar_astra build --build-base /root/yahboomcar_ros2_ws/yahboomcar_ws/build/yahboomcar_astra/build install --record /root/yahboomcar_ros2_ws/yahboomcar_ws/build/yahboomcar_astra/install.log --install-scripts $base/lib/yahboomcar_astra --single-version-externally-managed
