[6.530s] Invoking command in '/root/yahboomcar_ros2_ws/yahboomcar_ws/src/yahboomcar_description': PYTHONPATH=/root/yahboomcar_ros2_ws/yahboomcar_ws/build/yahboomcar_description/prefix_override:/root/yahboomcar_ros2_ws/yahboomcar_ws/install/yahboomcar_description/lib/python3.8/site-packages:${PYTHONPATH} /usr/bin/python3 setup.py egg_info --egg-base ../../build/yahboomcar_description build --build-base /root/yahboomcar_ros2_ws/yahboomcar_ws/build/yahboomcar_description/build install --record /root/yahboomcar_ros2_ws/yahboomcar_ws/build/yahboomcar_description/install.log --install-scripts $base/lib/yahboomcar_description --single-version-externally-managed
[7.899s] running egg_info
[7.908s] writing ../../build/yahboomcar_description/yahboomcar_description.egg-info/PKG-INFO
[7.914s] writing dependency_links to ../../build/yahboomcar_description/yahboomcar_description.egg-info/dependency_links.txt
[7.916s] writing entry points to ../../build/yahboomcar_description/yahboomcar_description.egg-info/entry_points.txt
[7.917s] writing requirements to ../../build/yahboomcar_description/yahboomcar_description.egg-info/requires.txt
[7.918s] writing top-level names to ../../build/yahboomcar_description/yahboomcar_description.egg-info/top_level.txt
[8.109s] reading manifest file '../../build/yahboomcar_description/yahboomcar_description.egg-info/SOURCES.txt'
[8.120s] writing manifest file '../../build/yahboomcar_description/yahboomcar_description.egg-info/SOURCES.txt'
[8.121s] running build
[8.121s] running build_py
[8.123s] running install
[8.127s] running install_lib
[8.140s] running install_data
[8.146s] running install_egg_info
[8.155s] removing '/root/yahboomcar_ros2_ws/yahboomcar_ws/install/yahboomcar_description/lib/python3.8/site-packages/yahboomcar_description-0.0.0-py3.8.egg-info' (and everything under it)
[8.156s] Copying ../../build/yahboomcar_description/yahboomcar_description.egg-info to /root/yahboomcar_ros2_ws/yahboomcar_ws/install/yahboomcar_description/lib/python3.8/site-packages/yahboomcar_description-0.0.0-py3.8.egg-info
[8.165s] running install_scripts
[8.254s] writing list of installed files to '/root/yahboomcar_ros2_ws/yahboomcar_ws/build/yahboomcar_description/install.log'
[8.502s] Invoked command in '/root/yahboomcar_ros2_ws/yahboomcar_ws/src/yahboomcar_description' returned '0': PYTHONPATH=/root/yahboomcar_ros2_ws/yahboomcar_ws/build/yahboomcar_description/prefix_override:/root/yahboomcar_ros2_ws/yahboomcar_ws/install/yahboomcar_description/lib/python3.8/site-packages:${PYTHONPATH} /usr/bin/python3 setup.py egg_info --egg-base ../../build/yahboomcar_description build --build-base /root/yahboomcar_ros2_ws/yahboomcar_ws/build/yahboomcar_description/build install --record /root/yahboomcar_ros2_ws/yahboomcar_ws/build/yahboomcar_description/install.log --install-scripts $base/lib/yahboomcar_description --single-version-externally-managed
