[4.695s] Invoking command in '/root/yahboomcar_ros2_ws/yahboomcar_ws/src/yahboomcar_ctrl': PYTHONPATH=/root/yahboomcar_ros2_ws/yahboomcar_ws/build/yahboomcar_ctrl/prefix_override:/root/yahboomcar_ros2_ws/yahboomcar_ws/install/yahboomcar_ctrl/lib/python3.8/site-packages:${PYTHONPATH} /usr/bin/python3 setup.py egg_info --egg-base ../../build/yahboomcar_ctrl build --build-base /root/yahboomcar_ros2_ws/yahboomcar_ws/build/yahboomcar_ctrl/build install --record /root/yahboomcar_ros2_ws/yahboomcar_ws/build/yahboomcar_ctrl/install.log --install-scripts $base/lib/yahboomcar_ctrl --single-version-externally-managed
[6.088s] running egg_info
[6.091s] writing ../../build/yahboomcar_ctrl/yahboomcar_ctrl.egg-info/PKG-INFO
[6.092s] writing dependency_links to ../../build/yahboomcar_ctrl/yahboomcar_ctrl.egg-info/dependency_links.txt
[6.093s] writing entry points to ../../build/yahboomcar_ctrl/yahboomcar_ctrl.egg-info/entry_points.txt
[6.093s] writing requirements to ../../build/yahboomcar_ctrl/yahboomcar_ctrl.egg-info/requires.txt
[6.094s] writing top-level names to ../../build/yahboomcar_ctrl/yahboomcar_ctrl.egg-info/top_level.txt
[6.277s] reading manifest file '../../build/yahboomcar_ctrl/yahboomcar_ctrl.egg-info/SOURCES.txt'
[6.282s] writing manifest file '../../build/yahboomcar_ctrl/yahboomcar_ctrl.egg-info/SOURCES.txt'
[6.283s] running build
[6.283s] running build_py
[6.284s] running install
[6.289s] running install_lib
[6.297s] running install_data
[6.299s] running install_egg_info
[6.308s] removing '/root/yahboomcar_ros2_ws/yahboomcar_ws/install/yahboomcar_ctrl/lib/python3.8/site-packages/yahboomcar_ctrl-0.0.0-py3.8.egg-info' (and everything under it)
[6.309s] Copying ../../build/yahboomcar_ctrl/yahboomcar_ctrl.egg-info to /root/yahboomcar_ros2_ws/yahboomcar_ws/install/yahboomcar_ctrl/lib/python3.8/site-packages/yahboomcar_ctrl-0.0.0-py3.8.egg-info
[6.314s] running install_scripts
[6.403s] Installing yahboom_joy_R2 script to /root/yahboomcar_ros2_ws/yahboomcar_ws/install/yahboomcar_ctrl/lib/yahboomcar_ctrl
[6.404s] Installing yahboom_joy_X3 script to /root/yahboomcar_ros2_ws/yahboomcar_ws/install/yahboomcar_ctrl/lib/yahboomcar_ctrl
[6.405s] Installing yahboom_keyboard script to /root/yahboomcar_ros2_ws/yahboomcar_ws/install/yahboomcar_ctrl/lib/yahboomcar_ctrl
[6.407s] writing list of installed files to '/root/yahboomcar_ros2_ws/yahboomcar_ws/build/yahboomcar_ctrl/install.log'
[6.746s] Invoked command in '/root/yahboomcar_ros2_ws/yahboomcar_ws/src/yahboomcar_ctrl' returned '0': PYTHONPATH=/root/yahboomcar_ros2_ws/yahboomcar_ws/build/yahboomcar_ctrl/prefix_override:/root/yahboomcar_ros2_ws/yahboomcar_ws/install/yahboomcar_ctrl/lib/python3.8/site-packages:${PYTHONPATH} /usr/bin/python3 setup.py egg_info --egg-base ../../build/yahboomcar_ctrl build --build-base /root/yahboomcar_ros2_ws/yahboomcar_ws/build/yahboomcar_ctrl/build install --record /root/yahboomcar_ros2_ws/yahboomcar_ws/build/yahboomcar_ctrl/install.log --install-scripts $base/lib/yahboomcar_ctrl --single-version-externally-managed
