running egg_info
creating ../../build/yahboomcar_description_x1/yahboomcar_description_x1.egg-info
writing ../../build/yahboomcar_description_x1/yahboomcar_description_x1.egg-info/PKG-INFO
writing dependency_links to ../../build/yahboomcar_description_x1/yahboomcar_description_x1.egg-info/dependency_links.txt
writing entry points to ../../build/yahboomcar_description_x1/yahboomcar_description_x1.egg-info/entry_points.txt
writing requirements to ../../build/yahboomcar_description_x1/yahboomcar_description_x1.egg-info/requires.txt
writing top-level names to ../../build/yahboomcar_description_x1/yahboomcar_description_x1.egg-info/top_level.txt
writing manifest file '../../build/yahboomcar_description_x1/yahboomcar_description_x1.egg-info/SOURCES.txt'
reading manifest file '../../build/yahboomcar_description_x1/yahboomcar_description_x1.egg-info/SOURCES.txt'
writing manifest file '../../build/yahboomcar_description_x1/yahboomcar_description_x1.egg-info/SOURCES.txt'
running build
running build_py
creating /root/codes/iron_yahboomcar_ws/build/yahboomcar_description_x1/build
creating /root/codes/iron_yahboomcar_ws/build/yahboomcar_description_x1/build/lib
creating /root/codes/iron_yahboomcar_ws/build/yahboomcar_description_x1/build/lib/yahboomcar_description_x1
copying yahboomcar_description_x1/__init__.py -> /root/codes/iron_yahboomcar_ws/build/yahboomcar_description_x1/build/lib/yahboomcar_description_x1
running install
running install_lib
running install_data
running install_egg_info
removing '/root/codes/iron_yahboomcar_ws/install/yahboomcar_description_x1/lib/python3.8/site-packages/yahboomcar_description_x1-0.0.0-py3.8.egg-info' (and everything under it)
Copying ../../build/yahboomcar_description_x1/yahboomcar_description_x1.egg-info to /root/codes/iron_yahboomcar_ws/install/yahboomcar_description_x1/lib/python3.8/site-packages/yahboomcar_description_x1-0.0.0-py3.8.egg-info
running install_scripts
writing list of installed files to '/root/codes/iron_yahboomcar_ws/build/yahboomcar_description_x1/install.log'
