[5.546s] Invoking command in '/root/yahboomcar_ros2_ws/yahboomcar_ws/src/yahboomcar_voice_ctrl': PYTHONPATH=/root/yahboomcar_ros2_ws/yahboomcar_ws/build/yahboomcar_voice_ctrl/prefix_override:/root/yahboomcar_ros2_ws/yahboomcar_ws/install/yahboomcar_voice_ctrl/lib/python3.8/site-packages:${PYTHONPATH} /usr/bin/python3 setup.py egg_info --egg-base ../../build/yahboomcar_voice_ctrl build --build-base /root/yahboomcar_ros2_ws/yahboomcar_ws/build/yahboomcar_voice_ctrl/build install --record /root/yahboomcar_ros2_ws/yahboomcar_ws/build/yahboomcar_voice_ctrl/install.log --install-scripts $base/lib/yahboomcar_voice_ctrl --single-version-externally-managed
[7.009s] running egg_info
[7.013s] writing ../../build/yahboomcar_voice_ctrl/yahboomcar_voice_ctrl.egg-info/PKG-INFO
[7.014s] writing dependency_links to ../../build/yahboomcar_voice_ctrl/yahboomcar_voice_ctrl.egg-info/dependency_links.txt
[7.015s] writing entry points to ../../build/yahboomcar_voice_ctrl/yahboomcar_voice_ctrl.egg-info/entry_points.txt
[7.016s] writing requirements to ../../build/yahboomcar_voice_ctrl/yahboomcar_voice_ctrl.egg-info/requires.txt
[7.017s] writing top-level names to ../../build/yahboomcar_voice_ctrl/yahboomcar_voice_ctrl.egg-info/top_level.txt
[7.238s] reading manifest file '../../build/yahboomcar_voice_ctrl/yahboomcar_voice_ctrl.egg-info/SOURCES.txt'
[7.250s] writing manifest file '../../build/yahboomcar_voice_ctrl/yahboomcar_voice_ctrl.egg-info/SOURCES.txt'
[7.258s] running build
[7.259s] running build_py
[7.263s] running install
[7.278s] running install_lib
[7.299s] running install_data
[7.301s] running install_egg_info
[7.313s] removing '/root/yahboomcar_ros2_ws/yahboomcar_ws/install/yahboomcar_voice_ctrl/lib/python3.8/site-packages/yahboomcar_voice_ctrl-0.0.0-py3.8.egg-info' (and everything under it)
[7.332s] Copying ../../build/yahboomcar_voice_ctrl/yahboomcar_voice_ctrl.egg-info to /root/yahboomcar_ros2_ws/yahboomcar_ws/install/yahboomcar_voice_ctrl/lib/python3.8/site-packages/yahboomcar_voice_ctrl-0.0.0-py3.8.egg-info
[7.341s] running install_scripts
[7.450s] Installing Voice_Ctrl_Mcnamu_driver_X3 script to /root/yahboomcar_ros2_ws/yahboomcar_ws/install/yahboomcar_voice_ctrl/lib/yahboomcar_voice_ctrl
[7.451s] Installing Voice_Ctrl_colorHSV script to /root/yahboomcar_ros2_ws/yahboomcar_ws/install/yahboomcar_voice_ctrl/lib/yahboomcar_voice_ctrl
[7.452s] Installing Voice_Ctrl_colorTracker script to /root/yahboomcar_ros2_ws/yahboomcar_ws/install/yahboomcar_voice_ctrl/lib/yahboomcar_voice_ctrl
[7.454s] Installing Voice_Ctrl_follow_line_a1_X3 script to /root/yahboomcar_ros2_ws/yahboomcar_ws/install/yahboomcar_voice_ctrl/lib/yahboomcar_voice_ctrl
[7.454s] Installing voice_Ctrl_send_mark script to /root/yahboomcar_ros2_ws/yahboomcar_ws/install/yahboomcar_voice_ctrl/lib/yahboomcar_voice_ctrl
[7.459s] writing list of installed files to '/root/yahboomcar_ros2_ws/yahboomcar_ws/build/yahboomcar_voice_ctrl/install.log'
[7.572s] Invoked command in '/root/yahboomcar_ros2_ws/yahboomcar_ws/src/yahboomcar_voice_ctrl' returned '0': PYTHONPATH=/root/yahboomcar_ros2_ws/yahboomcar_ws/build/yahboomcar_voice_ctrl/prefix_override:/root/yahboomcar_ros2_ws/yahboomcar_ws/install/yahboomcar_voice_ctrl/lib/python3.8/site-packages:${PYTHONPATH} /usr/bin/python3 setup.py egg_info --egg-base ../../build/yahboomcar_voice_ctrl build --build-base /root/yahboomcar_ros2_ws/yahboomcar_ws/build/yahboomcar_voice_ctrl/build install --record /root/yahboomcar_ros2_ws/yahboomcar_ws/build/yahboomcar_voice_ctrl/install.log --install-scripts $base/lib/yahboomcar_voice_ctrl --single-version-externally-managed
