[6.801s] Invoking command in '/root/yahboomcar_ros2_ws/yahboomcar_ws/src/yahboomcar_laser': PYTHONPATH=/root/yahboomcar_ros2_ws/yahboomcar_ws/build/yahboomcar_laser/prefix_override:/root/yahboomcar_ros2_ws/yahboomcar_ws/install/yahboomcar_laser/lib/python3.8/site-packages:${PYTHONPATH} /usr/bin/python3 setup.py egg_info --egg-base ../../build/yahboomcar_laser build --build-base /root/yahboomcar_ros2_ws/yahboomcar_ws/build/yahboomcar_laser/build install --record /root/yahboomcar_ros2_ws/yahboomcar_ws/build/yahboomcar_laser/install.log --install-scripts $base/lib/yahboomcar_laser --single-version-externally-managed
[8.219s] running egg_info
[8.222s] writing ../../build/yahboomcar_laser/yahboomcar_laser.egg-info/PKG-INFO
[8.223s] writing dependency_links to ../../build/yahboomcar_laser/yahboomcar_laser.egg-info/dependency_links.txt
[8.224s] writing entry points to ../../build/yahboomcar_laser/yahboomcar_laser.egg-info/entry_points.txt
[8.224s] writing requirements to ../../build/yahboomcar_laser/yahboomcar_laser.egg-info/requires.txt
[8.225s] writing top-level names to ../../build/yahboomcar_laser/yahboomcar_laser.egg-info/top_level.txt
[8.416s] reading manifest file '../../build/yahboomcar_laser/yahboomcar_laser.egg-info/SOURCES.txt'
[8.422s] writing manifest file '../../build/yahboomcar_laser/yahboomcar_laser.egg-info/SOURCES.txt'
[8.422s] running build
[8.423s] running build_py
[8.428s] running install
[8.433s] running install_lib
[8.443s] running install_data
[8.447s] running install_egg_info
[8.457s] removing '/root/yahboomcar_ros2_ws/yahboomcar_ws/install/yahboomcar_laser/lib/python3.8/site-packages/yahboomcar_laser-0.0.0-py3.8.egg-info' (and everything under it)
[8.459s] Copying ../../build/yahboomcar_laser/yahboomcar_laser.egg-info to /root/yahboomcar_ros2_ws/yahboomcar_ws/install/yahboomcar_laser/lib/python3.8/site-packages/yahboomcar_laser-0.0.0-py3.8.egg-info
[8.463s] running install_scripts
[8.549s] Installing laser_Avoidance_4ROS_R2 script to /root/yahboomcar_ros2_ws/yahboomcar_ws/install/yahboomcar_laser/lib/yahboomcar_laser
[8.549s] Installing laser_Avoidance_a1_R2 script to /root/yahboomcar_ros2_ws/yahboomcar_ws/install/yahboomcar_laser/lib/yahboomcar_laser
[8.550s] Installing laser_Avoidance_a1_X3 script to /root/yahboomcar_ros2_ws/yahboomcar_ws/install/yahboomcar_laser/lib/yahboomcar_laser
[8.551s] Installing laser_Tracker_4ROS_R2 script to /root/yahboomcar_ros2_ws/yahboomcar_ws/install/yahboomcar_laser/lib/yahboomcar_laser
[8.551s] Installing laser_Tracker_a1_R2 script to /root/yahboomcar_ros2_ws/yahboomcar_ws/install/yahboomcar_laser/lib/yahboomcar_laser
[8.552s] Installing laser_Tracker_a1_X3 script to /root/yahboomcar_ros2_ws/yahboomcar_ws/install/yahboomcar_laser/lib/yahboomcar_laser
[8.553s] Installing laser_Warning_a1_X3 script to /root/yahboomcar_ros2_ws/yahboomcar_ws/install/yahboomcar_laser/lib/yahboomcar_laser
[8.556s] writing list of installed files to '/root/yahboomcar_ros2_ws/yahboomcar_ws/build/yahboomcar_laser/install.log'
[8.678s] Invoked command in '/root/yahboomcar_ros2_ws/yahboomcar_ws/src/yahboomcar_laser' returned '0': PYTHONPATH=/root/yahboomcar_ros2_ws/yahboomcar_ws/build/yahboomcar_laser/prefix_override:/root/yahboomcar_ros2_ws/yahboomcar_ws/install/yahboomcar_laser/lib/python3.8/site-packages:${PYTHONPATH} /usr/bin/python3 setup.py egg_info --egg-base ../../build/yahboomcar_laser build --build-base /root/yahboomcar_ros2_ws/yahboomcar_ws/build/yahboomcar_laser/build install --record /root/yahboomcar_ros2_ws/yahboomcar_ws/build/yahboomcar_laser/install.log --install-scripts $base/lib/yahboomcar_laser --single-version-externally-managed
