[5.217s] Invoking command in '/root/yahboomcar_ros2_ws/yahboomcar_ws/src/yahboomcar_description_x1': PYTHONPATH=/root/yahboomcar_ros2_ws/yahboomcar_ws/build/yahboomcar_description_x1/prefix_override:/root/yahboomcar_ros2_ws/yahboomcar_ws/install/yahboomcar_description_x1/lib/python3.8/site-packages:${PYTHONPATH} /usr/bin/python3 setup.py egg_info --egg-base ../../build/yahboomcar_description_x1 build --build-base /root/yahboomcar_ros2_ws/yahboomcar_ws/build/yahboomcar_description_x1/build install --record /root/yahboomcar_ros2_ws/yahboomcar_ws/build/yahboomcar_description_x1/install.log --install-scripts $base/lib/yahboomcar_description_x1 --single-version-externally-managed
[6.555s] running egg_info
[6.562s] writing ../../build/yahboomcar_description_x1/yahboomcar_description_x1.egg-info/PKG-INFO
[6.565s] writing dependency_links to ../../build/yahboomcar_description_x1/yahboomcar_description_x1.egg-info/dependency_links.txt
[6.566s] writing entry points to ../../build/yahboomcar_description_x1/yahboomcar_description_x1.egg-info/entry_points.txt
[6.566s] writing requirements to ../../build/yahboomcar_description_x1/yahboomcar_description_x1.egg-info/requires.txt
[6.566s] writing top-level names to ../../build/yahboomcar_description_x1/yahboomcar_description_x1.egg-info/top_level.txt
[6.732s] reading manifest file '../../build/yahboomcar_description_x1/yahboomcar_description_x1.egg-info/SOURCES.txt'
[6.739s] writing manifest file '../../build/yahboomcar_description_x1/yahboomcar_description_x1.egg-info/SOURCES.txt'
[6.740s] running build
[6.741s] running build_py
[6.741s] running install
[6.744s] running install_lib
[6.753s] running install_data
[6.760s] running install_egg_info
[6.769s] removing '/root/yahboomcar_ros2_ws/yahboomcar_ws/install/yahboomcar_description_x1/lib/python3.8/site-packages/yahboomcar_description_x1-0.0.0-py3.8.egg-info' (and everything under it)
[6.777s] Copying ../../build/yahboomcar_description_x1/yahboomcar_description_x1.egg-info to /root/yahboomcar_ros2_ws/yahboomcar_ws/install/yahboomcar_description_x1/lib/python3.8/site-packages/yahboomcar_description_x1-0.0.0-py3.8.egg-info
[6.782s] running install_scripts
[6.862s] writing list of installed files to '/root/yahboomcar_ros2_ws/yahboomcar_ws/build/yahboomcar_description_x1/install.log'
[7.062s] Invoked command in '/root/yahboomcar_ros2_ws/yahboomcar_ws/src/yahboomcar_description_x1' returned '0': PYTHONPATH=/root/yahboomcar_ros2_ws/yahboomcar_ws/build/yahboomcar_description_x1/prefix_override:/root/yahboomcar_ros2_ws/yahboomcar_ws/install/yahboomcar_description_x1/lib/python3.8/site-packages:${PYTHONPATH} /usr/bin/python3 setup.py egg_info --egg-base ../../build/yahboomcar_description_x1 build --build-base /root/yahboomcar_ros2_ws/yahboomcar_ws/build/yahboomcar_description_x1/build install --record /root/yahboomcar_ros2_ws/yahboomcar_ws/build/yahboomcar_description_x1/install.log --install-scripts $base/lib/yahboomcar_description_x1 --single-version-externally-managed
