[7.583s] Invoking command in '/root/yahboomcar_ros2_ws/yahboomcar_ws/src/yahboomcar_laser': PYTHONPATH=/root/yahboomcar_ros2_ws/yahboomcar_ws/build/yahboomcar_laser/prefix_override:/root/yahboomcar_ros2_ws/yahboomcar_ws/install/yahboomcar_laser/lib/python3.8/site-packages:${PYTHONPATH} /usr/bin/python3 setup.py egg_info --egg-base ../../build/yahboomcar_laser build --build-base /root/yahboomcar_ros2_ws/yahboomcar_ws/build/yahboomcar_laser/build install --record /root/yahboomcar_ros2_ws/yahboomcar_ws/build/yahboomcar_laser/install.log --install-scripts $base/lib/yahboomcar_laser --single-version-externally-managed
[8.891s] running egg_info
[8.894s] writing ../../build/yahboomcar_laser/yahboomcar_laser.egg-info/PKG-INFO
[8.909s] writing dependency_links to ../../build/yahboomcar_laser/yahboomcar_laser.egg-info/dependency_links.txt
[8.910s] writing entry points to ../../build/yahboomcar_laser/yahboomcar_laser.egg-info/entry_points.txt
[8.911s] writing requirements to ../../build/yahboomcar_laser/yahboomcar_laser.egg-info/requires.txt
[8.912s] writing top-level names to ../../build/yahboomcar_laser/yahboomcar_laser.egg-info/top_level.txt
[9.372s] reading manifest file '../../build/yahboomcar_laser/yahboomcar_laser.egg-info/SOURCES.txt'
[9.381s] writing manifest file '../../build/yahboomcar_laser/yahboomcar_laser.egg-info/SOURCES.txt'
[9.382s] running build
[9.383s] running build_py
[9.630s] running install
[9.636s] running install_lib
[9.764s] running install_data
[9.773s] running install_egg_info
[9.788s] removing '/root/yahboomcar_ros2_ws/yahboomcar_ws/install/yahboomcar_laser/lib/python3.8/site-packages/yahboomcar_laser-0.0.0-py3.8.egg-info' (and everything under it)
[9.792s] Copying ../../build/yahboomcar_laser/yahboomcar_laser.egg-info to /root/yahboomcar_ros2_ws/yahboomcar_ws/install/yahboomcar_laser/lib/python3.8/site-packages/yahboomcar_laser-0.0.0-py3.8.egg-info
[9.913s] running install_scripts
[10.000s] Installing laser_Avoidance_4ROS_R2 script to /root/yahboomcar_ros2_ws/yahboomcar_ws/install/yahboomcar_laser/lib/yahboomcar_laser
[10.239s] Installing laser_Avoidance_a1_R2 script to /root/yahboomcar_ros2_ws/yahboomcar_ws/install/yahboomcar_laser/lib/yahboomcar_laser
[10.240s] Installing laser_Avoidance_a1_X3 script to /root/yahboomcar_ros2_ws/yahboomcar_ws/install/yahboomcar_laser/lib/yahboomcar_laser
[10.240s] Installing laser_Tracker_4ROS_R2 script to /root/yahboomcar_ros2_ws/yahboomcar_ws/install/yahboomcar_laser/lib/yahboomcar_laser
[10.241s] Installing laser_Tracker_a1_R2 script to /root/yahboomcar_ros2_ws/yahboomcar_ws/install/yahboomcar_laser/lib/yahboomcar_laser
[10.241s] Installing laser_Tracker_a1_X3 script to /root/yahboomcar_ros2_ws/yahboomcar_ws/install/yahboomcar_laser/lib/yahboomcar_laser
[10.242s] Installing laser_Warning_a1_X3 script to /root/yahboomcar_ros2_ws/yahboomcar_ws/install/yahboomcar_laser/lib/yahboomcar_laser
[10.247s] writing list of installed files to '/root/yahboomcar_ros2_ws/yahboomcar_ws/build/yahboomcar_laser/install.log'
[11.842s] Invoked command in '/root/yahboomcar_ros2_ws/yahboomcar_ws/src/yahboomcar_laser' returned '0': PYTHONPATH=/root/yahboomcar_ros2_ws/yahboomcar_ws/build/yahboomcar_laser/prefix_override:/root/yahboomcar_ros2_ws/yahboomcar_ws/install/yahboomcar_laser/lib/python3.8/site-packages:${PYTHONPATH} /usr/bin/python3 setup.py egg_info --egg-base ../../build/yahboomcar_laser build --build-base /root/yahboomcar_ros2_ws/yahboomcar_ws/build/yahboomcar_laser/build install --record /root/yahboomcar_ros2_ws/yahboomcar_ws/build/yahboomcar_laser/install.log --install-scripts $base/lib/yahboomcar_laser --single-version-externally-managed
