[4.784s] Invoking command in '/root/yahboomcar_ros2_ws/yahboomcar_ws/src/yahboomcar_linefollow': PYTHONPATH=/root/yahboomcar_ros2_ws/yahboomcar_ws/build/yahboomcar_linefollow/prefix_override:/root/yahboomcar_ros2_ws/yahboomcar_ws/install/yahboomcar_linefollow/lib/python3.8/site-packages:${PYTHONPATH} /usr/bin/python3 setup.py egg_info --egg-base ../../build/yahboomcar_linefollow build --build-base /root/yahboomcar_ros2_ws/yahboomcar_ws/build/yahboomcar_linefollow/build install --record /root/yahboomcar_ros2_ws/yahboomcar_ws/build/yahboomcar_linefollow/install.log --install-scripts $base/lib/yahboomcar_linefollow --single-version-externally-managed
[5.995s] running egg_info
[5.999s] writing ../../build/yahboomcar_linefollow/yahboomcar_linefollow.egg-info/PKG-INFO
[6.002s] writing dependency_links to ../../build/yahboomcar_linefollow/yahboomcar_linefollow.egg-info/dependency_links.txt
[6.003s] writing entry points to ../../build/yahboomcar_linefollow/yahboomcar_linefollow.egg-info/entry_points.txt
[6.004s] writing requirements to ../../build/yahboomcar_linefollow/yahboomcar_linefollow.egg-info/requires.txt
[6.005s] writing top-level names to ../../build/yahboomcar_linefollow/yahboomcar_linefollow.egg-info/top_level.txt
[6.159s] reading manifest file '../../build/yahboomcar_linefollow/yahboomcar_linefollow.egg-info/SOURCES.txt'
[6.165s] writing manifest file '../../build/yahboomcar_linefollow/yahboomcar_linefollow.egg-info/SOURCES.txt'
[6.166s] running build
[6.166s] running build_py
[6.169s] running install
[6.173s] running install_lib
[6.182s] running install_data
[6.189s] running install_egg_info
[6.197s] removing '/root/yahboomcar_ros2_ws/yahboomcar_ws/install/yahboomcar_linefollow/lib/python3.8/site-packages/yahboomcar_linefollow-0.0.0-py3.8.egg-info' (and everything under it)
[6.204s] Copying ../../build/yahboomcar_linefollow/yahboomcar_linefollow.egg-info to /root/yahboomcar_ros2_ws/yahboomcar_ws/install/yahboomcar_linefollow/lib/python3.8/site-packages/yahboomcar_linefollow-0.0.0-py3.8.egg-info
[6.220s] running install_scripts
[6.308s] Installing follow_line_a1_X3 script to /root/yahboomcar_ros2_ws/yahboomcar_ws/install/yahboomcar_linefollow/lib/yahboomcar_linefollow
[6.311s] writing list of installed files to '/root/yahboomcar_ros2_ws/yahboomcar_ws/build/yahboomcar_linefollow/install.log'
[6.430s] Invoked command in '/root/yahboomcar_ros2_ws/yahboomcar_ws/src/yahboomcar_linefollow' returned '0': PYTHONPATH=/root/yahboomcar_ros2_ws/yahboomcar_ws/build/yahboomcar_linefollow/prefix_override:/root/yahboomcar_ros2_ws/yahboomcar_ws/install/yahboomcar_linefollow/lib/python3.8/site-packages:${PYTHONPATH} /usr/bin/python3 setup.py egg_info --egg-base ../../build/yahboomcar_linefollow build --build-base /root/yahboomcar_ros2_ws/yahboomcar_ws/build/yahboomcar_linefollow/build install --record /root/yahboomcar_ros2_ws/yahboomcar_ws/build/yahboomcar_linefollow/install.log --install-scripts $base/lib/yahboomcar_linefollow --single-version-externally-managed
