[5.524s] Invoking command in '/root/codes/iron_yahboomcar_ws/src/yahboomcar_ctrl': PYTHONPATH=/root/codes/iron_yahboomcar_ws/build/yahboomcar_ctrl/prefix_override:/root/codes/iron_yahboomcar_ws/install/yahboomcar_ctrl/lib/python3.8/site-packages:${PYTHONPATH} /usr/bin/python3 setup.py egg_info --egg-base ../../build/yahboomcar_ctrl build --build-base /root/codes/iron_yahboomcar_ws/build/yahboomcar_ctrl/build install --record /root/codes/iron_yahboomcar_ws/build/yahboomcar_ctrl/install.log --install-scripts $base/lib/yahboomcar_ctrl --single-version-externally-managed
[7.423s] running egg_info
[7.425s] creating ../../build/yahboomcar_ctrl/yahboomcar_ctrl.egg-info
[7.427s] writing ../../build/yahboomcar_ctrl/yahboomcar_ctrl.egg-info/PKG-INFO
[7.428s] writing dependency_links to ../../build/yahboomcar_ctrl/yahboomcar_ctrl.egg-info/dependency_links.txt
[7.428s] writing entry points to ../../build/yahboomcar_ctrl/yahboomcar_ctrl.egg-info/entry_points.txt
[7.429s] writing requirements to ../../build/yahboomcar_ctrl/yahboomcar_ctrl.egg-info/requires.txt
[7.429s] writing top-level names to ../../build/yahboomcar_ctrl/yahboomcar_ctrl.egg-info/top_level.txt
[7.438s] writing manifest file '../../build/yahboomcar_ctrl/yahboomcar_ctrl.egg-info/SOURCES.txt'
[7.666s] reading manifest file '../../build/yahboomcar_ctrl/yahboomcar_ctrl.egg-info/SOURCES.txt'
[7.667s] writing manifest file '../../build/yahboomcar_ctrl/yahboomcar_ctrl.egg-info/SOURCES.txt'
[7.667s] running build
[7.668s] running build_py
[7.669s] creating /root/codes/iron_yahboomcar_ws/build/yahboomcar_ctrl/build
[7.669s] creating /root/codes/iron_yahboomcar_ws/build/yahboomcar_ctrl/build/lib
[7.670s] creating /root/codes/iron_yahboomcar_ws/build/yahboomcar_ctrl/build/lib/yahboomcar_ctrl
[7.670s] copying yahboomcar_ctrl/__init__.py -> /root/codes/iron_yahboomcar_ws/build/yahboomcar_ctrl/build/lib/yahboomcar_ctrl
[7.687s] copying yahboomcar_ctrl/yahboom_joy_X3.py -> /root/codes/iron_yahboomcar_ws/build/yahboomcar_ctrl/build/lib/yahboomcar_ctrl
[7.689s] copying yahboomcar_ctrl/yahboom_joy_R2.py -> /root/codes/iron_yahboomcar_ws/build/yahboomcar_ctrl/build/lib/yahboomcar_ctrl
[7.690s] copying yahboomcar_ctrl/yahboom_keyboard.py -> /root/codes/iron_yahboomcar_ws/build/yahboomcar_ctrl/build/lib/yahboomcar_ctrl
[7.691s] running install
[7.694s] running install_lib
[7.704s] running install_data
[7.707s] running install_egg_info
[7.708s] removing '/root/codes/iron_yahboomcar_ws/install/yahboomcar_ctrl/lib/python3.8/site-packages/yahboomcar_ctrl-0.0.0-py3.8.egg-info' (and everything under it)
[7.719s] Copying ../../build/yahboomcar_ctrl/yahboomcar_ctrl.egg-info to /root/codes/iron_yahboomcar_ws/install/yahboomcar_ctrl/lib/python3.8/site-packages/yahboomcar_ctrl-0.0.0-py3.8.egg-info
[7.719s] running install_scripts
[7.834s] Installing yahboom_joy_R2 script to /root/codes/iron_yahboomcar_ws/install/yahboomcar_ctrl/lib/yahboomcar_ctrl
[7.838s] Installing yahboom_joy_X3 script to /root/codes/iron_yahboomcar_ws/install/yahboomcar_ctrl/lib/yahboomcar_ctrl
[7.839s] Installing yahboom_keyboard script to /root/codes/iron_yahboomcar_ws/install/yahboomcar_ctrl/lib/yahboomcar_ctrl
[7.839s] writing list of installed files to '/root/codes/iron_yahboomcar_ws/build/yahboomcar_ctrl/install.log'
[7.967s] Invoked command in '/root/codes/iron_yahboomcar_ws/src/yahboomcar_ctrl' returned '0': PYTHONPATH=/root/codes/iron_yahboomcar_ws/build/yahboomcar_ctrl/prefix_override:/root/codes/iron_yahboomcar_ws/install/yahboomcar_ctrl/lib/python3.8/site-packages:${PYTHONPATH} /usr/bin/python3 setup.py egg_info --egg-base ../../build/yahboomcar_ctrl build --build-base /root/codes/iron_yahboomcar_ws/build/yahboomcar_ctrl/build install --record /root/codes/iron_yahboomcar_ws/build/yahboomcar_ctrl/install.log --install-scripts $base/lib/yahboomcar_ctrl --single-version-externally-managed
