[4.713s] Invoking command in '/root/codes/iron_yahboomcar_ws/src/yahboomcar_color': PYTHONPATH=/root/codes/iron_yahboomcar_ws/build/yahboomcar_color/prefix_override:/root/codes/iron_yahboomcar_ws/install/yahboomcar_color/lib/python3.8/site-packages:${PYTHONPATH} /usr/bin/python3 setup.py egg_info --egg-base ../../build/yahboomcar_color build --build-base /root/codes/iron_yahboomcar_ws/build/yahboomcar_color/build install --record /root/codes/iron_yahboomcar_ws/build/yahboomcar_color/install.log --install-scripts $base/lib/yahboomcar_color --single-version-externally-managed
[6.047s] running egg_info
[6.049s] writing ../../build/yahboomcar_color/yahboomcar_color.egg-info/PKG-INFO
[6.051s] writing dependency_links to ../../build/yahboomcar_color/yahboomcar_color.egg-info/dependency_links.txt
[6.052s] writing entry points to ../../build/yahboomcar_color/yahboomcar_color.egg-info/entry_points.txt
[6.052s] writing requirements to ../../build/yahboomcar_color/yahboomcar_color.egg-info/requires.txt
[6.053s] writing top-level names to ../../build/yahboomcar_color/yahboomcar_color.egg-info/top_level.txt
[6.234s] reading manifest file '../../build/yahboomcar_color/yahboomcar_color.egg-info/SOURCES.txt'
[6.239s] writing manifest file '../../build/yahboomcar_color/yahboomcar_color.egg-info/SOURCES.txt'
[6.240s] running build
[6.240s] running build_py
[6.243s] copying yahboomcar_color/color_service.py -> /root/codes/iron_yahboomcar_ws/build/yahboomcar_color/build/lib/yahboomcar_color
[6.243s] running install
[6.249s] running install_lib
[6.254s] copying /root/codes/iron_yahboomcar_ws/build/yahboomcar_color/build/lib/yahboomcar_color/color_service.py -> /root/codes/iron_yahboomcar_ws/install/yahboomcar_color/lib/python3.8/site-packages/yahboomcar_color
[6.258s] byte-compiling /root/codes/iron_yahboomcar_ws/install/yahboomcar_color/lib/python3.8/site-packages/yahboomcar_color/color_service.py to color_service.cpython-38.pyc
[6.265s] running install_data
[6.268s] running install_egg_info
[6.277s] removing '/root/codes/iron_yahboomcar_ws/install/yahboomcar_color/lib/python3.8/site-packages/yahboomcar_color-0.0.0-py3.8.egg-info' (and everything under it)
[6.278s] Copying ../../build/yahboomcar_color/yahboomcar_color.egg-info to /root/codes/iron_yahboomcar_ws/install/yahboomcar_color/lib/python3.8/site-packages/yahboomcar_color-0.0.0-py3.8.egg-info
[6.309s] running install_scripts
[6.397s] Installing color_service script to /root/codes/iron_yahboomcar_ws/install/yahboomcar_color/lib/yahboomcar_color
[6.398s] writing list of installed files to '/root/codes/iron_yahboomcar_ws/build/yahboomcar_color/install.log'
[6.508s] Invoked command in '/root/codes/iron_yahboomcar_ws/src/yahboomcar_color' returned '0': PYTHONPATH=/root/codes/iron_yahboomcar_ws/build/yahboomcar_color/prefix_override:/root/codes/iron_yahboomcar_ws/install/yahboomcar_color/lib/python3.8/site-packages:${PYTHONPATH} /usr/bin/python3 setup.py egg_info --egg-base ../../build/yahboomcar_color build --build-base /root/codes/iron_yahboomcar_ws/build/yahboomcar_color/build install --record /root/codes/iron_yahboomcar_ws/build/yahboomcar_color/install.log --install-scripts $base/lib/yahboomcar_color --single-version-externally-managed
