[3.212s] DEBUG:colcon:Command line arguments: ['/usr/bin/colcon', 'build', '--packages-select', 'yahboomcar_nav']
[3.213s] DEBUG:colcon:Parsed command line arguments: Namespace(ament_cmake_args=None, base_paths=['.'], build_base='build', catkin_cmake_args=None, catkin_skip_building_tests=False, cmake_args=None, cmake_clean_cache=False, cmake_clean_first=False, cmake_force_configure=False, cmake_target=None, cmake_target_skip_unavailable=False, continue_on_error=False, event_handlers=None, executor='parallel', ignore_user_meta=False, install_base='install', log_base=None, log_level=None, main=<bound method BuildVerb.main of <colcon_core.verb.build.BuildVerb object at 0x7f907983d0>>, merge_install=False, metas=['./colcon.meta'], mixin=None, mixin_files=None, mixin_verb=('build',), packages_above=None, packages_above_and_dependencies=None, packages_above_depth=None, packages_end=None, packages_ignore=None, packages_ignore_regex=None, packages_select=['yahboomcar_nav'], packages_select_build_failed=False, packages_select_by_dep=None, packages_select_regex=None, packages_select_test_failures=False, packages_skip=None, packages_skip_build_finished=False, packages_skip_by_dep=None, packages_skip_regex=None, packages_skip_test_passed=False, packages_skip_up_to=None, packages_start=None, packages_up_to=None, packages_up_to_regex=None, parallel_workers=4, paths=None, symlink_install=False, test_result_base=None, verb_extension=<colcon_core.verb.build.BuildVerb object at 0x7f907983d0>, verb_name='build', verb_parser=<colcon_mixin.mixin.mixin_argument.MixinArgumentDecorator object at 0x7f90798a30>)
[3.497s] Level 1:colcon.colcon_core.package_discovery:discover_packages(colcon_meta) check parameters
[3.504s] INFO:colcon.colcon_metadata.package_discovery.colcon_meta:Using configuration from '/root/.colcon/metadata/default/Gazebo.meta'
[3.507s] INFO:colcon.colcon_metadata.package_discovery.colcon_meta:Using configuration from '/root/.colcon/metadata/default/fastrtps.meta'
[3.507s] Level 1:colcon.colcon_core.package_discovery:discover_packages(recursive) check parameters
[3.507s] Level 1:colcon.colcon_core.package_discovery:discover_packages(ignore) check parameters
[3.507s] Level 1:colcon.colcon_core.package_discovery:discover_packages(path) check parameters
[3.508s] Level 1:colcon.colcon_core.package_discovery:discover_packages(colcon_meta) discover
[3.508s] Level 1:colcon.colcon_core.package_discovery:discover_packages(recursive) discover
[3.508s] INFO:colcon.colcon_core.package_discovery:Crawling recursively for packages in '/root/yahboomcar_ros2_ws/yahboomcar_ws'
[3.508s] Level 1:colcon.colcon_core.package_identification:_identify(.) by extensions ['ignore', 'ignore_ament_install']
[3.509s] Level 1:colcon.colcon_core.package_identification:_identify(.) by extension 'ignore'
[3.509s] Level 1:colcon.colcon_core.package_identification:_identify(.) by extension 'ignore_ament_install'
[3.509s] Level 1:colcon.colcon_core.package_identification:_identify(.) by extensions ['colcon_pkg']
[3.509s] Level 1:colcon.colcon_core.package_identification:_identify(.) by extension 'colcon_pkg'
[3.510s] Level 1:colcon.colcon_core.package_identification:_identify(.) by extensions ['colcon_meta']
[3.510s] Level 1:colcon.colcon_core.package_identification:_identify(.) by extension 'colcon_meta'
[3.510s] Level 1:colcon.colcon_core.package_identification:_identify(.) by extensions ['ros']
[3.510s] Level 1:colcon.colcon_core.package_identification:_identify(.) by extension 'ros'
[3.632s] Level 1:colcon.colcon_core.package_identification:_identify(.) by extensions ['cmake', 'python']
[3.632s] Level 1:colcon.colcon_core.package_identification:_identify(.) by extension 'cmake'
[3.632s] Level 1:colcon.colcon_core.package_identification:_identify(.) by extension 'python'
[3.632s] Level 1:colcon.colcon_core.package_identification:_identify(.) by extensions ['python_setup_py']
[3.632s] Level 1:colcon.colcon_core.package_identification:_identify(.) by extension 'python_setup_py'
[3.637s] Level 1:colcon.colcon_core.package_identification:_identify(build) by extensions ['ignore', 'ignore_ament_install']
[3.638s] Level 1:colcon.colcon_core.package_identification:_identify(build) by extension 'ignore'
[3.638s] Level 1:colcon.colcon_core.package_identification:_identify(build) ignored
[3.642s] Level 1:colcon.colcon_core.package_identification:_identify(install) by extensions ['ignore', 'ignore_ament_install']
[3.643s] Level 1:colcon.colcon_core.package_identification:_identify(install) by extension 'ignore'
[3.643s] Level 1:colcon.colcon_core.package_identification:_identify(install) ignored
[3.646s] Level 1:colcon.colcon_core.package_identification:_identify(log) by extensions ['ignore', 'ignore_ament_install']
[3.646s] Level 1:colcon.colcon_core.package_identification:_identify(log) by extension 'ignore'
[3.646s] Level 1:colcon.colcon_core.package_identification:_identify(log) ignored
[3.647s] Level 1:colcon.colcon_core.package_identification:_identify(src) by extensions ['ignore', 'ignore_ament_install']
[3.647s] Level 1:colcon.colcon_core.package_identification:_identify(src) by extension 'ignore'
[3.647s] Level 1:colcon.colcon_core.package_identification:_identify(src) by extension 'ignore_ament_install'
[3.648s] Level 1:colcon.colcon_core.package_identification:_identify(src) by extensions ['colcon_pkg']
[3.648s] Level 1:colcon.colcon_core.package_identification:_identify(src) by extension 'colcon_pkg'
[3.648s] Level 1:colcon.colcon_core.package_identification:_identify(src) by extensions ['colcon_meta']
[3.648s] Level 1:colcon.colcon_core.package_identification:_identify(src) by extension 'colcon_meta'
[3.648s] Level 1:colcon.colcon_core.package_identification:_identify(src) by extensions ['ros']
[3.648s] Level 1:colcon.colcon_core.package_identification:_identify(src) by extension 'ros'
[3.649s] Level 1:colcon.colcon_core.package_identification:_identify(src) by extensions ['cmake', 'python']
[3.649s] Level 1:colcon.colcon_core.package_identification:_identify(src) by extension 'cmake'
[3.649s] Level 1:colcon.colcon_core.package_identification:_identify(src) by extension 'python'
[3.649s] Level 1:colcon.colcon_core.package_identification:_identify(src) by extensions ['python_setup_py']
[3.649s] Level 1:colcon.colcon_core.package_identification:_identify(src) by extension 'python_setup_py'
[3.651s] Level 1:colcon.colcon_core.package_identification:_identify(src/laserscan_to_point_pulisher) by extensions ['ignore', 'ignore_ament_install']
[3.651s] Level 1:colcon.colcon_core.package_identification:_identify(src/laserscan_to_point_pulisher) by extension 'ignore'
[3.652s] Level 1:colcon.colcon_core.package_identification:_identify(src/laserscan_to_point_pulisher) by extension 'ignore_ament_install'
[3.652s] Level 1:colcon.colcon_core.package_identification:_identify(src/laserscan_to_point_pulisher) by extensions ['colcon_pkg']
[3.652s] Level 1:colcon.colcon_core.package_identification:_identify(src/laserscan_to_point_pulisher) by extension 'colcon_pkg'
[3.652s] Level 1:colcon.colcon_core.package_identification:_identify(src/laserscan_to_point_pulisher) by extensions ['colcon_meta']
[3.652s] Level 1:colcon.colcon_core.package_identification:_identify(src/laserscan_to_point_pulisher) by extension 'colcon_meta'
[3.653s] Level 1:colcon.colcon_core.package_identification:_identify(src/laserscan_to_point_pulisher) by extensions ['ros']
[3.653s] Level 1:colcon.colcon_core.package_identification:_identify(src/laserscan_to_point_pulisher) by extension 'ros'
[3.666s] DEBUG:colcon.colcon_core.package_identification:Package 'src/laserscan_to_point_pulisher' with type 'ros.ament_python' and name 'laserscan_to_point_pulisher'
[3.668s] Level 1:colcon.colcon_core.package_identification:_identify(src/robot_pose_publisher) by extensions ['ignore', 'ignore_ament_install']
[3.669s] Level 1:colcon.colcon_core.package_identification:_identify(src/robot_pose_publisher) by extension 'ignore'
[3.669s] Level 1:colcon.colcon_core.package_identification:_identify(src/robot_pose_publisher) by extension 'ignore_ament_install'
[3.669s] Level 1:colcon.colcon_core.package_identification:_identify(src/robot_pose_publisher) by extensions ['colcon_pkg']
[3.669s] Level 1:colcon.colcon_core.package_identification:_identify(src/robot_pose_publisher) by extension 'colcon_pkg'
[3.669s] Level 1:colcon.colcon_core.package_identification:_identify(src/robot_pose_publisher) by extensions ['colcon_meta']
[3.670s] Level 1:colcon.colcon_core.package_identification:_identify(src/robot_pose_publisher) by extension 'colcon_meta'
[3.670s] Level 1:colcon.colcon_core.package_identification:_identify(src/robot_pose_publisher) by extensions ['ros']
[3.670s] Level 1:colcon.colcon_core.package_identification:_identify(src/robot_pose_publisher) by extension 'ros'
[3.673s] DEBUG:colcon.colcon_core.package_identification:Package 'src/robot_pose_publisher' with type 'ros.ament_python' and name 'robot_pose_publisher'
[3.674s] Level 1:colcon.colcon_core.package_identification:_identify(src/robot_pose_publisher_ros2) by extensions ['ignore', 'ignore_ament_install']
[3.675s] Level 1:colcon.colcon_core.package_identification:_identify(src/robot_pose_publisher_ros2) by extension 'ignore'
[3.675s] Level 1:colcon.colcon_core.package_identification:_identify(src/robot_pose_publisher_ros2) by extension 'ignore_ament_install'
[3.675s] Level 1:colcon.colcon_core.package_identification:_identify(src/robot_pose_publisher_ros2) by extensions ['colcon_pkg']
[3.676s] Level 1:colcon.colcon_core.package_identification:_identify(src/robot_pose_publisher_ros2) by extension 'colcon_pkg'
[3.676s] Level 1:colcon.colcon_core.package_identification:_identify(src/robot_pose_publisher_ros2) by extensions ['colcon_meta']
[3.676s] Level 1:colcon.colcon_core.package_identification:_identify(src/robot_pose_publisher_ros2) by extension 'colcon_meta'
[3.676s] Level 1:colcon.colcon_core.package_identification:_identify(src/robot_pose_publisher_ros2) by extensions ['ros']
[3.676s] Level 1:colcon.colcon_core.package_identification:_identify(src/robot_pose_publisher_ros2) by extension 'ros'
[3.680s] DEBUG:colcon.colcon_core.package_identification:Package 'src/robot_pose_publisher_ros2' with type 'ros.ament_cmake' and name 'robot_pose_publisher_ros2'
[3.682s] Level 1:colcon.colcon_core.package_identification:_identify(src/yahboom_app_save_map) by extensions ['ignore', 'ignore_ament_install']
[3.682s] Level 1:colcon.colcon_core.package_identification:_identify(src/yahboom_app_save_map) by extension 'ignore'
[3.683s] Level 1:colcon.colcon_core.package_identification:_identify(src/yahboom_app_save_map) by extension 'ignore_ament_install'
[3.683s] Level 1:colcon.colcon_core.package_identification:_identify(src/yahboom_app_save_map) by extensions ['colcon_pkg']
[3.683s] Level 1:colcon.colcon_core.package_identification:_identify(src/yahboom_app_save_map) by extension 'colcon_pkg'
[3.683s] Level 1:colcon.colcon_core.package_identification:_identify(src/yahboom_app_save_map) by extensions ['colcon_meta']
[3.683s] Level 1:colcon.colcon_core.package_identification:_identify(src/yahboom_app_save_map) by extension 'colcon_meta'
[3.684s] Level 1:colcon.colcon_core.package_identification:_identify(src/yahboom_app_save_map) by extensions ['ros']
[3.684s] Level 1:colcon.colcon_core.package_identification:_identify(src/yahboom_app_save_map) by extension 'ros'
[3.688s] DEBUG:colcon.colcon_core.package_identification:Package 'src/yahboom_app_save_map' with type 'ros.ament_python' and name 'yahboom_app_save_map'
[3.689s] Level 1:colcon.colcon_core.package_identification:_identify(src/yahboom_web_savmap_interfaces) by extensions ['ignore', 'ignore_ament_install']
[3.690s] Level 1:colcon.colcon_core.package_identification:_identify(src/yahboom_web_savmap_interfaces) by extension 'ignore'
[3.690s] Level 1:colcon.colcon_core.package_identification:_identify(src/yahboom_web_savmap_interfaces) by extension 'ignore_ament_install'
[3.690s] Level 1:colcon.colcon_core.package_identification:_identify(src/yahboom_web_savmap_interfaces) by extensions ['colcon_pkg']
[3.690s] Level 1:colcon.colcon_core.package_identification:_identify(src/yahboom_web_savmap_interfaces) by extension 'colcon_pkg'
[3.691s] Level 1:colcon.colcon_core.package_identification:_identify(src/yahboom_web_savmap_interfaces) by extensions ['colcon_meta']
[3.691s] Level 1:colcon.colcon_core.package_identification:_identify(src/yahboom_web_savmap_interfaces) by extension 'colcon_meta'
[3.691s] Level 1:colcon.colcon_core.package_identification:_identify(src/yahboom_web_savmap_interfaces) by extensions ['ros']
[3.691s] Level 1:colcon.colcon_core.package_identification:_identify(src/yahboom_web_savmap_interfaces) by extension 'ros'
[3.695s] DEBUG:colcon.colcon_core.package_identification:Package 'src/yahboom_web_savmap_interfaces' with type 'ros.ament_cmake' and name 'yahboom_web_savmap_interfaces'
[3.697s] Level 1:colcon.colcon_core.package_identification:_identify(src/yahboomcar_KCFTracker) by extensions ['ignore', 'ignore_ament_install']
[3.697s] Level 1:colcon.colcon_core.package_identification:_identify(src/yahboomcar_KCFTracker) by extension 'ignore'
[3.697s] Level 1:colcon.colcon_core.package_identification:_identify(src/yahboomcar_KCFTracker) by extension 'ignore_ament_install'
[3.697s] Level 1:colcon.colcon_core.package_identification:_identify(src/yahboomcar_KCFTracker) by extensions ['colcon_pkg']
[3.698s] Level 1:colcon.colcon_core.package_identification:_identify(src/yahboomcar_KCFTracker) by extension 'colcon_pkg'
[3.698s] Level 1:colcon.colcon_core.package_identification:_identify(src/yahboomcar_KCFTracker) by extensions ['colcon_meta']
[3.698s] Level 1:colcon.colcon_core.package_identification:_identify(src/yahboomcar_KCFTracker) by extension 'colcon_meta'
[3.698s] Level 1:colcon.colcon_core.package_identification:_identify(src/yahboomcar_KCFTracker) by extensions ['ros']
[3.698s] Level 1:colcon.colcon_core.package_identification:_identify(src/yahboomcar_KCFTracker) by extension 'ros'
[3.702s] DEBUG:colcon.colcon_core.package_identification:Package 'src/yahboomcar_KCFTracker' with type 'ros.ament_cmake' and name 'yahboomcar_KCFTracker'
[3.704s] Level 1:colcon.colcon_core.package_identification:_identify(src/yahboomcar_astra) by extensions ['ignore', 'ignore_ament_install']
[3.705s] Level 1:colcon.colcon_core.package_identification:_identify(src/yahboomcar_astra) by extension 'ignore'
[3.705s] Level 1:colcon.colcon_core.package_identification:_identify(src/yahboomcar_astra) by extension 'ignore_ament_install'
[3.706s] Level 1:colcon.colcon_core.package_identification:_identify(src/yahboomcar_astra) by extensions ['colcon_pkg']
[3.706s] Level 1:colcon.colcon_core.package_identification:_identify(src/yahboomcar_astra) by extension 'colcon_pkg'
[3.706s] Level 1:colcon.colcon_core.package_identification:_identify(src/yahboomcar_astra) by extensions ['colcon_meta']
[3.706s] Level 1:colcon.colcon_core.package_identification:_identify(src/yahboomcar_astra) by extension 'colcon_meta'
[3.706s] Level 1:colcon.colcon_core.package_identification:_identify(src/yahboomcar_astra) by extensions ['ros']
[3.707s] Level 1:colcon.colcon_core.package_identification:_identify(src/yahboomcar_astra) by extension 'ros'
[3.710s] DEBUG:colcon.colcon_core.package_identification:Package 'src/yahboomcar_astra' with type 'ros.ament_python' and name 'yahboomcar_astra'
[3.714s] Level 1:colcon.colcon_core.package_identification:_identify(src/yahboomcar_base_node) by extensions ['ignore', 'ignore_ament_install']
[3.715s] Level 1:colcon.colcon_core.package_identification:_identify(src/yahboomcar_base_node) by extension 'ignore'
[3.715s] Level 1:colcon.colcon_core.package_identification:_identify(src/yahboomcar_base_node) by extension 'ignore_ament_install'
[3.715s] Level 1:colcon.colcon_core.package_identification:_identify(src/yahboomcar_base_node) by extensions ['colcon_pkg']
[3.716s] Level 1:colcon.colcon_core.package_identification:_identify(src/yahboomcar_base_node) by extension 'colcon_pkg'
[3.716s] Level 1:colcon.colcon_core.package_identification:_identify(src/yahboomcar_base_node) by extensions ['colcon_meta']
[3.716s] Level 1:colcon.colcon_core.package_identification:_identify(src/yahboomcar_base_node) by extension 'colcon_meta'
[3.716s] Level 1:colcon.colcon_core.package_identification:_identify(src/yahboomcar_base_node) by extensions ['ros']
[3.716s] Level 1:colcon.colcon_core.package_identification:_identify(src/yahboomcar_base_node) by extension 'ros'
[3.722s] DEBUG:colcon.colcon_core.package_identification:Package 'src/yahboomcar_base_node' with type 'ros.ament_cmake' and name 'yahboomcar_base_node'
[3.726s] Level 1:colcon.colcon_core.package_identification:_identify(src/yahboomcar_bringup) by extensions ['ignore', 'ignore_ament_install']
[3.727s] Level 1:colcon.colcon_core.package_identification:_identify(src/yahboomcar_bringup) by extension 'ignore'
[3.727s] Level 1:colcon.colcon_core.package_identification:_identify(src/yahboomcar_bringup) by extension 'ignore_ament_install'
[3.728s] Level 1:colcon.colcon_core.package_identification:_identify(src/yahboomcar_bringup) by extensions ['colcon_pkg']
[3.728s] Level 1:colcon.colcon_core.package_identification:_identify(src/yahboomcar_bringup) by extension 'colcon_pkg'
[3.728s] Level 1:colcon.colcon_core.package_identification:_identify(src/yahboomcar_bringup) by extensions ['colcon_meta']
[3.728s] Level 1:colcon.colcon_core.package_identification:_identify(src/yahboomcar_bringup) by extension 'colcon_meta'
[3.729s] Level 1:colcon.colcon_core.package_identification:_identify(src/yahboomcar_bringup) by extensions ['ros']
[3.729s] Level 1:colcon.colcon_core.package_identification:_identify(src/yahboomcar_bringup) by extension 'ros'
[3.735s] DEBUG:colcon.colcon_core.package_identification:Package 'src/yahboomcar_bringup' with type 'ros.ament_python' and name 'yahboomcar_bringup'
[3.738s] Level 1:colcon.colcon_core.package_identification:_identify(src/yahboomcar_ctrl) by extensions ['ignore', 'ignore_ament_install']
[3.739s] Level 1:colcon.colcon_core.package_identification:_identify(src/yahboomcar_ctrl) by extension 'ignore'
[3.739s] Level 1:colcon.colcon_core.package_identification:_identify(src/yahboomcar_ctrl) by extension 'ignore_ament_install'
[3.740s] Level 1:colcon.colcon_core.package_identification:_identify(src/yahboomcar_ctrl) by extensions ['colcon_pkg']
[3.740s] Level 1:colcon.colcon_core.package_identification:_identify(src/yahboomcar_ctrl) by extension 'colcon_pkg'
[3.740s] Level 1:colcon.colcon_core.package_identification:_identify(src/yahboomcar_ctrl) by extensions ['colcon_meta']
[3.740s] Level 1:colcon.colcon_core.package_identification:_identify(src/yahboomcar_ctrl) by extension 'colcon_meta'
[3.740s] Level 1:colcon.colcon_core.package_identification:_identify(src/yahboomcar_ctrl) by extensions ['ros']
[3.741s] Level 1:colcon.colcon_core.package_identification:_identify(src/yahboomcar_ctrl) by extension 'ros'
[3.744s] DEBUG:colcon.colcon_core.package_identification:Package 'src/yahboomcar_ctrl' with type 'ros.ament_python' and name 'yahboomcar_ctrl'
[3.749s] Level 1:colcon.colcon_core.package_identification:_identify(src/yahboomcar_description) by extensions ['ignore', 'ignore_ament_install']
[3.750s] Level 1:colcon.colcon_core.package_identification:_identify(src/yahboomcar_description) by extension 'ignore'
[3.750s] Level 1:colcon.colcon_core.package_identification:_identify(src/yahboomcar_description) by extension 'ignore_ament_install'
[3.751s] Level 1:colcon.colcon_core.package_identification:_identify(src/yahboomcar_description) by extensions ['colcon_pkg']
[3.751s] Level 1:colcon.colcon_core.package_identification:_identify(src/yahboomcar_description) by extension 'colcon_pkg'
[3.751s] Level 1:colcon.colcon_core.package_identification:_identify(src/yahboomcar_description) by extensions ['colcon_meta']
[3.751s] Level 1:colcon.colcon_core.package_identification:_identify(src/yahboomcar_description) by extension 'colcon_meta'
[3.752s] Level 1:colcon.colcon_core.package_identification:_identify(src/yahboomcar_description) by extensions ['ros']
[3.752s] Level 1:colcon.colcon_core.package_identification:_identify(src/yahboomcar_description) by extension 'ros'
[3.755s] DEBUG:colcon.colcon_core.package_identification:Package 'src/yahboomcar_description' with type 'ros.ament_python' and name 'yahboomcar_description'
[3.757s] Level 1:colcon.colcon_core.package_identification:_identify(src/yahboomcar_description_x1) by extensions ['ignore', 'ignore_ament_install']
[3.757s] Level 1:colcon.colcon_core.package_identification:_identify(src/yahboomcar_description_x1) by extension 'ignore'
[3.758s] Level 1:colcon.colcon_core.package_identification:_identify(src/yahboomcar_description_x1) by extension 'ignore_ament_install'
[3.758s] Level 1:colcon.colcon_core.package_identification:_identify(src/yahboomcar_description_x1) by extensions ['colcon_pkg']
[3.758s] Level 1:colcon.colcon_core.package_identification:_identify(src/yahboomcar_description_x1) by extension 'colcon_pkg'
[3.758s] Level 1:colcon.colcon_core.package_identification:_identify(src/yahboomcar_description_x1) by extensions ['colcon_meta']
[3.758s] Level 1:colcon.colcon_core.package_identification:_identify(src/yahboomcar_description_x1) by extension 'colcon_meta'
[3.759s] Level 1:colcon.colcon_core.package_identification:_identify(src/yahboomcar_description_x1) by extensions ['ros']
[3.759s] Level 1:colcon.colcon_core.package_identification:_identify(src/yahboomcar_description_x1) by extension 'ros'
[3.763s] DEBUG:colcon.colcon_core.package_identification:Package 'src/yahboomcar_description_x1' with type 'ros.ament_python' and name 'yahboomcar_description_x1'
[3.766s] Level 1:colcon.colcon_core.package_identification:_identify(src/yahboomcar_laser) by extensions ['ignore', 'ignore_ament_install']
[3.767s] Level 1:colcon.colcon_core.package_identification:_identify(src/yahboomcar_laser) by extension 'ignore'
[3.767s] Level 1:colcon.colcon_core.package_identification:_identify(src/yahboomcar_laser) by extension 'ignore_ament_install'
[3.767s] Level 1:colcon.colcon_core.package_identification:_identify(src/yahboomcar_laser) by extensions ['colcon_pkg']
[3.767s] Level 1:colcon.colcon_core.package_identification:_identify(src/yahboomcar_laser) by extension 'colcon_pkg'
[3.768s] Level 1:colcon.colcon_core.package_identification:_identify(src/yahboomcar_laser) by extensions ['colcon_meta']
[3.768s] Level 1:colcon.colcon_core.package_identification:_identify(src/yahboomcar_laser) by extension 'colcon_meta'
[3.768s] Level 1:colcon.colcon_core.package_identification:_identify(src/yahboomcar_laser) by extensions ['ros']
[3.768s] Level 1:colcon.colcon_core.package_identification:_identify(src/yahboomcar_laser) by extension 'ros'
[3.772s] DEBUG:colcon.colcon_core.package_identification:Package 'src/yahboomcar_laser' with type 'ros.ament_python' and name 'yahboomcar_laser'
[3.776s] Level 1:colcon.colcon_core.package_identification:_identify(src/yahboomcar_linefollow) by extensions ['ignore', 'ignore_ament_install']
[3.776s] Level 1:colcon.colcon_core.package_identification:_identify(src/yahboomcar_linefollow) by extension 'ignore'
[3.776s] Level 1:colcon.colcon_core.package_identification:_identify(src/yahboomcar_linefollow) by extension 'ignore_ament_install'
[3.777s] Level 1:colcon.colcon_core.package_identification:_identify(src/yahboomcar_linefollow) by extensions ['colcon_pkg']
[3.777s] Level 1:colcon.colcon_core.package_identification:_identify(src/yahboomcar_linefollow) by extension 'colcon_pkg'
[3.777s] Level 1:colcon.colcon_core.package_identification:_identify(src/yahboomcar_linefollow) by extensions ['colcon_meta']
[3.777s] Level 1:colcon.colcon_core.package_identification:_identify(src/yahboomcar_linefollow) by extension 'colcon_meta'
[3.778s] Level 1:colcon.colcon_core.package_identification:_identify(src/yahboomcar_linefollow) by extensions ['ros']
[3.778s] Level 1:colcon.colcon_core.package_identification:_identify(src/yahboomcar_linefollow) by extension 'ros'
[3.782s] DEBUG:colcon.colcon_core.package_identification:Package 'src/yahboomcar_linefollow' with type 'ros.ament_python' and name 'yahboomcar_linefollow'
[3.785s] Level 1:colcon.colcon_core.package_identification:_identify(src/yahboomcar_mediapipe) by extensions ['ignore', 'ignore_ament_install']
[3.785s] Level 1:colcon.colcon_core.package_identification:_identify(src/yahboomcar_mediapipe) by extension 'ignore'
[3.786s] Level 1:colcon.colcon_core.package_identification:_identify(src/yahboomcar_mediapipe) by extension 'ignore_ament_install'
[3.786s] Level 1:colcon.colcon_core.package_identification:_identify(src/yahboomcar_mediapipe) by extensions ['colcon_pkg']
[3.786s] Level 1:colcon.colcon_core.package_identification:_identify(src/yahboomcar_mediapipe) by extension 'colcon_pkg'
[3.786s] Level 1:colcon.colcon_core.package_identification:_identify(src/yahboomcar_mediapipe) by extensions ['colcon_meta']
[3.786s] Level 1:colcon.colcon_core.package_identification:_identify(src/yahboomcar_mediapipe) by extension 'colcon_meta'
[3.787s] Level 1:colcon.colcon_core.package_identification:_identify(src/yahboomcar_mediapipe) by extensions ['ros']
[3.787s] Level 1:colcon.colcon_core.package_identification:_identify(src/yahboomcar_mediapipe) by extension 'ros'
[3.790s] DEBUG:colcon.colcon_core.package_identification:Package 'src/yahboomcar_mediapipe' with type 'ros.ament_python' and name 'yahboomcar_mediapipe'
[3.792s] Level 1:colcon.colcon_core.package_identification:_identify(src/yahboomcar_msgs) by extensions ['ignore', 'ignore_ament_install']
[3.793s] Level 1:colcon.colcon_core.package_identification:_identify(src/yahboomcar_msgs) by extension 'ignore'
[3.793s] Level 1:colcon.colcon_core.package_identification:_identify(src/yahboomcar_msgs) by extension 'ignore_ament_install'
[3.793s] Level 1:colcon.colcon_core.package_identification:_identify(src/yahboomcar_msgs) by extensions ['colcon_pkg']
[3.793s] Level 1:colcon.colcon_core.package_identification:_identify(src/yahboomcar_msgs) by extension 'colcon_pkg'
[3.793s] Level 1:colcon.colcon_core.package_identification:_identify(src/yahboomcar_msgs) by extensions ['colcon_meta']
[3.794s] Level 1:colcon.colcon_core.package_identification:_identify(src/yahboomcar_msgs) by extension 'colcon_meta'
[3.794s] Level 1:colcon.colcon_core.package_identification:_identify(src/yahboomcar_msgs) by extensions ['ros']
[3.794s] Level 1:colcon.colcon_core.package_identification:_identify(src/yahboomcar_msgs) by extension 'ros'
[3.798s] DEBUG:colcon.colcon_core.package_identification:Package 'src/yahboomcar_msgs' with type 'ros.ament_cmake' and name 'yahboomcar_msgs'
[3.799s] Level 1:colcon.colcon_core.package_identification:_identify(src/yahboomcar_nav) by extensions ['ignore', 'ignore_ament_install']
[3.799s] Level 1:colcon.colcon_core.package_identification:_identify(src/yahboomcar_nav) by extension 'ignore'
[3.800s] Level 1:colcon.colcon_core.package_identification:_identify(src/yahboomcar_nav) by extension 'ignore_ament_install'
[3.800s] Level 1:colcon.colcon_core.package_identification:_identify(src/yahboomcar_nav) by extensions ['colcon_pkg']
[3.800s] Level 1:colcon.colcon_core.package_identification:_identify(src/yahboomcar_nav) by extension 'colcon_pkg'
[3.800s] Level 1:colcon.colcon_core.package_identification:_identify(src/yahboomcar_nav) by extensions ['colcon_meta']
[3.800s] Level 1:colcon.colcon_core.package_identification:_identify(src/yahboomcar_nav) by extension 'colcon_meta'
[3.801s] Level 1:colcon.colcon_core.package_identification:_identify(src/yahboomcar_nav) by extensions ['ros']
[3.801s] Level 1:colcon.colcon_core.package_identification:_identify(src/yahboomcar_nav) by extension 'ros'
[3.805s] DEBUG:colcon.colcon_core.package_identification:Package 'src/yahboomcar_nav' with type 'ros.ament_python' and name 'yahboomcar_nav'
[3.807s] Level 1:colcon.colcon_core.package_identification:_identify(src/yahboomcar_point) by extensions ['ignore', 'ignore_ament_install']
[3.808s] Level 1:colcon.colcon_core.package_identification:_identify(src/yahboomcar_point) by extension 'ignore'
[3.808s] Level 1:colcon.colcon_core.package_identification:_identify(src/yahboomcar_point) by extension 'ignore_ament_install'
[3.808s] Level 1:colcon.colcon_core.package_identification:_identify(src/yahboomcar_point) by extensions ['colcon_pkg']
[3.808s] Level 1:colcon.colcon_core.package_identification:_identify(src/yahboomcar_point) by extension 'colcon_pkg'
[3.809s] Level 1:colcon.colcon_core.package_identification:_identify(src/yahboomcar_point) by extensions ['colcon_meta']
[3.809s] Level 1:colcon.colcon_core.package_identification:_identify(src/yahboomcar_point) by extension 'colcon_meta'
[3.809s] Level 1:colcon.colcon_core.package_identification:_identify(src/yahboomcar_point) by extensions ['ros']
[3.809s] Level 1:colcon.colcon_core.package_identification:_identify(src/yahboomcar_point) by extension 'ros'
[3.813s] DEBUG:colcon.colcon_core.package_identification:Package 'src/yahboomcar_point' with type 'ros.ament_cmake' and name 'yahboomcar_point'
[3.814s] Level 1:colcon.colcon_core.package_identification:_identify(src/yahboomcar_slam) by extensions ['ignore', 'ignore_ament_install']
[3.814s] Level 1:colcon.colcon_core.package_identification:_identify(src/yahboomcar_slam) by extension 'ignore'
[3.815s] Level 1:colcon.colcon_core.package_identification:_identify(src/yahboomcar_slam) by extension 'ignore_ament_install'
[3.815s] Level 1:colcon.colcon_core.package_identification:_identify(src/yahboomcar_slam) by extensions ['colcon_pkg']
[3.815s] Level 1:colcon.colcon_core.package_identification:_identify(src/yahboomcar_slam) by extension 'colcon_pkg'
[3.815s] Level 1:colcon.colcon_core.package_identification:_identify(src/yahboomcar_slam) by extensions ['colcon_meta']
[3.816s] Level 1:colcon.colcon_core.package_identification:_identify(src/yahboomcar_slam) by extension 'colcon_meta'
[3.816s] Level 1:colcon.colcon_core.package_identification:_identify(src/yahboomcar_slam) by extensions ['ros']
[3.816s] Level 1:colcon.colcon_core.package_identification:_identify(src/yahboomcar_slam) by extension 'ros'
[3.823s] DEBUG:colcon.colcon_core.package_identification:Package 'src/yahboomcar_slam' with type 'ros.ament_cmake' and name 'yahboomcar_slam'
[3.825s] Level 1:colcon.colcon_core.package_identification:_identify(src/yahboomcar_visual) by extensions ['ignore', 'ignore_ament_install']
[3.825s] Level 1:colcon.colcon_core.package_identification:_identify(src/yahboomcar_visual) by extension 'ignore'
[3.826s] Level 1:colcon.colcon_core.package_identification:_identify(src/yahboomcar_visual) by extension 'ignore_ament_install'
[3.826s] Level 1:colcon.colcon_core.package_identification:_identify(src/yahboomcar_visual) by extensions ['colcon_pkg']
[3.826s] Level 1:colcon.colcon_core.package_identification:_identify(src/yahboomcar_visual) by extension 'colcon_pkg'
[3.826s] Level 1:colcon.colcon_core.package_identification:_identify(src/yahboomcar_visual) by extensions ['colcon_meta']
[3.826s] Level 1:colcon.colcon_core.package_identification:_identify(src/yahboomcar_visual) by extension 'colcon_meta'
[3.827s] Level 1:colcon.colcon_core.package_identification:_identify(src/yahboomcar_visual) by extensions ['ros']
[3.827s] Level 1:colcon.colcon_core.package_identification:_identify(src/yahboomcar_visual) by extension 'ros'
[3.830s] DEBUG:colcon.colcon_core.package_identification:Package 'src/yahboomcar_visual' with type 'ros.ament_python' and name 'yahboomcar_visual'
[3.834s] Level 1:colcon.colcon_core.package_identification:_identify(src/yahboomcar_voice_ctrl) by extensions ['ignore', 'ignore_ament_install']
[3.834s] Level 1:colcon.colcon_core.package_identification:_identify(src/yahboomcar_voice_ctrl) by extension 'ignore'
[3.834s] Level 1:colcon.colcon_core.package_identification:_identify(src/yahboomcar_voice_ctrl) by extension 'ignore_ament_install'
[3.835s] Level 1:colcon.colcon_core.package_identification:_identify(src/yahboomcar_voice_ctrl) by extensions ['colcon_pkg']
[3.835s] Level 1:colcon.colcon_core.package_identification:_identify(src/yahboomcar_voice_ctrl) by extension 'colcon_pkg'
[3.835s] Level 1:colcon.colcon_core.package_identification:_identify(src/yahboomcar_voice_ctrl) by extensions ['colcon_meta']
[3.835s] Level 1:colcon.colcon_core.package_identification:_identify(src/yahboomcar_voice_ctrl) by extension 'colcon_meta'
[3.836s] Level 1:colcon.colcon_core.package_identification:_identify(src/yahboomcar_voice_ctrl) by extensions ['ros']
[3.836s] Level 1:colcon.colcon_core.package_identification:_identify(src/yahboomcar_voice_ctrl) by extension 'ros'
[3.839s] DEBUG:colcon.colcon_core.package_identification:Package 'src/yahboomcar_voice_ctrl' with type 'ros.ament_python' and name 'yahboomcar_voice_ctrl'
[3.839s] Level 1:colcon.colcon_core.package_discovery:discover_packages(recursive) using defaults
[3.840s] Level 1:colcon.colcon_core.package_discovery:discover_packages(ignore) discover
[3.840s] Level 1:colcon.colcon_core.package_discovery:discover_packages(ignore) using defaults
[3.840s] Level 1:colcon.colcon_core.package_discovery:discover_packages(path) discover
[3.840s] Level 1:colcon.colcon_core.package_discovery:discover_packages(path) using defaults
[4.025s] INFO:colcon.colcon_core.package_selection:Skipping not selected package 'laserscan_to_point_pulisher' in 'src/laserscan_to_point_pulisher'
[4.026s] INFO:colcon.colcon_core.package_selection:Skipping not selected package 'robot_pose_publisher' in 'src/robot_pose_publisher'
[4.026s] INFO:colcon.colcon_core.package_selection:Skipping not selected package 'robot_pose_publisher_ros2' in 'src/robot_pose_publisher_ros2'
[4.026s] INFO:colcon.colcon_core.package_selection:Skipping not selected package 'yahboom_app_save_map' in 'src/yahboom_app_save_map'
[4.026s] INFO:colcon.colcon_core.package_selection:Skipping not selected package 'yahboom_web_savmap_interfaces' in 'src/yahboom_web_savmap_interfaces'
[4.026s] INFO:colcon.colcon_core.package_selection:Skipping not selected package 'yahboomcar_KCFTracker' in 'src/yahboomcar_KCFTracker'
[4.026s] INFO:colcon.colcon_core.package_selection:Skipping not selected package 'yahboomcar_astra' in 'src/yahboomcar_astra'
[4.026s] INFO:colcon.colcon_core.package_selection:Skipping not selected package 'yahboomcar_base_node' in 'src/yahboomcar_base_node'
[4.026s] INFO:colcon.colcon_core.package_selection:Skipping not selected package 'yahboomcar_bringup' in 'src/yahboomcar_bringup'
[4.027s] INFO:colcon.colcon_core.package_selection:Skipping not selected package 'yahboomcar_ctrl' in 'src/yahboomcar_ctrl'
[4.027s] INFO:colcon.colcon_core.package_selection:Skipping not selected package 'yahboomcar_description' in 'src/yahboomcar_description'
[4.027s] INFO:colcon.colcon_core.package_selection:Skipping not selected package 'yahboomcar_description_x1' in 'src/yahboomcar_description_x1'
[4.027s] INFO:colcon.colcon_core.package_selection:Skipping not selected package 'yahboomcar_laser' in 'src/yahboomcar_laser'
[4.027s] INFO:colcon.colcon_core.package_selection:Skipping not selected package 'yahboomcar_linefollow' in 'src/yahboomcar_linefollow'
[4.027s] INFO:colcon.colcon_core.package_selection:Skipping not selected package 'yahboomcar_mediapipe' in 'src/yahboomcar_mediapipe'
[4.027s] INFO:colcon.colcon_core.package_selection:Skipping not selected package 'yahboomcar_msgs' in 'src/yahboomcar_msgs'
[4.027s] INFO:colcon.colcon_core.package_selection:Skipping not selected package 'yahboomcar_slam' in 'src/yahboomcar_slam'
[4.028s] INFO:colcon.colcon_core.package_selection:Skipping not selected package 'yahboomcar_visual' in 'src/yahboomcar_visual'
[4.028s] INFO:colcon.colcon_core.package_selection:Skipping not selected package 'yahboomcar_voice_ctrl' in 'src/yahboomcar_voice_ctrl'
[4.028s] INFO:colcon.colcon_core.package_selection:Skipping not selected package 'yahboomcar_point' in 'src/yahboomcar_point'
[4.034s] Level 5:colcon.colcon_core.verb:set package 'yahboomcar_nav' build argument 'cmake_args' from command line to 'None'
[4.034s] Level 5:colcon.colcon_core.verb:set package 'yahboomcar_nav' build argument 'cmake_target' from command line to 'None'
[4.034s] Level 5:colcon.colcon_core.verb:set package 'yahboomcar_nav' build argument 'cmake_target_skip_unavailable' from command line to 'False'
[4.034s] Level 5:colcon.colcon_core.verb:set package 'yahboomcar_nav' build argument 'cmake_clean_cache' from command line to 'False'
[4.034s] Level 5:colcon.colcon_core.verb:set package 'yahboomcar_nav' build argument 'cmake_clean_first' from command line to 'False'
[4.034s] Level 5:colcon.colcon_core.verb:set package 'yahboomcar_nav' build argument 'cmake_force_configure' from command line to 'False'
[4.034s] Level 5:colcon.colcon_core.verb:set package 'yahboomcar_nav' build argument 'ament_cmake_args' from command line to 'None'
[4.035s] Level 5:colcon.colcon_core.verb:set package 'yahboomcar_nav' build argument 'catkin_cmake_args' from command line to 'None'
[4.035s] Level 5:colcon.colcon_core.verb:set package 'yahboomcar_nav' build argument 'catkin_skip_building_tests' from command line to 'False'
[4.035s] DEBUG:colcon.colcon_core.verb:Building package 'yahboomcar_nav' with the following arguments: {'ament_cmake_args': None, 'build_base': '/root/yahboomcar_ros2_ws/yahboomcar_ws/build/yahboomcar_nav', 'catkin_cmake_args': None, 'catkin_skip_building_tests': False, 'cmake_args': None, 'cmake_clean_cache': False, 'cmake_clean_first': False, 'cmake_force_configure': False, 'cmake_target': None, 'cmake_target_skip_unavailable': False, 'install_base': '/root/yahboomcar_ros2_ws/yahboomcar_ws/install/yahboomcar_nav', 'merge_install': False, 'path': '/root/yahboomcar_ros2_ws/yahboomcar_ws/src/yahboomcar_nav', 'symlink_install': False, 'test_result_base': None}
[4.038s] INFO:colcon.colcon_core.executor:Executing jobs using 'parallel' executor
[4.056s] DEBUG:colcon.colcon_parallel_executor.executor.parallel:run_until_complete
[4.057s] INFO:colcon.colcon_ros.task.ament_python.build:Building ROS package in '/root/yahboomcar_ros2_ws/yahboomcar_ws/src/yahboomcar_nav' with build type 'ament_python'
[4.057s] Level 1:colcon.colcon_core.shell:create_environment_hook('yahboomcar_nav', 'ament_prefix_path')
[4.105s] INFO:colcon.colcon_core.plugin_system:Skipping extension 'colcon_core.shell.bat': Not used on non-Windows systems
[4.106s] INFO:colcon.colcon_core.shell:Creating environment hook '/root/yahboomcar_ros2_ws/yahboomcar_ws/install/yahboomcar_nav/share/yahboomcar_nav/hook/ament_prefix_path.ps1'
[4.109s] INFO:colcon.colcon_core.shell:Creating environment descriptor '/root/yahboomcar_ros2_ws/yahboomcar_ws/install/yahboomcar_nav/share/yahboomcar_nav/hook/ament_prefix_path.dsv'
[4.112s] INFO:colcon.colcon_core.shell:Creating environment hook '/root/yahboomcar_ros2_ws/yahboomcar_ws/install/yahboomcar_nav/share/yahboomcar_nav/hook/ament_prefix_path.sh'
[4.122s] INFO:colcon.colcon_core.shell:Skip shell extension 'powershell' for command environment: Not usable outside of PowerShell
[4.122s] DEBUG:colcon.colcon_core.shell:Skip shell extension 'dsv' for command environment
[5.664s] INFO:colcon.colcon_core.task.python.build:Building Python package in '/root/yahboomcar_ros2_ws/yahboomcar_ws/src/yahboomcar_nav'
[5.672s] INFO:colcon.colcon_core.shell:Skip shell extension 'powershell' for command environment: Not usable outside of PowerShell
[5.673s] DEBUG:colcon.colcon_core.shell:Skip shell extension 'dsv' for command environment
[8.508s] DEBUG:colcon.colcon_core.event_handler.log_command:Invoking command in '/root/yahboomcar_ros2_ws/yahboomcar_ws/src/yahboomcar_nav': PYTHONPATH=/root/yahboomcar_ros2_ws/yahboomcar_ws/build/yahboomcar_nav/prefix_override:/root/yahboomcar_ros2_ws/yahboomcar_ws/install/yahboomcar_nav/lib/python3.8/site-packages:${PYTHONPATH} /usr/bin/python3 setup.py egg_info --egg-base ../../build/yahboomcar_nav build --build-base /root/yahboomcar_ros2_ws/yahboomcar_ws/build/yahboomcar_nav/build install --record /root/yahboomcar_ros2_ws/yahboomcar_ws/build/yahboomcar_nav/install.log --install-scripts $base/lib/yahboomcar_nav --single-version-externally-managed
[10.169s] DEBUG:colcon.colcon_core.event_handler.log_command:Invoked command in '/root/yahboomcar_ros2_ws/yahboomcar_ws/src/yahboomcar_nav' returned '0': PYTHONPATH=/root/yahboomcar_ros2_ws/yahboomcar_ws/build/yahboomcar_nav/prefix_override:/root/yahboomcar_ros2_ws/yahboomcar_ws/install/yahboomcar_nav/lib/python3.8/site-packages:${PYTHONPATH} /usr/bin/python3 setup.py egg_info --egg-base ../../build/yahboomcar_nav build --build-base /root/yahboomcar_ros2_ws/yahboomcar_ws/build/yahboomcar_nav/build install --record /root/yahboomcar_ros2_ws/yahboomcar_ws/build/yahboomcar_nav/install.log --install-scripts $base/lib/yahboomcar_nav --single-version-externally-managed
[10.219s] Level 1:colcon.colcon_core.environment:checking '/root/yahboomcar_ros2_ws/yahboomcar_ws/install/yahboomcar_nav' for CMake module files
[10.230s] Level 1:colcon.colcon_core.environment:checking '/root/yahboomcar_ros2_ws/yahboomcar_ws/install/yahboomcar_nav' for CMake config files
[10.278s] Level 1:colcon.colcon_core.environment:checking '/root/yahboomcar_ros2_ws/yahboomcar_ws/install/yahboomcar_nav/lib'
[10.279s] Level 1:colcon.colcon_core.environment:checking '/root/yahboomcar_ros2_ws/yahboomcar_ws/install/yahboomcar_nav/bin'
[10.280s] Level 1:colcon.colcon_core.environment:checking '/root/yahboomcar_ros2_ws/yahboomcar_ws/install/yahboomcar_nav/lib/pkgconfig/yahboomcar_nav.pc'
[10.280s] Level 1:colcon.colcon_core.environment:checking '/root/yahboomcar_ros2_ws/yahboomcar_ws/install/yahboomcar_nav/lib/python3.8/site-packages'
[10.281s] Level 1:colcon.colcon_core.shell:create_environment_hook('yahboomcar_nav', 'pythonpath')
[10.288s] INFO:colcon.colcon_core.shell:Creating environment hook '/root/yahboomcar_ros2_ws/yahboomcar_ws/install/yahboomcar_nav/share/yahboomcar_nav/hook/pythonpath.ps1'
[10.290s] INFO:colcon.colcon_core.shell:Creating environment descriptor '/root/yahboomcar_ros2_ws/yahboomcar_ws/install/yahboomcar_nav/share/yahboomcar_nav/hook/pythonpath.dsv'
[10.292s] INFO:colcon.colcon_core.shell:Creating environment hook '/root/yahboomcar_ros2_ws/yahboomcar_ws/install/yahboomcar_nav/share/yahboomcar_nav/hook/pythonpath.sh'
[10.294s] Level 1:colcon.colcon_core.environment:checking '/root/yahboomcar_ros2_ws/yahboomcar_ws/install/yahboomcar_nav/bin'
[10.294s] Level 1:colcon.colcon_core.environment:create_environment_scripts_only(yahboomcar_nav)
[10.303s] INFO:colcon.colcon_core.shell:Creating package script '/root/yahboomcar_ros2_ws/yahboomcar_ws/install/yahboomcar_nav/share/yahboomcar_nav/package.ps1'
[10.318s] INFO:colcon.colcon_core.shell:Creating package descriptor '/root/yahboomcar_ros2_ws/yahboomcar_ws/install/yahboomcar_nav/share/yahboomcar_nav/package.dsv'
[10.322s] INFO:colcon.colcon_core.shell:Creating package script '/root/yahboomcar_ros2_ws/yahboomcar_ws/install/yahboomcar_nav/share/yahboomcar_nav/package.sh'
[10.326s] INFO:colcon.colcon_core.shell:Creating package script '/root/yahboomcar_ros2_ws/yahboomcar_ws/install/yahboomcar_nav/share/yahboomcar_nav/package.bash'
[10.330s] INFO:colcon.colcon_core.shell:Creating package script '/root/yahboomcar_ros2_ws/yahboomcar_ws/install/yahboomcar_nav/share/yahboomcar_nav/package.zsh'
[10.333s] Level 1:colcon.colcon_core.environment:create_file_with_runtime_dependencies(/root/yahboomcar_ros2_ws/yahboomcar_ws/install/yahboomcar_nav/share/colcon-core/packages/yahboomcar_nav)
[10.335s] DEBUG:colcon.colcon_parallel_executor.executor.parallel:closing loop
[10.336s] DEBUG:colcon.colcon_parallel_executor.executor.parallel:loop closed
[10.336s] DEBUG:colcon.colcon_parallel_executor.executor.parallel:run_until_complete finished with '0'
[10.342s] DEBUG:colcon.colcon_core.event_reactor:joining thread
[10.396s] INFO:colcon.colcon_core.plugin_system:Skipping extension 'colcon_notification.desktop_notification.notify_send': Could not find 'notify-send'
[10.396s] INFO:colcon.colcon_core.plugin_system:Skipping extension 'colcon_notification.desktop_notification.terminal_notifier': Not used on non-Darwin systems
[10.397s] INFO:colcon.colcon_core.plugin_system:Skipping extension 'colcon_notification.desktop_notification.win32': Not used on non-Windows systems
[10.397s] INFO:colcon.colcon_notification.desktop_notification:Sending desktop notification using 'notify2'
[10.455s] DEBUG:colcon.colcon_notification.desktop_notification.notify2:Failed to initialize notify2: org.freedesktop.DBus.Error.ServiceUnknown: The name org.freedesktop.Notifications was not provided by any .service files
[10.456s] DEBUG:colcon.colcon_core.event_reactor:joined thread
[10.465s] INFO:colcon.colcon_core.shell:Creating prefix script '/root/yahboomcar_ros2_ws/yahboomcar_ws/install/local_setup.ps1'
[10.470s] INFO:colcon.colcon_core.shell:Creating prefix util module '/root/yahboomcar_ros2_ws/yahboomcar_ws/install/_local_setup_util_ps1.py'
[10.481s] INFO:colcon.colcon_core.shell:Creating prefix chain script '/root/yahboomcar_ros2_ws/yahboomcar_ws/install/setup.ps1'
[10.506s] INFO:colcon.colcon_core.shell:Creating prefix script '/root/yahboomcar_ros2_ws/yahboomcar_ws/install/local_setup.sh'
[10.509s] INFO:colcon.colcon_core.shell:Creating prefix util module '/root/yahboomcar_ros2_ws/yahboomcar_ws/install/_local_setup_util_sh.py'
[10.512s] INFO:colcon.colcon_core.shell:Creating prefix chain script '/root/yahboomcar_ros2_ws/yahboomcar_ws/install/setup.sh'
[10.532s] INFO:colcon.colcon_core.shell:Creating prefix script '/root/yahboomcar_ros2_ws/yahboomcar_ws/install/local_setup.bash'
[10.535s] INFO:colcon.colcon_core.shell:Creating prefix chain script '/root/yahboomcar_ros2_ws/yahboomcar_ws/install/setup.bash'
[10.566s] INFO:colcon.colcon_core.shell:Creating prefix script '/root/yahboomcar_ros2_ws/yahboomcar_ws/install/local_setup.zsh'
[10.569s] INFO:colcon.colcon_core.shell:Creating prefix chain script '/root/yahboomcar_ros2_ws/yahboomcar_ws/install/setup.zsh'
