[5.393s] Invoking command in '/root/yahboomcar_ros2_ws/yahboomcar_ws/src/yahboomcar_description': PYTHONPATH=/root/yahboomcar_ros2_ws/yahboomcar_ws/build/yahboomcar_description/prefix_override:/root/yahboomcar_ros2_ws/yahboomcar_ws/install/yahboomcar_description/lib/python3.8/site-packages:${PYTHONPATH} /usr/bin/python3 setup.py egg_info --egg-base ../../build/yahboomcar_description build --build-base /root/yahboomcar_ros2_ws/yahboomcar_ws/build/yahboomcar_description/build install --record /root/yahboomcar_ros2_ws/yahboomcar_ws/build/yahboomcar_description/install.log --install-scripts $base/lib/yahboomcar_description --single-version-externally-managed
[6.697s] running egg_info
[6.700s] writing ../../build/yahboomcar_description/yahboomcar_description.egg-info/PKG-INFO
[6.704s] writing dependency_links to ../../build/yahboomcar_description/yahboomcar_description.egg-info/dependency_links.txt
[6.705s] writing entry points to ../../build/yahboomcar_description/yahboomcar_description.egg-info/entry_points.txt
[6.705s] writing requirements to ../../build/yahboomcar_description/yahboomcar_description.egg-info/requires.txt
[6.706s] writing top-level names to ../../build/yahboomcar_description/yahboomcar_description.egg-info/top_level.txt
[6.907s] reading manifest file '../../build/yahboomcar_description/yahboomcar_description.egg-info/SOURCES.txt'
[6.920s] writing manifest file '../../build/yahboomcar_description/yahboomcar_description.egg-info/SOURCES.txt'
[6.920s] running build
[6.923s] running build_py
[6.924s] running install
[6.925s] running install_lib
[6.930s] running install_data
[6.935s] running install_egg_info
[6.942s] removing '/root/yahboomcar_ros2_ws/yahboomcar_ws/install/yahboomcar_description/lib/python3.8/site-packages/yahboomcar_description-0.0.0-py3.8.egg-info' (and everything under it)
[6.946s] Copying ../../build/yahboomcar_description/yahboomcar_description.egg-info to /root/yahboomcar_ros2_ws/yahboomcar_ws/install/yahboomcar_description/lib/python3.8/site-packages/yahboomcar_description-0.0.0-py3.8.egg-info
[6.958s] running install_scripts
[7.043s] writing list of installed files to '/root/yahboomcar_ros2_ws/yahboomcar_ws/build/yahboomcar_description/install.log'
[7.160s] Invoked command in '/root/yahboomcar_ros2_ws/yahboomcar_ws/src/yahboomcar_description' returned '0': PYTHONPATH=/root/yahboomcar_ros2_ws/yahboomcar_ws/build/yahboomcar_description/prefix_override:/root/yahboomcar_ros2_ws/yahboomcar_ws/install/yahboomcar_description/lib/python3.8/site-packages:${PYTHONPATH} /usr/bin/python3 setup.py egg_info --egg-base ../../build/yahboomcar_description build --build-base /root/yahboomcar_ros2_ws/yahboomcar_ws/build/yahboomcar_description/build install --record /root/yahboomcar_ros2_ws/yahboomcar_ws/build/yahboomcar_description/install.log --install-scripts $base/lib/yahboomcar_description --single-version-externally-managed
