[11.945s] Invoking command in '/root/codes/iron_yahboomcar_ws/src/laserscan_to_point_pulisher': PYTHONPATH=/root/codes/iron_yahboomcar_ws/build/laserscan_to_point_pulisher/prefix_override:/root/codes/iron_yahboomcar_ws/install/laserscan_to_point_pulisher/lib/python3.8/site-packages:${PYTHONPATH} /usr/bin/python3 setup.py egg_info --egg-base ../../build/laserscan_to_point_pulisher build --build-base /root/codes/iron_yahboomcar_ws/build/laserscan_to_point_pulisher/build install --record /root/codes/iron_yahboomcar_ws/build/laserscan_to_point_pulisher/install.log --install-scripts $base/lib/laserscan_to_point_pulisher --single-version-externally-managed
[13.347s] running egg_info
[13.350s] creating ../../build/laserscan_to_point_pulisher/laserscan_to_point_pulisher.egg-info
[13.351s] writing ../../build/laserscan_to_point_pulisher/laserscan_to_point_pulisher.egg-info/PKG-INFO
[13.352s] writing dependency_links to ../../build/laserscan_to_point_pulisher/laserscan_to_point_pulisher.egg-info/dependency_links.txt
[13.352s] writing entry points to ../../build/laserscan_to_point_pulisher/laserscan_to_point_pulisher.egg-info/entry_points.txt
[13.353s] writing requirements to ../../build/laserscan_to_point_pulisher/laserscan_to_point_pulisher.egg-info/requires.txt
[13.353s] writing top-level names to ../../build/laserscan_to_point_pulisher/laserscan_to_point_pulisher.egg-info/top_level.txt
[14.345s] writing manifest file '../../build/laserscan_to_point_pulisher/laserscan_to_point_pulisher.egg-info/SOURCES.txt'
[14.515s] reading manifest file '../../build/laserscan_to_point_pulisher/laserscan_to_point_pulisher.egg-info/SOURCES.txt'
[14.522s] writing manifest file '../../build/laserscan_to_point_pulisher/laserscan_to_point_pulisher.egg-info/SOURCES.txt'
[14.522s] running build
[14.523s] running build_py
[14.523s] creating /root/codes/iron_yahboomcar_ws/build/laserscan_to_point_pulisher/build
[14.524s] creating /root/codes/iron_yahboomcar_ws/build/laserscan_to_point_pulisher/build/lib
[14.525s] creating /root/codes/iron_yahboomcar_ws/build/laserscan_to_point_pulisher/build/lib/laserscan_to_point_pulisher
[14.525s] copying laserscan_to_point_pulisher/__init__.py -> /root/codes/iron_yahboomcar_ws/build/laserscan_to_point_pulisher/build/lib/laserscan_to_point_pulisher
[14.526s] copying laserscan_to_point_pulisher/laserscan_to_point_publish.py -> /root/codes/iron_yahboomcar_ws/build/laserscan_to_point_pulisher/build/lib/laserscan_to_point_pulisher
[14.526s] running install
[14.527s] running install_lib
[14.531s] copying /root/codes/iron_yahboomcar_ws/build/laserscan_to_point_pulisher/build/lib/laserscan_to_point_pulisher/__init__.py -> /root/codes/iron_yahboomcar_ws/install/laserscan_to_point_pulisher/lib/python3.8/site-packages/laserscan_to_point_pulisher
[14.532s] copying /root/codes/iron_yahboomcar_ws/build/laserscan_to_point_pulisher/build/lib/laserscan_to_point_pulisher/laserscan_to_point_publish.py -> /root/codes/iron_yahboomcar_ws/install/laserscan_to_point_pulisher/lib/python3.8/site-packages/laserscan_to_point_pulisher
[14.536s] byte-compiling /root/codes/iron_yahboomcar_ws/install/laserscan_to_point_pulisher/lib/python3.8/site-packages/laserscan_to_point_pulisher/__init__.py to __init__.cpython-38.pyc
[14.541s] byte-compiling /root/codes/iron_yahboomcar_ws/install/laserscan_to_point_pulisher/lib/python3.8/site-packages/laserscan_to_point_pulisher/laserscan_to_point_publish.py to laserscan_to_point_publish.cpython-38.pyc
[14.543s] running install_data
[14.545s] copying resource/laserscan_to_point_pulisher -> /root/codes/iron_yahboomcar_ws/install/laserscan_to_point_pulisher/share/ament_index/resource_index/packages
[14.547s] copying package.xml -> /root/codes/iron_yahboomcar_ws/install/laserscan_to_point_pulisher/share/laserscan_to_point_pulisher
[14.547s] running install_egg_info
[14.555s] removing '/root/codes/iron_yahboomcar_ws/install/laserscan_to_point_pulisher/lib/python3.8/site-packages/laserscan_to_point_pulisher-0.0.0-py3.8.egg-info' (and everything under it)
[14.556s] Copying ../../build/laserscan_to_point_pulisher/laserscan_to_point_pulisher.egg-info to /root/codes/iron_yahboomcar_ws/install/laserscan_to_point_pulisher/lib/python3.8/site-packages/laserscan_to_point_pulisher-0.0.0-py3.8.egg-info
[14.560s] running install_scripts
[14.644s] Installing laserscan_to_point_pulisher script to /root/codes/iron_yahboomcar_ws/install/laserscan_to_point_pulisher/lib/laserscan_to_point_pulisher
[14.646s] writing list of installed files to '/root/codes/iron_yahboomcar_ws/build/laserscan_to_point_pulisher/install.log'
[14.750s] Invoked command in '/root/codes/iron_yahboomcar_ws/src/laserscan_to_point_pulisher' returned '0': PYTHONPATH=/root/codes/iron_yahboomcar_ws/build/laserscan_to_point_pulisher/prefix_override:/root/codes/iron_yahboomcar_ws/install/laserscan_to_point_pulisher/lib/python3.8/site-packages:${PYTHONPATH} /usr/bin/python3 setup.py egg_info --egg-base ../../build/laserscan_to_point_pulisher build --build-base /root/codes/iron_yahboomcar_ws/build/laserscan_to_point_pulisher/build install --record /root/codes/iron_yahboomcar_ws/build/laserscan_to_point_pulisher/install.log --install-scripts $base/lib/laserscan_to_point_pulisher --single-version-externally-managed
