[3.437s] Invoking command in '/root/yahboomcar_ros2_ws/yahboomcar_ws/src/yahboomcar_bringup': PYTHONPATH=/root/yahboomcar_ros2_ws/yahboomcar_ws/build/yahboomcar_bringup/prefix_override:/root/yahboomcar_ros2_ws/yahboomcar_ws/install/yahboomcar_bringup/lib/python3.8/site-packages:${PYTHONPATH} /usr/bin/python3 setup.py egg_info --egg-base ../../build/yahboomcar_bringup build --build-base /root/yahboomcar_ros2_ws/yahboomcar_ws/build/yahboomcar_bringup/build install --record /root/yahboomcar_ros2_ws/yahboomcar_ws/build/yahboomcar_bringup/install.log --install-scripts $base/lib/yahboomcar_bringup --single-version-externally-managed
[4.569s] running egg_info
[4.573s] writing ../../build/yahboomcar_bringup/yahboomcar_bringup.egg-info/PKG-INFO
[4.573s] writing dependency_links to ../../build/yahboomcar_bringup/yahboomcar_bringup.egg-info/dependency_links.txt
[4.574s] writing entry points to ../../build/yahboomcar_bringup/yahboomcar_bringup.egg-info/entry_points.txt
[4.575s] writing requirements to ../../build/yahboomcar_bringup/yahboomcar_bringup.egg-info/requires.txt
[4.575s] writing top-level names to ../../build/yahboomcar_bringup/yahboomcar_bringup.egg-info/top_level.txt
[4.739s] reading manifest file '../../build/yahboomcar_bringup/yahboomcar_bringup.egg-info/SOURCES.txt'
[4.745s] writing manifest file '../../build/yahboomcar_bringup/yahboomcar_bringup.egg-info/SOURCES.txt'
[4.745s] running build
[4.746s] running build_py
[4.750s] running install
[4.754s] running install_lib
[4.764s] running install_data
[4.767s] running install_egg_info
[4.775s] removing '/root/yahboomcar_ros2_ws/yahboomcar_ws/install/yahboomcar_bringup/lib/python3.8/site-packages/yahboomcar_bringup-0.0.0-py3.8.egg-info' (and everything under it)
[4.776s] Copying ../../build/yahboomcar_bringup/yahboomcar_bringup.egg-info to /root/yahboomcar_ros2_ws/yahboomcar_ws/install/yahboomcar_bringup/lib/python3.8/site-packages/yahboomcar_bringup-0.0.0-py3.8.egg-info
[4.781s] running install_scripts
[4.858s] Installing Ackman_driver_R2 script to /root/yahboomcar_ros2_ws/yahboomcar_ws/install/yahboomcar_bringup/lib/yahboomcar_bringup
[4.865s] Installing Mcnamu_driver_X3 script to /root/yahboomcar_ros2_ws/yahboomcar_ws/install/yahboomcar_bringup/lib/yahboomcar_bringup
[4.865s] Installing Mcnamu_driver_x1 script to /root/yahboomcar_ros2_ws/yahboomcar_ws/install/yahboomcar_bringup/lib/yahboomcar_bringup
[4.866s] Installing calibrate_angular_R2 script to /root/yahboomcar_ros2_ws/yahboomcar_ws/install/yahboomcar_bringup/lib/yahboomcar_bringup
[4.866s] Installing calibrate_angular_X3 script to /root/yahboomcar_ros2_ws/yahboomcar_ws/install/yahboomcar_bringup/lib/yahboomcar_bringup
[4.867s] Installing calibrate_linear_R2 script to /root/yahboomcar_ros2_ws/yahboomcar_ws/install/yahboomcar_bringup/lib/yahboomcar_bringup
[4.867s] Installing calibrate_linear_X3 script to /root/yahboomcar_ros2_ws/yahboomcar_ws/install/yahboomcar_bringup/lib/yahboomcar_bringup
[4.868s] Installing patrol_4ROS script to /root/yahboomcar_ros2_ws/yahboomcar_ws/install/yahboomcar_bringup/lib/yahboomcar_bringup
[4.868s] Installing patrol_4ROS_R2 script to /root/yahboomcar_ros2_ws/yahboomcar_ws/install/yahboomcar_bringup/lib/yahboomcar_bringup
[4.868s] Installing patrol_a1_R2 script to /root/yahboomcar_ros2_ws/yahboomcar_ws/install/yahboomcar_bringup/lib/yahboomcar_bringup
[4.869s] Installing patrol_a1_X3 script to /root/yahboomcar_ros2_ws/yahboomcar_ws/install/yahboomcar_bringup/lib/yahboomcar_bringup
[4.869s] writing list of installed files to '/root/yahboomcar_ros2_ws/yahboomcar_ws/build/yahboomcar_bringup/install.log'
[4.975s] Invoked command in '/root/yahboomcar_ros2_ws/yahboomcar_ws/src/yahboomcar_bringup' returned '0': PYTHONPATH=/root/yahboomcar_ros2_ws/yahboomcar_ws/build/yahboomcar_bringup/prefix_override:/root/yahboomcar_ros2_ws/yahboomcar_ws/install/yahboomcar_bringup/lib/python3.8/site-packages:${PYTHONPATH} /usr/bin/python3 setup.py egg_info --egg-base ../../build/yahboomcar_bringup build --build-base /root/yahboomcar_ros2_ws/yahboomcar_ws/build/yahboomcar_bringup/build install --record /root/yahboomcar_ros2_ws/yahboomcar_ws/build/yahboomcar_bringup/install.log --install-scripts $base/lib/yahboomcar_bringup --single-version-externally-managed
