[6.498s] Invoking command in '/root/yahboomcar_ros2_ws/yahboomcar_ws/src/yahboomcar_linefollow': PYTHONPATH=/root/yahboomcar_ros2_ws/yahboomcar_ws/build/yahboomcar_linefollow/prefix_override:/root/yahboomcar_ros2_ws/yahboomcar_ws/install/yahboomcar_linefollow/lib/python3.8/site-packages:${PYTHONPATH} /usr/bin/python3 setup.py egg_info --egg-base ../../build/yahboomcar_linefollow build --build-base /root/yahboomcar_ros2_ws/yahboomcar_ws/build/yahboomcar_linefollow/build install --record /root/yahboomcar_ros2_ws/yahboomcar_ws/build/yahboomcar_linefollow/install.log --install-scripts $base/lib/yahboomcar_linefollow --single-version-externally-managed
[7.858s] running egg_info
[7.863s] writing ../../build/yahboomcar_linefollow/yahboomcar_linefollow.egg-info/PKG-INFO
[7.872s] writing dependency_links to ../../build/yahboomcar_linefollow/yahboomcar_linefollow.egg-info/dependency_links.txt
[7.873s] writing entry points to ../../build/yahboomcar_linefollow/yahboomcar_linefollow.egg-info/entry_points.txt
[7.874s] writing requirements to ../../build/yahboomcar_linefollow/yahboomcar_linefollow.egg-info/requires.txt
[7.874s] writing top-level names to ../../build/yahboomcar_linefollow/yahboomcar_linefollow.egg-info/top_level.txt
[8.062s] reading manifest file '../../build/yahboomcar_linefollow/yahboomcar_linefollow.egg-info/SOURCES.txt'
[8.068s] writing manifest file '../../build/yahboomcar_linefollow/yahboomcar_linefollow.egg-info/SOURCES.txt'
[8.070s] running build
[8.071s] running build_py
[8.075s] running install
[8.084s] running install_lib
[8.114s] running install_data
[8.118s] running install_egg_info
[8.129s] removing '/root/yahboomcar_ros2_ws/yahboomcar_ws/install/yahboomcar_linefollow/lib/python3.8/site-packages/yahboomcar_linefollow-0.0.0-py3.8.egg-info' (and everything under it)
[8.131s] Copying ../../build/yahboomcar_linefollow/yahboomcar_linefollow.egg-info to /root/yahboomcar_ros2_ws/yahboomcar_ws/install/yahboomcar_linefollow/lib/python3.8/site-packages/yahboomcar_linefollow-0.0.0-py3.8.egg-info
[8.144s] running install_scripts
[8.237s] Installing follow_line_4ROS_R2 script to /root/yahboomcar_ros2_ws/yahboomcar_ws/install/yahboomcar_linefollow/lib/yahboomcar_linefollow
[8.241s] Installing follow_line_a1_R2 script to /root/yahboomcar_ros2_ws/yahboomcar_ws/install/yahboomcar_linefollow/lib/yahboomcar_linefollow
[8.242s] Installing follow_line_a1_X3 script to /root/yahboomcar_ros2_ws/yahboomcar_ws/install/yahboomcar_linefollow/lib/yahboomcar_linefollow
[8.244s] writing list of installed files to '/root/yahboomcar_ros2_ws/yahboomcar_ws/build/yahboomcar_linefollow/install.log'
[8.374s] Invoked command in '/root/yahboomcar_ros2_ws/yahboomcar_ws/src/yahboomcar_linefollow' returned '0': PYTHONPATH=/root/yahboomcar_ros2_ws/yahboomcar_ws/build/yahboomcar_linefollow/prefix_override:/root/yahboomcar_ros2_ws/yahboomcar_ws/install/yahboomcar_linefollow/lib/python3.8/site-packages:${PYTHONPATH} /usr/bin/python3 setup.py egg_info --egg-base ../../build/yahboomcar_linefollow build --build-base /root/yahboomcar_ros2_ws/yahboomcar_ws/build/yahboomcar_linefollow/build install --record /root/yahboomcar_ros2_ws/yahboomcar_ws/build/yahboomcar_linefollow/install.log --install-scripts $base/lib/yahboomcar_linefollow --single-version-externally-managed
