[0.000000] (-) TimerEvent: {}
[0.000448] (-) JobUnselected: {'identifier': 'laserscan_to_point_pulisher'}
[0.000804] (-) JobUnselected: {'identifier': 'robot_pose_publisher'}
[0.001457] (-) JobUnselected: {'identifier': 'robot_pose_publisher_ros2'}
[0.001745] (-) JobUnselected: {'identifier': 'yahboom_app_save_map'}
[0.002098] (-) JobUnselected: {'identifier': 'yahboom_web_savmap_interfaces'}
[0.002299] (-) JobUnselected: {'identifier': 'yahboomcar_KCFTracker'}
[0.002435] (-) JobUnselected: {'identifier': 'yahboomcar_astra'}
[0.002557] (-) JobUnselected: {'identifier': 'yahboomcar_base_node'}
[0.002681] (-) JobUnselected: {'identifier': 'yahboomcar_bringup'}
[0.003023] (-) JobUnselected: {'identifier': 'yahboomcar_ctrl'}
[0.003268] (-) JobUnselected: {'identifier': 'yahboomcar_description'}
[0.003547] (-) JobUnselected: {'identifier': 'yahboomcar_description_x1'}
[0.003691] (-) JobUnselected: {'identifier': 'yahboomcar_laser'}
[0.003779] (-) JobUnselected: {'identifier': 'yahboomcar_linefollow'}
[0.003864] (-) JobUnselected: {'identifier': 'yahboomcar_mediapipe'}
[0.004045] (-) JobUnselected: {'identifier': 'yahboomcar_msgs'}
[0.004141] (-) JobUnselected: {'identifier': 'yahboomcar_nav'}
[0.004229] (-) JobUnselected: {'identifier': 'yahboomcar_point'}
[0.004316] (-) JobUnselected: {'identifier': 'yahboomcar_slam'}
[0.004418] (-) JobUnselected: {'identifier': 'yahboomcar_visual'}
[0.004505] (-) JobUnselected: {'identifier': 'yahboomcar_voice_ctrl'}
[0.004591] (-) EventReactorShutdown: {}
