[6.252s] Invoking command in '/root/yahboomcar_ros2_ws/yahboomcar_ws/src/robot_pose_publisher': PYTHONPATH=/root/yahboomcar_ros2_ws/yahboomcar_ws/build/robot_pose_publisher/prefix_override:/root/yahboomcar_ros2_ws/yahboomcar_ws/install/robot_pose_publisher/lib/python3.8/site-packages:${PYTHONPATH} /usr/bin/python3 setup.py egg_info --egg-base ../../build/robot_pose_publisher build --build-base /root/yahboomcar_ros2_ws/yahboomcar_ws/build/robot_pose_publisher/build install --record /root/yahboomcar_ros2_ws/yahboomcar_ws/build/robot_pose_publisher/install.log --install-scripts $base/lib/robot_pose_publisher --single-version-externally-managed
[7.617s] running egg_info
[7.620s] writing ../../build/robot_pose_publisher/robot_pose_publisher.egg-info/PKG-INFO
[7.622s] writing dependency_links to ../../build/robot_pose_publisher/robot_pose_publisher.egg-info/dependency_links.txt
[7.623s] writing entry points to ../../build/robot_pose_publisher/robot_pose_publisher.egg-info/entry_points.txt
[7.623s] writing requirements to ../../build/robot_pose_publisher/robot_pose_publisher.egg-info/requires.txt
[7.625s] writing top-level names to ../../build/robot_pose_publisher/robot_pose_publisher.egg-info/top_level.txt
[7.817s] reading manifest file '../../build/robot_pose_publisher/robot_pose_publisher.egg-info/SOURCES.txt'
[7.837s] writing manifest file '../../build/robot_pose_publisher/robot_pose_publisher.egg-info/SOURCES.txt'
[7.838s] running build
[7.838s] running build_py
[7.840s] running install
[7.845s] running install_lib
[7.854s] running install_data
[7.857s] running install_egg_info
[7.866s] removing '/root/yahboomcar_ros2_ws/yahboomcar_ws/install/robot_pose_publisher/lib/python3.8/site-packages/robot_pose_publisher-0.0.0-py3.8.egg-info' (and everything under it)
[7.869s] Copying ../../build/robot_pose_publisher/robot_pose_publisher.egg-info to /root/yahboomcar_ros2_ws/yahboomcar_ws/install/robot_pose_publisher/lib/python3.8/site-packages/robot_pose_publisher-0.0.0-py3.8.egg-info
[7.882s] running install_scripts
[7.966s] Installing robot_pose_publisher script to /root/yahboomcar_ros2_ws/yahboomcar_ws/install/robot_pose_publisher/lib/robot_pose_publisher
[7.968s] writing list of installed files to '/root/yahboomcar_ros2_ws/yahboomcar_ws/build/robot_pose_publisher/install.log'
[8.090s] Invoked command in '/root/yahboomcar_ros2_ws/yahboomcar_ws/src/robot_pose_publisher' returned '0': PYTHONPATH=/root/yahboomcar_ros2_ws/yahboomcar_ws/build/robot_pose_publisher/prefix_override:/root/yahboomcar_ros2_ws/yahboomcar_ws/install/robot_pose_publisher/lib/python3.8/site-packages:${PYTHONPATH} /usr/bin/python3 setup.py egg_info --egg-base ../../build/robot_pose_publisher build --build-base /root/yahboomcar_ros2_ws/yahboomcar_ws/build/robot_pose_publisher/build install --record /root/yahboomcar_ros2_ws/yahboomcar_ws/build/robot_pose_publisher/install.log --install-scripts $base/lib/robot_pose_publisher --single-version-externally-managed
