running egg_info
creating ../../build/yahboomcar_description_x1/yahboomcar_description_x1.egg-info
writing ../../build/yahboomcar_description_x1/yahboomcar_description_x1.egg-info/PKG-INFO
writing dependency_links to ../../build/yahboomcar_description_x1/yahboomcar_description_x1.egg-info/dependency_links.txt
writing entry points to ../../build/yahboomcar_description_x1/yahboomcar_description_x1.egg-info/entry_points.txt
writing requirements to ../../build/yahboomcar_description_x1/yahboomcar_description_x1.egg-info/requires.txt
writing top-level names to ../../build/yahboomcar_description_x1/yahboomcar_description_x1.egg-info/top_level.txt
writing manifest file '../../build/yahboomcar_description_x1/yahboomcar_description_x1.egg-info/SOURCES.txt'
reading manifest file '../../build/yahboomcar_description_x1/yahboomcar_description_x1.egg-info/SOURCES.txt'
writing manifest file '../../build/yahboomcar_description_x1/yahboomcar_description_x1.egg-info/SOURCES.txt'
running build
running build_py
creating /root/codes/iron_yahboomcar_ws/build/yahboomcar_description_x1/build
creating /root/codes/iron_yahboomcar_ws/build/yahboomcar_description_x1/build/lib
creating /root/codes/iron_yahboomcar_ws/build/yahboomcar_description_x1/build/lib/yahboomcar_description_x1
copying yahboomcar_description_x1/__init__.py -> /root/codes/iron_yahboomcar_ws/build/yahboomcar_description_x1/build/lib/yahboomcar_description_x1
running install
running install_lib
copying /root/codes/iron_yahboomcar_ws/build/yahboomcar_description_x1/build/lib/yahboomcar_description_x1/__init__.py -> /root/codes/iron_yahboomcar_ws/install/yahboomcar_description_x1/lib/python3.8/site-packages/yahboomcar_description_x1
byte-compiling /root/codes/iron_yahboomcar_ws/install/yahboomcar_description_x1/lib/python3.8/site-packages/yahboomcar_description_x1/__init__.py to __init__.cpython-38.pyc
running install_data
copying resource/yahboomcar_description_x1 -> /root/codes/iron_yahboomcar_ws/install/yahboomcar_description_x1/share/ament_index/resource_index/packages
copying package.xml -> /root/codes/iron_yahboomcar_ws/install/yahboomcar_description_x1/share/yahboomcar_description_x1
copying launch/display.launch.py -> /root/codes/iron_yahboomcar_ws/install/yahboomcar_description_x1/share/yahboomcar_description_x1/launch
copying urdf/yahboomcar_X3.urdf -> /root/codes/iron_yahboomcar_ws/install/yahboomcar_description_x1/share/yahboomcar_description_x1/urdf
copying urdf/yahboomcar_X1.urdf.xacro -> /root/codes/iron_yahboomcar_ws/install/yahboomcar_description_x1/share/yahboomcar_description_x1/urdf
copying urdf/yahboomcar_X3.urdf.xacro -> /root/codes/iron_yahboomcar_ws/install/yahboomcar_description_x1/share/yahboomcar_description_x1/urdf
copying urdf/yahboomcar_X1.urdf -> /root/codes/iron_yahboomcar_ws/install/yahboomcar_description_x1/share/yahboomcar_description_x1/urdf
copying meshes/mecanum/front_right_wheel.STL -> /root/codes/iron_yahboomcar_ws/install/yahboomcar_description_x1/share/yahboomcar_description_x1/meshes/mecanum
copying meshes/mecanum/front_left_wheel.STL -> /root/codes/iron_yahboomcar_ws/install/yahboomcar_description_x1/share/yahboomcar_description_x1/meshes/mecanum
copying meshes/mecanum/back_right_wheel.STL -> /root/codes/iron_yahboomcar_ws/install/yahboomcar_description_x1/share/yahboomcar_description_x1/meshes/mecanum
copying meshes/mecanum/back_left_wheel.STL -> /root/codes/iron_yahboomcar_ws/install/yahboomcar_description_x1/share/yahboomcar_description_x1/meshes/mecanum
copying meshes/mecanum/base_link.STL -> /root/codes/iron_yahboomcar_ws/install/yahboomcar_description_x1/share/yahboomcar_description_x1/meshes/mecanum
copying meshes/sensor/laser_link.STL -> /root/codes/iron_yahboomcar_ws/install/yahboomcar_description_x1/share/yahboomcar_description_x1/meshes/sensor
copying meshes/sensor/camera_link.STL -> /root/codes/iron_yahboomcar_ws/install/yahboomcar_description_x1/share/yahboomcar_description_x1/meshes/sensor
copying rviz/yahboomcar.rviz -> /root/codes/iron_yahboomcar_ws/install/yahboomcar_description_x1/share/yahboomcar_description_x1/rviz
running install_egg_info
removing '/root/codes/iron_yahboomcar_ws/install/yahboomcar_description_x1/lib/python3.8/site-packages/yahboomcar_description_x1-0.0.0-py3.8.egg-info' (and everything under it)
Copying ../../build/yahboomcar_description_x1/yahboomcar_description_x1.egg-info to /root/codes/iron_yahboomcar_ws/install/yahboomcar_description_x1/lib/python3.8/site-packages/yahboomcar_description_x1-0.0.0-py3.8.egg-info
running install_scripts
writing list of installed files to '/root/codes/iron_yahboomcar_ws/build/yahboomcar_description_x1/install.log'
