[3.172s] Invoking command in '/root/yahboomcar_ros2_ws/yahboomcar_ws/src/yahboomcar_nav': PYTHONPATH=/root/yahboomcar_ros2_ws/yahboomcar_ws/build/yahboomcar_nav/prefix_override:/root/yahboomcar_ros2_ws/yahboomcar_ws/install/yahboomcar_nav/lib/python3.8/site-packages:${PYTHONPATH} /usr/bin/python3 setup.py egg_info --egg-base ../../build/yahboomcar_nav build --build-base /root/yahboomcar_ros2_ws/yahboomcar_ws/build/yahboomcar_nav/build install --record /root/yahboomcar_ros2_ws/yahboomcar_ws/build/yahboomcar_nav/install.log --install-scripts $base/lib/yahboomcar_nav --single-version-externally-managed
[4.219s] running egg_info
[4.221s] writing ../../build/yahboomcar_nav/yahboomcar_nav.egg-info/PKG-INFO
[4.222s] writing dependency_links to ../../build/yahboomcar_nav/yahboomcar_nav.egg-info/dependency_links.txt
[4.224s] writing entry points to ../../build/yahboomcar_nav/yahboomcar_nav.egg-info/entry_points.txt
[4.225s] writing requirements to ../../build/yahboomcar_nav/yahboomcar_nav.egg-info/requires.txt
[4.225s] writing top-level names to ../../build/yahboomcar_nav/yahboomcar_nav.egg-info/top_level.txt
[4.359s] reading manifest file '../../build/yahboomcar_nav/yahboomcar_nav.egg-info/SOURCES.txt'
[4.364s] writing manifest file '../../build/yahboomcar_nav/yahboomcar_nav.egg-info/SOURCES.txt'
[4.365s] running build
[4.365s] running build_py
[4.366s] running install
[4.370s] running install_lib
[4.376s] running install_data
[4.382s] running install_egg_info
[4.390s] removing '/root/yahboomcar_ros2_ws/yahboomcar_ws/install/yahboomcar_nav/lib/python3.8/site-packages/yahboomcar_nav-0.0.0-py3.8.egg-info' (and everything under it)
[4.392s] Copying ../../build/yahboomcar_nav/yahboomcar_nav.egg-info to /root/yahboomcar_ros2_ws/yahboomcar_ws/install/yahboomcar_nav/lib/python3.8/site-packages/yahboomcar_nav-0.0.0-py3.8.egg-info
[4.399s] running install_scripts
[4.467s] Installing send_mark script to /root/yahboomcar_ros2_ws/yahboomcar_ws/install/yahboomcar_nav/lib/yahboomcar_nav
[4.468s] writing list of installed files to '/root/yahboomcar_ros2_ws/yahboomcar_ws/build/yahboomcar_nav/install.log'
[4.553s] Invoked command in '/root/yahboomcar_ros2_ws/yahboomcar_ws/src/yahboomcar_nav' returned '0': PYTHONPATH=/root/yahboomcar_ros2_ws/yahboomcar_ws/build/yahboomcar_nav/prefix_override:/root/yahboomcar_ros2_ws/yahboomcar_ws/install/yahboomcar_nav/lib/python3.8/site-packages:${PYTHONPATH} /usr/bin/python3 setup.py egg_info --egg-base ../../build/yahboomcar_nav build --build-base /root/yahboomcar_ros2_ws/yahboomcar_ws/build/yahboomcar_nav/build install --record /root/yahboomcar_ros2_ws/yahboomcar_ws/build/yahboomcar_nav/install.log --install-scripts $base/lib/yahboomcar_nav --single-version-externally-managed
