[6.357s] Invoking command in '/root/yahboomcar_ros2_ws/yahboomcar_ws/src/yahboomcar_linefollow': PYTHONPATH=/root/yahboomcar_ros2_ws/yahboomcar_ws/build/yahboomcar_linefollow/prefix_override:/root/yahboomcar_ros2_ws/yahboomcar_ws/install/yahboomcar_linefollow/lib/python3.8/site-packages:${PYTHONPATH} /usr/bin/python3 setup.py egg_info --egg-base ../../build/yahboomcar_linefollow build --build-base /root/yahboomcar_ros2_ws/yahboomcar_ws/build/yahboomcar_linefollow/build install --record /root/yahboomcar_ros2_ws/yahboomcar_ws/build/yahboomcar_linefollow/install.log --install-scripts $base/lib/yahboomcar_linefollow --single-version-externally-managed
[7.775s] running egg_info
[7.779s] writing ../../build/yahboomcar_linefollow/yahboomcar_linefollow.egg-info/PKG-INFO
[7.790s] writing dependency_links to ../../build/yahboomcar_linefollow/yahboomcar_linefollow.egg-info/dependency_links.txt
[7.792s] writing entry points to ../../build/yahboomcar_linefollow/yahboomcar_linefollow.egg-info/entry_points.txt
[7.793s] writing requirements to ../../build/yahboomcar_linefollow/yahboomcar_linefollow.egg-info/requires.txt
[7.794s] writing top-level names to ../../build/yahboomcar_linefollow/yahboomcar_linefollow.egg-info/top_level.txt
[7.980s] reading manifest file '../../build/yahboomcar_linefollow/yahboomcar_linefollow.egg-info/SOURCES.txt'
[7.986s] writing manifest file '../../build/yahboomcar_linefollow/yahboomcar_linefollow.egg-info/SOURCES.txt'
[7.987s] running build
[7.987s] running build_py
[8.005s] running install
[8.010s] running install_lib
[8.034s] running install_data
[8.039s] running install_egg_info
[8.049s] removing '/root/yahboomcar_ros2_ws/yahboomcar_ws/install/yahboomcar_linefollow/lib/python3.8/site-packages/yahboomcar_linefollow-0.0.0-py3.8.egg-info' (and everything under it)
[8.051s] Copying ../../build/yahboomcar_linefollow/yahboomcar_linefollow.egg-info to /root/yahboomcar_ros2_ws/yahboomcar_ws/install/yahboomcar_linefollow/lib/python3.8/site-packages/yahboomcar_linefollow-0.0.0-py3.8.egg-info
[8.060s] running install_scripts
[8.152s] Installing follow_line_4ROS_R2 script to /root/yahboomcar_ros2_ws/yahboomcar_ws/install/yahboomcar_linefollow/lib/yahboomcar_linefollow
[8.161s] Installing follow_line_a1_R2 script to /root/yahboomcar_ros2_ws/yahboomcar_ws/install/yahboomcar_linefollow/lib/yahboomcar_linefollow
[8.162s] Installing follow_line_a1_X3 script to /root/yahboomcar_ros2_ws/yahboomcar_ws/install/yahboomcar_linefollow/lib/yahboomcar_linefollow
[8.164s] writing list of installed files to '/root/yahboomcar_ros2_ws/yahboomcar_ws/build/yahboomcar_linefollow/install.log'
[8.293s] Invoked command in '/root/yahboomcar_ros2_ws/yahboomcar_ws/src/yahboomcar_linefollow' returned '0': PYTHONPATH=/root/yahboomcar_ros2_ws/yahboomcar_ws/build/yahboomcar_linefollow/prefix_override:/root/yahboomcar_ros2_ws/yahboomcar_ws/install/yahboomcar_linefollow/lib/python3.8/site-packages:${PYTHONPATH} /usr/bin/python3 setup.py egg_info --egg-base ../../build/yahboomcar_linefollow build --build-base /root/yahboomcar_ros2_ws/yahboomcar_ws/build/yahboomcar_linefollow/build install --record /root/yahboomcar_ros2_ws/yahboomcar_ws/build/yahboomcar_linefollow/install.log --install-scripts $base/lib/yahboomcar_linefollow --single-version-externally-managed
