[0.086s] Invoking command in '/root/yahboomcar_ros2_ws/yahboomcar_ws/build/yahboom_web_savmap_interfaces': CMAKE_PREFIX_PATH=${CMAKE_PREFIX_PATH}:/root/yahboomcar_ros2_ws/yahboomcar_ws/install/yahboomcar_voice_ctrl:/root/yahboomcar_ros2_ws/yahboomcar_ws/install/yahboomcar_visual:/root/yahboomcar_ros2_ws/yahboomcar_ws/install/yahboomcar_nav:/root/yahboomcar_ros2_ws/yahboomcar_ws/install/yahboomcar_mediapipe:/root/yahboomcar_ros2_ws/yahboomcar_ws/install/yahboomcar_linefollow:/root/yahboomcar_ros2_ws/yahboomcar_ws/install/yahboomcar_laser:/root/yahboomcar_ros2_ws/yahboomcar_ws/install/yahboomcar_description_x1:/root/yahboomcar_ros2_ws/yahboomcar_ws/install/yahboomcar_description:/root/yahboomcar_ros2_ws/yahboomcar_ws/install/yahboomcar_ctrl:/root/yahboomcar_ros2_ws/yahboomcar_ws/install/yahboomcar_bringup:/root/yahboomcar_ros2_ws/yahboomcar_ws/install/yahboomcar_astra:/root/yahboomcar_ros2_ws/yahboomcar_ws/install/yahboom_app_save_map:/root/yahboomcar_ros2_ws/yahboomcar_ws/install/robot_pose_publisher:/root/yahboomcar_ros2_ws/yahboomcar_ws/install/laserscan_to_point_pulisher:/opt/ros/foxy /usr/bin/cmake --build /root/yahboomcar_ros2_ws/yahboomcar_ws/build/yahboom_web_savmap_interfaces -- -j4 -l4
[0.506s] [  3%] Built target yahboom_web_savmap_interfaces__cpp
[0.567s] [ 12%] Built target yahboom_web_savmap_interfaces__rosidl_generator_c
[0.770s] [ 22%] Built target yahboom_web_savmap_interfaces__rosidl_typesupport_introspection_cpp
[0.833s] [ 32%] Built target yahboom_web_savmap_interfaces__rosidl_typesupport_c
[0.877s] [ 41%] Built target yahboom_web_savmap_interfaces__rosidl_typesupport_cpp
[0.897s] [ 51%] Built target yahboom_web_savmap_interfaces__rosidl_typesupport_fastrtps_cpp
[0.959s] [ 61%] Built target yahboom_web_savmap_interfaces__rosidl_typesupport_introspection_c
[1.052s] [ 70%] Built target yahboom_web_savmap_interfaces__rosidl_typesupport_fastrtps_c
[1.182s] [ 70%] Built target yahboom_web_savmap_interfaces
[1.307s] [ 74%] Built target yahboom_web_savmap_interfaces__py
[1.478s] [ 80%] Built target yahboom_web_savmap_interfaces__python
[1.681s] [ 87%] Built target yahboom_web_savmap_interfaces__rosidl_typesupport_c__pyext
[1.733s] [ 93%] Built target yahboom_web_savmap_interfaces__rosidl_typesupport_introspection_c__pyext
[1.738s] [100%] Built target yahboom_web_savmap_interfaces__rosidl_typesupport_fastrtps_c__pyext
[2.574s] Invoked command in '/root/yahboomcar_ros2_ws/yahboomcar_ws/build/yahboom_web_savmap_interfaces' returned '0': CMAKE_PREFIX_PATH=${CMAKE_PREFIX_PATH}:/root/yahboomcar_ros2_ws/yahboomcar_ws/install/yahboomcar_voice_ctrl:/root/yahboomcar_ros2_ws/yahboomcar_ws/install/yahboomcar_visual:/root/yahboomcar_ros2_ws/yahboomcar_ws/install/yahboomcar_nav:/root/yahboomcar_ros2_ws/yahboomcar_ws/install/yahboomcar_mediapipe:/root/yahboomcar_ros2_ws/yahboomcar_ws/install/yahboomcar_linefollow:/root/yahboomcar_ros2_ws/yahboomcar_ws/install/yahboomcar_laser:/root/yahboomcar_ros2_ws/yahboomcar_ws/install/yahboomcar_description_x1:/root/yahboomcar_ros2_ws/yahboomcar_ws/install/yahboomcar_description:/root/yahboomcar_ros2_ws/yahboomcar_ws/install/yahboomcar_ctrl:/root/yahboomcar_ros2_ws/yahboomcar_ws/install/yahboomcar_bringup:/root/yahboomcar_ros2_ws/yahboomcar_ws/install/yahboomcar_astra:/root/yahboomcar_ros2_ws/yahboomcar_ws/install/yahboom_app_save_map:/root/yahboomcar_ros2_ws/yahboomcar_ws/install/robot_pose_publisher:/root/yahboomcar_ros2_ws/yahboomcar_ws/install/laserscan_to_point_pulisher:/opt/ros/foxy /usr/bin/cmake --build /root/yahboomcar_ros2_ws/yahboomcar_ws/build/yahboom_web_savmap_interfaces -- -j4 -l4
[2.974s] Invoking command in '/root/yahboomcar_ros2_ws/yahboomcar_ws/build/yahboom_web_savmap_interfaces': CMAKE_PREFIX_PATH=${CMAKE_PREFIX_PATH}:/root/yahboomcar_ros2_ws/yahboomcar_ws/install/yahboomcar_voice_ctrl:/root/yahboomcar_ros2_ws/yahboomcar_ws/install/yahboomcar_visual:/root/yahboomcar_ros2_ws/yahboomcar_ws/install/yahboomcar_nav:/root/yahboomcar_ros2_ws/yahboomcar_ws/install/yahboomcar_mediapipe:/root/yahboomcar_ros2_ws/yahboomcar_ws/install/yahboomcar_linefollow:/root/yahboomcar_ros2_ws/yahboomcar_ws/install/yahboomcar_laser:/root/yahboomcar_ros2_ws/yahboomcar_ws/install/yahboomcar_description_x1:/root/yahboomcar_ros2_ws/yahboomcar_ws/install/yahboomcar_description:/root/yahboomcar_ros2_ws/yahboomcar_ws/install/yahboomcar_ctrl:/root/yahboomcar_ros2_ws/yahboomcar_ws/install/yahboomcar_bringup:/root/yahboomcar_ros2_ws/yahboomcar_ws/install/yahboomcar_astra:/root/yahboomcar_ros2_ws/yahboomcar_ws/install/yahboom_app_save_map:/root/yahboomcar_ros2_ws/yahboomcar_ws/install/robot_pose_publisher:/root/yahboomcar_ros2_ws/yahboomcar_ws/install/laserscan_to_point_pulisher:/opt/ros/foxy /usr/bin/cmake --install /root/yahboomcar_ros2_ws/yahboomcar_ws/build/yahboom_web_savmap_interfaces
[3.024s] -- Install configuration: ""
[3.024s] -- Up-to-date: /root/yahboomcar_ros2_ws/yahboomcar_ws/install/yahboom_web_savmap_interfaces/share/ament_index/resource_index/rosidl_interfaces/yahboom_web_savmap_interfaces
[3.025s] -- Up-to-date: /root/yahboomcar_ros2_ws/yahboomcar_ws/install/yahboom_web_savmap_interfaces/include/yahboom_web_savmap_interfaces
[3.026s] -- Up-to-date: /root/yahboomcar_ros2_ws/yahboomcar_ws/install/yahboom_web_savmap_interfaces/include/yahboom_web_savmap_interfaces/srv
[3.027s] -- Up-to-date: /root/yahboomcar_ros2_ws/yahboomcar_ws/install/yahboom_web_savmap_interfaces/include/yahboom_web_savmap_interfaces/srv/detail
[3.027s] -- Up-to-date: /root/yahboomcar_ros2_ws/yahboomcar_ws/install/yahboom_web_savmap_interfaces/include/yahboom_web_savmap_interfaces/srv/detail/web_save_map__functions.h
[3.028s] -- Up-to-date: /root/yahboomcar_ros2_ws/yahboomcar_ws/install/yahboom_web_savmap_interfaces/include/yahboom_web_savmap_interfaces/srv/detail/web_save_map__struct.h
[3.028s] -- Up-to-date: /root/yahboomcar_ros2_ws/yahboomcar_ws/install/yahboom_web_savmap_interfaces/include/yahboom_web_savmap_interfaces/srv/detail/web_save_map__type_support.h
[3.029s] -- Up-to-date: /root/yahboomcar_ros2_ws/yahboomcar_ws/install/yahboom_web_savmap_interfaces/include/yahboom_web_savmap_interfaces/srv/detail/web_save_map__functions.c
[3.029s] -- Up-to-date: /root/yahboomcar_ros2_ws/yahboomcar_ws/install/yahboom_web_savmap_interfaces/include/yahboom_web_savmap_interfaces/srv/web_save_map.h
[3.029s] -- Up-to-date: /root/yahboomcar_ros2_ws/yahboomcar_ws/install/yahboom_web_savmap_interfaces/include/yahboom_web_savmap_interfaces/msg
[3.030s] -- Up-to-date: /root/yahboomcar_ros2_ws/yahboomcar_ws/install/yahboom_web_savmap_interfaces/include/yahboom_web_savmap_interfaces/msg/rosidl_generator_c__visibility_control.h
[3.030s] -- Up-to-date: /root/yahboomcar_ros2_ws/yahboomcar_ws/install/yahboom_web_savmap_interfaces/share/yahboom_web_savmap_interfaces/environment/library_path.sh
[3.032s] -- Up-to-date: /root/yahboomcar_ros2_ws/yahboomcar_ws/install/yahboom_web_savmap_interfaces/share/yahboom_web_savmap_interfaces/environment/library_path.dsv
[3.033s] -- Up-to-date: /root/yahboomcar_ros2_ws/yahboomcar_ws/install/yahboom_web_savmap_interfaces/lib/libyahboom_web_savmap_interfaces__rosidl_generator_c.so
[3.036s] -- Up-to-date: /root/yahboomcar_ros2_ws/yahboomcar_ws/install/yahboom_web_savmap_interfaces/include/yahboom_web_savmap_interfaces
[3.036s] -- Up-to-date: /root/yahboomcar_ros2_ws/yahboomcar_ws/install/yahboom_web_savmap_interfaces/include/yahboom_web_savmap_interfaces/srv
[3.037s] -- Up-to-date: /root/yahboomcar_ros2_ws/yahboomcar_ws/install/yahboom_web_savmap_interfaces/include/yahboom_web_savmap_interfaces/srv/detail
[3.038s] -- Up-to-date: /root/yahboomcar_ros2_ws/yahboomcar_ws/install/yahboom_web_savmap_interfaces/include/yahboom_web_savmap_interfaces/srv/detail/web_save_map__rosidl_typesupport_fastrtps_c.h
[3.039s] -- Up-to-date: /root/yahboomcar_ros2_ws/yahboomcar_ws/install/yahboom_web_savmap_interfaces/include/yahboom_web_savmap_interfaces/msg
[3.041s] -- Up-to-date: /root/yahboomcar_ros2_ws/yahboomcar_ws/install/yahboom_web_savmap_interfaces/include/yahboom_web_savmap_interfaces/msg/rosidl_typesupport_fastrtps_c__visibility_control.h
[3.045s] -- Up-to-date: /root/yahboomcar_ros2_ws/yahboomcar_ws/install/yahboom_web_savmap_interfaces/lib/libyahboom_web_savmap_interfaces__rosidl_typesupport_fastrtps_c.so
[3.047s] -- Up-to-date: /root/yahboomcar_ros2_ws/yahboomcar_ws/install/yahboom_web_savmap_interfaces/include/yahboom_web_savmap_interfaces
[3.048s] -- Up-to-date: /root/yahboomcar_ros2_ws/yahboomcar_ws/install/yahboom_web_savmap_interfaces/include/yahboom_web_savmap_interfaces/srv
[3.048s] -- Up-to-date: /root/yahboomcar_ros2_ws/yahboomcar_ws/install/yahboom_web_savmap_interfaces/include/yahboom_web_savmap_interfaces/srv/detail
[3.049s] -- Up-to-date: /root/yahboomcar_ros2_ws/yahboomcar_ws/install/yahboom_web_savmap_interfaces/include/yahboom_web_savmap_interfaces/srv/detail/dds_fastrtps
[3.049s] -- Up-to-date: /root/yahboomcar_ros2_ws/yahboomcar_ws/install/yahboom_web_savmap_interfaces/include/yahboom_web_savmap_interfaces/srv/detail/web_save_map__rosidl_typesupport_fastrtps_cpp.hpp
[3.050s] -- Up-to-date: /root/yahboomcar_ros2_ws/yahboomcar_ws/install/yahboom_web_savmap_interfaces/include/yahboom_web_savmap_interfaces/msg
[3.051s] -- Up-to-date: /root/yahboomcar_ros2_ws/yahboomcar_ws/install/yahboom_web_savmap_interfaces/include/yahboom_web_savmap_interfaces/msg/rosidl_typesupport_fastrtps_cpp__visibility_control.h
[3.052s] -- Up-to-date: /root/yahboomcar_ros2_ws/yahboomcar_ws/install/yahboom_web_savmap_interfaces/lib/libyahboom_web_savmap_interfaces__rosidl_typesupport_fastrtps_cpp.so
[3.054s] -- Up-to-date: /root/yahboomcar_ros2_ws/yahboomcar_ws/install/yahboom_web_savmap_interfaces/include/yahboom_web_savmap_interfaces
[3.056s] -- Up-to-date: /root/yahboomcar_ros2_ws/yahboomcar_ws/install/yahboom_web_savmap_interfaces/include/yahboom_web_savmap_interfaces/srv
[3.057s] -- Up-to-date: /root/yahboomcar_ros2_ws/yahboomcar_ws/install/yahboom_web_savmap_interfaces/include/yahboom_web_savmap_interfaces/srv/detail
[3.059s] -- Up-to-date: /root/yahboomcar_ros2_ws/yahboomcar_ws/install/yahboom_web_savmap_interfaces/include/yahboom_web_savmap_interfaces/srv/detail/web_save_map__type_support.c
[3.059s] -- Up-to-date: /root/yahboomcar_ros2_ws/yahboomcar_ws/install/yahboom_web_savmap_interfaces/include/yahboom_web_savmap_interfaces/srv/detail/web_save_map__rosidl_typesupport_introspection_c.h
[3.060s] -- Up-to-date: /root/yahboomcar_ros2_ws/yahboomcar_ws/install/yahboom_web_savmap_interfaces/include/yahboom_web_savmap_interfaces/msg
[3.060s] -- Up-to-date: /root/yahboomcar_ros2_ws/yahboomcar_ws/install/yahboom_web_savmap_interfaces/include/yahboom_web_savmap_interfaces/msg/rosidl_typesupport_introspection_c__visibility_control.h
[3.061s] -- Up-to-date: /root/yahboomcar_ros2_ws/yahboomcar_ws/install/yahboom_web_savmap_interfaces/lib/libyahboom_web_savmap_interfaces__rosidl_typesupport_introspection_c.so
[3.072s] -- Up-to-date: /root/yahboomcar_ros2_ws/yahboomcar_ws/install/yahboom_web_savmap_interfaces/lib/libyahboom_web_savmap_interfaces__rosidl_typesupport_c.so
[3.072s] -- Up-to-date: /root/yahboomcar_ros2_ws/yahboomcar_ws/install/yahboom_web_savmap_interfaces/include/yahboom_web_savmap_interfaces
[3.073s] -- Up-to-date: /root/yahboomcar_ros2_ws/yahboomcar_ws/install/yahboom_web_savmap_interfaces/include/yahboom_web_savmap_interfaces/srv
[3.073s] -- Up-to-date: /root/yahboomcar_ros2_ws/yahboomcar_ws/install/yahboom_web_savmap_interfaces/include/yahboom_web_savmap_interfaces/srv/detail
[3.073s] -- Up-to-date: /root/yahboomcar_ros2_ws/yahboomcar_ws/install/yahboom_web_savmap_interfaces/include/yahboom_web_savmap_interfaces/srv/detail/web_save_map__builder.hpp
[3.080s] -- Up-to-date: /root/yahboomcar_ros2_ws/yahboomcar_ws/install/yahboom_web_savmap_interfaces/include/yahboom_web_savmap_interfaces/srv/detail/web_save_map__traits.hpp
[3.081s] -- Up-to-date: /root/yahboomcar_ros2_ws/yahboomcar_ws/install/yahboom_web_savmap_interfaces/include/yahboom_web_savmap_interfaces/srv/detail/web_save_map__struct.hpp
[3.081s] -- Up-to-date: /root/yahboomcar_ros2_ws/yahboomcar_ws/install/yahboom_web_savmap_interfaces/include/yahboom_web_savmap_interfaces/srv/web_save_map.hpp
[3.082s] -- Up-to-date: /root/yahboomcar_ros2_ws/yahboomcar_ws/install/yahboom_web_savmap_interfaces/include/yahboom_web_savmap_interfaces
[3.082s] -- Up-to-date: /root/yahboomcar_ros2_ws/yahboomcar_ws/install/yahboom_web_savmap_interfaces/include/yahboom_web_savmap_interfaces/srv
[3.083s] -- Up-to-date: /root/yahboomcar_ros2_ws/yahboomcar_ws/install/yahboom_web_savmap_interfaces/include/yahboom_web_savmap_interfaces/srv/detail
[3.083s] -- Up-to-date: /root/yahboomcar_ros2_ws/yahboomcar_ws/install/yahboom_web_savmap_interfaces/include/yahboom_web_savmap_interfaces/srv/detail/web_save_map__type_support.cpp
[3.084s] -- Up-to-date: /root/yahboomcar_ros2_ws/yahboomcar_ws/install/yahboom_web_savmap_interfaces/include/yahboom_web_savmap_interfaces/srv/detail/web_save_map__rosidl_typesupport_introspection_cpp.hpp
[3.084s] -- Up-to-date: /root/yahboomcar_ros2_ws/yahboomcar_ws/install/yahboom_web_savmap_interfaces/lib/libyahboom_web_savmap_interfaces__rosidl_typesupport_introspection_cpp.so
[3.084s] -- Up-to-date: /root/yahboomcar_ros2_ws/yahboomcar_ws/install/yahboom_web_savmap_interfaces/lib/libyahboom_web_savmap_interfaces__rosidl_typesupport_cpp.so
[3.085s] -- Up-to-date: /root/yahboomcar_ros2_ws/yahboomcar_ws/install/yahboom_web_savmap_interfaces/share/yahboom_web_savmap_interfaces/environment/pythonpath.sh
[3.085s] -- Up-to-date: /root/yahboomcar_ros2_ws/yahboomcar_ws/install/yahboom_web_savmap_interfaces/share/yahboom_web_savmap_interfaces/environment/pythonpath.dsv
[3.087s] -- Up-to-date: /root/yahboomcar_ros2_ws/yahboomcar_ws/install/yahboom_web_savmap_interfaces/lib/python3.8/site-packages/yahboom_web_savmap_interfaces/__init__.py
[3.303s] -- Up-to-date: /root/yahboomcar_ros2_ws/yahboomcar_ws/install/yahboom_web_savmap_interfaces/lib/python3.8/site-packages/yahboom_web_savmap_interfaces/srv
[3.303s] -- Up-to-date: /root/yahboomcar_ros2_ws/yahboomcar_ws/install/yahboom_web_savmap_interfaces/lib/python3.8/site-packages/yahboom_web_savmap_interfaces/srv/_web_save_map_s.c
[3.304s] -- Up-to-date: /root/yahboomcar_ros2_ws/yahboomcar_ws/install/yahboom_web_savmap_interfaces/lib/python3.8/site-packages/yahboom_web_savmap_interfaces/srv/__init__.py
[3.304s] -- Up-to-date: /root/yahboomcar_ros2_ws/yahboomcar_ws/install/yahboom_web_savmap_interfaces/lib/python3.8/site-packages/yahboom_web_savmap_interfaces/srv/_web_save_map.py
[3.305s] -- Up-to-date: /root/yahboomcar_ros2_ws/yahboomcar_ws/install/yahboom_web_savmap_interfaces/lib/python3.8/site-packages/yahboom_web_savmap_interfaces/yahboom_web_savmap_interfaces_s__rosidl_typesupport_fastrtps_c.cpython-38-aarch64-linux-gnu.so
[3.307s] -- Up-to-date: /root/yahboomcar_ros2_ws/yahboomcar_ws/install/yahboom_web_savmap_interfaces/lib/python3.8/site-packages/yahboom_web_savmap_interfaces/yahboom_web_savmap_interfaces_s__rosidl_typesupport_introspection_c.cpython-38-aarch64-linux-gnu.so
[3.313s] -- Up-to-date: /root/yahboomcar_ros2_ws/yahboomcar_ws/install/yahboom_web_savmap_interfaces/lib/python3.8/site-packages/yahboom_web_savmap_interfaces/yahboom_web_savmap_interfaces_s__rosidl_typesupport_c.cpython-38-aarch64-linux-gnu.so
[3.314s] -- Up-to-date: /root/yahboomcar_ros2_ws/yahboomcar_ws/install/yahboom_web_savmap_interfaces/lib/libyahboom_web_savmap_interfaces__python.so
[3.327s] -- Up-to-date: /root/yahboomcar_ros2_ws/yahboomcar_ws/install/yahboom_web_savmap_interfaces/share/yahboom_web_savmap_interfaces/srv/WebSaveMap.idl
[3.327s] -- Up-to-date: /root/yahboomcar_ros2_ws/yahboomcar_ws/install/yahboom_web_savmap_interfaces/share/yahboom_web_savmap_interfaces/srv/WebSaveMap.srv
[3.328s] -- Up-to-date: /root/yahboomcar_ros2_ws/yahboomcar_ws/install/yahboom_web_savmap_interfaces/share/yahboom_web_savmap_interfaces/srv/WebSaveMap_Request.msg
[3.329s] -- Up-to-date: /root/yahboomcar_ros2_ws/yahboomcar_ws/install/yahboom_web_savmap_interfaces/share/yahboom_web_savmap_interfaces/srv/WebSaveMap_Response.msg
[3.330s] -- Up-to-date: /root/yahboomcar_ros2_ws/yahboomcar_ws/install/yahboom_web_savmap_interfaces/share/ament_index/resource_index/package_run_dependencies/yahboom_web_savmap_interfaces
[3.330s] -- Up-to-date: /root/yahboomcar_ros2_ws/yahboomcar_ws/install/yahboom_web_savmap_interfaces/share/ament_index/resource_index/parent_prefix_path/yahboom_web_savmap_interfaces
[3.331s] -- Up-to-date: /root/yahboomcar_ros2_ws/yahboomcar_ws/install/yahboom_web_savmap_interfaces/share/yahboom_web_savmap_interfaces/environment/ament_prefix_path.sh
[3.332s] -- Up-to-date: /root/yahboomcar_ros2_ws/yahboomcar_ws/install/yahboom_web_savmap_interfaces/share/yahboom_web_savmap_interfaces/environment/ament_prefix_path.dsv
[3.332s] -- Up-to-date: /root/yahboomcar_ros2_ws/yahboomcar_ws/install/yahboom_web_savmap_interfaces/share/yahboom_web_savmap_interfaces/environment/path.sh
[3.333s] -- Up-to-date: /root/yahboomcar_ros2_ws/yahboomcar_ws/install/yahboom_web_savmap_interfaces/share/yahboom_web_savmap_interfaces/environment/path.dsv
[3.333s] -- Up-to-date: /root/yahboomcar_ros2_ws/yahboomcar_ws/install/yahboom_web_savmap_interfaces/share/yahboom_web_savmap_interfaces/local_setup.bash
[3.333s] -- Up-to-date: /root/yahboomcar_ros2_ws/yahboomcar_ws/install/yahboom_web_savmap_interfaces/share/yahboom_web_savmap_interfaces/local_setup.sh
[3.334s] -- Up-to-date: /root/yahboomcar_ros2_ws/yahboomcar_ws/install/yahboom_web_savmap_interfaces/share/yahboom_web_savmap_interfaces/local_setup.zsh
[3.334s] -- Up-to-date: /root/yahboomcar_ros2_ws/yahboomcar_ws/install/yahboom_web_savmap_interfaces/share/yahboom_web_savmap_interfaces/local_setup.dsv
[3.335s] -- Installing: /root/yahboomcar_ros2_ws/yahboomcar_ws/install/yahboom_web_savmap_interfaces/share/yahboom_web_savmap_interfaces/package.dsv
[3.335s] -- Up-to-date: /root/yahboomcar_ros2_ws/yahboomcar_ws/install/yahboom_web_savmap_interfaces/share/ament_index/resource_index/packages/yahboom_web_savmap_interfaces
[3.335s] -- Up-to-date: /root/yahboomcar_ros2_ws/yahboomcar_ws/install/yahboom_web_savmap_interfaces/share/yahboom_web_savmap_interfaces/cmake/yahboom_web_savmap_interfaces__rosidl_generator_cExport.cmake
[3.336s] -- Up-to-date: /root/yahboomcar_ros2_ws/yahboomcar_ws/install/yahboom_web_savmap_interfaces/share/yahboom_web_savmap_interfaces/cmake/yahboom_web_savmap_interfaces__rosidl_generator_cExport-noconfig.cmake
[3.337s] -- Up-to-date: /root/yahboomcar_ros2_ws/yahboomcar_ws/install/yahboom_web_savmap_interfaces/share/yahboom_web_savmap_interfaces/cmake/yahboom_web_savmap_interfaces__rosidl_typesupport_introspection_cExport.cmake
[3.337s] -- Up-to-date: /root/yahboomcar_ros2_ws/yahboomcar_ws/install/yahboom_web_savmap_interfaces/share/yahboom_web_savmap_interfaces/cmake/yahboom_web_savmap_interfaces__rosidl_typesupport_introspection_cExport-noconfig.cmake
[3.338s] -- Up-to-date: /root/yahboomcar_ros2_ws/yahboomcar_ws/install/yahboom_web_savmap_interfaces/share/yahboom_web_savmap_interfaces/cmake/yahboom_web_savmap_interfaces__rosidl_typesupport_cExport.cmake
[3.338s] -- Up-to-date: /root/yahboomcar_ros2_ws/yahboomcar_ws/install/yahboom_web_savmap_interfaces/share/yahboom_web_savmap_interfaces/cmake/yahboom_web_savmap_interfaces__rosidl_typesupport_cExport-noconfig.cmake
[3.339s] -- Up-to-date: /root/yahboomcar_ros2_ws/yahboomcar_ws/install/yahboom_web_savmap_interfaces/share/yahboom_web_savmap_interfaces/cmake/yahboom_web_savmap_interfaces__rosidl_generator_cppExport.cmake
[3.340s] -- Up-to-date: /root/yahboomcar_ros2_ws/yahboomcar_ws/install/yahboom_web_savmap_interfaces/share/yahboom_web_savmap_interfaces/cmake/yahboom_web_savmap_interfaces__rosidl_typesupport_introspection_cppExport.cmake
[3.340s] -- Up-to-date: /root/yahboomcar_ros2_ws/yahboomcar_ws/install/yahboom_web_savmap_interfaces/share/yahboom_web_savmap_interfaces/cmake/yahboom_web_savmap_interfaces__rosidl_typesupport_introspection_cppExport-noconfig.cmake
[3.341s] -- Up-to-date: /root/yahboomcar_ros2_ws/yahboomcar_ws/install/yahboom_web_savmap_interfaces/share/yahboom_web_savmap_interfaces/cmake/yahboom_web_savmap_interfaces__rosidl_typesupport_cppExport.cmake
[3.342s] -- Up-to-date: /root/yahboomcar_ros2_ws/yahboomcar_ws/install/yahboom_web_savmap_interfaces/share/yahboom_web_savmap_interfaces/cmake/yahboom_web_savmap_interfaces__rosidl_typesupport_cppExport-noconfig.cmake
[3.342s] -- Up-to-date: /root/yahboomcar_ros2_ws/yahboomcar_ws/install/yahboom_web_savmap_interfaces/share/yahboom_web_savmap_interfaces/cmake/rosidl_cmake-extras.cmake
[3.343s] -- Up-to-date: /root/yahboomcar_ros2_ws/yahboomcar_ws/install/yahboom_web_savmap_interfaces/share/yahboom_web_savmap_interfaces/cmake/ament_cmake_export_dependencies-extras.cmake
[3.343s] -- Up-to-date: /root/yahboomcar_ros2_ws/yahboomcar_ws/install/yahboom_web_savmap_interfaces/share/yahboom_web_savmap_interfaces/cmake/ament_cmake_export_libraries-extras.cmake
[3.344s] -- Up-to-date: /root/yahboomcar_ros2_ws/yahboomcar_ws/install/yahboom_web_savmap_interfaces/share/yahboom_web_savmap_interfaces/cmake/ament_cmake_export_targets-extras.cmake
[3.344s] -- Up-to-date: /root/yahboomcar_ros2_ws/yahboomcar_ws/install/yahboom_web_savmap_interfaces/share/yahboom_web_savmap_interfaces/cmake/ament_cmake_export_include_directories-extras.cmake
[3.345s] -- Up-to-date: /root/yahboomcar_ros2_ws/yahboomcar_ws/install/yahboom_web_savmap_interfaces/share/yahboom_web_savmap_interfaces/cmake/rosidl_cmake_export_typesupport_libraries-extras.cmake
[3.345s] -- Up-to-date: /root/yahboomcar_ros2_ws/yahboomcar_ws/install/yahboom_web_savmap_interfaces/share/yahboom_web_savmap_interfaces/cmake/rosidl_cmake_export_typesupport_targets-extras.cmake
[3.346s] -- Up-to-date: /root/yahboomcar_ros2_ws/yahboomcar_ws/install/yahboom_web_savmap_interfaces/share/yahboom_web_savmap_interfaces/cmake/yahboom_web_savmap_interfacesConfig.cmake
[3.346s] -- Up-to-date: /root/yahboomcar_ros2_ws/yahboomcar_ws/install/yahboom_web_savmap_interfaces/share/yahboom_web_savmap_interfaces/cmake/yahboom_web_savmap_interfacesConfig-version.cmake
[3.347s] -- Up-to-date: /root/yahboomcar_ros2_ws/yahboomcar_ws/install/yahboom_web_savmap_interfaces/share/yahboom_web_savmap_interfaces/package.xml
[3.358s] Invoked command in '/root/yahboomcar_ros2_ws/yahboomcar_ws/build/yahboom_web_savmap_interfaces' returned '0': CMAKE_PREFIX_PATH=${CMAKE_PREFIX_PATH}:/root/yahboomcar_ros2_ws/yahboomcar_ws/install/yahboomcar_voice_ctrl:/root/yahboomcar_ros2_ws/yahboomcar_ws/install/yahboomcar_visual:/root/yahboomcar_ros2_ws/yahboomcar_ws/install/yahboomcar_nav:/root/yahboomcar_ros2_ws/yahboomcar_ws/install/yahboomcar_mediapipe:/root/yahboomcar_ros2_ws/yahboomcar_ws/install/yahboomcar_linefollow:/root/yahboomcar_ros2_ws/yahboomcar_ws/install/yahboomcar_laser:/root/yahboomcar_ros2_ws/yahboomcar_ws/install/yahboomcar_description_x1:/root/yahboomcar_ros2_ws/yahboomcar_ws/install/yahboomcar_description:/root/yahboomcar_ros2_ws/yahboomcar_ws/install/yahboomcar_ctrl:/root/yahboomcar_ros2_ws/yahboomcar_ws/install/yahboomcar_bringup:/root/yahboomcar_ros2_ws/yahboomcar_ws/install/yahboomcar_astra:/root/yahboomcar_ros2_ws/yahboomcar_ws/install/yahboom_app_save_map:/root/yahboomcar_ros2_ws/yahboomcar_ws/install/robot_pose_publisher:/root/yahboomcar_ros2_ws/yahboomcar_ws/install/laserscan_to_point_pulisher:/opt/ros/foxy /usr/bin/cmake --install /root/yahboomcar_ros2_ws/yahboomcar_ws/build/yahboom_web_savmap_interfaces
