[0.000000] (-) TimerEvent: {}
[0.001763] (-) JobUnselected: {'identifier': 'laserscan_to_point_pulisher'}
[0.001945] (-) JobUnselected: {'identifier': 'robot_pose_publisher'}
[0.002450] (-) JobUnselected: {'identifier': 'robot_pose_publisher_ros2'}
[0.002625] (-) JobUnselected: {'identifier': 'yahboom_app_save_map'}
[0.002932] (-) JobUnselected: {'identifier': 'yahboom_web_savmap_interfaces'}
[0.003125] (-) JobUnselected: {'identifier': 'yahboomcar_KCFTracker'}
[0.003249] (-) JobUnselected: {'identifier': 'yahboomcar_astra'}
[0.003397] (-) JobUnselected: {'identifier': 'yahboomcar_base_node'}
[0.003543] (-) JobUnselected: {'identifier': 'yahboomcar_bringup'}
[0.003666] (-) JobUnselected: {'identifier': 'yahboomcar_ctrl'}
[0.003813] (-) JobUnselected: {'identifier': 'yahboomcar_description'}
[0.003938] (-) JobUnselected: {'identifier': 'yahboomcar_description_x1'}
[0.004142] (-) JobUnselected: {'identifier': 'yahboomcar_laser'}
[0.004269] (-) JobUnselected: {'identifier': 'yahboomcar_linefollow'}
[0.004359] (-) JobUnselected: {'identifier': 'yahboomcar_mediapipe'}
[0.004448] (-) JobUnselected: {'identifier': 'yahboomcar_msgs'}
[0.004537] (-) JobUnselected: {'identifier': 'yahboomcar_nav'}
[0.004622] (-) JobUnselected: {'identifier': 'yahboomcar_point'}
[0.004708] (-) JobUnselected: {'identifier': 'yahboomcar_slam'}
[0.004808] (-) JobUnselected: {'identifier': 'yahboomcar_visual'}
[0.004894] (-) JobUnselected: {'identifier': 'yahboomcar_voice_ctrl'}
[0.004979] (-) EventReactorShutdown: {}
