[1.956s] DEBUG:colcon:Command line arguments: ['/usr/bin/colcon', 'build', '--packages-select', 'openslam_gmapping']
[1.956s] DEBUG:colcon:Parsed command line arguments: Namespace(ament_cmake_args=None, base_paths=['.'], build_base='build', catkin_cmake_args=None, catkin_skip_building_tests=False, cmake_args=None, cmake_clean_cache=False, cmake_clean_first=False, cmake_force_configure=False, cmake_target=None, cmake_target_skip_unavailable=False, continue_on_error=False, event_handlers=None, executor='parallel', ignore_user_meta=False, install_base='install', log_base=None, log_level=None, main=<bound method BuildVerb.main of <colcon_core.verb.build.BuildVerb object at 0x7fb2686490>>, merge_install=False, metas=['./colcon.meta'], mixin=None, mixin_files=None, mixin_verb=('build',), packages_above=None, packages_above_and_dependencies=None, packages_above_depth=None, packages_end=None, packages_ignore=None, packages_ignore_regex=None, packages_select=['openslam_gmapping'], packages_select_build_failed=False, packages_select_by_dep=None, packages_select_regex=None, packages_select_test_failures=False, packages_skip=None, packages_skip_build_finished=False, packages_skip_by_dep=None, packages_skip_regex=None, packages_skip_test_passed=False, packages_skip_up_to=None, packages_start=None, packages_up_to=None, packages_up_to_regex=None, parallel_workers=4, paths=None, symlink_install=False, test_result_base=None, verb_extension=<colcon_core.verb.build.BuildVerb object at 0x7fb2686490>, verb_name='build', verb_parser=<colcon_mixin.mixin.mixin_argument.MixinArgumentDecorator object at 0x7fb2686af0>)
[2.082s] Level 1:colcon.colcon_core.package_discovery:discover_packages(colcon_meta) check parameters
[2.085s] INFO:colcon.colcon_metadata.package_discovery.colcon_meta:Using configuration from '/root/.colcon/metadata/default/Gazebo.meta'
[2.087s] INFO:colcon.colcon_metadata.package_discovery.colcon_meta:Using configuration from '/root/.colcon/metadata/default/fastrtps.meta'
[2.088s] Level 1:colcon.colcon_core.package_discovery:discover_packages(recursive) check parameters
[2.088s] Level 1:colcon.colcon_core.package_discovery:discover_packages(ignore) check parameters
[2.088s] Level 1:colcon.colcon_core.package_discovery:discover_packages(path) check parameters
[2.088s] Level 1:colcon.colcon_core.package_discovery:discover_packages(colcon_meta) discover
[2.088s] Level 1:colcon.colcon_core.package_discovery:discover_packages(recursive) discover
[2.088s] INFO:colcon.colcon_core.package_discovery:Crawling recursively for packages in '/root/yahboomcar_ros2_ws/yahboomcar_ws'
[2.089s] Level 1:colcon.colcon_core.package_identification:_identify(.) by extensions ['ignore', 'ignore_ament_install']
[2.089s] Level 1:colcon.colcon_core.package_identification:_identify(.) by extension 'ignore'
[2.089s] Level 1:colcon.colcon_core.package_identification:_identify(.) by extension 'ignore_ament_install'
[2.090s] Level 1:colcon.colcon_core.package_identification:_identify(.) by extensions ['colcon_pkg']
[2.090s] Level 1:colcon.colcon_core.package_identification:_identify(.) by extension 'colcon_pkg'
[2.090s] Level 1:colcon.colcon_core.package_identification:_identify(.) by extensions ['colcon_meta']
[2.090s] Level 1:colcon.colcon_core.package_identification:_identify(.) by extension 'colcon_meta'
[2.090s] Level 1:colcon.colcon_core.package_identification:_identify(.) by extensions ['ros']
[2.090s] Level 1:colcon.colcon_core.package_identification:_identify(.) by extension 'ros'
[2.179s] Level 1:colcon.colcon_core.package_identification:_identify(.) by extensions ['cmake', 'python']
[2.179s] Level 1:colcon.colcon_core.package_identification:_identify(.) by extension 'cmake'
[2.180s] Level 1:colcon.colcon_core.package_identification:_identify(.) by extension 'python'
[2.180s] Level 1:colcon.colcon_core.package_identification:_identify(.) by extensions ['python_setup_py']
[2.180s] Level 1:colcon.colcon_core.package_identification:_identify(.) by extension 'python_setup_py'
[2.181s] Level 1:colcon.colcon_core.package_identification:_identify(build) by extensions ['ignore', 'ignore_ament_install']
[2.181s] Level 1:colcon.colcon_core.package_identification:_identify(build) by extension 'ignore'
[2.181s] Level 1:colcon.colcon_core.package_identification:_identify(build) ignored
[2.182s] Level 1:colcon.colcon_core.package_identification:_identify(install) by extensions ['ignore', 'ignore_ament_install']
[2.182s] Level 1:colcon.colcon_core.package_identification:_identify(install) by extension 'ignore'
[2.182s] Level 1:colcon.colcon_core.package_identification:_identify(install) ignored
[2.184s] Level 1:colcon.colcon_core.package_identification:_identify(log) by extensions ['ignore', 'ignore_ament_install']
[2.184s] Level 1:colcon.colcon_core.package_identification:_identify(log) by extension 'ignore'
[2.184s] Level 1:colcon.colcon_core.package_identification:_identify(log) ignored
[2.185s] Level 1:colcon.colcon_core.package_identification:_identify(src) by extensions ['ignore', 'ignore_ament_install']
[2.185s] Level 1:colcon.colcon_core.package_identification:_identify(src) by extension 'ignore'
[2.185s] Level 1:colcon.colcon_core.package_identification:_identify(src) by extension 'ignore_ament_install'
[2.186s] Level 1:colcon.colcon_core.package_identification:_identify(src) by extensions ['colcon_pkg']
[2.186s] Level 1:colcon.colcon_core.package_identification:_identify(src) by extension 'colcon_pkg'
[2.186s] Level 1:colcon.colcon_core.package_identification:_identify(src) by extensions ['colcon_meta']
[2.186s] Level 1:colcon.colcon_core.package_identification:_identify(src) by extension 'colcon_meta'
[2.186s] Level 1:colcon.colcon_core.package_identification:_identify(src) by extensions ['ros']
[2.186s] Level 1:colcon.colcon_core.package_identification:_identify(src) by extension 'ros'
[2.187s] Level 1:colcon.colcon_core.package_identification:_identify(src) by extensions ['cmake', 'python']
[2.187s] Level 1:colcon.colcon_core.package_identification:_identify(src) by extension 'cmake'
[2.187s] Level 1:colcon.colcon_core.package_identification:_identify(src) by extension 'python'
[2.187s] Level 1:colcon.colcon_core.package_identification:_identify(src) by extensions ['python_setup_py']
[2.188s] Level 1:colcon.colcon_core.package_identification:_identify(src) by extension 'python_setup_py'
[2.188s] Level 1:colcon.colcon_core.package_identification:_identify(src/laserscan_to_point_pulisher) by extensions ['ignore', 'ignore_ament_install']
[2.188s] Level 1:colcon.colcon_core.package_identification:_identify(src/laserscan_to_point_pulisher) by extension 'ignore'
[2.189s] Level 1:colcon.colcon_core.package_identification:_identify(src/laserscan_to_point_pulisher) by extension 'ignore_ament_install'
[2.189s] Level 1:colcon.colcon_core.package_identification:_identify(src/laserscan_to_point_pulisher) by extensions ['colcon_pkg']
[2.189s] Level 1:colcon.colcon_core.package_identification:_identify(src/laserscan_to_point_pulisher) by extension 'colcon_pkg'
[2.189s] Level 1:colcon.colcon_core.package_identification:_identify(src/laserscan_to_point_pulisher) by extensions ['colcon_meta']
[2.189s] Level 1:colcon.colcon_core.package_identification:_identify(src/laserscan_to_point_pulisher) by extension 'colcon_meta'
[2.189s] Level 1:colcon.colcon_core.package_identification:_identify(src/laserscan_to_point_pulisher) by extensions ['ros']
[2.190s] Level 1:colcon.colcon_core.package_identification:_identify(src/laserscan_to_point_pulisher) by extension 'ros'
[2.203s] DEBUG:colcon.colcon_core.package_identification:Package 'src/laserscan_to_point_pulisher' with type 'ros.ament_python' and name 'laserscan_to_point_pulisher'
[2.203s] Level 1:colcon.colcon_core.package_identification:_identify(src/robot_pose_publisher) by extensions ['ignore', 'ignore_ament_install']
[2.204s] Level 1:colcon.colcon_core.package_identification:_identify(src/robot_pose_publisher) by extension 'ignore'
[2.204s] Level 1:colcon.colcon_core.package_identification:_identify(src/robot_pose_publisher) by extension 'ignore_ament_install'
[2.204s] Level 1:colcon.colcon_core.package_identification:_identify(src/robot_pose_publisher) by extensions ['colcon_pkg']
[2.204s] Level 1:colcon.colcon_core.package_identification:_identify(src/robot_pose_publisher) by extension 'colcon_pkg'
[2.205s] Level 1:colcon.colcon_core.package_identification:_identify(src/robot_pose_publisher) by extensions ['colcon_meta']
[2.205s] Level 1:colcon.colcon_core.package_identification:_identify(src/robot_pose_publisher) by extension 'colcon_meta'
[2.205s] Level 1:colcon.colcon_core.package_identification:_identify(src/robot_pose_publisher) by extensions ['ros']
[2.205s] Level 1:colcon.colcon_core.package_identification:_identify(src/robot_pose_publisher) by extension 'ros'
[2.208s] DEBUG:colcon.colcon_core.package_identification:Package 'src/robot_pose_publisher' with type 'ros.ament_python' and name 'robot_pose_publisher'
[2.209s] Level 1:colcon.colcon_core.package_identification:_identify(src/robot_pose_publisher_ros2) by extensions ['ignore', 'ignore_ament_install']
[2.209s] Level 1:colcon.colcon_core.package_identification:_identify(src/robot_pose_publisher_ros2) by extension 'ignore'
[2.209s] Level 1:colcon.colcon_core.package_identification:_identify(src/robot_pose_publisher_ros2) by extension 'ignore_ament_install'
[2.210s] Level 1:colcon.colcon_core.package_identification:_identify(src/robot_pose_publisher_ros2) by extensions ['colcon_pkg']
[2.210s] Level 1:colcon.colcon_core.package_identification:_identify(src/robot_pose_publisher_ros2) by extension 'colcon_pkg'
[2.210s] Level 1:colcon.colcon_core.package_identification:_identify(src/robot_pose_publisher_ros2) by extensions ['colcon_meta']
[2.210s] Level 1:colcon.colcon_core.package_identification:_identify(src/robot_pose_publisher_ros2) by extension 'colcon_meta'
[2.211s] Level 1:colcon.colcon_core.package_identification:_identify(src/robot_pose_publisher_ros2) by extensions ['ros']
[2.211s] Level 1:colcon.colcon_core.package_identification:_identify(src/robot_pose_publisher_ros2) by extension 'ros'
[2.215s] DEBUG:colcon.colcon_core.package_identification:Package 'src/robot_pose_publisher_ros2' with type 'ros.ament_cmake' and name 'robot_pose_publisher_ros2'
[2.215s] Level 1:colcon.colcon_core.package_identification:_identify(src/yahboom_app_save_map) by extensions ['ignore', 'ignore_ament_install']
[2.215s] Level 1:colcon.colcon_core.package_identification:_identify(src/yahboom_app_save_map) by extension 'ignore'
[2.216s] Level 1:colcon.colcon_core.package_identification:_identify(src/yahboom_app_save_map) by extension 'ignore_ament_install'
[2.216s] Level 1:colcon.colcon_core.package_identification:_identify(src/yahboom_app_save_map) by extensions ['colcon_pkg']
[2.216s] Level 1:colcon.colcon_core.package_identification:_identify(src/yahboom_app_save_map) by extension 'colcon_pkg'
[2.216s] Level 1:colcon.colcon_core.package_identification:_identify(src/yahboom_app_save_map) by extensions ['colcon_meta']
[2.216s] Level 1:colcon.colcon_core.package_identification:_identify(src/yahboom_app_save_map) by extension 'colcon_meta'
[2.217s] Level 1:colcon.colcon_core.package_identification:_identify(src/yahboom_app_save_map) by extensions ['ros']
[2.217s] Level 1:colcon.colcon_core.package_identification:_identify(src/yahboom_app_save_map) by extension 'ros'
[2.221s] DEBUG:colcon.colcon_core.package_identification:Package 'src/yahboom_app_save_map' with type 'ros.ament_python' and name 'yahboom_app_save_map'
[2.221s] Level 1:colcon.colcon_core.package_identification:_identify(src/yahboom_web_savmap_interfaces) by extensions ['ignore', 'ignore_ament_install']
[2.221s] Level 1:colcon.colcon_core.package_identification:_identify(src/yahboom_web_savmap_interfaces) by extension 'ignore'
[2.222s] Level 1:colcon.colcon_core.package_identification:_identify(src/yahboom_web_savmap_interfaces) by extension 'ignore_ament_install'
[2.222s] Level 1:colcon.colcon_core.package_identification:_identify(src/yahboom_web_savmap_interfaces) by extensions ['colcon_pkg']
[2.222s] Level 1:colcon.colcon_core.package_identification:_identify(src/yahboom_web_savmap_interfaces) by extension 'colcon_pkg'
[2.223s] Level 1:colcon.colcon_core.package_identification:_identify(src/yahboom_web_savmap_interfaces) by extensions ['colcon_meta']
[2.223s] Level 1:colcon.colcon_core.package_identification:_identify(src/yahboom_web_savmap_interfaces) by extension 'colcon_meta'
[2.223s] Level 1:colcon.colcon_core.package_identification:_identify(src/yahboom_web_savmap_interfaces) by extensions ['ros']
[2.223s] Level 1:colcon.colcon_core.package_identification:_identify(src/yahboom_web_savmap_interfaces) by extension 'ros'
[2.226s] DEBUG:colcon.colcon_core.package_identification:Package 'src/yahboom_web_savmap_interfaces' with type 'ros.ament_cmake' and name 'yahboom_web_savmap_interfaces'
[2.227s] Level 1:colcon.colcon_core.package_identification:_identify(src/yahboomcar_KCFTracker) by extensions ['ignore', 'ignore_ament_install']
[2.227s] Level 1:colcon.colcon_core.package_identification:_identify(src/yahboomcar_KCFTracker) by extension 'ignore'
[2.228s] Level 1:colcon.colcon_core.package_identification:_identify(src/yahboomcar_KCFTracker) by extension 'ignore_ament_install'
[2.228s] Level 1:colcon.colcon_core.package_identification:_identify(src/yahboomcar_KCFTracker) by extensions ['colcon_pkg']
[2.228s] Level 1:colcon.colcon_core.package_identification:_identify(src/yahboomcar_KCFTracker) by extension 'colcon_pkg'
[2.228s] Level 1:colcon.colcon_core.package_identification:_identify(src/yahboomcar_KCFTracker) by extensions ['colcon_meta']
[2.228s] Level 1:colcon.colcon_core.package_identification:_identify(src/yahboomcar_KCFTracker) by extension 'colcon_meta'
[2.229s] Level 1:colcon.colcon_core.package_identification:_identify(src/yahboomcar_KCFTracker) by extensions ['ros']
[2.229s] Level 1:colcon.colcon_core.package_identification:_identify(src/yahboomcar_KCFTracker) by extension 'ros'
[2.232s] DEBUG:colcon.colcon_core.package_identification:Package 'src/yahboomcar_KCFTracker' with type 'ros.ament_cmake' and name 'yahboomcar_KCFTracker'
[2.233s] Level 1:colcon.colcon_core.package_identification:_identify(src/yahboomcar_astra) by extensions ['ignore', 'ignore_ament_install']
[2.233s] Level 1:colcon.colcon_core.package_identification:_identify(src/yahboomcar_astra) by extension 'ignore'
[2.234s] Level 1:colcon.colcon_core.package_identification:_identify(src/yahboomcar_astra) by extension 'ignore_ament_install'
[2.234s] Level 1:colcon.colcon_core.package_identification:_identify(src/yahboomcar_astra) by extensions ['colcon_pkg']
[2.234s] Level 1:colcon.colcon_core.package_identification:_identify(src/yahboomcar_astra) by extension 'colcon_pkg'
[2.234s] Level 1:colcon.colcon_core.package_identification:_identify(src/yahboomcar_astra) by extensions ['colcon_meta']
[2.235s] Level 1:colcon.colcon_core.package_identification:_identify(src/yahboomcar_astra) by extension 'colcon_meta'
[2.235s] Level 1:colcon.colcon_core.package_identification:_identify(src/yahboomcar_astra) by extensions ['ros']
[2.235s] Level 1:colcon.colcon_core.package_identification:_identify(src/yahboomcar_astra) by extension 'ros'
[2.238s] DEBUG:colcon.colcon_core.package_identification:Package 'src/yahboomcar_astra' with type 'ros.ament_python' and name 'yahboomcar_astra'
[2.238s] Level 1:colcon.colcon_core.package_identification:_identify(src/yahboomcar_base_node) by extensions ['ignore', 'ignore_ament_install']
[2.239s] Level 1:colcon.colcon_core.package_identification:_identify(src/yahboomcar_base_node) by extension 'ignore'
[2.239s] Level 1:colcon.colcon_core.package_identification:_identify(src/yahboomcar_base_node) by extension 'ignore_ament_install'
[2.239s] Level 1:colcon.colcon_core.package_identification:_identify(src/yahboomcar_base_node) by extensions ['colcon_pkg']
[2.240s] Level 1:colcon.colcon_core.package_identification:_identify(src/yahboomcar_base_node) by extension 'colcon_pkg'
[2.240s] Level 1:colcon.colcon_core.package_identification:_identify(src/yahboomcar_base_node) by extensions ['colcon_meta']
[2.240s] Level 1:colcon.colcon_core.package_identification:_identify(src/yahboomcar_base_node) by extension 'colcon_meta'
[2.240s] Level 1:colcon.colcon_core.package_identification:_identify(src/yahboomcar_base_node) by extensions ['ros']
[2.240s] Level 1:colcon.colcon_core.package_identification:_identify(src/yahboomcar_base_node) by extension 'ros'
[2.245s] DEBUG:colcon.colcon_core.package_identification:Package 'src/yahboomcar_base_node' with type 'ros.ament_cmake' and name 'yahboomcar_base_node'
[2.246s] Level 1:colcon.colcon_core.package_identification:_identify(src/yahboomcar_bringup) by extensions ['ignore', 'ignore_ament_install']
[2.246s] Level 1:colcon.colcon_core.package_identification:_identify(src/yahboomcar_bringup) by extension 'ignore'
[2.246s] Level 1:colcon.colcon_core.package_identification:_identify(src/yahboomcar_bringup) by extension 'ignore_ament_install'
[2.247s] Level 1:colcon.colcon_core.package_identification:_identify(src/yahboomcar_bringup) by extensions ['colcon_pkg']
[2.247s] Level 1:colcon.colcon_core.package_identification:_identify(src/yahboomcar_bringup) by extension 'colcon_pkg'
[2.247s] Level 1:colcon.colcon_core.package_identification:_identify(src/yahboomcar_bringup) by extensions ['colcon_meta']
[2.247s] Level 1:colcon.colcon_core.package_identification:_identify(src/yahboomcar_bringup) by extension 'colcon_meta'
[2.247s] Level 1:colcon.colcon_core.package_identification:_identify(src/yahboomcar_bringup) by extensions ['ros']
[2.247s] Level 1:colcon.colcon_core.package_identification:_identify(src/yahboomcar_bringup) by extension 'ros'
[2.252s] DEBUG:colcon.colcon_core.package_identification:Package 'src/yahboomcar_bringup' with type 'ros.ament_python' and name 'yahboomcar_bringup'
[2.252s] Level 1:colcon.colcon_core.package_identification:_identify(src/yahboomcar_ctrl) by extensions ['ignore', 'ignore_ament_install']
[2.253s] Level 1:colcon.colcon_core.package_identification:_identify(src/yahboomcar_ctrl) by extension 'ignore'
[2.253s] Level 1:colcon.colcon_core.package_identification:_identify(src/yahboomcar_ctrl) by extension 'ignore_ament_install'
[2.253s] Level 1:colcon.colcon_core.package_identification:_identify(src/yahboomcar_ctrl) by extensions ['colcon_pkg']
[2.253s] Level 1:colcon.colcon_core.package_identification:_identify(src/yahboomcar_ctrl) by extension 'colcon_pkg'
[2.254s] Level 1:colcon.colcon_core.package_identification:_identify(src/yahboomcar_ctrl) by extensions ['colcon_meta']
[2.254s] Level 1:colcon.colcon_core.package_identification:_identify(src/yahboomcar_ctrl) by extension 'colcon_meta'
[2.254s] Level 1:colcon.colcon_core.package_identification:_identify(src/yahboomcar_ctrl) by extensions ['ros']
[2.254s] Level 1:colcon.colcon_core.package_identification:_identify(src/yahboomcar_ctrl) by extension 'ros'
[2.258s] DEBUG:colcon.colcon_core.package_identification:Package 'src/yahboomcar_ctrl' with type 'ros.ament_python' and name 'yahboomcar_ctrl'
[2.258s] Level 1:colcon.colcon_core.package_identification:_identify(src/yahboomcar_description) by extensions ['ignore', 'ignore_ament_install']
[2.259s] Level 1:colcon.colcon_core.package_identification:_identify(src/yahboomcar_description) by extension 'ignore'
[2.259s] Level 1:colcon.colcon_core.package_identification:_identify(src/yahboomcar_description) by extension 'ignore_ament_install'
[2.259s] Level 1:colcon.colcon_core.package_identification:_identify(src/yahboomcar_description) by extensions ['colcon_pkg']
[2.260s] Level 1:colcon.colcon_core.package_identification:_identify(src/yahboomcar_description) by extension 'colcon_pkg'
[2.260s] Level 1:colcon.colcon_core.package_identification:_identify(src/yahboomcar_description) by extensions ['colcon_meta']
[2.260s] Level 1:colcon.colcon_core.package_identification:_identify(src/yahboomcar_description) by extension 'colcon_meta'
[2.260s] Level 1:colcon.colcon_core.package_identification:_identify(src/yahboomcar_description) by extensions ['ros']
[2.260s] Level 1:colcon.colcon_core.package_identification:_identify(src/yahboomcar_description) by extension 'ros'
[2.263s] DEBUG:colcon.colcon_core.package_identification:Package 'src/yahboomcar_description' with type 'ros.ament_python' and name 'yahboomcar_description'
[2.264s] Level 1:colcon.colcon_core.package_identification:_identify(src/yahboomcar_description_x1) by extensions ['ignore', 'ignore_ament_install']
[2.264s] Level 1:colcon.colcon_core.package_identification:_identify(src/yahboomcar_description_x1) by extension 'ignore'
[2.264s] Level 1:colcon.colcon_core.package_identification:_identify(src/yahboomcar_description_x1) by extension 'ignore_ament_install'
[2.264s] Level 1:colcon.colcon_core.package_identification:_identify(src/yahboomcar_description_x1) by extensions ['colcon_pkg']
[2.265s] Level 1:colcon.colcon_core.package_identification:_identify(src/yahboomcar_description_x1) by extension 'colcon_pkg'
[2.265s] Level 1:colcon.colcon_core.package_identification:_identify(src/yahboomcar_description_x1) by extensions ['colcon_meta']
[2.265s] Level 1:colcon.colcon_core.package_identification:_identify(src/yahboomcar_description_x1) by extension 'colcon_meta'
[2.265s] Level 1:colcon.colcon_core.package_identification:_identify(src/yahboomcar_description_x1) by extensions ['ros']
[2.265s] Level 1:colcon.colcon_core.package_identification:_identify(src/yahboomcar_description_x1) by extension 'ros'
[2.268s] DEBUG:colcon.colcon_core.package_identification:Package 'src/yahboomcar_description_x1' with type 'ros.ament_python' and name 'yahboomcar_description_x1'
[2.269s] Level 1:colcon.colcon_core.package_identification:_identify(src/yahboomcar_laser) by extensions ['ignore', 'ignore_ament_install']
[2.269s] Level 1:colcon.colcon_core.package_identification:_identify(src/yahboomcar_laser) by extension 'ignore'
[2.269s] Level 1:colcon.colcon_core.package_identification:_identify(src/yahboomcar_laser) by extension 'ignore_ament_install'
[2.270s] Level 1:colcon.colcon_core.package_identification:_identify(src/yahboomcar_laser) by extensions ['colcon_pkg']
[2.270s] Level 1:colcon.colcon_core.package_identification:_identify(src/yahboomcar_laser) by extension 'colcon_pkg'
[2.270s] Level 1:colcon.colcon_core.package_identification:_identify(src/yahboomcar_laser) by extensions ['colcon_meta']
[2.270s] Level 1:colcon.colcon_core.package_identification:_identify(src/yahboomcar_laser) by extension 'colcon_meta'
[2.270s] Level 1:colcon.colcon_core.package_identification:_identify(src/yahboomcar_laser) by extensions ['ros']
[2.271s] Level 1:colcon.colcon_core.package_identification:_identify(src/yahboomcar_laser) by extension 'ros'
[2.273s] DEBUG:colcon.colcon_core.package_identification:Package 'src/yahboomcar_laser' with type 'ros.ament_python' and name 'yahboomcar_laser'
[2.274s] Level 1:colcon.colcon_core.package_identification:_identify(src/yahboomcar_linefollow) by extensions ['ignore', 'ignore_ament_install']
[2.274s] Level 1:colcon.colcon_core.package_identification:_identify(src/yahboomcar_linefollow) by extension 'ignore'
[2.274s] Level 1:colcon.colcon_core.package_identification:_identify(src/yahboomcar_linefollow) by extension 'ignore_ament_install'
[2.275s] Level 1:colcon.colcon_core.package_identification:_identify(src/yahboomcar_linefollow) by extensions ['colcon_pkg']
[2.275s] Level 1:colcon.colcon_core.package_identification:_identify(src/yahboomcar_linefollow) by extension 'colcon_pkg'
[2.275s] Level 1:colcon.colcon_core.package_identification:_identify(src/yahboomcar_linefollow) by extensions ['colcon_meta']
[2.275s] Level 1:colcon.colcon_core.package_identification:_identify(src/yahboomcar_linefollow) by extension 'colcon_meta'
[2.276s] Level 1:colcon.colcon_core.package_identification:_identify(src/yahboomcar_linefollow) by extensions ['ros']
[2.276s] Level 1:colcon.colcon_core.package_identification:_identify(src/yahboomcar_linefollow) by extension 'ros'
[2.279s] DEBUG:colcon.colcon_core.package_identification:Package 'src/yahboomcar_linefollow' with type 'ros.ament_python' and name 'yahboomcar_linefollow'
[2.279s] Level 1:colcon.colcon_core.package_identification:_identify(src/yahboomcar_mediapipe) by extensions ['ignore', 'ignore_ament_install']
[2.279s] Level 1:colcon.colcon_core.package_identification:_identify(src/yahboomcar_mediapipe) by extension 'ignore'
[2.280s] Level 1:colcon.colcon_core.package_identification:_identify(src/yahboomcar_mediapipe) by extension 'ignore_ament_install'
[2.280s] Level 1:colcon.colcon_core.package_identification:_identify(src/yahboomcar_mediapipe) by extensions ['colcon_pkg']
[2.280s] Level 1:colcon.colcon_core.package_identification:_identify(src/yahboomcar_mediapipe) by extension 'colcon_pkg'
[2.280s] Level 1:colcon.colcon_core.package_identification:_identify(src/yahboomcar_mediapipe) by extensions ['colcon_meta']
[2.280s] Level 1:colcon.colcon_core.package_identification:_identify(src/yahboomcar_mediapipe) by extension 'colcon_meta'
[2.281s] Level 1:colcon.colcon_core.package_identification:_identify(src/yahboomcar_mediapipe) by extensions ['ros']
[2.281s] Level 1:colcon.colcon_core.package_identification:_identify(src/yahboomcar_mediapipe) by extension 'ros'
[2.285s] DEBUG:colcon.colcon_core.package_identification:Package 'src/yahboomcar_mediapipe' with type 'ros.ament_python' and name 'yahboomcar_mediapipe'
[2.285s] Level 1:colcon.colcon_core.package_identification:_identify(src/yahboomcar_msgs) by extensions ['ignore', 'ignore_ament_install']
[2.286s] Level 1:colcon.colcon_core.package_identification:_identify(src/yahboomcar_msgs) by extension 'ignore'
[2.286s] Level 1:colcon.colcon_core.package_identification:_identify(src/yahboomcar_msgs) by extension 'ignore_ament_install'
[2.286s] Level 1:colcon.colcon_core.package_identification:_identify(src/yahboomcar_msgs) by extensions ['colcon_pkg']
[2.286s] Level 1:colcon.colcon_core.package_identification:_identify(src/yahboomcar_msgs) by extension 'colcon_pkg'
[2.287s] Level 1:colcon.colcon_core.package_identification:_identify(src/yahboomcar_msgs) by extensions ['colcon_meta']
[2.287s] Level 1:colcon.colcon_core.package_identification:_identify(src/yahboomcar_msgs) by extension 'colcon_meta'
[2.287s] Level 1:colcon.colcon_core.package_identification:_identify(src/yahboomcar_msgs) by extensions ['ros']
[2.287s] Level 1:colcon.colcon_core.package_identification:_identify(src/yahboomcar_msgs) by extension 'ros'
[2.291s] DEBUG:colcon.colcon_core.package_identification:Package 'src/yahboomcar_msgs' with type 'ros.ament_cmake' and name 'yahboomcar_msgs'
[2.292s] Level 1:colcon.colcon_core.package_identification:_identify(src/yahboomcar_nav) by extensions ['ignore', 'ignore_ament_install']
[2.292s] Level 1:colcon.colcon_core.package_identification:_identify(src/yahboomcar_nav) by extension 'ignore'
[2.292s] Level 1:colcon.colcon_core.package_identification:_identify(src/yahboomcar_nav) by extension 'ignore_ament_install'
[2.292s] Level 1:colcon.colcon_core.package_identification:_identify(src/yahboomcar_nav) by extensions ['colcon_pkg']
[2.293s] Level 1:colcon.colcon_core.package_identification:_identify(src/yahboomcar_nav) by extension 'colcon_pkg'
[2.293s] Level 1:colcon.colcon_core.package_identification:_identify(src/yahboomcar_nav) by extensions ['colcon_meta']
[2.293s] Level 1:colcon.colcon_core.package_identification:_identify(src/yahboomcar_nav) by extension 'colcon_meta'
[2.293s] Level 1:colcon.colcon_core.package_identification:_identify(src/yahboomcar_nav) by extensions ['ros']
[2.293s] Level 1:colcon.colcon_core.package_identification:_identify(src/yahboomcar_nav) by extension 'ros'
[2.297s] DEBUG:colcon.colcon_core.package_identification:Package 'src/yahboomcar_nav' with type 'ros.ament_python' and name 'yahboomcar_nav'
[2.298s] Level 1:colcon.colcon_core.package_identification:_identify(src/yahboomcar_point) by extensions ['ignore', 'ignore_ament_install']
[2.298s] Level 1:colcon.colcon_core.package_identification:_identify(src/yahboomcar_point) by extension 'ignore'
[2.299s] Level 1:colcon.colcon_core.package_identification:_identify(src/yahboomcar_point) by extension 'ignore_ament_install'
[2.299s] Level 1:colcon.colcon_core.package_identification:_identify(src/yahboomcar_point) by extensions ['colcon_pkg']
[2.299s] Level 1:colcon.colcon_core.package_identification:_identify(src/yahboomcar_point) by extension 'colcon_pkg'
[2.299s] Level 1:colcon.colcon_core.package_identification:_identify(src/yahboomcar_point) by extensions ['colcon_meta']
[2.299s] Level 1:colcon.colcon_core.package_identification:_identify(src/yahboomcar_point) by extension 'colcon_meta'
[2.300s] Level 1:colcon.colcon_core.package_identification:_identify(src/yahboomcar_point) by extensions ['ros']
[2.300s] Level 1:colcon.colcon_core.package_identification:_identify(src/yahboomcar_point) by extension 'ros'
[2.304s] DEBUG:colcon.colcon_core.package_identification:Package 'src/yahboomcar_point' with type 'ros.ament_cmake' and name 'yahboomcar_point'
[2.304s] Level 1:colcon.colcon_core.package_identification:_identify(src/yahboomcar_slam) by extensions ['ignore', 'ignore_ament_install']
[2.304s] Level 1:colcon.colcon_core.package_identification:_identify(src/yahboomcar_slam) by extension 'ignore'
[2.305s] Level 1:colcon.colcon_core.package_identification:_identify(src/yahboomcar_slam) by extension 'ignore_ament_install'
[2.305s] Level 1:colcon.colcon_core.package_identification:_identify(src/yahboomcar_slam) by extensions ['colcon_pkg']
[2.305s] Level 1:colcon.colcon_core.package_identification:_identify(src/yahboomcar_slam) by extension 'colcon_pkg'
[2.305s] Level 1:colcon.colcon_core.package_identification:_identify(src/yahboomcar_slam) by extensions ['colcon_meta']
[2.305s] Level 1:colcon.colcon_core.package_identification:_identify(src/yahboomcar_slam) by extension 'colcon_meta'
[2.306s] Level 1:colcon.colcon_core.package_identification:_identify(src/yahboomcar_slam) by extensions ['ros']
[2.306s] Level 1:colcon.colcon_core.package_identification:_identify(src/yahboomcar_slam) by extension 'ros'
[2.313s] DEBUG:colcon.colcon_core.package_identification:Package 'src/yahboomcar_slam' with type 'ros.ament_cmake' and name 'yahboomcar_slam'
[2.314s] Level 1:colcon.colcon_core.package_identification:_identify(src/yahboomcar_visual) by extensions ['ignore', 'ignore_ament_install']
[2.314s] Level 1:colcon.colcon_core.package_identification:_identify(src/yahboomcar_visual) by extension 'ignore'
[2.314s] Level 1:colcon.colcon_core.package_identification:_identify(src/yahboomcar_visual) by extension 'ignore_ament_install'
[2.314s] Level 1:colcon.colcon_core.package_identification:_identify(src/yahboomcar_visual) by extensions ['colcon_pkg']
[2.315s] Level 1:colcon.colcon_core.package_identification:_identify(src/yahboomcar_visual) by extension 'colcon_pkg'
[2.315s] Level 1:colcon.colcon_core.package_identification:_identify(src/yahboomcar_visual) by extensions ['colcon_meta']
[2.315s] Level 1:colcon.colcon_core.package_identification:_identify(src/yahboomcar_visual) by extension 'colcon_meta'
[2.315s] Level 1:colcon.colcon_core.package_identification:_identify(src/yahboomcar_visual) by extensions ['ros']
[2.315s] Level 1:colcon.colcon_core.package_identification:_identify(src/yahboomcar_visual) by extension 'ros'
[2.319s] DEBUG:colcon.colcon_core.package_identification:Package 'src/yahboomcar_visual' with type 'ros.ament_python' and name 'yahboomcar_visual'
[2.319s] Level 1:colcon.colcon_core.package_identification:_identify(src/yahboomcar_voice_ctrl) by extensions ['ignore', 'ignore_ament_install']
[2.320s] Level 1:colcon.colcon_core.package_identification:_identify(src/yahboomcar_voice_ctrl) by extension 'ignore'
[2.320s] Level 1:colcon.colcon_core.package_identification:_identify(src/yahboomcar_voice_ctrl) by extension 'ignore_ament_install'
[2.320s] Level 1:colcon.colcon_core.package_identification:_identify(src/yahboomcar_voice_ctrl) by extensions ['colcon_pkg']
[2.320s] Level 1:colcon.colcon_core.package_identification:_identify(src/yahboomcar_voice_ctrl) by extension 'colcon_pkg'
[2.320s] Level 1:colcon.colcon_core.package_identification:_identify(src/yahboomcar_voice_ctrl) by extensions ['colcon_meta']
[2.321s] Level 1:colcon.colcon_core.package_identification:_identify(src/yahboomcar_voice_ctrl) by extension 'colcon_meta'
[2.321s] Level 1:colcon.colcon_core.package_identification:_identify(src/yahboomcar_voice_ctrl) by extensions ['ros']
[2.321s] Level 1:colcon.colcon_core.package_identification:_identify(src/yahboomcar_voice_ctrl) by extension 'ros'
[2.324s] DEBUG:colcon.colcon_core.package_identification:Package 'src/yahboomcar_voice_ctrl' with type 'ros.ament_python' and name 'yahboomcar_voice_ctrl'
[2.324s] Level 1:colcon.colcon_core.package_discovery:discover_packages(recursive) using defaults
[2.324s] Level 1:colcon.colcon_core.package_discovery:discover_packages(ignore) discover
[2.324s] Level 1:colcon.colcon_core.package_discovery:discover_packages(ignore) using defaults
[2.324s] Level 1:colcon.colcon_core.package_discovery:discover_packages(path) discover
[2.324s] Level 1:colcon.colcon_core.package_discovery:discover_packages(path) using defaults
[2.331s] WARNING:colcon.colcon_core.package_selection:ignoring unknown package 'openslam_gmapping' in --packages-select
[2.452s] INFO:colcon.colcon_core.package_selection:Skipping not selected package 'laserscan_to_point_pulisher' in 'src/laserscan_to_point_pulisher'
[2.452s] INFO:colcon.colcon_core.package_selection:Skipping not selected package 'robot_pose_publisher' in 'src/robot_pose_publisher'
[2.452s] INFO:colcon.colcon_core.package_selection:Skipping not selected package 'robot_pose_publisher_ros2' in 'src/robot_pose_publisher_ros2'
[2.452s] INFO:colcon.colcon_core.package_selection:Skipping not selected package 'yahboom_app_save_map' in 'src/yahboom_app_save_map'
[2.453s] INFO:colcon.colcon_core.package_selection:Skipping not selected package 'yahboom_web_savmap_interfaces' in 'src/yahboom_web_savmap_interfaces'
[2.453s] INFO:colcon.colcon_core.package_selection:Skipping not selected package 'yahboomcar_KCFTracker' in 'src/yahboomcar_KCFTracker'
[2.453s] INFO:colcon.colcon_core.package_selection:Skipping not selected package 'yahboomcar_astra' in 'src/yahboomcar_astra'
[2.453s] INFO:colcon.colcon_core.package_selection:Skipping not selected package 'yahboomcar_base_node' in 'src/yahboomcar_base_node'
[2.453s] INFO:colcon.colcon_core.package_selection:Skipping not selected package 'yahboomcar_bringup' in 'src/yahboomcar_bringup'
[2.453s] INFO:colcon.colcon_core.package_selection:Skipping not selected package 'yahboomcar_ctrl' in 'src/yahboomcar_ctrl'
[2.453s] INFO:colcon.colcon_core.package_selection:Skipping not selected package 'yahboomcar_description' in 'src/yahboomcar_description'
[2.453s] INFO:colcon.colcon_core.package_selection:Skipping not selected package 'yahboomcar_description_x1' in 'src/yahboomcar_description_x1'
[2.454s] INFO:colcon.colcon_core.package_selection:Skipping not selected package 'yahboomcar_laser' in 'src/yahboomcar_laser'
[2.454s] INFO:colcon.colcon_core.package_selection:Skipping not selected package 'yahboomcar_linefollow' in 'src/yahboomcar_linefollow'
[2.454s] INFO:colcon.colcon_core.package_selection:Skipping not selected package 'yahboomcar_mediapipe' in 'src/yahboomcar_mediapipe'
[2.454s] INFO:colcon.colcon_core.package_selection:Skipping not selected package 'yahboomcar_msgs' in 'src/yahboomcar_msgs'
[2.454s] INFO:colcon.colcon_core.package_selection:Skipping not selected package 'yahboomcar_nav' in 'src/yahboomcar_nav'
[2.454s] INFO:colcon.colcon_core.package_selection:Skipping not selected package 'yahboomcar_slam' in 'src/yahboomcar_slam'
[2.454s] INFO:colcon.colcon_core.package_selection:Skipping not selected package 'yahboomcar_visual' in 'src/yahboomcar_visual'
[2.454s] INFO:colcon.colcon_core.package_selection:Skipping not selected package 'yahboomcar_voice_ctrl' in 'src/yahboomcar_voice_ctrl'
[2.454s] INFO:colcon.colcon_core.package_selection:Skipping not selected package 'yahboomcar_point' in 'src/yahboomcar_point'
[2.458s] INFO:colcon.colcon_core.executor:Executing jobs using 'parallel' executor
[2.476s] DEBUG:colcon.colcon_parallel_executor.executor.parallel:run_until_complete
[2.476s] DEBUG:colcon.colcon_parallel_executor.executor.parallel:closing loop
[2.477s] DEBUG:colcon.colcon_parallel_executor.executor.parallel:loop closed
[2.477s] DEBUG:colcon.colcon_parallel_executor.executor.parallel:run_until_complete finished with '0'
[2.478s] DEBUG:colcon.colcon_core.event_reactor:joining thread
[2.510s] INFO:colcon.colcon_core.plugin_system:Skipping extension 'colcon_notification.desktop_notification.notify_send': Could not find 'notify-send'
[2.510s] INFO:colcon.colcon_core.plugin_system:Skipping extension 'colcon_notification.desktop_notification.terminal_notifier': Not used on non-Darwin systems
[2.510s] INFO:colcon.colcon_core.plugin_system:Skipping extension 'colcon_notification.desktop_notification.win32': Not used on non-Windows systems
[2.511s] INFO:colcon.colcon_notification.desktop_notification:Sending desktop notification using 'notify2'
[2.538s] DEBUG:colcon.colcon_notification.desktop_notification.notify2:Failed to initialize notify2: org.freedesktop.DBus.Error.Spawn.ExecFailed: /usr/bin/dbus-launch terminated abnormally with the following error: No protocol specified
Autolaunch error: X11 initialization failed.

[2.539s] DEBUG:colcon.colcon_core.event_reactor:joined thread
[2.568s] INFO:colcon.colcon_core.plugin_system:Skipping extension 'colcon_core.shell.bat': Not used on non-Windows systems
[2.569s] INFO:colcon.colcon_core.shell:Creating prefix script '/root/yahboomcar_ros2_ws/yahboomcar_ws/install/local_setup.ps1'
[2.573s] INFO:colcon.colcon_core.shell:Creating prefix util module '/root/yahboomcar_ros2_ws/yahboomcar_ws/install/_local_setup_util_ps1.py'
[2.578s] INFO:colcon.colcon_core.shell:Creating prefix chain script '/root/yahboomcar_ros2_ws/yahboomcar_ws/install/setup.ps1'
[2.621s] INFO:colcon.colcon_core.shell:Creating prefix script '/root/yahboomcar_ros2_ws/yahboomcar_ws/install/local_setup.sh'
[2.624s] INFO:colcon.colcon_core.shell:Creating prefix util module '/root/yahboomcar_ros2_ws/yahboomcar_ws/install/_local_setup_util_sh.py'
[2.625s] INFO:colcon.colcon_core.shell:Creating prefix chain script '/root/yahboomcar_ros2_ws/yahboomcar_ws/install/setup.sh'
[2.639s] INFO:colcon.colcon_core.shell:Creating prefix script '/root/yahboomcar_ros2_ws/yahboomcar_ws/install/local_setup.bash'
[2.641s] INFO:colcon.colcon_core.shell:Creating prefix chain script '/root/yahboomcar_ros2_ws/yahboomcar_ws/install/setup.bash'
[2.654s] INFO:colcon.colcon_core.shell:Creating prefix script '/root/yahboomcar_ros2_ws/yahboomcar_ws/install/local_setup.zsh'
[2.656s] INFO:colcon.colcon_core.shell:Creating prefix chain script '/root/yahboomcar_ros2_ws/yahboomcar_ws/install/setup.zsh'
