[10.116s] Invoking command in '/root/codes/iron_yahboomcar_ws/src/yahboomcar_astra': PYTHONPATH=/root/codes/iron_yahboomcar_ws/build/yahboomcar_astra/prefix_override:/root/codes/iron_yahboomcar_ws/install/yahboomcar_astra/lib/python3.8/site-packages:${PYTHONPATH} /usr/bin/python3 setup.py egg_info --egg-base ../../build/yahboomcar_astra build --build-base /root/codes/iron_yahboomcar_ws/build/yahboomcar_astra/build install --record /root/codes/iron_yahboomcar_ws/build/yahboomcar_astra/install.log --install-scripts $base/lib/yahboomcar_astra --single-version-externally-managed
[13.292s] running egg_info
[13.296s] writing ../../build/yahboomcar_astra/yahboomcar_astra.egg-info/PKG-INFO
[13.299s] writing dependency_links to ../../build/yahboomcar_astra/yahboomcar_astra.egg-info/dependency_links.txt
[13.300s] writing entry points to ../../build/yahboomcar_astra/yahboomcar_astra.egg-info/entry_points.txt
[13.302s] writing requirements to ../../build/yahboomcar_astra/yahboomcar_astra.egg-info/requires.txt
[13.304s] writing top-level names to ../../build/yahboomcar_astra/yahboomcar_astra.egg-info/top_level.txt
[13.546s] reading manifest file '../../build/yahboomcar_astra/yahboomcar_astra.egg-info/SOURCES.txt'
[13.591s] writing manifest file '../../build/yahboomcar_astra/yahboomcar_astra.egg-info/SOURCES.txt'
[13.592s] running build
[13.595s] running build_py
[13.597s] copying yahboomcar_astra/__init__.py -> /root/codes/iron_yahboomcar_ws/build/yahboomcar_astra/build/lib/yahboomcar_astra
[13.598s] copying yahboomcar_astra/colorHSV.py -> /root/codes/iron_yahboomcar_ws/build/yahboomcar_astra/build/lib/yahboomcar_astra
[13.600s] copying yahboomcar_astra/colorTracker.py -> /root/codes/iron_yahboomcar_ws/build/yahboomcar_astra/build/lib/yahboomcar_astra
[13.602s] copying yahboomcar_astra/astra_common.py -> /root/codes/iron_yahboomcar_ws/build/yahboomcar_astra/build/lib/yahboomcar_astra
[13.604s] running install
[13.611s] running install_lib
[13.617s] copying /root/codes/iron_yahboomcar_ws/build/yahboomcar_astra/build/lib/yahboomcar_astra/__init__.py -> /root/codes/iron_yahboomcar_ws/install/yahboomcar_astra/lib/python3.8/site-packages/yahboomcar_astra
[13.619s] copying /root/codes/iron_yahboomcar_ws/build/yahboomcar_astra/build/lib/yahboomcar_astra/colorHSV.py -> /root/codes/iron_yahboomcar_ws/install/yahboomcar_astra/lib/python3.8/site-packages/yahboomcar_astra
[13.619s] copying /root/codes/iron_yahboomcar_ws/build/yahboomcar_astra/build/lib/yahboomcar_astra/colorTracker.py -> /root/codes/iron_yahboomcar_ws/install/yahboomcar_astra/lib/python3.8/site-packages/yahboomcar_astra
[13.621s] copying /root/codes/iron_yahboomcar_ws/build/yahboomcar_astra/build/lib/yahboomcar_astra/astra_common.py -> /root/codes/iron_yahboomcar_ws/install/yahboomcar_astra/lib/python3.8/site-packages/yahboomcar_astra
[13.630s] byte-compiling /root/codes/iron_yahboomcar_ws/install/yahboomcar_astra/lib/python3.8/site-packages/yahboomcar_astra/__init__.py to __init__.cpython-38.pyc
[13.640s] byte-compiling /root/codes/iron_yahboomcar_ws/install/yahboomcar_astra/lib/python3.8/site-packages/yahboomcar_astra/colorHSV.py to colorHSV.cpython-38.pyc
[13.649s] byte-compiling /root/codes/iron_yahboomcar_ws/install/yahboomcar_astra/lib/python3.8/site-packages/yahboomcar_astra/colorTracker.py to colorTracker.cpython-38.pyc
[13.657s] byte-compiling /root/codes/iron_yahboomcar_ws/install/yahboomcar_astra/lib/python3.8/site-packages/yahboomcar_astra/astra_common.py to astra_common.cpython-38.pyc
[13.680s] running install_data
[13.684s] copying resource/yahboomcar_astra -> /root/codes/iron_yahboomcar_ws/install/yahboomcar_astra/share/ament_index/resource_index/packages
[13.685s] copying package.xml -> /root/codes/iron_yahboomcar_ws/install/yahboomcar_astra/share/yahboomcar_astra
[13.688s] copying launch/colorTracker_X3.launch.py -> /root/codes/iron_yahboomcar_ws/install/yahboomcar_astra/share/yahboomcar_astra/launch
[13.689s] running install_egg_info
[13.701s] removing '/root/codes/iron_yahboomcar_ws/install/yahboomcar_astra/lib/python3.8/site-packages/yahboomcar_astra-0.0.0-py3.8.egg-info' (and everything under it)
[13.704s] Copying ../../build/yahboomcar_astra/yahboomcar_astra.egg-info to /root/codes/iron_yahboomcar_ws/install/yahboomcar_astra/lib/python3.8/site-packages/yahboomcar_astra-0.0.0-py3.8.egg-info
[13.719s] running install_scripts
[13.832s] Installing colorHSV script to /root/codes/iron_yahboomcar_ws/install/yahboomcar_astra/lib/yahboomcar_astra
[13.833s] Installing colorTracker script to /root/codes/iron_yahboomcar_ws/install/yahboomcar_astra/lib/yahboomcar_astra
[13.835s] writing list of installed files to '/root/codes/iron_yahboomcar_ws/build/yahboomcar_astra/install.log'
[14.011s] Invoked command in '/root/codes/iron_yahboomcar_ws/src/yahboomcar_astra' returned '0': PYTHONPATH=/root/codes/iron_yahboomcar_ws/build/yahboomcar_astra/prefix_override:/root/codes/iron_yahboomcar_ws/install/yahboomcar_astra/lib/python3.8/site-packages:${PYTHONPATH} /usr/bin/python3 setup.py egg_info --egg-base ../../build/yahboomcar_astra build --build-base /root/codes/iron_yahboomcar_ws/build/yahboomcar_astra/build install --record /root/codes/iron_yahboomcar_ws/build/yahboomcar_astra/install.log --install-scripts $base/lib/yahboomcar_astra --single-version-externally-managed
