[5.597s] Invoking command in '/root/yahboomcar_ros2_ws/yahboomcar_ws/src/yahboomcar_visual': PYTHONPATH=/root/yahboomcar_ros2_ws/yahboomcar_ws/build/yahboomcar_visual/prefix_override:/root/yahboomcar_ros2_ws/yahboomcar_ws/install/yahboomcar_visual/lib/python3.8/site-packages:${PYTHONPATH} /usr/bin/python3 setup.py egg_info --egg-base ../../build/yahboomcar_visual build --build-base /root/yahboomcar_ros2_ws/yahboomcar_ws/build/yahboomcar_visual/build install --record /root/yahboomcar_ros2_ws/yahboomcar_ws/build/yahboomcar_visual/install.log --install-scripts $base/lib/yahboomcar_visual --single-version-externally-managed
[7.031s] running egg_info
[7.033s] writing ../../build/yahboomcar_visual/yahboomcar_visual.egg-info/PKG-INFO
[7.055s] writing dependency_links to ../../build/yahboomcar_visual/yahboomcar_visual.egg-info/dependency_links.txt
[7.056s] writing entry points to ../../build/yahboomcar_visual/yahboomcar_visual.egg-info/entry_points.txt
[7.057s] writing requirements to ../../build/yahboomcar_visual/yahboomcar_visual.egg-info/requires.txt
[7.057s] writing top-level names to ../../build/yahboomcar_visual/yahboomcar_visual.egg-info/top_level.txt
[7.252s] reading manifest file '../../build/yahboomcar_visual/yahboomcar_visual.egg-info/SOURCES.txt'
[7.261s] writing manifest file '../../build/yahboomcar_visual/yahboomcar_visual.egg-info/SOURCES.txt'
[7.261s] running build
[7.262s] running build_py
[7.265s] running install
[7.269s] running install_lib
[7.285s] running install_data
[7.287s] running install_egg_info
[7.295s] removing '/root/yahboomcar_ros2_ws/yahboomcar_ws/install/yahboomcar_visual/lib/python3.8/site-packages/yahboomcar_visual-0.0.0-py3.8.egg-info' (and everything under it)
[7.299s] Copying ../../build/yahboomcar_visual/yahboomcar_visual.egg-info to /root/yahboomcar_ros2_ws/yahboomcar_ws/install/yahboomcar_visual/lib/python3.8/site-packages/yahboomcar_visual-0.0.0-py3.8.egg-info
[7.305s] running install_scripts
[7.392s] Installing astra_color_point script to /root/yahboomcar_ros2_ws/yahboomcar_ws/install/yahboomcar_visual/lib/yahboomcar_visual
[7.393s] Installing astra_depth_image script to /root/yahboomcar_ros2_ws/yahboomcar_ws/install/yahboomcar_visual/lib/yahboomcar_visual
[7.394s] Installing astra_image_flip script to /root/yahboomcar_ros2_ws/yahboomcar_ws/install/yahboomcar_visual/lib/yahboomcar_visual
[7.394s] Installing astra_rgb_image script to /root/yahboomcar_ros2_ws/yahboomcar_ws/install/yahboomcar_visual/lib/yahboomcar_visual
[7.395s] Installing laser_to_image script to /root/yahboomcar_ros2_ws/yahboomcar_ws/install/yahboomcar_visual/lib/yahboomcar_visual
[7.396s] Installing pub_image script to /root/yahboomcar_ros2_ws/yahboomcar_ws/install/yahboomcar_visual/lib/yahboomcar_visual
[7.396s] Installing simple_AR script to /root/yahboomcar_ros2_ws/yahboomcar_ws/install/yahboomcar_visual/lib/yahboomcar_visual
[7.398s] writing list of installed files to '/root/yahboomcar_ros2_ws/yahboomcar_ws/build/yahboomcar_visual/install.log'
[7.523s] Invoked command in '/root/yahboomcar_ros2_ws/yahboomcar_ws/src/yahboomcar_visual' returned '0': PYTHONPATH=/root/yahboomcar_ros2_ws/yahboomcar_ws/build/yahboomcar_visual/prefix_override:/root/yahboomcar_ros2_ws/yahboomcar_ws/install/yahboomcar_visual/lib/python3.8/site-packages:${PYTHONPATH} /usr/bin/python3 setup.py egg_info --egg-base ../../build/yahboomcar_visual build --build-base /root/yahboomcar_ros2_ws/yahboomcar_ws/build/yahboomcar_visual/build install --record /root/yahboomcar_ros2_ws/yahboomcar_ws/build/yahboomcar_visual/install.log --install-scripts $base/lib/yahboomcar_visual --single-version-externally-managed
