[0.179s] Invoking command in '/root/yahboomcar_ros2_ws/yahboomcar_ws/build/yahboomcar_base_node': CMAKE_PREFIX_PATH=${CMAKE_PREFIX_PATH}:/root/yahboomcar_ros2_ws/yahboomcar_ws/install/yahboomcar_voice_ctrl:/root/yahboomcar_ros2_ws/yahboomcar_ws/install/yahboomcar_visual:/root/yahboomcar_ros2_ws/yahboomcar_ws/install/yahboomcar_nav:/root/yahboomcar_ros2_ws/yahboomcar_ws/install/yahboomcar_mediapipe:/root/yahboomcar_ros2_ws/yahboomcar_ws/install/yahboomcar_linefollow:/root/yahboomcar_ros2_ws/yahboomcar_ws/install/yahboomcar_laser:/root/yahboomcar_ros2_ws/yahboomcar_ws/install/yahboomcar_description_x1:/root/yahboomcar_ros2_ws/yahboomcar_ws/install/yahboomcar_description:/root/yahboomcar_ros2_ws/yahboomcar_ws/install/yahboomcar_ctrl:/root/yahboomcar_ros2_ws/yahboomcar_ws/install/yahboomcar_bringup:/root/yahboomcar_ros2_ws/yahboomcar_ws/install/yahboomcar_astra:/root/yahboomcar_ros2_ws/yahboomcar_ws/install/yahboom_app_save_map:/root/yahboomcar_ros2_ws/yahboomcar_ws/install/robot_pose_publisher:/root/yahboomcar_ros2_ws/yahboomcar_ws/install/laserscan_to_point_pulisher:/opt/ros/foxy /usr/bin/cmake --build /root/yahboomcar_ros2_ws/yahboomcar_ws/build/yahboomcar_base_node -- -j4 -l4
[1.068s] [ 33%] Built target base_node_R2
[1.192s] [ 66%] Built target base_node_x1
[1.192s] [100%] Built target base_node_X3
[2.402s] Invoked command in '/root/yahboomcar_ros2_ws/yahboomcar_ws/build/yahboomcar_base_node' returned '0': CMAKE_PREFIX_PATH=${CMAKE_PREFIX_PATH}:/root/yahboomcar_ros2_ws/yahboomcar_ws/install/yahboomcar_voice_ctrl:/root/yahboomcar_ros2_ws/yahboomcar_ws/install/yahboomcar_visual:/root/yahboomcar_ros2_ws/yahboomcar_ws/install/yahboomcar_nav:/root/yahboomcar_ros2_ws/yahboomcar_ws/install/yahboomcar_mediapipe:/root/yahboomcar_ros2_ws/yahboomcar_ws/install/yahboomcar_linefollow:/root/yahboomcar_ros2_ws/yahboomcar_ws/install/yahboomcar_laser:/root/yahboomcar_ros2_ws/yahboomcar_ws/install/yahboomcar_description_x1:/root/yahboomcar_ros2_ws/yahboomcar_ws/install/yahboomcar_description:/root/yahboomcar_ros2_ws/yahboomcar_ws/install/yahboomcar_ctrl:/root/yahboomcar_ros2_ws/yahboomcar_ws/install/yahboomcar_bringup:/root/yahboomcar_ros2_ws/yahboomcar_ws/install/yahboomcar_astra:/root/yahboomcar_ros2_ws/yahboomcar_ws/install/yahboom_app_save_map:/root/yahboomcar_ros2_ws/yahboomcar_ws/install/robot_pose_publisher:/root/yahboomcar_ros2_ws/yahboomcar_ws/install/laserscan_to_point_pulisher:/opt/ros/foxy /usr/bin/cmake --build /root/yahboomcar_ros2_ws/yahboomcar_ws/build/yahboomcar_base_node -- -j4 -l4
[2.712s] Invoking command in '/root/yahboomcar_ros2_ws/yahboomcar_ws/build/yahboomcar_base_node': CMAKE_PREFIX_PATH=${CMAKE_PREFIX_PATH}:/root/yahboomcar_ros2_ws/yahboomcar_ws/install/yahboomcar_voice_ctrl:/root/yahboomcar_ros2_ws/yahboomcar_ws/install/yahboomcar_visual:/root/yahboomcar_ros2_ws/yahboomcar_ws/install/yahboomcar_nav:/root/yahboomcar_ros2_ws/yahboomcar_ws/install/yahboomcar_mediapipe:/root/yahboomcar_ros2_ws/yahboomcar_ws/install/yahboomcar_linefollow:/root/yahboomcar_ros2_ws/yahboomcar_ws/install/yahboomcar_laser:/root/yahboomcar_ros2_ws/yahboomcar_ws/install/yahboomcar_description_x1:/root/yahboomcar_ros2_ws/yahboomcar_ws/install/yahboomcar_description:/root/yahboomcar_ros2_ws/yahboomcar_ws/install/yahboomcar_ctrl:/root/yahboomcar_ros2_ws/yahboomcar_ws/install/yahboomcar_bringup:/root/yahboomcar_ros2_ws/yahboomcar_ws/install/yahboomcar_astra:/root/yahboomcar_ros2_ws/yahboomcar_ws/install/yahboom_app_save_map:/root/yahboomcar_ros2_ws/yahboomcar_ws/install/robot_pose_publisher:/root/yahboomcar_ros2_ws/yahboomcar_ws/install/laserscan_to_point_pulisher:/opt/ros/foxy /usr/bin/cmake --install /root/yahboomcar_ros2_ws/yahboomcar_ws/build/yahboomcar_base_node
[2.904s] -- Install configuration: ""
[2.919s] -- Up-to-date: /root/yahboomcar_ros2_ws/yahboomcar_ws/install/yahboomcar_base_node/lib/yahboomcar_base_node/base_node_X3
[2.929s] -- Up-to-date: /root/yahboomcar_ros2_ws/yahboomcar_ws/install/yahboomcar_base_node/lib/yahboomcar_base_node/base_node_x1
[2.936s] -- Up-to-date: /root/yahboomcar_ros2_ws/yahboomcar_ws/install/yahboomcar_base_node/lib/yahboomcar_base_node/base_node_R2
[2.943s] -- Up-to-date: /root/yahboomcar_ros2_ws/yahboomcar_ws/install/yahboomcar_base_node/share/ament_index/resource_index/package_run_dependencies/yahboomcar_base_node
[2.947s] -- Up-to-date: /root/yahboomcar_ros2_ws/yahboomcar_ws/install/yahboomcar_base_node/share/ament_index/resource_index/parent_prefix_path/yahboomcar_base_node
[2.952s] -- Up-to-date: /root/yahboomcar_ros2_ws/yahboomcar_ws/install/yahboomcar_base_node/share/yahboomcar_base_node/environment/ament_prefix_path.sh
[2.955s] -- Up-to-date: /root/yahboomcar_ros2_ws/yahboomcar_ws/install/yahboomcar_base_node/share/yahboomcar_base_node/environment/ament_prefix_path.dsv
[2.958s] -- Up-to-date: /root/yahboomcar_ros2_ws/yahboomcar_ws/install/yahboomcar_base_node/share/yahboomcar_base_node/environment/path.sh
[2.961s] -- Up-to-date: /root/yahboomcar_ros2_ws/yahboomcar_ws/install/yahboomcar_base_node/share/yahboomcar_base_node/environment/path.dsv
[2.969s] -- Up-to-date: /root/yahboomcar_ros2_ws/yahboomcar_ws/install/yahboomcar_base_node/share/yahboomcar_base_node/local_setup.bash
[2.981s] -- Up-to-date: /root/yahboomcar_ros2_ws/yahboomcar_ws/install/yahboomcar_base_node/share/yahboomcar_base_node/local_setup.sh
[2.983s] -- Up-to-date: /root/yahboomcar_ros2_ws/yahboomcar_ws/install/yahboomcar_base_node/share/yahboomcar_base_node/local_setup.zsh
[2.985s] -- Up-to-date: /root/yahboomcar_ros2_ws/yahboomcar_ws/install/yahboomcar_base_node/share/yahboomcar_base_node/local_setup.dsv
[2.987s] -- Installing: /root/yahboomcar_ros2_ws/yahboomcar_ws/install/yahboomcar_base_node/share/yahboomcar_base_node/package.dsv
[2.993s] -- Up-to-date: /root/yahboomcar_ros2_ws/yahboomcar_ws/install/yahboomcar_base_node/share/ament_index/resource_index/packages/yahboomcar_base_node
[2.995s] -- Up-to-date: /root/yahboomcar_ros2_ws/yahboomcar_ws/install/yahboomcar_base_node/share/yahboomcar_base_node/cmake/yahboomcar_base_nodeConfig.cmake
[2.996s] -- Up-to-date: /root/yahboomcar_ros2_ws/yahboomcar_ws/install/yahboomcar_base_node/share/yahboomcar_base_node/cmake/yahboomcar_base_nodeConfig-version.cmake
[2.997s] -- Up-to-date: /root/yahboomcar_ros2_ws/yahboomcar_ws/install/yahboomcar_base_node/share/yahboomcar_base_node/package.xml
[4.588s] Invoked command in '/root/yahboomcar_ros2_ws/yahboomcar_ws/build/yahboomcar_base_node' returned '0': CMAKE_PREFIX_PATH=${CMAKE_PREFIX_PATH}:/root/yahboomcar_ros2_ws/yahboomcar_ws/install/yahboomcar_voice_ctrl:/root/yahboomcar_ros2_ws/yahboomcar_ws/install/yahboomcar_visual:/root/yahboomcar_ros2_ws/yahboomcar_ws/install/yahboomcar_nav:/root/yahboomcar_ros2_ws/yahboomcar_ws/install/yahboomcar_mediapipe:/root/yahboomcar_ros2_ws/yahboomcar_ws/install/yahboomcar_linefollow:/root/yahboomcar_ros2_ws/yahboomcar_ws/install/yahboomcar_laser:/root/yahboomcar_ros2_ws/yahboomcar_ws/install/yahboomcar_description_x1:/root/yahboomcar_ros2_ws/yahboomcar_ws/install/yahboomcar_description:/root/yahboomcar_ros2_ws/yahboomcar_ws/install/yahboomcar_ctrl:/root/yahboomcar_ros2_ws/yahboomcar_ws/install/yahboomcar_bringup:/root/yahboomcar_ros2_ws/yahboomcar_ws/install/yahboomcar_astra:/root/yahboomcar_ros2_ws/yahboomcar_ws/install/yahboom_app_save_map:/root/yahboomcar_ros2_ws/yahboomcar_ws/install/robot_pose_publisher:/root/yahboomcar_ros2_ws/yahboomcar_ws/install/laserscan_to_point_pulisher:/opt/ros/foxy /usr/bin/cmake --install /root/yahboomcar_ros2_ws/yahboomcar_ws/build/yahboomcar_base_node
