-- The C compiler identification is GNU 9.4.0
-- The CXX compiler identification is GNU 9.4.0
-- Check for working C compiler: /usr/bin/cc
-- Check for working C compiler: /usr/bin/cc -- works
-- Detecting C compiler ABI info
-- Detecting C compiler ABI info - done
-- Detecting C compile features
-- Detecting C compile features - done
-- Check for working CXX compiler: /usr/bin/c++
-- Check for working CXX compiler: /usr/bin/c++ -- works
-- Detecting CXX compiler ABI info
-- Detecting CXX compiler ABI info - done
-- Detecting CXX compile features
-- Detecting CXX compile features - done
-- Found ament_cmake: 0.9.11 (/opt/ros/foxy/share/ament_cmake/cmake)
-- Found PythonInterp: /usr/bin/python3 (found suitable version "3.8.10", minimum required is "3") 
-- Using PYTHON_EXECUTABLE: /usr/bin/python3
-- Found sensor_msgs: 2.0.5 (/opt/ros/foxy/share/sensor_msgs/cmake)
-- Using all available rosidl_typesupport_c: rosidl_typesupport_fastrtps_c;rosidl_typesupport_introspection_c
-- Found rosidl_adapter: 1.3.0 (/opt/ros/foxy/share/rosidl_adapter/cmake)
-- Found OpenSSL: /usr/lib/aarch64-linux-gnu/libcrypto.so (found version "1.1.1f")  
-- Found FastRTPS: /opt/ros/foxy/include  
-- Using all available rosidl_typesupport_cpp: rosidl_typesupport_fastrtps_cpp;rosidl_typesupport_introspection_cpp
-- Found rclcpp: 2.4.2 (/opt/ros/foxy/share/rclcpp/cmake)
-- Found rmw_implementation_cmake: 1.0.3 (/opt/ros/foxy/share/rmw_implementation_cmake/cmake)
-- Using RMW implementation 'rmw_fastrtps_cpp' as default
-- Looking for pthread.h
-- Looking for pthread.h - found
-- Performing Test CMAKE_HAVE_LIBC_PTHREAD
-- Performing Test CMAKE_HAVE_LIBC_PTHREAD - Failed
-- Looking for pthread_create in pthreads
-- Looking for pthread_create in pthreads - not found
-- Looking for pthread_create in pthread
-- Looking for pthread_create in pthread - found
-- Found Threads: TRUE  
-- Checking for module 'eigen3'
--   Found eigen3, version 3.4.0
-- Found Eigen: /usr/include/eigen3 (Required is at least version "3.1") 
-- Eigen found (include: /usr/include/eigen3, version: 3.3.7)
-- Found Boost: /usr/include (found suitable version "1.71.0", minimum required is "1.55.0") found components: system filesystem date_time iostreams regex 
-- Checking for module 'flann'
--   Found flann, version 1.9.1
-- Found FLANN: /usr/lib/aarch64-linux-gnu/libflann_cpp.so  
-- The imported target "vtkParseOGLExt" references the file
   "/usr/bin/vtkParseOGLExt-7.1"
but this file does not exist.  Possible reasons include:
* The file was deleted, renamed, or moved to another location.
* An install or uninstall procedure did not complete successfully.
* The installation package was faulty and contained
   "/usr/lib/cmake/vtk-7.1/VTKTargets.cmake"
but not all the files it references.

-- The imported target "vtkRenderingPythonTkWidgets" references the file
   "/usr/lib/aarch64-linux-gnu/libvtkRenderingPythonTkWidgets.so"
but this file does not exist.  Possible reasons include:
* The file was deleted, renamed, or moved to another location.
* An install or uninstall procedure did not complete successfully.
* The installation package was faulty and contained
   "/usr/lib/cmake/vtk-7.1/VTKTargets.cmake"
but not all the files it references.

-- The imported target "vtk" references the file
   "/usr/bin/vtk"
but this file does not exist.  Possible reasons include:
* The file was deleted, renamed, or moved to another location.
* An install or uninstall procedure did not complete successfully.
* The installation package was faulty and contained
   "/usr/lib/cmake/vtk-7.1/VTKTargets.cmake"
but not all the files it references.

-- The imported target "pvtk" references the file
   "/usr/bin/pvtk"
but this file does not exist.  Possible reasons include:
* The file was deleted, renamed, or moved to another location.
* An install or uninstall procedure did not complete successfully.
* The installation package was faulty and contained
   "/usr/lib/cmake/vtk-7.1/VTKTargets.cmake"
but not all the files it references.

-- Checking for module 'libusb-1.0'
--   Found libusb-1.0, version 1.0.23
-- Found USB_10: /usr/lib/aarch64-linux-gnu/libusb-1.0.so  
-- Found OpenNI: /usr/lib/libOpenNI.so  
-- OpenNI found (include: /usr/include/ni, lib: /usr/lib/libOpenNI.so)
-- Found OpenNI2: /root/yahboomcar_ros2_ws/software/library_ws/install/astra_camera/lib/libOpenNI2.so  
-- OpenNI2 found (include: /root/yahboomcar_ros2_ws/software/library_ws/install/astra_camera/include/openni2, lib: /root/yahboomcar_ros2_ws/software/library_ws/install/astra_camera/lib/libOpenNI2.so)
** WARNING ** io features related to pcap will be disabled
** WARNING ** io features related to png will be disabled
-- Found libusb-1.0: /usr/include  
** WARNING ** io features related to libusb-1.0 will be disabled
-- OpenNI found (include: /usr/include/ni, lib: /usr/lib/libOpenNI.so)
-- OpenNI2 found (include: /root/yahboomcar_ros2_ws/software/library_ws/install/astra_camera/include/openni2, lib: /root/yahboomcar_ros2_ws/software/library_ws/install/astra_camera/lib/libOpenNI2.so)
-- Found Qhull: optimized;/usr/lib/aarch64-linux-gnu/libqhull.so;debug;/usr/lib/aarch64-linux-gnu/libqhull.so  
-- QHULL found (include: /usr/include, lib: optimized;/usr/lib/aarch64-linux-gnu/libqhull.so;debug;/usr/lib/aarch64-linux-gnu/libqhull.so)
-- OpenNI found (include: /usr/include/ni, lib: /usr/lib/libOpenNI.so)
-- looking for PCL_COMMON
-- Found PCL_COMMON: /usr/lib/aarch64-linux-gnu/libpcl_common.so  
-- looking for PCL_KDTREE
-- Found PCL_KDTREE: /usr/lib/aarch64-linux-gnu/libpcl_kdtree.so  
-- looking for PCL_OCTREE
-- Found PCL_OCTREE: /usr/lib/aarch64-linux-gnu/libpcl_octree.so  
-- looking for PCL_SEARCH
-- Found PCL_SEARCH: /usr/lib/aarch64-linux-gnu/libpcl_search.so  
-- looking for PCL_SAMPLE_CONSENSUS
-- Found PCL_SAMPLE_CONSENSUS: /usr/lib/aarch64-linux-gnu/libpcl_sample_consensus.so  
-- looking for PCL_FILTERS
-- Found PCL_FILTERS: /usr/lib/aarch64-linux-gnu/libpcl_filters.so  
-- looking for PCL_2D
-- Found PCL_2D: /usr/include/pcl-1.10  
-- looking for PCL_GEOMETRY
-- Found PCL_GEOMETRY: /usr/include/pcl-1.10  
-- looking for PCL_IO
-- Found PCL_IO: /usr/lib/aarch64-linux-gnu/libpcl_io.so  
-- looking for PCL_FEATURES
-- Found PCL_FEATURES: /usr/lib/aarch64-linux-gnu/libpcl_features.so  
-- looking for PCL_ML
-- Found PCL_ML: /usr/lib/aarch64-linux-gnu/libpcl_ml.so  
-- looking for PCL_SEGMENTATION
-- Found PCL_SEGMENTATION: /usr/lib/aarch64-linux-gnu/libpcl_segmentation.so  
-- looking for PCL_VISUALIZATION
-- Found PCL_VISUALIZATION: /usr/lib/aarch64-linux-gnu/libpcl_visualization.so  
-- looking for PCL_SURFACE
-- Found PCL_SURFACE: /usr/lib/aarch64-linux-gnu/libpcl_surface.so  
-- looking for PCL_REGISTRATION
-- Found PCL_REGISTRATION: /usr/lib/aarch64-linux-gnu/libpcl_registration.so  
-- looking for PCL_KEYPOINTS
-- Found PCL_KEYPOINTS: /usr/lib/aarch64-linux-gnu/libpcl_keypoints.so  
-- looking for PCL_TRACKING
-- Found PCL_TRACKING: /usr/lib/aarch64-linux-gnu/libpcl_tracking.so  
-- looking for PCL_RECOGNITION
-- Found PCL_RECOGNITION: /usr/lib/aarch64-linux-gnu/libpcl_recognition.so  
-- looking for PCL_STEREO
-- Found PCL_STEREO: /usr/lib/aarch64-linux-gnu/libpcl_stereo.so  
-- looking for PCL_APPS
-- Found PCL_APPS: /usr/lib/aarch64-linux-gnu/libpcl_apps.so  
-- looking for PCL_IN_HAND_SCANNER
-- Found PCL_IN_HAND_SCANNER: /usr/include/pcl-1.10  
-- looking for PCL_POINT_CLOUD_EDITOR
-- Found PCL_POINT_CLOUD_EDITOR: /usr/include/pcl-1.10  
-- looking for PCL_OUTOFCORE
-- Found PCL_OUTOFCORE: /usr/lib/aarch64-linux-gnu/libpcl_outofcore.so  
-- looking for PCL_PEOPLE
-- Found PCL_PEOPLE: /usr/lib/aarch64-linux-gnu/libpcl_people.so  
-- Found PCL: pcl_common;pcl_kdtree;pcl_octree;pcl_search;pcl_sample_consensus;pcl_filters;pcl_io;pcl_features;pcl_ml;pcl_segmentation;pcl_visualization;pcl_surface;pcl_registration;pcl_keypoints;pcl_tracking;pcl_recognition;pcl_stereo;pcl_apps;pcl_outofcore;pcl_people;/usr/lib/aarch64-linux-gnu/libboost_system.so;/usr/lib/aarch64-linux-gnu/libboost_filesystem.so;/usr/lib/aarch64-linux-gnu/libboost_date_time.so;/usr/lib/aarch64-linux-gnu/libboost_iostreams.so;/usr/lib/aarch64-linux-gnu/libboost_regex.so;optimized;/usr/lib/aarch64-linux-gnu/libqhull.so;debug;/usr/lib/aarch64-linux-gnu/libqhull.so;/usr/lib/libOpenNI.so;/root/yahboomcar_ros2_ws/software/library_ws/install/astra_camera/lib/libOpenNI2.so;vtkChartsCore;vtkCommonColor;vtkCommonCore;vtksys;vtkCommonDataModel;vtkCommonMath;vtkCommonMisc;vtkCommonSystem;vtkCommonTransforms;vtkCommonExecutionModel;vtkFiltersGeneral;vtkCommonComputationalGeometry;vtkFiltersCore;vtkInfovisCore;vtkFiltersExtraction;vtkFiltersStatistics;vtkImagingFourier;vtkImagingCore;vtkalglib;vtkRenderingContext2D;vtkRenderingCore;vtkFiltersGeometry;vtkFiltersSources;vtkRenderingFreeType;/usr/lib/aarch64-linux-gnu/libfreetype.so;/usr/lib/aarch64-linux-gnu/libz.so;vtkFiltersModeling;vtkImagingSources;vtkInteractionStyle;vtkInteractionWidgets;vtkFiltersHybrid;vtkImagingColor;vtkImagingGeneral;vtkImagingHybrid;vtkIOImage;vtkDICOMParser;vtkmetaio;/usr/lib/aarch64-linux-gnu/libjpeg.so;/usr/lib/aarch64-linux-gnu/libpng.so;/usr/lib/aarch64-linux-gnu/libtiff.so;vtkRenderingAnnotation;vtkRenderingVolume;vtkIOXML;vtkIOCore;vtkIOXMLParser;/usr/lib/aarch64-linux-gnu/libexpat.so;vtkIOGeometry;vtkIOLegacy;vtkIOPLY;vtkRenderingLOD;vtkViewsContext2D;vtkViewsCore;vtkRenderingContextOpenGL2;vtkRenderingOpenGL2;FLANN::FLANN  
-- Found yahboomcar_msgs: 0.0.0 (/root/codes/iron_yahboomcar_ws/install/yahboomcar_msgs/share/yahboomcar_msgs/cmake)
-- Found ament_lint_auto: 0.9.7 (/opt/ros/foxy/share/ament_lint_auto/cmake)
-- Added test 'copyright' to check source files copyright and LICENSE
-- Added test 'cppcheck' to perform static code analysis on C / C++ code
-- Configured cppcheck include dirs: 
-- Configured cppcheck exclude dirs and/or files: 
-- Added test 'cpplint' to check C / C++ code against the Google style
-- Configured cpplint exclude dirs and/or files: 
-- Added test 'lint_cmake' to check CMake code style
-- Added test 'uncrustify' to check C / C++ code style
-- Configured uncrustify additional arguments: 
-- Added test 'xmllint' to check XML markup files
-- Configuring done
-- Generating done
-- Build files have been written to: /root/codes/iron_yahboomcar_ws/build/yahboomcar_point
[35m[1mScanning dependencies of target pub_point[0m
[ 50%] [32mBuilding CXX object CMakeFiles/pub_point.dir/src/pub_point.cpp.o[0m
In file included from [01m[K/root/codes/iron_yahboomcar_ws/src/yahboomcar_point/src/pub_point.cpp:3[m[K:
[01m[K/opt/ros/foxy/include/sensor_msgs/point_cloud_conversion.hpp:51:6:[m[K [01;35m[Kwarning: [m[K#warning POINT_CLOUD_DEPRECATION_MESSAGE [[01;35m[K-Wcpp[m[K]
   51 | #    [01;35m[Kwarning[m[K POINT_CLOUD_DEPRECATION_MESSAGE
      |      [01;35m[K^~~~~~~[m[K
In file included from [01m[K/usr/include/pcl-1.10/pcl/visualization/common/actor_map.h:44[m[K,
                 from [01m[K/usr/include/pcl-1.10/pcl/visualization/pcl_visualizer.h:48[m[K,
                 from [01m[K/usr/include/pcl-1.10/pcl/visualization/cloud_viewer.h:39[m[K,
                 from [01m[K/root/codes/iron_yahboomcar_ws/src/yahboomcar_point/src/pub_point.cpp:15[m[K:
[01m[K/usr/include/vtk-7.1/vtkLODActor.h:73:38:[m[K [01;35m[Kwarning: [m[Kextra ‘[01m[K;[m[K’ [[01;35m[K-Wpedantic[m[K]
   73 |   vtkTypeMacro(vtkLODActor, vtkActor)[01;35m[K;[m[K
      |                                      [01;35m[K^[m[K
      |                                      [31m[K-[m[K
In file included from [01m[K/usr/include/pcl-1.10/pcl/visualization/point_picking_event.h:44[m[K,
                 from [01m[K/usr/include/pcl-1.10/pcl/visualization/pcl_visualizer.h:52[m[K,
                 from [01m[K/usr/include/pcl-1.10/pcl/visualization/cloud_viewer.h:39[m[K,
                 from [01m[K/root/codes/iron_yahboomcar_ws/src/yahboomcar_point/src/pub_point.cpp:15[m[K:
[01m[K/usr/include/vtk-7.1/vtkCommand.h:344:45:[m[K [01;35m[Kwarning: [m[Kextra ‘[01m[K;[m[K’ [[01;35m[K-Wpedantic[m[K]
  344 |   vtkBaseTypeMacro(vtkCommand,vtkObjectBase)[01;35m[K;[m[K
      |                                             [01;35m[K^[m[K
      |                                             [31m[K-[m[K
In file included from [01m[K/usr/include/pcl-1.10/pcl/visualization/interactor_style.h:53[m[K,
                 from [01m[K/usr/include/pcl-1.10/pcl/visualization/pcl_visualizer.h:54[m[K,
                 from [01m[K/usr/include/pcl-1.10/pcl/visualization/cloud_viewer.h:39[m[K,
                 from [01m[K/root/codes/iron_yahboomcar_ws/src/yahboomcar_point/src/pub_point.cpp:15[m[K:
[01m[K/usr/include/vtk-7.1/vtkInteractorStyleRubberBandPick.h:44:84:[m[K [01;35m[Kwarning: [m[Kextra ‘[01m[K;[m[K’ [[01;35m[K-Wpedantic[m[K]
   44 |   vtkTypeMacro(vtkInteractorStyleRubberBandPick, vtkInteractorStyleTrackballCamera)[01;35m[K;[m[K
      |                                                                                    [01;35m[K^[m[K
      |                                                                                    [31m[K-[m[K
In file included from [01m[K/usr/include/pcl-1.10/pcl/visualization/pcl_visualizer.h:54[m[K,
                 from [01m[K/usr/include/pcl-1.10/pcl/visualization/cloud_viewer.h:39[m[K,
                 from [01m[K/root/codes/iron_yahboomcar_ws/src/yahboomcar_point/src/pub_point.cpp:15[m[K:
[01m[K/usr/include/pcl-1.10/pcl/visualization/interactor_style.h:127:86:[m[K [01;35m[Kwarning: [m[Kextra ‘[01m[K;[m[K’ [[01;35m[K-Wpedantic[m[K]
  127 |         vtkTypeMacro (PCLVisualizerInteractorStyle, vtkInteractorStyleRubberBandPick)[01;35m[K;[m[K
      |                                                                                      [01;35m[K^[m[K
      |                                                                                      [31m[K-[m[K
In file included from [01m[K/usr/include/pcl-1.10/pcl/visualization/impl/pcl_visualizer.hpp:41[m[K,
                 from [01m[K/usr/include/pcl-1.10/pcl/visualization/pcl_visualizer.h:2347[m[K,
                 from [01m[K/usr/include/pcl-1.10/pcl/visualization/cloud_viewer.h:39[m[K,
                 from [01m[K/root/codes/iron_yahboomcar_ws/src/yahboomcar_point/src/pub_point.cpp:15[m[K:
[01m[K/usr/include/vtk-7.1/vtkVersion.h:41:37:[m[K [01;35m[Kwarning: [m[Kextra ‘[01m[K;[m[K’ [[01;35m[K-Wpedantic[m[K]
   41 |   vtkTypeMacro(vtkVersion,vtkObject)[01;35m[K;[m[K
      |                                     [01;35m[K^[m[K
      |                                     [31m[K-[m[K
In file included from [01m[K/usr/include/pcl-1.10/pcl/visualization/impl/pcl_visualizer.hpp:43[m[K,
                 from [01m[K/usr/include/pcl-1.10/pcl/visualization/pcl_visualizer.h:2347[m[K,
                 from [01m[K/usr/include/pcl-1.10/pcl/visualization/cloud_viewer.h:39[m[K,
                 from [01m[K/root/codes/iron_yahboomcar_ws/src/yahboomcar_point/src/pub_point.cpp:15[m[K:
[01m[K/usr/include/vtk-7.1/vtkCellArray.h:47:39:[m[K [01;35m[Kwarning: [m[Kextra ‘[01m[K;[m[K’ [[01;35m[K-Wpedantic[m[K]
   47 |   vtkTypeMacro(vtkCellArray,vtkObject)[01;35m[K;[m[K
      |                                       [01;35m[K^[m[K
      |                                       [31m[K-[m[K
In file included from [01m[K/usr/include/pcl-1.10/pcl/visualization/impl/pcl_visualizer.hpp:44[m[K,
                 from [01m[K/usr/include/pcl-1.10/pcl/visualization/pcl_visualizer.h:2347[m[K,
                 from [01m[K/usr/include/pcl-1.10/pcl/visualization/cloud_viewer.h:39[m[K,
                 from [01m[K/root/codes/iron_yahboomcar_ws/src/yahboomcar_point/src/pub_point.cpp:15[m[K:
[01m[K/usr/include/vtk-7.1/vtkLeaderActor2D.h:59:44:[m[K [01;35m[Kwarning: [m[Kextra ‘[01m[K;[m[K’ [[01;35m[K-Wpedantic[m[K]
   59 |   vtkTypeMacro(vtkLeaderActor2D,vtkActor2D)[01;35m[K;[m[K
      |                                            [01;35m[K^[m[K
      |                                            [31m[K-[m[K
In file included from [01m[K/usr/include/pcl-1.10/pcl/visualization/impl/pcl_visualizer.hpp:45[m[K,
                 from [01m[K/usr/include/pcl-1.10/pcl/visualization/pcl_visualizer.h:2347[m[K,
                 from [01m[K/usr/include/pcl-1.10/pcl/visualization/cloud_viewer.h:39[m[K,
                 from [01m[K/root/codes/iron_yahboomcar_ws/src/yahboomcar_point/src/pub_point.cpp:15[m[K:
[01m[K/usr/include/vtk-7.1/vtkVectorText.h:45:51:[m[K [01;35m[Kwarning: [m[Kextra ‘[01m[K;[m[K’ [[01;35m[K-Wpedantic[m[K]
   45 |   vtkTypeMacro(vtkVectorText,vtkPolyDataAlgorithm)[01;35m[K;[m[K
      |                                                   [01;35m[K^[m[K
      |                                                   [31m[K-[m[K
In file included from [01m[K/usr/include/pcl-1.10/pcl/visualization/impl/pcl_visualizer.hpp:46[m[K,
                 from [01m[K/usr/include/pcl-1.10/pcl/visualization/pcl_visualizer.h:2347[m[K,
                 from [01m[K/usr/include/pcl-1.10/pcl/visualization/cloud_viewer.h:39[m[K,
                 from [01m[K/root/codes/iron_yahboomcar_ws/src/yahboomcar_point/src/pub_point.cpp:15[m[K:
[01m[K/usr/include/vtk-7.1/vtkAlgorithmOutput.h:40:45:[m[K [01;35m[Kwarning: [m[Kextra ‘[01m[K;[m[K’ [[01;35m[K-Wpedantic[m[K]
   40 |   vtkTypeMacro(vtkAlgorithmOutput,vtkObject)[01;35m[K;[m[K
      |                                             [01;35m[K^[m[K
      |                                             [31m[K-[m[K
In file included from [01m[K/usr/include/pcl-1.10/pcl/visualization/impl/pcl_visualizer.hpp:47[m[K,
                 from [01m[K/usr/include/pcl-1.10/pcl/visualization/pcl_visualizer.h:2347[m[K,
                 from [01m[K/usr/include/pcl-1.10/pcl/visualization/cloud_viewer.h:39[m[K,
                 from [01m[K/root/codes/iron_yahboomcar_ws/src/yahboomcar_point/src/pub_point.cpp:15[m[K:
[01m[K/usr/include/vtk-7.1/vtkFollower.h:43:37:[m[K [01;35m[Kwarning: [m[Kextra ‘[01m[K;[m[K’ [[01;35m[K-Wpedantic[m[K]
   43 |   vtkTypeMacro(vtkFollower,vtkActor)[01;35m[K;[m[K
      |                                     [01;35m[K^[m[K
      |                                     [31m[K-[m[K
In file included from [01m[K/usr/include/pcl-1.10/pcl/visualization/impl/pcl_visualizer.hpp:49[m[K,
                 from [01m[K/usr/include/pcl-1.10/pcl/visualization/pcl_visualizer.h:2347[m[K,
                 from [01m[K/usr/include/pcl-1.10/pcl/visualization/cloud_viewer.h:39[m[K,
                 from [01m[K/root/codes/iron_yahboomcar_ws/src/yahboomcar_point/src/pub_point.cpp:15[m[K:
[01m[K/usr/include/vtk-7.1/vtkSphereSource.h:43:53:[m[K [01;35m[Kwarning: [m[Kextra ‘[01m[K;[m[K’ [[01;35m[K-Wpedantic[m[K]
   43 |   vtkTypeMacro(vtkSphereSource,vtkPolyDataAlgorithm)[01;35m[K;[m[K
      |                                                     [01;35m[K^[m[K
      |                                                     [31m[K-[m[K
In file included from [01m[K/usr/include/pcl-1.10/pcl/visualization/impl/pcl_visualizer.hpp:50[m[K,
                 from [01m[K/usr/include/pcl-1.10/pcl/visualization/pcl_visualizer.h:2347[m[K,
                 from [01m[K/usr/include/pcl-1.10/pcl/visualization/cloud_viewer.h:39[m[K,
                 from [01m[K/root/codes/iron_yahboomcar_ws/src/yahboomcar_point/src/pub_point.cpp:15[m[K:
[01m[K/usr/include/vtk-7.1/vtkProperty2D.h:40:40:[m[K [01;35m[Kwarning: [m[Kextra ‘[01m[K;[m[K’ [[01;35m[K-Wpedantic[m[K]
   40 |   vtkTypeMacro(vtkProperty2D,vtkObject)[01;35m[K;[m[K
      |                                        [01;35m[K^[m[K
      |                                        [31m[K-[m[K
In file included from [01m[K/usr/include/pcl-1.10/pcl/visualization/impl/pcl_visualizer.hpp:51[m[K,
                 from [01m[K/usr/include/pcl-1.10/pcl/visualization/pcl_visualizer.h:2347[m[K,
                 from [01m[K/usr/include/pcl-1.10/pcl/visualization/cloud_viewer.h:39[m[K,
                 from [01m[K/root/codes/iron_yahboomcar_ws/src/yahboomcar_point/src/pub_point.cpp:15[m[K:
[01m[K/usr/include/vtk-7.1/vtkDataSetSurfaceFilter.h:53:61:[m[K [01;35m[Kwarning: [m[Kextra ‘[01m[K;[m[K’ [[01;35m[K-Wpedantic[m[K]
   53 |   vtkTypeMacro(vtkDataSetSurfaceFilter,vtkPolyDataAlgorithm)[01;35m[K;[m[K
      |                                                             [01;35m[K^[m[K
      |                                                             [31m[K-[m[K
In file included from [01m[K/usr/include/pcl-1.10/pcl/visualization/impl/pcl_visualizer.hpp:52[m[K,
                 from [01m[K/usr/include/pcl-1.10/pcl/visualization/pcl_visualizer.h:2347[m[K,
                 from [01m[K/usr/include/pcl-1.10/pcl/visualization/cloud_viewer.h:39[m[K,
                 from [01m[K/root/codes/iron_yahboomcar_ws/src/yahboomcar_point/src/pub_point.cpp:15[m[K:
[01m[K/usr/include/vtk-7.1/vtkPointData.h:36:50:[m[K [01;35m[Kwarning: [m[Kextra ‘[01m[K;[m[K’ [[01;35m[K-Wpedantic[m[K]
   36 |   vtkTypeMacro(vtkPointData,vtkDataSetAttributes)[01;35m[K;[m[K
      |                                                  [01;35m[K^[m[K
      |                                                  [31m[K-[m[K
In file included from [01m[K/usr/include/pcl-1.10/pcl/visualization/impl/pcl_visualizer.hpp:53[m[K,
                 from [01m[K/usr/include/pcl-1.10/pcl/visualization/pcl_visualizer.h:2347[m[K,
                 from [01m[K/usr/include/pcl-1.10/pcl/visualization/cloud_viewer.h:39[m[K,
                 from [01m[K/root/codes/iron_yahboomcar_ws/src/yahboomcar_point/src/pub_point.cpp:15[m[K:
[01m[K/usr/include/vtk-7.1/vtkPolyDataMapper.h:40:45:[m[K [01;35m[Kwarning: [m[Kextra ‘[01m[K;[m[K’ [[01;35m[K-Wpedantic[m[K]
   40 |   vtkTypeMacro(vtkPolyDataMapper, vtkMapper)[01;35m[K;[m[K
      |                                             [01;35m[K^[m[K
      |                                             [31m[K-[m[K
In file included from [01m[K/usr/include/pcl-1.10/pcl/visualization/impl/pcl_visualizer.hpp:54[m[K,
                 from [01m[K/usr/include/pcl-1.10/pcl/visualization/pcl_visualizer.h:2347[m[K,
                 from [01m[K/usr/include/pcl-1.10/pcl/visualization/cloud_viewer.h:39[m[K,
                 from [01m[K/root/codes/iron_yahboomcar_ws/src/yahboomcar_point/src/pub_point.cpp:15[m[K:
[01m[K/usr/include/vtk-7.1/vtkProperty.h:61:38:[m[K [01;35m[Kwarning: [m[Kextra ‘[01m[K;[m[K’ [[01;35m[K-Wpedantic[m[K]
   61 |   vtkTypeMacro(vtkProperty,vtkObject)[01;35m[K;[m[K
      |                                      [01;35m[K^[m[K
      |                                      [31m[K-[m[K
In file included from [01m[K/usr/include/pcl-1.10/pcl/visualization/impl/pcl_visualizer.hpp:56[m[K,
                 from [01m[K/usr/include/pcl-1.10/pcl/visualization/pcl_visualizer.h:2347[m[K,
                 from [01m[K/usr/include/pcl-1.10/pcl/visualization/cloud_viewer.h:39[m[K,
                 from [01m[K/root/codes/iron_yahboomcar_ws/src/yahboomcar_point/src/pub_point.cpp:15[m[K:
[01m[K/usr/include/vtk-7.1/vtkCellData.h:37:49:[m[K [01;35m[Kwarning: [m[Kextra ‘[01m[K;[m[K’ [[01;35m[K-Wpedantic[m[K]
   37 |   vtkTypeMacro(vtkCellData,vtkDataSetAttributes)[01;35m[K;[m[K
      |                                                 [01;35m[K^[m[K
      |                                                 [31m[K-[m[K
In file included from [01m[K/usr/include/pcl-1.10/pcl/visualization/impl/pcl_visualizer.hpp:57[m[K,
                 from [01m[K/usr/include/pcl-1.10/pcl/visualization/pcl_visualizer.h:2347[m[K,
                 from [01m[K/usr/include/pcl-1.10/pcl/visualization/cloud_viewer.h:39[m[K,
                 from [01m[K/root/codes/iron_yahboomcar_ws/src/yahboomcar_point/src/pub_point.cpp:15[m[K:
[01m[K/usr/include/vtk-7.1/vtkDataSetMapper.h:40:44:[m[K [01;35m[Kwarning: [m[Kextra ‘[01m[K;[m[K’ [[01;35m[K-Wpedantic[m[K]
   40 |   vtkTypeMacro(vtkDataSetMapper, vtkMapper)[01;35m[K;[m[K
      |                                            [01;35m[K^[m[K
      |                                            [31m[K-[m[K
In file included from [01m[K/usr/include/pcl-1.10/pcl/visualization/impl/pcl_visualizer.hpp:58[m[K,
                 from [01m[K/usr/include/pcl-1.10/pcl/visualization/pcl_visualizer.h:2347[m[K,
                 from [01m[K/usr/include/pcl-1.10/pcl/visualization/cloud_viewer.h:39[m[K,
                 from [01m[K/root/codes/iron_yahboomcar_ws/src/yahboomcar_point/src/pub_point.cpp:15[m[K:
[01m[K/usr/include/vtk-7.1/vtkRenderer.h:60:40:[m[K [01;35m[Kwarning: [m[Kextra ‘[01m[K;[m[K’ [[01;35m[K-Wpedantic[m[K]
   60 |   vtkTypeMacro(vtkRenderer,vtkViewport)[01;35m[K;[m[K
      |                                        [01;35m[K^[m[K
      |                                        [31m[K-[m[K
In file included from [01m[K/usr/include/pcl-1.10/pcl/visualization/impl/pcl_visualizer.hpp:59[m[K,
                 from [01m[K/usr/include/pcl-1.10/pcl/visualization/pcl_visualizer.h:2347[m[K,
                 from [01m[K/usr/include/pcl-1.10/pcl/visualization/cloud_viewer.h:39[m[K,
                 from [01m[K/root/codes/iron_yahboomcar_ws/src/yahboomcar_point/src/pub_point.cpp:15[m[K:
[01m[K/usr/include/vtk-7.1/vtkRendererCollection.h:38:53:[m[K [01;35m[Kwarning: [m[Kextra ‘[01m[K;[m[K’ [[01;35m[K-Wpedantic[m[K]
   38 |   vtkTypeMacro(vtkRendererCollection, vtkCollection)[01;35m[K;[m[K
      |                                                     [01;35m[K^[m[K
      |                                                     [31m[K-[m[K
In file included from [01m[K/usr/include/pcl-1.10/pcl/visualization/impl/pcl_visualizer.hpp:60[m[K,
                 from [01m[K/usr/include/pcl-1.10/pcl/visualization/pcl_visualizer.h:2347[m[K,
                 from [01m[K/usr/include/pcl-1.10/pcl/visualization/cloud_viewer.h:39[m[K,
                 from [01m[K/root/codes/iron_yahboomcar_ws/src/yahboomcar_point/src/pub_point.cpp:15[m[K:
[01m[K/usr/include/vtk-7.1/vtkAppendPolyData.h:47:55:[m[K [01;35m[Kwarning: [m[Kextra ‘[01m[K;[m[K’ [[01;35m[K-Wpedantic[m[K]
   47 |   vtkTypeMacro(vtkAppendPolyData,vtkPolyDataAlgorithm)[01;35m[K;[m[K
      |                                                       [01;35m[K^[m[K
      |                                                       [31m[K-[m[K
In file included from [01m[K/usr/include/pcl-1.10/pcl/visualization/impl/pcl_visualizer.hpp:61[m[K,
                 from [01m[K/usr/include/pcl-1.10/pcl/visualization/pcl_visualizer.h:2347[m[K,
                 from [01m[K/usr/include/pcl-1.10/pcl/visualization/cloud_viewer.h:39[m[K,
                 from [01m[K/root/codes/iron_yahboomcar_ws/src/yahboomcar_point/src/pub_point.cpp:15[m[K:
[01m[K/usr/include/vtk-7.1/vtkTextProperty.h:36:42:[m[K [01;35m[Kwarning: [m[Kextra ‘[01m[K;[m[K’ [[01;35m[K-Wpedantic[m[K]
   36 |   vtkTypeMacro(vtkTextProperty,vtkObject)[01;35m[K;[m[K
      |                                          [01;35m[K^[m[K
      |                                          [31m[K-[m[K
In file included from [01m[K/usr/include/pcl-1.10/pcl/visualization/impl/pcl_visualizer.hpp:63[m[K,
                 from [01m[K/usr/include/pcl-1.10/pcl/visualization/pcl_visualizer.h:2347[m[K,
                 from [01m[K/usr/include/pcl-1.10/pcl/visualization/cloud_viewer.h:39[m[K,
                 from [01m[K/root/codes/iron_yahboomcar_ws/src/yahboomcar_point/src/pub_point.cpp:15[m[K:
[01m[K/usr/include/vtk-7.1/vtkLineSource.h:40:51:[m[K [01;35m[Kwarning: [m[Kextra ‘[01m[K;[m[K’ [[01;35m[K-Wpedantic[m[K]
   40 |   vtkTypeMacro(vtkLineSource,vtkPolyDataAlgorithm)[01;35m[K;[m[K
      |                                                   [01;35m[K^[m[K
      |                                                   [31m[K-[m[K
In file included from [01m[K/usr/include/pcl-1.10/pcl/visualization/common/impl/shapes.hpp:42[m[K,
                 from [01m[K/usr/include/pcl-1.10/pcl/visualization/common/shapes.h:293[m[K,
                 from [01m[K/usr/include/pcl-1.10/pcl/visualization/impl/pcl_visualizer.hpp:65[m[K,
                 from [01m[K/usr/include/pcl-1.10/pcl/visualization/pcl_visualizer.h:2347[m[K,
                 from [01m[K/usr/include/pcl-1.10/pcl/visualization/cloud_viewer.h:39[m[K,
                 from [01m[K/root/codes/iron_yahboomcar_ws/src/yahboomcar_point/src/pub_point.cpp:15[m[K:
[01m[K/usr/include/vtk-7.1/vtkPolygon.h:43:35:[m[K [01;35m[Kwarning: [m[Kextra ‘[01m[K;[m[K’ [[01;35m[K-Wpedantic[m[K]
   43 |   vtkTypeMacro(vtkPolygon,vtkCell)[01;35m[K;[m[K
      |                                   [01;35m[K^[m[K
      |                                   [31m[K-[m[K
[01m[K/root/codes/iron_yahboomcar_ws/src/yahboomcar_point/src/pub_point.cpp:[m[K In member function ‘[01m[Kvoid mediapipeCloud::handle_point(std::shared_ptr<yahboomcar_msgs::msg::PointArray_<std::allocator<void> > >)[m[K’:
[01m[K/root/codes/iron_yahboomcar_ws/src/yahboomcar_point/src/pub_point.cpp:45:31:[m[K [01;35m[Kwarning: [m[Kcomparison of integer expressions of different signedness: ‘[01m[Kint[m[K’ and ‘[01m[Kstd::vector<geometry_msgs::msg::Point_<std::allocator<void> >, std::allocator<geometry_msgs::msg::Point_<std::allocator<void> > > >::size_type[m[K’ {aka ‘[01m[Klong unsigned int[m[K’} [[01;35m[K-Wsign-compare[m[K]
   45 |             for (int i = 0; [01;35m[Ki < msg->points.size()[m[K; i++)
      |                             [01;35m[K~~^~~~~~~~~~~~~~~~~~~~[m[K
[100%] [32m[1mLinking CXX executable pub_point[0m
[100%] Built target pub_point
-- Install configuration: ""
-- Installing: /root/codes/iron_yahboomcar_ws/install/yahboomcar_point/lib/yahboomcar_point/pub_point
-- Set runtime path of "/root/codes/iron_yahboomcar_ws/install/yahboomcar_point/lib/yahboomcar_point/pub_point" to ""
-- Installing: /root/codes/iron_yahboomcar_ws/install/yahboomcar_point/share/ament_index/resource_index/package_run_dependencies/yahboomcar_point
-- Installing: /root/codes/iron_yahboomcar_ws/install/yahboomcar_point/share/ament_index/resource_index/parent_prefix_path/yahboomcar_point
-- Installing: /root/codes/iron_yahboomcar_ws/install/yahboomcar_point/share/yahboomcar_point/environment/ament_prefix_path.sh
-- Installing: /root/codes/iron_yahboomcar_ws/install/yahboomcar_point/share/yahboomcar_point/environment/ament_prefix_path.dsv
-- Installing: /root/codes/iron_yahboomcar_ws/install/yahboomcar_point/share/yahboomcar_point/environment/path.sh
-- Installing: /root/codes/iron_yahboomcar_ws/install/yahboomcar_point/share/yahboomcar_point/environment/path.dsv
-- Installing: /root/codes/iron_yahboomcar_ws/install/yahboomcar_point/share/yahboomcar_point/local_setup.bash
-- Installing: /root/codes/iron_yahboomcar_ws/install/yahboomcar_point/share/yahboomcar_point/local_setup.sh
-- Installing: /root/codes/iron_yahboomcar_ws/install/yahboomcar_point/share/yahboomcar_point/local_setup.zsh
-- Installing: /root/codes/iron_yahboomcar_ws/install/yahboomcar_point/share/yahboomcar_point/local_setup.dsv
-- Installing: /root/codes/iron_yahboomcar_ws/install/yahboomcar_point/share/yahboomcar_point/package.dsv
-- Installing: /root/codes/iron_yahboomcar_ws/install/yahboomcar_point/share/ament_index/resource_index/packages/yahboomcar_point
-- Installing: /root/codes/iron_yahboomcar_ws/install/yahboomcar_point/share/yahboomcar_point/cmake/yahboomcar_pointConfig.cmake
-- Installing: /root/codes/iron_yahboomcar_ws/install/yahboomcar_point/share/yahboomcar_point/cmake/yahboomcar_pointConfig-version.cmake
-- Installing: /root/codes/iron_yahboomcar_ws/install/yahboomcar_point/share/yahboomcar_point/package.xml
