running egg_info
writing ../../build/yahboomcar_description/yahboomcar_description.egg-info/PKG-INFO
writing dependency_links to ../../build/yahboomcar_description/yahboomcar_description.egg-info/dependency_links.txt
writing entry points to ../../build/yahboomcar_description/yahboomcar_description.egg-info/entry_points.txt
writing requirements to ../../build/yahboomcar_description/yahboomcar_description.egg-info/requires.txt
writing top-level names to ../../build/yahboomcar_description/yahboomcar_description.egg-info/top_level.txt
reading manifest file '../../build/yahboomcar_description/yahboomcar_description.egg-info/SOURCES.txt'
writing manifest file '../../build/yahboomcar_description/yahboomcar_description.egg-info/SOURCES.txt'
running build
running build_py
running install
running install_lib
running install_data
copying launch/description_R2_multi_robot2.launch.py -> /root/yahboomcar_ros2_ws/yahboomcar_ws/install/yahboomcar_description/share/yahboomcar_description/launch
copying launch/description_R2_multi_robot1.launch.py -> /root/yahboomcar_ros2_ws/yahboomcar_ws/install/yahboomcar_description/share/yahboomcar_description/launch
copying urdf/yahboomcar_R2_robot2.urdf -> /root/yahboomcar_ros2_ws/yahboomcar_ws/install/yahboomcar_description/share/yahboomcar_description/urdf
copying urdf/yahboomcar_R2_robot1.urdf -> /root/yahboomcar_ros2_ws/yahboomcar_ws/install/yahboomcar_description/share/yahboomcar_description/urdf
running install_egg_info
removing '/root/yahboomcar_ros2_ws/yahboomcar_ws/install/yahboomcar_description/lib/python3.8/site-packages/yahboomcar_description-0.0.0-py3.8.egg-info' (and everything under it)
Copying ../../build/yahboomcar_description/yahboomcar_description.egg-info to /root/yahboomcar_ros2_ws/yahboomcar_ws/install/yahboomcar_description/lib/python3.8/site-packages/yahboomcar_description-0.0.0-py3.8.egg-info
running install_scripts
writing list of installed files to '/root/yahboomcar_ros2_ws/yahboomcar_ws/build/yahboomcar_description/install.log'
