[5.276s] Invoking command in '/root/yahboomcar_ros2_ws/yahboomcar_ws/src/yahboomcar_description_x1': PYTHONPATH=/root/yahboomcar_ros2_ws/yahboomcar_ws/build/yahboomcar_description_x1/prefix_override:/root/yahboomcar_ros2_ws/yahboomcar_ws/install/yahboomcar_description_x1/lib/python3.8/site-packages:${PYTHONPATH} /usr/bin/python3 setup.py egg_info --egg-base ../../build/yahboomcar_description_x1 build --build-base /root/yahboomcar_ros2_ws/yahboomcar_ws/build/yahboomcar_description_x1/build install --record /root/yahboomcar_ros2_ws/yahboomcar_ws/build/yahboomcar_description_x1/install.log --install-scripts $base/lib/yahboomcar_description_x1 --single-version-externally-managed
[6.645s] running egg_info
[6.648s] writing ../../build/yahboomcar_description_x1/yahboomcar_description_x1.egg-info/PKG-INFO
[6.675s] writing dependency_links to ../../build/yahboomcar_description_x1/yahboomcar_description_x1.egg-info/dependency_links.txt
[6.677s] writing entry points to ../../build/yahboomcar_description_x1/yahboomcar_description_x1.egg-info/entry_points.txt
[6.681s] writing requirements to ../../build/yahboomcar_description_x1/yahboomcar_description_x1.egg-info/requires.txt
[6.682s] writing top-level names to ../../build/yahboomcar_description_x1/yahboomcar_description_x1.egg-info/top_level.txt
[6.871s] reading manifest file '../../build/yahboomcar_description_x1/yahboomcar_description_x1.egg-info/SOURCES.txt'
[6.877s] writing manifest file '../../build/yahboomcar_description_x1/yahboomcar_description_x1.egg-info/SOURCES.txt'
[6.878s] running build
[6.879s] running build_py
[6.879s] running install
[6.883s] running install_lib
[6.894s] running install_data
[6.895s] running install_egg_info
[6.904s] removing '/root/yahboomcar_ros2_ws/yahboomcar_ws/install/yahboomcar_description_x1/lib/python3.8/site-packages/yahboomcar_description_x1-0.0.0-py3.8.egg-info' (and everything under it)
[6.906s] Copying ../../build/yahboomcar_description_x1/yahboomcar_description_x1.egg-info to /root/yahboomcar_ros2_ws/yahboomcar_ws/install/yahboomcar_description_x1/lib/python3.8/site-packages/yahboomcar_description_x1-0.0.0-py3.8.egg-info
[6.919s] running install_scripts
[6.999s] writing list of installed files to '/root/yahboomcar_ros2_ws/yahboomcar_ws/build/yahboomcar_description_x1/install.log'
[7.197s] Invoked command in '/root/yahboomcar_ros2_ws/yahboomcar_ws/src/yahboomcar_description_x1' returned '0': PYTHONPATH=/root/yahboomcar_ros2_ws/yahboomcar_ws/build/yahboomcar_description_x1/prefix_override:/root/yahboomcar_ros2_ws/yahboomcar_ws/install/yahboomcar_description_x1/lib/python3.8/site-packages:${PYTHONPATH} /usr/bin/python3 setup.py egg_info --egg-base ../../build/yahboomcar_description_x1 build --build-base /root/yahboomcar_ros2_ws/yahboomcar_ws/build/yahboomcar_description_x1/build install --record /root/yahboomcar_ros2_ws/yahboomcar_ws/build/yahboomcar_description_x1/install.log --install-scripts $base/lib/yahboomcar_description_x1 --single-version-externally-managed
