[4.102s] Invoking command in '/root/codes/iron_yahboomcar_ws/src/yahboomcar_astra': PYTHONPATH=/root/codes/iron_yahboomcar_ws/build/yahboomcar_astra/prefix_override:/root/codes/iron_yahboomcar_ws/install/yahboomcar_astra/lib/python3.8/site-packages:${PYTHONPATH} /usr/bin/python3 setup.py egg_info --egg-base ../../build/yahboomcar_astra build --build-base /root/codes/iron_yahboomcar_ws/build/yahboomcar_astra/build install --record /root/codes/iron_yahboomcar_ws/build/yahboomcar_astra/install.log --install-scripts $base/lib/yahboomcar_astra --single-version-externally-managed
[5.516s] running egg_info
[5.519s] writing ../../build/yahboomcar_astra/yahboomcar_astra.egg-info/PKG-INFO
[5.520s] writing dependency_links to ../../build/yahboomcar_astra/yahboomcar_astra.egg-info/dependency_links.txt
[5.520s] writing entry points to ../../build/yahboomcar_astra/yahboomcar_astra.egg-info/entry_points.txt
[5.521s] writing requirements to ../../build/yahboomcar_astra/yahboomcar_astra.egg-info/requires.txt
[5.521s] writing top-level names to ../../build/yahboomcar_astra/yahboomcar_astra.egg-info/top_level.txt
[5.703s] reading manifest file '../../build/yahboomcar_astra/yahboomcar_astra.egg-info/SOURCES.txt'
[5.707s] writing manifest file '../../build/yahboomcar_astra/yahboomcar_astra.egg-info/SOURCES.txt'
[5.707s] running build
[5.708s] running build_py
[5.709s] running install
[5.714s] running install_lib
[5.722s] running install_data
[5.725s] running install_egg_info
[5.733s] removing '/root/codes/iron_yahboomcar_ws/install/yahboomcar_astra/lib/python3.8/site-packages/yahboomcar_astra-0.0.0-py3.8.egg-info' (and everything under it)
[5.735s] Copying ../../build/yahboomcar_astra/yahboomcar_astra.egg-info to /root/codes/iron_yahboomcar_ws/install/yahboomcar_astra/lib/python3.8/site-packages/yahboomcar_astra-0.0.0-py3.8.egg-info
[5.738s] running install_scripts
[5.825s] Installing colorHSV script to /root/codes/iron_yahboomcar_ws/install/yahboomcar_astra/lib/yahboomcar_astra
[5.826s] Installing colorTracker script to /root/codes/iron_yahboomcar_ws/install/yahboomcar_astra/lib/yahboomcar_astra
[5.827s] writing list of installed files to '/root/codes/iron_yahboomcar_ws/build/yahboomcar_astra/install.log'
[5.938s] Invoked command in '/root/codes/iron_yahboomcar_ws/src/yahboomcar_astra' returned '0': PYTHONPATH=/root/codes/iron_yahboomcar_ws/build/yahboomcar_astra/prefix_override:/root/codes/iron_yahboomcar_ws/install/yahboomcar_astra/lib/python3.8/site-packages:${PYTHONPATH} /usr/bin/python3 setup.py egg_info --egg-base ../../build/yahboomcar_astra build --build-base /root/codes/iron_yahboomcar_ws/build/yahboomcar_astra/build install --record /root/codes/iron_yahboomcar_ws/build/yahboomcar_astra/install.log --install-scripts $base/lib/yahboomcar_astra --single-version-externally-managed
