[4.580s] Invoking command in '/root/codes/iron_yahboomcar_ws/src/yahboomcar_color': PYTHONPATH=/root/codes/iron_yahboomcar_ws/build/yahboomcar_color/prefix_override:/root/codes/iron_yahboomcar_ws/install/yahboomcar_color/lib/python3.8/site-packages:${PYTHONPATH} /usr/bin/python3 setup.py egg_info --egg-base ../../build/yahboomcar_color build --build-base /root/codes/iron_yahboomcar_ws/build/yahboomcar_color/build install --record /root/codes/iron_yahboomcar_ws/build/yahboomcar_color/install.log --install-scripts $base/lib/yahboomcar_color --single-version-externally-managed
[5.922s] running egg_info
[5.924s] creating ../../build/yahboomcar_color/yahboomcar_color.egg-info
[5.925s] writing ../../build/yahboomcar_color/yahboomcar_color.egg-info/PKG-INFO
[5.926s] writing dependency_links to ../../build/yahboomcar_color/yahboomcar_color.egg-info/dependency_links.txt
[5.927s] writing entry points to ../../build/yahboomcar_color/yahboomcar_color.egg-info/entry_points.txt
[5.927s] writing requirements to ../../build/yahboomcar_color/yahboomcar_color.egg-info/requires.txt
[5.928s] writing top-level names to ../../build/yahboomcar_color/yahboomcar_color.egg-info/top_level.txt
[5.935s] writing manifest file '../../build/yahboomcar_color/yahboomcar_color.egg-info/SOURCES.txt'
[6.104s] reading manifest file '../../build/yahboomcar_color/yahboomcar_color.egg-info/SOURCES.txt'
[6.108s] writing manifest file '../../build/yahboomcar_color/yahboomcar_color.egg-info/SOURCES.txt'
[6.108s] running build
[6.109s] running build_py
[6.109s] creating /root/codes/iron_yahboomcar_ws/build/yahboomcar_color/build
[6.110s] creating /root/codes/iron_yahboomcar_ws/build/yahboomcar_color/build/lib
[6.110s] creating /root/codes/iron_yahboomcar_ws/build/yahboomcar_color/build/lib/yahboomcar_color
[6.111s] copying yahboomcar_color/color_service.py -> /root/codes/iron_yahboomcar_ws/build/yahboomcar_color/build/lib/yahboomcar_color
[6.111s] copying yahboomcar_color/__init__.py -> /root/codes/iron_yahboomcar_ws/build/yahboomcar_color/build/lib/yahboomcar_color
[6.111s] running install
[6.116s] running install_lib
[6.120s] copying /root/codes/iron_yahboomcar_ws/build/yahboomcar_color/build/lib/yahboomcar_color/color_service.py -> /root/codes/iron_yahboomcar_ws/install/yahboomcar_color/lib/python3.8/site-packages/yahboomcar_color
[6.120s] copying /root/codes/iron_yahboomcar_ws/build/yahboomcar_color/build/lib/yahboomcar_color/__init__.py -> /root/codes/iron_yahboomcar_ws/install/yahboomcar_color/lib/python3.8/site-packages/yahboomcar_color
[6.469s] byte-compiling /root/codes/iron_yahboomcar_ws/install/yahboomcar_color/lib/python3.8/site-packages/yahboomcar_color/color_service.py to color_service.cpython-38.pyc
[6.477s] byte-compiling /root/codes/iron_yahboomcar_ws/install/yahboomcar_color/lib/python3.8/site-packages/yahboomcar_color/__init__.py to __init__.cpython-38.pyc
[6.477s] running install_data
[6.480s] copying resource/yahboomcar_color -> /root/codes/iron_yahboomcar_ws/install/yahboomcar_color/share/ament_index/resource_index/packages
[6.480s] copying package.xml -> /root/codes/iron_yahboomcar_ws/install/yahboomcar_color/share/yahboomcar_color
[6.481s] running install_egg_info
[6.489s] removing '/root/codes/iron_yahboomcar_ws/install/yahboomcar_color/lib/python3.8/site-packages/yahboomcar_color-0.0.0-py3.8.egg-info' (and everything under it)
[6.490s] Copying ../../build/yahboomcar_color/yahboomcar_color.egg-info to /root/codes/iron_yahboomcar_ws/install/yahboomcar_color/lib/python3.8/site-packages/yahboomcar_color-0.0.0-py3.8.egg-info
[6.494s] running install_scripts
[6.576s] Installing color_service script to /root/codes/iron_yahboomcar_ws/install/yahboomcar_color/lib/yahboomcar_color
[6.577s] writing list of installed files to '/root/codes/iron_yahboomcar_ws/build/yahboomcar_color/install.log'
[6.696s] Invoked command in '/root/codes/iron_yahboomcar_ws/src/yahboomcar_color' returned '0': PYTHONPATH=/root/codes/iron_yahboomcar_ws/build/yahboomcar_color/prefix_override:/root/codes/iron_yahboomcar_ws/install/yahboomcar_color/lib/python3.8/site-packages:${PYTHONPATH} /usr/bin/python3 setup.py egg_info --egg-base ../../build/yahboomcar_color build --build-base /root/codes/iron_yahboomcar_ws/build/yahboomcar_color/build install --record /root/codes/iron_yahboomcar_ws/build/yahboomcar_color/install.log --install-scripts $base/lib/yahboomcar_color --single-version-externally-managed
