[0.090s] Invoking command in '/root/codes/iron_yahboomcar_ws/build/yahboomcar_slam': CMAKE_PREFIX_PATH=${CMAKE_PREFIX_PATH}:/root/codes/iron_yahboomcar_ws/install/yahboomcar_voice_ctrl:/root/codes/iron_yahboomcar_ws/install/yahboomcar_visual:/root/codes/iron_yahboomcar_ws/install/yahboomcar_nav:/root/codes/iron_yahboomcar_ws/install/yahboomcar_multi:/root/codes/iron_yahboomcar_ws/install/yahboomcar_mediapipe:/root/codes/iron_yahboomcar_ws/install/yahboomcar_linefollow:/root/codes/iron_yahboomcar_ws/install/yahboomcar_laser:/root/codes/iron_yahboomcar_ws/install/yahboomcar_description_x1:/root/codes/iron_yahboomcar_ws/install/yahboomcar_description:/root/codes/iron_yahboomcar_ws/install/yahboomcar_ctrl:/root/codes/iron_yahboomcar_ws/install/yahboomcar_color:/root/codes/iron_yahboomcar_ws/install/yahboomcar_bringup:/root/codes/iron_yahboomcar_ws/install/yahboomcar_astra:/root/codes/iron_yahboomcar_ws/install/yahboom_app_save_map:/root/codes/iron_yahboomcar_ws/install/robot_pose_publisher:/root/codes/iron_yahboomcar_ws/install/laserscan_to_point_pulisher:/root/yahboomcar_ros2_ws/yahboomcar_ws/install/yahboomcar_voice_ctrl:/root/yahboomcar_ros2_ws/yahboomcar_ws/install/yahboomcar_visual:/root/yahboomcar_ros2_ws/yahboomcar_ws/install/yahboomcar_nav:/root/yahboomcar_ros2_ws/yahboomcar_ws/install/yahboomcar_multi:/root/yahboomcar_ros2_ws/yahboomcar_ws/install/yahboomcar_mediapipe:/root/yahboomcar_ros2_ws/yahboomcar_ws/install/yahboomcar_linefollow:/root/yahboomcar_ros2_ws/yahboomcar_ws/install/yahboomcar_laser:/root/yahboomcar_ros2_ws/yahboomcar_ws/install/yahboomcar_description_x1:/root/yahboomcar_ros2_ws/yahboomcar_ws/install/yahboomcar_description:/root/yahboomcar_ros2_ws/yahboomcar_ws/install/yahboomcar_ctrl:/root/yahboomcar_ros2_ws/yahboomcar_ws/install/yahboomcar_bringup:/root/yahboomcar_ros2_ws/yahboomcar_ws/install/yahboomcar_astra:/root/yahboomcar_ros2_ws/yahboomcar_ws/install/yahboom_app_save_map:/root/yahboomcar_ros2_ws/yahboomcar_ws/install/robot_pose_publisher:/root/yahboomcar_ros2_ws/yahboomcar_ws/install/laserscan_to_point_pulisher:/opt/ros/foxy /usr/bin/cmake /root/codes/iron_yahboomcar_ws/src/yahboomcar_slam -DCMAKE_INSTALL_PREFIX=/root/codes/iron_yahboomcar_ws/install/yahboomcar_slam
[27.384s] -- The C compiler identification is GNU 9.4.0
[58.686s] -- The CXX compiler identification is GNU 9.4.0
[58.720s] -- Check for working C compiler: /usr/bin/cc
[76.900s] -- Check for working C compiler: /usr/bin/cc -- works
[76.905s] -- Detecting C compiler ABI info
[78.673s] -- Detecting C compiler ABI info - done
[78.734s] -- Detecting C compile features
[78.736s] -- Detecting C compile features - done
[78.748s] -- Check for working CXX compiler: /usr/bin/c++
[79.298s] -- Check for working CXX compiler: /usr/bin/c++ -- works
[79.303s] -- Detecting CXX compiler ABI info
[79.962s] -- Detecting CXX compiler ABI info - done
[80.027s] -- Detecting CXX compile features
[80.032s] -- Detecting CXX compile features - done
[80.098s] -- Found ament_cmake: 0.9.11 (/opt/ros/foxy/share/ament_cmake/cmake)
[80.379s] -- Found PythonInterp: /usr/bin/python3 (found suitable version "3.8.10", minimum required is "3") 
[80.380s] -- Using PYTHON_EXECUTABLE: /usr/bin/python3
[82.406s] -- Found rclcpp: 2.4.2 (/opt/ros/foxy/share/rclcpp/cmake)
[83.219s] -- Using all available rosidl_typesupport_c: rosidl_typesupport_fastrtps_c;rosidl_typesupport_introspection_c
[83.419s] -- Found rosidl_adapter: 1.3.0 (/opt/ros/foxy/share/rosidl_adapter/cmake)
[84.282s] -- Found OpenSSL: /usr/lib/aarch64-linux-gnu/libcrypto.so (found version "1.1.1f")  
[84.530s] -- Found FastRTPS: /opt/ros/foxy/include  
[86.193s] -- Using all available rosidl_typesupport_cpp: rosidl_typesupport_fastrtps_cpp;rosidl_typesupport_introspection_cpp
[86.193s] -- Found rmw_implementation_cmake: 1.0.3 (/opt/ros/foxy/share/rmw_implementation_cmake/cmake)
[86.194s] -- Using RMW implementation 'rmw_fastrtps_cpp' as default
[86.202s] -- Looking for pthread.h
[92.325s] -- Looking for pthread.h - found
[92.329s] -- Performing Test CMAKE_HAVE_LIBC_PTHREAD
[97.044s] -- Performing Test CMAKE_HAVE_LIBC_PTHREAD - Failed
[97.052s] -- Looking for pthread_create in pthreads
[98.138s] -- Looking for pthread_create in pthreads - not found
[98.139s] -- Looking for pthread_create in pthread
[98.548s] -- Looking for pthread_create in pthread - found
[98.553s] -- Found Threads: TRUE  
[99.895s] -- Found pcl_conversions: 2.2.1 (/opt/ros/foxy/share/pcl_conversions/cmake)
[101.918s] -- Found pcl_ros: 2.2.1 (/opt/ros/foxy/share/pcl_ros/cmake)
[109.235s] -- Found eigen3_cmake_module: 0.1.1 (/opt/ros/foxy/share/eigen3_cmake_module/cmake)
[109.237s] -- Found Eigen3: TRUE (found version "3.4.0") 
[109.238s] -- Checking for module 'eigen3'
[109.240s] --   Found eigen3, version 3.4.0
[109.240s] -- Found Eigen: /usr/include/eigen3 (Required is at least version "3.1") 
[109.240s] -- Eigen found (include: /usr/include/eigen3, version: 3.3.7)
[111.186s] -- Checking for module 'flann'
[111.702s] --   Found flann, version 1.9.1
[112.966s] -- Found FLANN: /usr/lib/aarch64-linux-gnu/libflann_cpp.so  
[115.482s] -- The imported target "vtkParseOGLExt" references the file
[115.483s]    "/usr/bin/vtkParseOGLExt-7.1"
[115.483s] but this file does not exist.  Possible reasons include:
[115.484s] * The file was deleted, renamed, or moved to another location.
[115.484s] * An install or uninstall procedure did not complete successfully.
[115.485s] * The installation package was faulty and contained
[115.485s]    "/usr/lib/cmake/vtk-7.1/VTKTargets.cmake"
[115.485s] but not all the files it references.
[115.486s] 
[115.488s] -- The imported target "vtkRenderingPythonTkWidgets" references the file
[115.489s]    "/usr/lib/aarch64-linux-gnu/libvtkRenderingPythonTkWidgets.so"
[115.489s] but this file does not exist.  Possible reasons include:
[115.490s] * The file was deleted, renamed, or moved to another location.
[115.490s] * An install or uninstall procedure did not complete successfully.
[115.490s] * The installation package was faulty and contained
[115.491s]    "/usr/lib/cmake/vtk-7.1/VTKTargets.cmake"
[115.491s] but not all the files it references.
[115.492s] 
[115.493s] -- The imported target "vtk" references the file
[115.493s]    "/usr/bin/vtk"
[115.493s] but this file does not exist.  Possible reasons include:
[115.494s] * The file was deleted, renamed, or moved to another location.
[115.494s] * An install or uninstall procedure did not complete successfully.
[115.495s] * The installation package was faulty and contained
[115.495s]    "/usr/lib/cmake/vtk-7.1/VTKTargets.cmake"
[115.495s] but not all the files it references.
[115.496s] 
[115.496s] -- The imported target "pvtk" references the file
[115.497s]    "/usr/bin/pvtk"
[115.497s] but this file does not exist.  Possible reasons include:
[115.498s] * The file was deleted, renamed, or moved to another location.
[115.498s] * An install or uninstall procedure did not complete successfully.
[115.498s] * The installation package was faulty and contained
[115.499s]    "/usr/lib/cmake/vtk-7.1/VTKTargets.cmake"
[115.499s] but not all the files it references.
[115.500s] 
[117.897s] -- Checking for module 'libusb-1.0'
[118.707s] --   Found libusb-1.0, version 1.0.23
[119.073s] -- Found USB_10: /usr/lib/aarch64-linux-gnu/libusb-1.0.so  
[119.930s] -- OpenNI found (include: /usr/include/ni, lib: /usr/lib/libOpenNI.so)
[121.175s] -- OpenNI2 found (include: /root/yahboomcar_ros2_ws/software/library_ws/install/astra_camera/include/openni2, lib: /root/yahboomcar_ros2_ws/software/library_ws/install/astra_camera/lib/libOpenNI2.so)
[121.252s] -- Found libusb-1.0: /usr/include  
[121.279s] -- OpenNI found (include: /usr/include/ni, lib: /usr/lib/libOpenNI.so)
[121.309s] -- OpenNI2 found (include: /root/yahboomcar_ros2_ws/software/library_ws/install/astra_camera/include/openni2, lib: /root/yahboomcar_ros2_ws/software/library_ws/install/astra_camera/lib/libOpenNI2.so)
[122.846s] -- Found Qhull: optimized;/usr/lib/aarch64-linux-gnu/libqhull.so;debug;/usr/lib/aarch64-linux-gnu/libqhull.so  
[122.847s] -- QHULL found (include: /usr/include, lib: optimized;/usr/lib/aarch64-linux-gnu/libqhull.so;debug;/usr/lib/aarch64-linux-gnu/libqhull.so)
[122.874s] -- OpenNI found (include: /usr/include/ni, lib: /usr/lib/libOpenNI.so)
[122.942s] -- Found PCL_COMMON: /usr/lib/aarch64-linux-gnu/libpcl_common.so  
[122.948s] -- Found PCL_KDTREE: /usr/lib/aarch64-linux-gnu/libpcl_kdtree.so  
[122.955s] -- Found PCL_OCTREE: /usr/lib/aarch64-linux-gnu/libpcl_octree.so  
[122.961s] -- Found PCL_SEARCH: /usr/lib/aarch64-linux-gnu/libpcl_search.so  
[122.966s] -- Found PCL_SAMPLE_CONSENSUS: /usr/lib/aarch64-linux-gnu/libpcl_sample_consensus.so  
[122.973s] -- Found PCL_FILTERS: /usr/lib/aarch64-linux-gnu/libpcl_filters.so  
[122.975s] -- Found PCL_2D: /usr/include/pcl-1.10  
[123.920s] -- Found PCL_GEOMETRY: /usr/include/pcl-1.10  
[123.926s] -- Found PCL_IO: /usr/lib/aarch64-linux-gnu/libpcl_io.so  
[123.933s] -- Found PCL_FEATURES: /usr/lib/aarch64-linux-gnu/libpcl_features.so  
[123.939s] -- Found PCL_ML: /usr/lib/aarch64-linux-gnu/libpcl_ml.so  
[123.944s] -- Found PCL_SEGMENTATION: /usr/lib/aarch64-linux-gnu/libpcl_segmentation.so  
[123.951s] -- Found PCL_VISUALIZATION: /usr/lib/aarch64-linux-gnu/libpcl_visualization.so  
[123.957s] -- Found PCL_SURFACE: /usr/lib/aarch64-linux-gnu/libpcl_surface.so  
[123.963s] -- Found PCL_REGISTRATION: /usr/lib/aarch64-linux-gnu/libpcl_registration.so  
[123.969s] -- Found PCL_KEYPOINTS: /usr/lib/aarch64-linux-gnu/libpcl_keypoints.so  
[123.975s] -- Found PCL_TRACKING: /usr/lib/aarch64-linux-gnu/libpcl_tracking.so  
[123.981s] -- Found PCL_RECOGNITION: /usr/lib/aarch64-linux-gnu/libpcl_recognition.so  
[123.988s] -- Found PCL_STEREO: /usr/lib/aarch64-linux-gnu/libpcl_stereo.so  
[123.994s] -- Found PCL_APPS: /usr/lib/aarch64-linux-gnu/libpcl_apps.so  
[124.000s] -- Found PCL_IN_HAND_SCANNER: /usr/include/pcl-1.10  
[124.268s] -- Found PCL_POINT_CLOUD_EDITOR: /usr/include/pcl-1.10  
[124.275s] -- Found PCL_OUTOFCORE: /usr/lib/aarch64-linux-gnu/libpcl_outofcore.so  
[124.282s] -- Found PCL_PEOPLE: /usr/lib/aarch64-linux-gnu/libpcl_people.so  
[125.189s] -- Found cv_bridge: 3.0.7 (/opt/ros/foxy/share/cv_bridge/cmake)
[125.373s] -- Found image_transport: 2.4.0 (/opt/ros/foxy/share/image_transport/cmake)
[126.968s] CMake Warning (dev) at CMakeLists.txt:31 (find_package):
[126.969s]   Policy CMP0074 is not set: find_package uses <PackageName>_ROOT variables.
[126.969s]   Run "cmake --help-policy CMP0074" for policy details.  Use the cmake_policy
[126.970s]   command to set the policy and suppress this warning.
[126.970s] 
[126.971s]   CMake variable PCL_ROOT is set to:
[126.971s] 
[126.972s]     /usr
[126.972s] 
[126.973s]   For compatibility, CMake is ignoring the variable.
[126.973s] This warning is for project developers.  Use -Wno-dev to suppress it.
[126.974s] 
[127.524s] -- Found ament_lint_auto: 0.9.7 (/opt/ros/foxy/share/ament_lint_auto/cmake)
[128.842s] -- Added test 'copyright' to check source files copyright and LICENSE
[128.857s] -- Added test 'cppcheck' to perform static code analysis on C / C++ code
[128.860s] -- Configured cppcheck include dirs: /root/codes/iron_yahboomcar_ws/src/yahboomcar_slam/include/yahboomcar_slam;$<BUILD_INTERFACE:/root/codes/iron_yahboomcar_ws/src/yahboomcar_slam/include>
[128.861s] -- Configured cppcheck exclude dirs and/or files: 
[128.874s] -- Added test 'cpplint' to check C / C++ code against the Google style
[128.874s] -- Configured cpplint exclude dirs and/or files: 
[128.880s] -- Added test 'flake8' to check Python code syntax and style conventions
[128.888s] -- Added test 'lint_cmake' to check CMake code style
[128.895s] -- Added test 'pep257' to check Python code against some of the style conventions in PEP 257
[128.908s] -- Added test 'uncrustify' to check C / C++ code style
[128.908s] -- Configured uncrustify additional arguments: 
[128.914s] -- Added test 'xmllint' to check XML markup files
[128.944s] -- Configuring done
[132.564s] -- Generating done
[132.573s] -- Build files have been written to: /root/codes/iron_yahboomcar_ws/build/yahboomcar_slam
[132.636s] Invoked command in '/root/codes/iron_yahboomcar_ws/build/yahboomcar_slam' returned '0': CMAKE_PREFIX_PATH=${CMAKE_PREFIX_PATH}:/root/codes/iron_yahboomcar_ws/install/yahboomcar_voice_ctrl:/root/codes/iron_yahboomcar_ws/install/yahboomcar_visual:/root/codes/iron_yahboomcar_ws/install/yahboomcar_nav:/root/codes/iron_yahboomcar_ws/install/yahboomcar_multi:/root/codes/iron_yahboomcar_ws/install/yahboomcar_mediapipe:/root/codes/iron_yahboomcar_ws/install/yahboomcar_linefollow:/root/codes/iron_yahboomcar_ws/install/yahboomcar_laser:/root/codes/iron_yahboomcar_ws/install/yahboomcar_description_x1:/root/codes/iron_yahboomcar_ws/install/yahboomcar_description:/root/codes/iron_yahboomcar_ws/install/yahboomcar_ctrl:/root/codes/iron_yahboomcar_ws/install/yahboomcar_color:/root/codes/iron_yahboomcar_ws/install/yahboomcar_bringup:/root/codes/iron_yahboomcar_ws/install/yahboomcar_astra:/root/codes/iron_yahboomcar_ws/install/yahboom_app_save_map:/root/codes/iron_yahboomcar_ws/install/robot_pose_publisher:/root/codes/iron_yahboomcar_ws/install/laserscan_to_point_pulisher:/root/yahboomcar_ros2_ws/yahboomcar_ws/install/yahboomcar_voice_ctrl:/root/yahboomcar_ros2_ws/yahboomcar_ws/install/yahboomcar_visual:/root/yahboomcar_ros2_ws/yahboomcar_ws/install/yahboomcar_nav:/root/yahboomcar_ros2_ws/yahboomcar_ws/install/yahboomcar_multi:/root/yahboomcar_ros2_ws/yahboomcar_ws/install/yahboomcar_mediapipe:/root/yahboomcar_ros2_ws/yahboomcar_ws/install/yahboomcar_linefollow:/root/yahboomcar_ros2_ws/yahboomcar_ws/install/yahboomcar_laser:/root/yahboomcar_ros2_ws/yahboomcar_ws/install/yahboomcar_description_x1:/root/yahboomcar_ros2_ws/yahboomcar_ws/install/yahboomcar_description:/root/yahboomcar_ros2_ws/yahboomcar_ws/install/yahboomcar_ctrl:/root/yahboomcar_ros2_ws/yahboomcar_ws/install/yahboomcar_bringup:/root/yahboomcar_ros2_ws/yahboomcar_ws/install/yahboomcar_astra:/root/yahboomcar_ros2_ws/yahboomcar_ws/install/yahboom_app_save_map:/root/yahboomcar_ros2_ws/yahboomcar_ws/install/robot_pose_publisher:/root/yahboomcar_ros2_ws/yahboomcar_ws/install/laserscan_to_point_pulisher:/opt/ros/foxy /usr/bin/cmake /root/codes/iron_yahboomcar_ws/src/yahboomcar_slam -DCMAKE_INSTALL_PREFIX=/root/codes/iron_yahboomcar_ws/install/yahboomcar_slam
[132.645s] Invoking command in '/root/codes/iron_yahboomcar_ws/build/yahboomcar_slam': CMAKE_PREFIX_PATH=${CMAKE_PREFIX_PATH}:/root/codes/iron_yahboomcar_ws/install/yahboomcar_voice_ctrl:/root/codes/iron_yahboomcar_ws/install/yahboomcar_visual:/root/codes/iron_yahboomcar_ws/install/yahboomcar_nav:/root/codes/iron_yahboomcar_ws/install/yahboomcar_multi:/root/codes/iron_yahboomcar_ws/install/yahboomcar_mediapipe:/root/codes/iron_yahboomcar_ws/install/yahboomcar_linefollow:/root/codes/iron_yahboomcar_ws/install/yahboomcar_laser:/root/codes/iron_yahboomcar_ws/install/yahboomcar_description_x1:/root/codes/iron_yahboomcar_ws/install/yahboomcar_description:/root/codes/iron_yahboomcar_ws/install/yahboomcar_ctrl:/root/codes/iron_yahboomcar_ws/install/yahboomcar_color:/root/codes/iron_yahboomcar_ws/install/yahboomcar_bringup:/root/codes/iron_yahboomcar_ws/install/yahboomcar_astra:/root/codes/iron_yahboomcar_ws/install/yahboom_app_save_map:/root/codes/iron_yahboomcar_ws/install/robot_pose_publisher:/root/codes/iron_yahboomcar_ws/install/laserscan_to_point_pulisher:/root/yahboomcar_ros2_ws/yahboomcar_ws/install/yahboomcar_voice_ctrl:/root/yahboomcar_ros2_ws/yahboomcar_ws/install/yahboomcar_visual:/root/yahboomcar_ros2_ws/yahboomcar_ws/install/yahboomcar_nav:/root/yahboomcar_ros2_ws/yahboomcar_ws/install/yahboomcar_multi:/root/yahboomcar_ros2_ws/yahboomcar_ws/install/yahboomcar_mediapipe:/root/yahboomcar_ros2_ws/yahboomcar_ws/install/yahboomcar_linefollow:/root/yahboomcar_ros2_ws/yahboomcar_ws/install/yahboomcar_laser:/root/yahboomcar_ros2_ws/yahboomcar_ws/install/yahboomcar_description_x1:/root/yahboomcar_ros2_ws/yahboomcar_ws/install/yahboomcar_description:/root/yahboomcar_ros2_ws/yahboomcar_ws/install/yahboomcar_ctrl:/root/yahboomcar_ros2_ws/yahboomcar_ws/install/yahboomcar_bringup:/root/yahboomcar_ros2_ws/yahboomcar_ws/install/yahboomcar_astra:/root/yahboomcar_ros2_ws/yahboomcar_ws/install/yahboom_app_save_map:/root/yahboomcar_ros2_ws/yahboomcar_ws/install/robot_pose_publisher:/root/yahboomcar_ros2_ws/yahboomcar_ws/install/laserscan_to_point_pulisher:/opt/ros/foxy /usr/bin/cmake --build /root/codes/iron_yahboomcar_ws/build/yahboomcar_slam -- -j4 -l4
[132.877s] [35m[1mScanning dependencies of target pointcloud_mapping[0m
[138.504s] [ 33%] [32mBuilding CXX object CMakeFiles/pointcloud_mapping.dir/src/point_cloud_main.cpp.o[0m
[239.262s] [ 66%] [32mBuilding CXX object CMakeFiles/pointcloud_mapping.dir/src/point_cloud.cpp.o[0m
[358.075s] [100%] [32m[1mLinking CXX executable pointcloud_mapping[0m
[368.583s] /usr/bin/ld: warning: libopencv_imgcodecs.so.4.2, needed by /opt/ros/foxy/lib/libcv_bridge.so, may conflict with libopencv_imgcodecs.so.3.2
[368.583s] /usr/bin/ld: warning: libopencv_imgproc.so.4.2, needed by /opt/ros/foxy/lib/libcv_bridge.so, may conflict with libopencv_imgproc.so.3.2
[368.584s] /usr/bin/ld: warning: libopencv_core.so.4.2, needed by /opt/ros/foxy/lib/libcv_bridge.so, may conflict with libopencv_core.so.3.2
[368.636s] [100%] Built target pointcloud_mapping
[368.701s] Invoked command in '/root/codes/iron_yahboomcar_ws/build/yahboomcar_slam' returned '0': CMAKE_PREFIX_PATH=${CMAKE_PREFIX_PATH}:/root/codes/iron_yahboomcar_ws/install/yahboomcar_voice_ctrl:/root/codes/iron_yahboomcar_ws/install/yahboomcar_visual:/root/codes/iron_yahboomcar_ws/install/yahboomcar_nav:/root/codes/iron_yahboomcar_ws/install/yahboomcar_multi:/root/codes/iron_yahboomcar_ws/install/yahboomcar_mediapipe:/root/codes/iron_yahboomcar_ws/install/yahboomcar_linefollow:/root/codes/iron_yahboomcar_ws/install/yahboomcar_laser:/root/codes/iron_yahboomcar_ws/install/yahboomcar_description_x1:/root/codes/iron_yahboomcar_ws/install/yahboomcar_description:/root/codes/iron_yahboomcar_ws/install/yahboomcar_ctrl:/root/codes/iron_yahboomcar_ws/install/yahboomcar_color:/root/codes/iron_yahboomcar_ws/install/yahboomcar_bringup:/root/codes/iron_yahboomcar_ws/install/yahboomcar_astra:/root/codes/iron_yahboomcar_ws/install/yahboom_app_save_map:/root/codes/iron_yahboomcar_ws/install/robot_pose_publisher:/root/codes/iron_yahboomcar_ws/install/laserscan_to_point_pulisher:/root/yahboomcar_ros2_ws/yahboomcar_ws/install/yahboomcar_voice_ctrl:/root/yahboomcar_ros2_ws/yahboomcar_ws/install/yahboomcar_visual:/root/yahboomcar_ros2_ws/yahboomcar_ws/install/yahboomcar_nav:/root/yahboomcar_ros2_ws/yahboomcar_ws/install/yahboomcar_multi:/root/yahboomcar_ros2_ws/yahboomcar_ws/install/yahboomcar_mediapipe:/root/yahboomcar_ros2_ws/yahboomcar_ws/install/yahboomcar_linefollow:/root/yahboomcar_ros2_ws/yahboomcar_ws/install/yahboomcar_laser:/root/yahboomcar_ros2_ws/yahboomcar_ws/install/yahboomcar_description_x1:/root/yahboomcar_ros2_ws/yahboomcar_ws/install/yahboomcar_description:/root/yahboomcar_ros2_ws/yahboomcar_ws/install/yahboomcar_ctrl:/root/yahboomcar_ros2_ws/yahboomcar_ws/install/yahboomcar_bringup:/root/yahboomcar_ros2_ws/yahboomcar_ws/install/yahboomcar_astra:/root/yahboomcar_ros2_ws/yahboomcar_ws/install/yahboom_app_save_map:/root/yahboomcar_ros2_ws/yahboomcar_ws/install/robot_pose_publisher:/root/yahboomcar_ros2_ws/yahboomcar_ws/install/laserscan_to_point_pulisher:/opt/ros/foxy /usr/bin/cmake --build /root/codes/iron_yahboomcar_ws/build/yahboomcar_slam -- -j4 -l4
[368.864s] Invoking command in '/root/codes/iron_yahboomcar_ws/build/yahboomcar_slam': CMAKE_PREFIX_PATH=${CMAKE_PREFIX_PATH}:/root/codes/iron_yahboomcar_ws/install/yahboomcar_voice_ctrl:/root/codes/iron_yahboomcar_ws/install/yahboomcar_visual:/root/codes/iron_yahboomcar_ws/install/yahboomcar_nav:/root/codes/iron_yahboomcar_ws/install/yahboomcar_multi:/root/codes/iron_yahboomcar_ws/install/yahboomcar_mediapipe:/root/codes/iron_yahboomcar_ws/install/yahboomcar_linefollow:/root/codes/iron_yahboomcar_ws/install/yahboomcar_laser:/root/codes/iron_yahboomcar_ws/install/yahboomcar_description_x1:/root/codes/iron_yahboomcar_ws/install/yahboomcar_description:/root/codes/iron_yahboomcar_ws/install/yahboomcar_ctrl:/root/codes/iron_yahboomcar_ws/install/yahboomcar_color:/root/codes/iron_yahboomcar_ws/install/yahboomcar_bringup:/root/codes/iron_yahboomcar_ws/install/yahboomcar_astra:/root/codes/iron_yahboomcar_ws/install/yahboom_app_save_map:/root/codes/iron_yahboomcar_ws/install/robot_pose_publisher:/root/codes/iron_yahboomcar_ws/install/laserscan_to_point_pulisher:/root/yahboomcar_ros2_ws/yahboomcar_ws/install/yahboomcar_voice_ctrl:/root/yahboomcar_ros2_ws/yahboomcar_ws/install/yahboomcar_visual:/root/yahboomcar_ros2_ws/yahboomcar_ws/install/yahboomcar_nav:/root/yahboomcar_ros2_ws/yahboomcar_ws/install/yahboomcar_multi:/root/yahboomcar_ros2_ws/yahboomcar_ws/install/yahboomcar_mediapipe:/root/yahboomcar_ros2_ws/yahboomcar_ws/install/yahboomcar_linefollow:/root/yahboomcar_ros2_ws/yahboomcar_ws/install/yahboomcar_laser:/root/yahboomcar_ros2_ws/yahboomcar_ws/install/yahboomcar_description_x1:/root/yahboomcar_ros2_ws/yahboomcar_ws/install/yahboomcar_description:/root/yahboomcar_ros2_ws/yahboomcar_ws/install/yahboomcar_ctrl:/root/yahboomcar_ros2_ws/yahboomcar_ws/install/yahboomcar_bringup:/root/yahboomcar_ros2_ws/yahboomcar_ws/install/yahboomcar_astra:/root/yahboomcar_ros2_ws/yahboomcar_ws/install/yahboom_app_save_map:/root/yahboomcar_ros2_ws/yahboomcar_ws/install/robot_pose_publisher:/root/yahboomcar_ros2_ws/yahboomcar_ws/install/laserscan_to_point_pulisher:/opt/ros/foxy /usr/bin/cmake --install /root/codes/iron_yahboomcar_ws/build/yahboomcar_slam
[368.911s] -- Install configuration: ""
[368.918s] -- Installing: /root/codes/iron_yahboomcar_ws/install/yahboomcar_slam/lib/yahboomcar_slam/pointcloud_mapping
[368.942s] -- Set runtime path of "/root/codes/iron_yahboomcar_ws/install/yahboomcar_slam/lib/yahboomcar_slam/pointcloud_mapping" to ""
[368.945s] -- Up-to-date: /root/codes/iron_yahboomcar_ws/install/yahboomcar_slam/share/yahboomcar_slam/launch
[368.947s] -- Installing: /root/codes/iron_yahboomcar_ws/install/yahboomcar_slam/share/yahboomcar_slam/launch/camera_octomap_launch.py
[368.949s] -- Installing: /root/codes/iron_yahboomcar_ws/install/yahboomcar_slam/share/yahboomcar_slam/launch/octomap_server_launch.py
[368.950s] -- Installing: /root/codes/iron_yahboomcar_ws/install/yahboomcar_slam/share/yahboomcar_slam/launch/orbslam_pose_launch.py
[368.951s] -- Installing: /root/codes/iron_yahboomcar_ws/install/yahboomcar_slam/share/yahboomcar_slam/launch/orbslam_ros_launch.py
[368.952s] -- Installing: /root/codes/iron_yahboomcar_ws/install/yahboomcar_slam/share/yahboomcar_slam/launch/display_pcl_launch.py
[368.953s] -- Installing: /root/codes/iron_yahboomcar_ws/install/yahboomcar_slam/share/yahboomcar_slam/launch/orbslam_pcl_octomap_launch.py
[368.954s] -- Installing: /root/codes/iron_yahboomcar_ws/install/yahboomcar_slam/share/yahboomcar_slam/launch/orbslam_pcl_map_launch.py
[368.955s] -- Installing: /root/codes/iron_yahboomcar_ws/install/yahboomcar_slam/share/yahboomcar_slam/launch/orbslam_base_launch.py
[368.957s] -- Installing: /root/codes/iron_yahboomcar_ws/install/yahboomcar_slam/share/yahboomcar_slam/launch/display_octomap_launch.py
[368.958s] -- Up-to-date: /root/codes/iron_yahboomcar_ws/install/yahboomcar_slam/share/yahboomcar_slam/params
[368.960s] -- Installing: /root/codes/iron_yahboomcar_ws/install/yahboomcar_slam/share/yahboomcar_slam/params/ORBvoc.txt
[376.540s] -- Installing: /root/codes/iron_yahboomcar_ws/install/yahboomcar_slam/share/yahboomcar_slam/params/pointcloud_map.yaml
[376.541s] -- Installing: /root/codes/iron_yahboomcar_ws/install/yahboomcar_slam/share/yahboomcar_slam/params/usb_cam_param.yaml
[376.541s] -- Installing: /root/codes/iron_yahboomcar_ws/install/yahboomcar_slam/share/yahboomcar_slam/params/pointcloud_octomap.yaml
[376.542s] -- Installing: /root/codes/iron_yahboomcar_ws/install/yahboomcar_slam/share/yahboomcar_slam/params/rgbd.yaml
[376.542s] -- Installing: /root/codes/iron_yahboomcar_ws/install/yahboomcar_slam/share/yahboomcar_slam/params/mono.yaml
[376.542s] -- Up-to-date: /root/codes/iron_yahboomcar_ws/install/yahboomcar_slam/share/yahboomcar_slam/pcl
[376.543s] -- Installing: /root/codes/iron_yahboomcar_ws/install/yahboomcar_slam/share/yahboomcar_slam/pcl/resultPointCloudFile.pcd
[379.673s] -- Up-to-date: /root/codes/iron_yahboomcar_ws/install/yahboomcar_slam/share/yahboomcar_slam/rviz
[379.675s] -- Installing: /root/codes/iron_yahboomcar_ws/install/yahboomcar_slam/share/yahboomcar_slam/rviz/orbslam_pcl.rviz
[379.677s] -- Installing: /root/codes/iron_yahboomcar_ws/install/yahboomcar_slam/share/yahboomcar_slam/rviz/cotomap.rviz
[379.685s] -- Installing: /root/codes/iron_yahboomcar_ws/install/yahboomcar_slam/share/ament_index/resource_index/package_run_dependencies/yahboomcar_slam
[379.689s] -- Installing: /root/codes/iron_yahboomcar_ws/install/yahboomcar_slam/share/ament_index/resource_index/parent_prefix_path/yahboomcar_slam
[379.692s] -- Installing: /root/codes/iron_yahboomcar_ws/install/yahboomcar_slam/share/yahboomcar_slam/environment/ament_prefix_path.sh
[379.695s] -- Installing: /root/codes/iron_yahboomcar_ws/install/yahboomcar_slam/share/yahboomcar_slam/environment/ament_prefix_path.dsv
[379.697s] -- Installing: /root/codes/iron_yahboomcar_ws/install/yahboomcar_slam/share/yahboomcar_slam/environment/path.sh
[379.698s] -- Installing: /root/codes/iron_yahboomcar_ws/install/yahboomcar_slam/share/yahboomcar_slam/environment/path.dsv
[379.699s] -- Installing: /root/codes/iron_yahboomcar_ws/install/yahboomcar_slam/share/yahboomcar_slam/local_setup.bash
[379.700s] -- Installing: /root/codes/iron_yahboomcar_ws/install/yahboomcar_slam/share/yahboomcar_slam/local_setup.sh
[379.702s] -- Installing: /root/codes/iron_yahboomcar_ws/install/yahboomcar_slam/share/yahboomcar_slam/local_setup.zsh
[379.703s] -- Installing: /root/codes/iron_yahboomcar_ws/install/yahboomcar_slam/share/yahboomcar_slam/local_setup.dsv
[379.705s] -- Installing: /root/codes/iron_yahboomcar_ws/install/yahboomcar_slam/share/yahboomcar_slam/package.dsv
[379.708s] -- Installing: /root/codes/iron_yahboomcar_ws/install/yahboomcar_slam/share/ament_index/resource_index/packages/yahboomcar_slam
[379.710s] -- Installing: /root/codes/iron_yahboomcar_ws/install/yahboomcar_slam/share/yahboomcar_slam/cmake/yahboomcar_slamConfig.cmake
[379.712s] -- Installing: /root/codes/iron_yahboomcar_ws/install/yahboomcar_slam/share/yahboomcar_slam/cmake/yahboomcar_slamConfig-version.cmake
[379.714s] -- Installing: /root/codes/iron_yahboomcar_ws/install/yahboomcar_slam/share/yahboomcar_slam/package.xml
[379.726s] Invoked command in '/root/codes/iron_yahboomcar_ws/build/yahboomcar_slam' returned '0': CMAKE_PREFIX_PATH=${CMAKE_PREFIX_PATH}:/root/codes/iron_yahboomcar_ws/install/yahboomcar_voice_ctrl:/root/codes/iron_yahboomcar_ws/install/yahboomcar_visual:/root/codes/iron_yahboomcar_ws/install/yahboomcar_nav:/root/codes/iron_yahboomcar_ws/install/yahboomcar_multi:/root/codes/iron_yahboomcar_ws/install/yahboomcar_mediapipe:/root/codes/iron_yahboomcar_ws/install/yahboomcar_linefollow:/root/codes/iron_yahboomcar_ws/install/yahboomcar_laser:/root/codes/iron_yahboomcar_ws/install/yahboomcar_description_x1:/root/codes/iron_yahboomcar_ws/install/yahboomcar_description:/root/codes/iron_yahboomcar_ws/install/yahboomcar_ctrl:/root/codes/iron_yahboomcar_ws/install/yahboomcar_color:/root/codes/iron_yahboomcar_ws/install/yahboomcar_bringup:/root/codes/iron_yahboomcar_ws/install/yahboomcar_astra:/root/codes/iron_yahboomcar_ws/install/yahboom_app_save_map:/root/codes/iron_yahboomcar_ws/install/robot_pose_publisher:/root/codes/iron_yahboomcar_ws/install/laserscan_to_point_pulisher:/root/yahboomcar_ros2_ws/yahboomcar_ws/install/yahboomcar_voice_ctrl:/root/yahboomcar_ros2_ws/yahboomcar_ws/install/yahboomcar_visual:/root/yahboomcar_ros2_ws/yahboomcar_ws/install/yahboomcar_nav:/root/yahboomcar_ros2_ws/yahboomcar_ws/install/yahboomcar_multi:/root/yahboomcar_ros2_ws/yahboomcar_ws/install/yahboomcar_mediapipe:/root/yahboomcar_ros2_ws/yahboomcar_ws/install/yahboomcar_linefollow:/root/yahboomcar_ros2_ws/yahboomcar_ws/install/yahboomcar_laser:/root/yahboomcar_ros2_ws/yahboomcar_ws/install/yahboomcar_description_x1:/root/yahboomcar_ros2_ws/yahboomcar_ws/install/yahboomcar_description:/root/yahboomcar_ros2_ws/yahboomcar_ws/install/yahboomcar_ctrl:/root/yahboomcar_ros2_ws/yahboomcar_ws/install/yahboomcar_bringup:/root/yahboomcar_ros2_ws/yahboomcar_ws/install/yahboomcar_astra:/root/yahboomcar_ros2_ws/yahboomcar_ws/install/yahboom_app_save_map:/root/yahboomcar_ros2_ws/yahboomcar_ws/install/robot_pose_publisher:/root/yahboomcar_ros2_ws/yahboomcar_ws/install/laserscan_to_point_pulisher:/opt/ros/foxy /usr/bin/cmake --install /root/codes/iron_yahboomcar_ws/build/yahboomcar_slam
