running egg_info
writing ../../build/yahboomcar_voice_ctrl/yahboomcar_voice_ctrl.egg-info/PKG-INFO
writing dependency_links to ../../build/yahboomcar_voice_ctrl/yahboomcar_voice_ctrl.egg-info/dependency_links.txt
writing entry points to ../../build/yahboomcar_voice_ctrl/yahboomcar_voice_ctrl.egg-info/entry_points.txt
writing requirements to ../../build/yahboomcar_voice_ctrl/yahboomcar_voice_ctrl.egg-info/requires.txt
writing top-level names to ../../build/yahboomcar_voice_ctrl/yahboomcar_voice_ctrl.egg-info/top_level.txt
reading manifest file '../../build/yahboomcar_voice_ctrl/yahboomcar_voice_ctrl.egg-info/SOURCES.txt'
writing manifest file '../../build/yahboomcar_voice_ctrl/yahboomcar_voice_ctrl.egg-info/SOURCES.txt'
running build
running build_py
copying yahboomcar_voice_ctrl/Voice_Ctrl_follow_line_4ROS_R2.py -> /root/codes/iron_yahboomcar_ws/build/yahboomcar_voice_ctrl/build/lib/yahboomcar_voice_ctrl
copying yahboomcar_voice_ctrl/voice_Ctrl_send_mark.py -> /root/codes/iron_yahboomcar_ws/build/yahboomcar_voice_ctrl/build/lib/yahboomcar_voice_ctrl
copying yahboomcar_voice_ctrl/__init__.py -> /root/codes/iron_yahboomcar_ws/build/yahboomcar_voice_ctrl/build/lib/yahboomcar_voice_ctrl
copying yahboomcar_voice_ctrl/Voice_Ctrl_colorHSV.py -> /root/codes/iron_yahboomcar_ws/build/yahboomcar_voice_ctrl/build/lib/yahboomcar_voice_ctrl
copying yahboomcar_voice_ctrl/colorHSV.py -> /root/codes/iron_yahboomcar_ws/build/yahboomcar_voice_ctrl/build/lib/yahboomcar_voice_ctrl
copying yahboomcar_voice_ctrl/Voice_Ctrl_follow_line_a1_X3.py -> /root/codes/iron_yahboomcar_ws/build/yahboomcar_voice_ctrl/build/lib/yahboomcar_voice_ctrl
copying yahboomcar_voice_ctrl/Voice_Ctrl_colorTracker.py -> /root/codes/iron_yahboomcar_ws/build/yahboomcar_voice_ctrl/build/lib/yahboomcar_voice_ctrl
copying yahboomcar_voice_ctrl/Voice_Ctrl_Ackman_driver.py -> /root/codes/iron_yahboomcar_ws/build/yahboomcar_voice_ctrl/build/lib/yahboomcar_voice_ctrl
copying yahboomcar_voice_ctrl/follow_common.py -> /root/codes/iron_yahboomcar_ws/build/yahboomcar_voice_ctrl/build/lib/yahboomcar_voice_ctrl
copying yahboomcar_voice_ctrl/astra_common.py -> /root/codes/iron_yahboomcar_ws/build/yahboomcar_voice_ctrl/build/lib/yahboomcar_voice_ctrl
copying yahboomcar_voice_ctrl/Voice_Ctrl_Mcnamu_driver_X3.py -> /root/codes/iron_yahboomcar_ws/build/yahboomcar_voice_ctrl/build/lib/yahboomcar_voice_ctrl
copying yahboomcar_voice_ctrl/Voice_Ctrl_follow_line_a1_R2.py -> /root/codes/iron_yahboomcar_ws/build/yahboomcar_voice_ctrl/build/lib/yahboomcar_voice_ctrl
copying yahboomcar_voice_ctrl/voice_Ctrl_color_identify.py -> /root/codes/iron_yahboomcar_ws/build/yahboomcar_voice_ctrl/build/lib/yahboomcar_voice_ctrl
running install
running install_lib
copying /root/codes/iron_yahboomcar_ws/build/yahboomcar_voice_ctrl/build/lib/yahboomcar_voice_ctrl/Voice_Ctrl_follow_line_4ROS_R2.py -> /root/codes/iron_yahboomcar_ws/install/yahboomcar_voice_ctrl/lib/python3.8/site-packages/yahboomcar_voice_ctrl
copying /root/codes/iron_yahboomcar_ws/build/yahboomcar_voice_ctrl/build/lib/yahboomcar_voice_ctrl/voice_Ctrl_send_mark.py -> /root/codes/iron_yahboomcar_ws/install/yahboomcar_voice_ctrl/lib/python3.8/site-packages/yahboomcar_voice_ctrl
copying /root/codes/iron_yahboomcar_ws/build/yahboomcar_voice_ctrl/build/lib/yahboomcar_voice_ctrl/__init__.py -> /root/codes/iron_yahboomcar_ws/install/yahboomcar_voice_ctrl/lib/python3.8/site-packages/yahboomcar_voice_ctrl
copying /root/codes/iron_yahboomcar_ws/build/yahboomcar_voice_ctrl/build/lib/yahboomcar_voice_ctrl/Voice_Ctrl_colorHSV.py -> /root/codes/iron_yahboomcar_ws/install/yahboomcar_voice_ctrl/lib/python3.8/site-packages/yahboomcar_voice_ctrl
copying /root/codes/iron_yahboomcar_ws/build/yahboomcar_voice_ctrl/build/lib/yahboomcar_voice_ctrl/colorHSV.py -> /root/codes/iron_yahboomcar_ws/install/yahboomcar_voice_ctrl/lib/python3.8/site-packages/yahboomcar_voice_ctrl
copying /root/codes/iron_yahboomcar_ws/build/yahboomcar_voice_ctrl/build/lib/yahboomcar_voice_ctrl/Voice_Ctrl_follow_line_a1_X3.py -> /root/codes/iron_yahboomcar_ws/install/yahboomcar_voice_ctrl/lib/python3.8/site-packages/yahboomcar_voice_ctrl
copying /root/codes/iron_yahboomcar_ws/build/yahboomcar_voice_ctrl/build/lib/yahboomcar_voice_ctrl/Voice_Ctrl_colorTracker.py -> /root/codes/iron_yahboomcar_ws/install/yahboomcar_voice_ctrl/lib/python3.8/site-packages/yahboomcar_voice_ctrl
copying /root/codes/iron_yahboomcar_ws/build/yahboomcar_voice_ctrl/build/lib/yahboomcar_voice_ctrl/Voice_Ctrl_Ackman_driver.py -> /root/codes/iron_yahboomcar_ws/install/yahboomcar_voice_ctrl/lib/python3.8/site-packages/yahboomcar_voice_ctrl
copying /root/codes/iron_yahboomcar_ws/build/yahboomcar_voice_ctrl/build/lib/yahboomcar_voice_ctrl/follow_common.py -> /root/codes/iron_yahboomcar_ws/install/yahboomcar_voice_ctrl/lib/python3.8/site-packages/yahboomcar_voice_ctrl
copying /root/codes/iron_yahboomcar_ws/build/yahboomcar_voice_ctrl/build/lib/yahboomcar_voice_ctrl/astra_common.py -> /root/codes/iron_yahboomcar_ws/install/yahboomcar_voice_ctrl/lib/python3.8/site-packages/yahboomcar_voice_ctrl
copying /root/codes/iron_yahboomcar_ws/build/yahboomcar_voice_ctrl/build/lib/yahboomcar_voice_ctrl/Voice_Ctrl_Mcnamu_driver_X3.py -> /root/codes/iron_yahboomcar_ws/install/yahboomcar_voice_ctrl/lib/python3.8/site-packages/yahboomcar_voice_ctrl
copying /root/codes/iron_yahboomcar_ws/build/yahboomcar_voice_ctrl/build/lib/yahboomcar_voice_ctrl/Voice_Ctrl_follow_line_a1_R2.py -> /root/codes/iron_yahboomcar_ws/install/yahboomcar_voice_ctrl/lib/python3.8/site-packages/yahboomcar_voice_ctrl
copying /root/codes/iron_yahboomcar_ws/build/yahboomcar_voice_ctrl/build/lib/yahboomcar_voice_ctrl/voice_Ctrl_color_identify.py -> /root/codes/iron_yahboomcar_ws/install/yahboomcar_voice_ctrl/lib/python3.8/site-packages/yahboomcar_voice_ctrl
byte-compiling /root/codes/iron_yahboomcar_ws/install/yahboomcar_voice_ctrl/lib/python3.8/site-packages/yahboomcar_voice_ctrl/Voice_Ctrl_follow_line_4ROS_R2.py to Voice_Ctrl_follow_line_4ROS_R2.cpython-38.pyc
byte-compiling /root/codes/iron_yahboomcar_ws/install/yahboomcar_voice_ctrl/lib/python3.8/site-packages/yahboomcar_voice_ctrl/voice_Ctrl_send_mark.py to voice_Ctrl_send_mark.cpython-38.pyc
byte-compiling /root/codes/iron_yahboomcar_ws/install/yahboomcar_voice_ctrl/lib/python3.8/site-packages/yahboomcar_voice_ctrl/__init__.py to __init__.cpython-38.pyc
byte-compiling /root/codes/iron_yahboomcar_ws/install/yahboomcar_voice_ctrl/lib/python3.8/site-packages/yahboomcar_voice_ctrl/Voice_Ctrl_colorHSV.py to Voice_Ctrl_colorHSV.cpython-38.pyc
byte-compiling /root/codes/iron_yahboomcar_ws/install/yahboomcar_voice_ctrl/lib/python3.8/site-packages/yahboomcar_voice_ctrl/colorHSV.py to colorHSV.cpython-38.pyc
byte-compiling /root/codes/iron_yahboomcar_ws/install/yahboomcar_voice_ctrl/lib/python3.8/site-packages/yahboomcar_voice_ctrl/Voice_Ctrl_follow_line_a1_X3.py to Voice_Ctrl_follow_line_a1_X3.cpython-38.pyc
byte-compiling /root/codes/iron_yahboomcar_ws/install/yahboomcar_voice_ctrl/lib/python3.8/site-packages/yahboomcar_voice_ctrl/Voice_Ctrl_colorTracker.py to Voice_Ctrl_colorTracker.cpython-38.pyc
byte-compiling /root/codes/iron_yahboomcar_ws/install/yahboomcar_voice_ctrl/lib/python3.8/site-packages/yahboomcar_voice_ctrl/Voice_Ctrl_Ackman_driver.py to Voice_Ctrl_Ackman_driver.cpython-38.pyc
byte-compiling /root/codes/iron_yahboomcar_ws/install/yahboomcar_voice_ctrl/lib/python3.8/site-packages/yahboomcar_voice_ctrl/follow_common.py to follow_common.cpython-38.pyc
byte-compiling /root/codes/iron_yahboomcar_ws/install/yahboomcar_voice_ctrl/lib/python3.8/site-packages/yahboomcar_voice_ctrl/astra_common.py to astra_common.cpython-38.pyc
byte-compiling /root/codes/iron_yahboomcar_ws/install/yahboomcar_voice_ctrl/lib/python3.8/site-packages/yahboomcar_voice_ctrl/Voice_Ctrl_Mcnamu_driver_X3.py to Voice_Ctrl_Mcnamu_driver_X3.cpython-38.pyc
byte-compiling /root/codes/iron_yahboomcar_ws/install/yahboomcar_voice_ctrl/lib/python3.8/site-packages/yahboomcar_voice_ctrl/Voice_Ctrl_follow_line_a1_R2.py to Voice_Ctrl_follow_line_a1_R2.cpython-38.pyc
byte-compiling /root/codes/iron_yahboomcar_ws/install/yahboomcar_voice_ctrl/lib/python3.8/site-packages/yahboomcar_voice_ctrl/voice_Ctrl_color_identify.py to voice_Ctrl_color_identify.cpython-38.pyc
running install_data
copying resource/yahboomcar_voice_ctrl -> /root/codes/iron_yahboomcar_ws/install/yahboomcar_voice_ctrl/share/ament_index/resource_index/packages
copying package.xml -> /root/codes/iron_yahboomcar_ws/install/yahboomcar_voice_ctrl/share/yahboomcar_voice_ctrl
running install_egg_info
removing '/root/codes/iron_yahboomcar_ws/install/yahboomcar_voice_ctrl/lib/python3.8/site-packages/yahboomcar_voice_ctrl-0.0.0-py3.8.egg-info' (and everything under it)
Copying ../../build/yahboomcar_voice_ctrl/yahboomcar_voice_ctrl.egg-info to /root/codes/iron_yahboomcar_ws/install/yahboomcar_voice_ctrl/lib/python3.8/site-packages/yahboomcar_voice_ctrl-0.0.0-py3.8.egg-info
running install_scripts
Installing Voice_Ctrl_Ackman_driver_R2 script to /root/codes/iron_yahboomcar_ws/install/yahboomcar_voice_ctrl/lib/yahboomcar_voice_ctrl
Installing Voice_Ctrl_Mcnamu_driver_X3 script to /root/codes/iron_yahboomcar_ws/install/yahboomcar_voice_ctrl/lib/yahboomcar_voice_ctrl
Installing Voice_Ctrl_colorHSV script to /root/codes/iron_yahboomcar_ws/install/yahboomcar_voice_ctrl/lib/yahboomcar_voice_ctrl
Installing Voice_Ctrl_colorTracker script to /root/codes/iron_yahboomcar_ws/install/yahboomcar_voice_ctrl/lib/yahboomcar_voice_ctrl
Installing Voice_Ctrl_follow_line_4ROS_R2 script to /root/codes/iron_yahboomcar_ws/install/yahboomcar_voice_ctrl/lib/yahboomcar_voice_ctrl
Installing Voice_Ctrl_follow_line_a1_R2 script to /root/codes/iron_yahboomcar_ws/install/yahboomcar_voice_ctrl/lib/yahboomcar_voice_ctrl
Installing Voice_Ctrl_follow_line_a1_X3 script to /root/codes/iron_yahboomcar_ws/install/yahboomcar_voice_ctrl/lib/yahboomcar_voice_ctrl
Installing voice_Ctrl_send_mark script to /root/codes/iron_yahboomcar_ws/install/yahboomcar_voice_ctrl/lib/yahboomcar_voice_ctrl
writing list of installed files to '/root/codes/iron_yahboomcar_ws/build/yahboomcar_voice_ctrl/install.log'
