[4.796s] Invoking command in '/root/yahboomcar_ros2_ws/yahboomcar_ws/src/yahboomcar_description': PYTHONPATH=/root/yahboomcar_ros2_ws/yahboomcar_ws/build/yahboomcar_description/prefix_override:/root/yahboomcar_ros2_ws/yahboomcar_ws/install/yahboomcar_description/lib/python3.8/site-packages:${PYTHONPATH} /usr/bin/python3 setup.py egg_info --egg-base ../../build/yahboomcar_description build --build-base /root/yahboomcar_ros2_ws/yahboomcar_ws/build/yahboomcar_description/build install --record /root/yahboomcar_ros2_ws/yahboomcar_ws/build/yahboomcar_description/install.log --install-scripts $base/lib/yahboomcar_description --single-version-externally-managed
[5.986s] running egg_info
[5.988s] writing ../../build/yahboomcar_description/yahboomcar_description.egg-info/PKG-INFO
[5.992s] writing dependency_links to ../../build/yahboomcar_description/yahboomcar_description.egg-info/dependency_links.txt
[5.993s] writing entry points to ../../build/yahboomcar_description/yahboomcar_description.egg-info/entry_points.txt
[5.993s] writing requirements to ../../build/yahboomcar_description/yahboomcar_description.egg-info/requires.txt
[5.994s] writing top-level names to ../../build/yahboomcar_description/yahboomcar_description.egg-info/top_level.txt
[6.143s] reading manifest file '../../build/yahboomcar_description/yahboomcar_description.egg-info/SOURCES.txt'
[6.150s] writing manifest file '../../build/yahboomcar_description/yahboomcar_description.egg-info/SOURCES.txt'
[6.150s] running build
[6.151s] running build_py
[6.152s] running install
[6.156s] running install_lib
[6.164s] running install_data
[6.180s] running install_egg_info
[6.187s] removing '/root/yahboomcar_ros2_ws/yahboomcar_ws/install/yahboomcar_description/lib/python3.8/site-packages/yahboomcar_description-0.0.0-py3.8.egg-info' (and everything under it)
[6.190s] Copying ../../build/yahboomcar_description/yahboomcar_description.egg-info to /root/yahboomcar_ros2_ws/yahboomcar_ws/install/yahboomcar_description/lib/python3.8/site-packages/yahboomcar_description-0.0.0-py3.8.egg-info
[6.196s] running install_scripts
[6.281s] writing list of installed files to '/root/yahboomcar_ros2_ws/yahboomcar_ws/build/yahboomcar_description/install.log'
[6.419s] Invoked command in '/root/yahboomcar_ros2_ws/yahboomcar_ws/src/yahboomcar_description' returned '0': PYTHONPATH=/root/yahboomcar_ros2_ws/yahboomcar_ws/build/yahboomcar_description/prefix_override:/root/yahboomcar_ros2_ws/yahboomcar_ws/install/yahboomcar_description/lib/python3.8/site-packages:${PYTHONPATH} /usr/bin/python3 setup.py egg_info --egg-base ../../build/yahboomcar_description build --build-base /root/yahboomcar_ros2_ws/yahboomcar_ws/build/yahboomcar_description/build install --record /root/yahboomcar_ros2_ws/yahboomcar_ws/build/yahboomcar_description/install.log --install-scripts $base/lib/yahboomcar_description --single-version-externally-managed
