[5.266s] Invoking command in '/root/yahboomcar_ros2_ws/yahboomcar_ws/src/yahboom_app_save_map': PYTHONPATH=/root/yahboomcar_ros2_ws/yahboomcar_ws/build/yahboom_app_save_map/prefix_override:/root/yahboomcar_ros2_ws/yahboomcar_ws/install/yahboom_app_save_map/lib/python3.8/site-packages:${PYTHONPATH} /usr/bin/python3 setup.py egg_info --egg-base ../../build/yahboom_app_save_map build --build-base /root/yahboomcar_ros2_ws/yahboomcar_ws/build/yahboom_app_save_map/build install --record /root/yahboomcar_ros2_ws/yahboomcar_ws/build/yahboom_app_save_map/install.log --install-scripts $base/lib/yahboom_app_save_map --single-version-externally-managed
[6.722s] running egg_info
[6.725s] writing ../../build/yahboom_app_save_map/yahboom_app_save_map.egg-info/PKG-INFO
[6.726s] writing dependency_links to ../../build/yahboom_app_save_map/yahboom_app_save_map.egg-info/dependency_links.txt
[6.727s] writing entry points to ../../build/yahboom_app_save_map/yahboom_app_save_map.egg-info/entry_points.txt
[6.728s] writing requirements to ../../build/yahboom_app_save_map/yahboom_app_save_map.egg-info/requires.txt
[6.729s] writing top-level names to ../../build/yahboom_app_save_map/yahboom_app_save_map.egg-info/top_level.txt
[6.921s] reading manifest file '../../build/yahboom_app_save_map/yahboom_app_save_map.egg-info/SOURCES.txt'
[6.927s] writing manifest file '../../build/yahboom_app_save_map/yahboom_app_save_map.egg-info/SOURCES.txt'
[6.927s] running build
[6.928s] running build_py
[6.929s] running install
[6.933s] running install_lib
[6.942s] running install_data
[6.946s] running install_egg_info
[6.955s] removing '/root/yahboomcar_ros2_ws/yahboomcar_ws/install/yahboom_app_save_map/lib/python3.8/site-packages/yahboom_app_save_map-0.0.0-py3.8.egg-info' (and everything under it)
[6.959s] Copying ../../build/yahboom_app_save_map/yahboom_app_save_map.egg-info to /root/yahboomcar_ros2_ws/yahboomcar_ws/install/yahboom_app_save_map/lib/python3.8/site-packages/yahboom_app_save_map-0.0.0-py3.8.egg-info
[6.966s] running install_scripts
[7.053s] Installing client script to /root/yahboomcar_ros2_ws/yahboomcar_ws/install/yahboom_app_save_map/lib/yahboom_app_save_map
[7.053s] Installing server script to /root/yahboomcar_ros2_ws/yahboomcar_ws/install/yahboom_app_save_map/lib/yahboom_app_save_map
[7.055s] writing list of installed files to '/root/yahboomcar_ros2_ws/yahboomcar_ws/build/yahboom_app_save_map/install.log'
[7.285s] Invoked command in '/root/yahboomcar_ros2_ws/yahboomcar_ws/src/yahboom_app_save_map' returned '0': PYTHONPATH=/root/yahboomcar_ros2_ws/yahboomcar_ws/build/yahboom_app_save_map/prefix_override:/root/yahboomcar_ros2_ws/yahboomcar_ws/install/yahboom_app_save_map/lib/python3.8/site-packages:${PYTHONPATH} /usr/bin/python3 setup.py egg_info --egg-base ../../build/yahboom_app_save_map build --build-base /root/yahboomcar_ros2_ws/yahboomcar_ws/build/yahboom_app_save_map/build install --record /root/yahboomcar_ros2_ws/yahboomcar_ws/build/yahboom_app_save_map/install.log --install-scripts $base/lib/yahboom_app_save_map --single-version-externally-managed
