[1.410s] DEBUG:colcon:Command line arguments: ['/usr/bin/colcon', 'build', '--packages-select', 'yahboomcar_slam']
[1.411s] DEBUG:colcon:Parsed command line arguments: Namespace(ament_cmake_args=None, base_paths=['.'], build_base='build', catkin_cmake_args=None, catkin_skip_building_tests=False, cmake_args=None, cmake_clean_cache=False, cmake_clean_first=False, cmake_force_configure=False, cmake_target=None, cmake_target_skip_unavailable=False, continue_on_error=False, event_handlers=None, executor='parallel', ignore_user_meta=False, install_base='install', log_base=None, log_level=None, main=<bound method BuildVerb.main of <colcon_core.verb.build.BuildVerb object at 0xffff9362f1f0>>, merge_install=False, metas=['./colcon.meta'], mixin=None, mixin_files=None, mixin_verb=('build',), packages_above=None, packages_above_and_dependencies=None, packages_above_depth=None, packages_end=None, packages_ignore=None, packages_ignore_regex=None, packages_select=['yahboomcar_slam'], packages_select_build_failed=False, packages_select_by_dep=None, packages_select_regex=None, packages_select_test_failures=False, packages_skip=None, packages_skip_build_finished=False, packages_skip_by_dep=None, packages_skip_regex=None, packages_skip_test_passed=False, packages_skip_up_to=None, packages_start=None, packages_up_to=None, packages_up_to_regex=None, parallel_workers=4, paths=None, symlink_install=False, test_result_base=None, verb_extension=<colcon_core.verb.build.BuildVerb object at 0xffff9362f1f0>, verb_name='build', verb_parser=<colcon_mixin.mixin.mixin_argument.MixinArgumentDecorator object at 0xffff9362f850>)
[1.524s] Level 1:colcon.colcon_core.package_discovery:discover_packages(colcon_meta) check parameters
[1.527s] INFO:colcon.colcon_metadata.package_discovery.colcon_meta:Using configuration from '/root/.colcon/metadata/default/Gazebo.meta'
[1.528s] INFO:colcon.colcon_metadata.package_discovery.colcon_meta:Using configuration from '/root/.colcon/metadata/default/fastrtps.meta'
[1.529s] Level 1:colcon.colcon_core.package_discovery:discover_packages(recursive) check parameters
[1.529s] Level 1:colcon.colcon_core.package_discovery:discover_packages(ignore) check parameters
[1.529s] Level 1:colcon.colcon_core.package_discovery:discover_packages(path) check parameters
[1.529s] Level 1:colcon.colcon_core.package_discovery:discover_packages(colcon_meta) discover
[1.530s] Level 1:colcon.colcon_core.package_discovery:discover_packages(recursive) discover
[1.530s] INFO:colcon.colcon_core.package_discovery:Crawling recursively for packages in '/root/yahboomcar_ros2_ws/yahboomcar_ws'
[1.530s] Level 1:colcon.colcon_core.package_identification:_identify(.) by extensions ['ignore', 'ignore_ament_install']
[1.531s] Level 1:colcon.colcon_core.package_identification:_identify(.) by extension 'ignore'
[1.531s] Level 1:colcon.colcon_core.package_identification:_identify(.) by extension 'ignore_ament_install'
[1.531s] Level 1:colcon.colcon_core.package_identification:_identify(.) by extensions ['colcon_pkg']
[1.531s] Level 1:colcon.colcon_core.package_identification:_identify(.) by extension 'colcon_pkg'
[1.532s] Level 1:colcon.colcon_core.package_identification:_identify(.) by extensions ['colcon_meta']
[1.532s] Level 1:colcon.colcon_core.package_identification:_identify(.) by extension 'colcon_meta'
[1.532s] Level 1:colcon.colcon_core.package_identification:_identify(.) by extensions ['ros']
[1.532s] Level 1:colcon.colcon_core.package_identification:_identify(.) by extension 'ros'
[1.608s] Level 1:colcon.colcon_core.package_identification:_identify(.) by extensions ['cmake', 'python']
[1.608s] Level 1:colcon.colcon_core.package_identification:_identify(.) by extension 'cmake'
[1.608s] Level 1:colcon.colcon_core.package_identification:_identify(.) by extension 'python'
[1.609s] Level 1:colcon.colcon_core.package_identification:_identify(.) by extensions ['python_setup_py']
[1.609s] Level 1:colcon.colcon_core.package_identification:_identify(.) by extension 'python_setup_py'
[1.610s] Level 1:colcon.colcon_core.package_identification:_identify(build) by extensions ['ignore', 'ignore_ament_install']
[1.610s] Level 1:colcon.colcon_core.package_identification:_identify(build) by extension 'ignore'
[1.610s] Level 1:colcon.colcon_core.package_identification:_identify(build) ignored
[1.611s] Level 1:colcon.colcon_core.package_identification:_identify(install) by extensions ['ignore', 'ignore_ament_install']
[1.611s] Level 1:colcon.colcon_core.package_identification:_identify(install) by extension 'ignore'
[1.612s] Level 1:colcon.colcon_core.package_identification:_identify(install) ignored
[1.612s] Level 1:colcon.colcon_core.package_identification:_identify(log) by extensions ['ignore', 'ignore_ament_install']
[1.613s] Level 1:colcon.colcon_core.package_identification:_identify(log) by extension 'ignore'
[1.613s] Level 1:colcon.colcon_core.package_identification:_identify(log) ignored
[1.613s] Level 1:colcon.colcon_core.package_identification:_identify(src) by extensions ['ignore', 'ignore_ament_install']
[1.613s] Level 1:colcon.colcon_core.package_identification:_identify(src) by extension 'ignore'
[1.614s] Level 1:colcon.colcon_core.package_identification:_identify(src) by extension 'ignore_ament_install'
[1.614s] Level 1:colcon.colcon_core.package_identification:_identify(src) by extensions ['colcon_pkg']
[1.614s] Level 1:colcon.colcon_core.package_identification:_identify(src) by extension 'colcon_pkg'
[1.614s] Level 1:colcon.colcon_core.package_identification:_identify(src) by extensions ['colcon_meta']
[1.614s] Level 1:colcon.colcon_core.package_identification:_identify(src) by extension 'colcon_meta'
[1.614s] Level 1:colcon.colcon_core.package_identification:_identify(src) by extensions ['ros']
[1.615s] Level 1:colcon.colcon_core.package_identification:_identify(src) by extension 'ros'
[1.615s] Level 1:colcon.colcon_core.package_identification:_identify(src) by extensions ['cmake', 'python']
[1.615s] Level 1:colcon.colcon_core.package_identification:_identify(src) by extension 'cmake'
[1.615s] Level 1:colcon.colcon_core.package_identification:_identify(src) by extension 'python'
[1.616s] Level 1:colcon.colcon_core.package_identification:_identify(src) by extensions ['python_setup_py']
[1.616s] Level 1:colcon.colcon_core.package_identification:_identify(src) by extension 'python_setup_py'
[1.616s] Level 1:colcon.colcon_core.package_identification:_identify(src/yahboomcar_KCFTracker) by extensions ['ignore', 'ignore_ament_install']
[1.616s] Level 1:colcon.colcon_core.package_identification:_identify(src/yahboomcar_KCFTracker) by extension 'ignore'
[1.617s] Level 1:colcon.colcon_core.package_identification:_identify(src/yahboomcar_KCFTracker) by extension 'ignore_ament_install'
[1.617s] Level 1:colcon.colcon_core.package_identification:_identify(src/yahboomcar_KCFTracker) by extensions ['colcon_pkg']
[1.617s] Level 1:colcon.colcon_core.package_identification:_identify(src/yahboomcar_KCFTracker) by extension 'colcon_pkg'
[1.617s] Level 1:colcon.colcon_core.package_identification:_identify(src/yahboomcar_KCFTracker) by extensions ['colcon_meta']
[1.617s] Level 1:colcon.colcon_core.package_identification:_identify(src/yahboomcar_KCFTracker) by extension 'colcon_meta'
[1.617s] Level 1:colcon.colcon_core.package_identification:_identify(src/yahboomcar_KCFTracker) by extensions ['ros']
[1.618s] Level 1:colcon.colcon_core.package_identification:_identify(src/yahboomcar_KCFTracker) by extension 'ros'
[1.627s] DEBUG:colcon.colcon_core.package_identification:Package 'src/yahboomcar_KCFTracker' with type 'ros.ament_cmake' and name 'yahboomcar_KCFTracker'
[1.629s] Level 1:colcon.colcon_core.package_identification:_identify(src/yahboomcar_astra) by extensions ['ignore', 'ignore_ament_install']
[1.629s] Level 1:colcon.colcon_core.package_identification:_identify(src/yahboomcar_astra) by extension 'ignore'
[1.629s] Level 1:colcon.colcon_core.package_identification:_identify(src/yahboomcar_astra) by extension 'ignore_ament_install'
[1.630s] Level 1:colcon.colcon_core.package_identification:_identify(src/yahboomcar_astra) by extensions ['colcon_pkg']
[1.630s] Level 1:colcon.colcon_core.package_identification:_identify(src/yahboomcar_astra) by extension 'colcon_pkg'
[1.630s] Level 1:colcon.colcon_core.package_identification:_identify(src/yahboomcar_astra) by extensions ['colcon_meta']
[1.630s] Level 1:colcon.colcon_core.package_identification:_identify(src/yahboomcar_astra) by extension 'colcon_meta'
[1.631s] Level 1:colcon.colcon_core.package_identification:_identify(src/yahboomcar_astra) by extensions ['ros']
[1.631s] Level 1:colcon.colcon_core.package_identification:_identify(src/yahboomcar_astra) by extension 'ros'
[1.633s] DEBUG:colcon.colcon_core.package_identification:Package 'src/yahboomcar_astra' with type 'ros.ament_python' and name 'yahboomcar_astra'
[1.633s] Level 1:colcon.colcon_core.package_identification:_identify(src/yahboomcar_base_node) by extensions ['ignore', 'ignore_ament_install']
[1.634s] Level 1:colcon.colcon_core.package_identification:_identify(src/yahboomcar_base_node) by extension 'ignore'
[1.634s] Level 1:colcon.colcon_core.package_identification:_identify(src/yahboomcar_base_node) by extension 'ignore_ament_install'
[1.634s] Level 1:colcon.colcon_core.package_identification:_identify(src/yahboomcar_base_node) by extensions ['colcon_pkg']
[1.634s] Level 1:colcon.colcon_core.package_identification:_identify(src/yahboomcar_base_node) by extension 'colcon_pkg'
[1.634s] Level 1:colcon.colcon_core.package_identification:_identify(src/yahboomcar_base_node) by extensions ['colcon_meta']
[1.635s] Level 1:colcon.colcon_core.package_identification:_identify(src/yahboomcar_base_node) by extension 'colcon_meta'
[1.635s] Level 1:colcon.colcon_core.package_identification:_identify(src/yahboomcar_base_node) by extensions ['ros']
[1.635s] Level 1:colcon.colcon_core.package_identification:_identify(src/yahboomcar_base_node) by extension 'ros'
[1.639s] DEBUG:colcon.colcon_core.package_identification:Package 'src/yahboomcar_base_node' with type 'ros.ament_cmake' and name 'yahboomcar_base_node'
[1.639s] Level 1:colcon.colcon_core.package_identification:_identify(src/yahboomcar_bringup) by extensions ['ignore', 'ignore_ament_install']
[1.640s] Level 1:colcon.colcon_core.package_identification:_identify(src/yahboomcar_bringup) by extension 'ignore'
[1.640s] Level 1:colcon.colcon_core.package_identification:_identify(src/yahboomcar_bringup) by extension 'ignore_ament_install'
[1.640s] Level 1:colcon.colcon_core.package_identification:_identify(src/yahboomcar_bringup) by extensions ['colcon_pkg']
[1.640s] Level 1:colcon.colcon_core.package_identification:_identify(src/yahboomcar_bringup) by extension 'colcon_pkg'
[1.641s] Level 1:colcon.colcon_core.package_identification:_identify(src/yahboomcar_bringup) by extensions ['colcon_meta']
[1.641s] Level 1:colcon.colcon_core.package_identification:_identify(src/yahboomcar_bringup) by extension 'colcon_meta'
[1.641s] Level 1:colcon.colcon_core.package_identification:_identify(src/yahboomcar_bringup) by extensions ['ros']
[1.641s] Level 1:colcon.colcon_core.package_identification:_identify(src/yahboomcar_bringup) by extension 'ros'
[1.643s] DEBUG:colcon.colcon_core.package_identification:Package 'src/yahboomcar_bringup' with type 'ros.ament_python' and name 'yahboomcar_bringup'
[1.644s] Level 1:colcon.colcon_core.package_identification:_identify(src/yahboomcar_ctrl) by extensions ['ignore', 'ignore_ament_install']
[1.644s] Level 1:colcon.colcon_core.package_identification:_identify(src/yahboomcar_ctrl) by extension 'ignore'
[1.644s] Level 1:colcon.colcon_core.package_identification:_identify(src/yahboomcar_ctrl) by extension 'ignore_ament_install'
[1.645s] Level 1:colcon.colcon_core.package_identification:_identify(src/yahboomcar_ctrl) by extensions ['colcon_pkg']
[1.645s] Level 1:colcon.colcon_core.package_identification:_identify(src/yahboomcar_ctrl) by extension 'colcon_pkg'
[1.645s] Level 1:colcon.colcon_core.package_identification:_identify(src/yahboomcar_ctrl) by extensions ['colcon_meta']
[1.645s] Level 1:colcon.colcon_core.package_identification:_identify(src/yahboomcar_ctrl) by extension 'colcon_meta'
[1.645s] Level 1:colcon.colcon_core.package_identification:_identify(src/yahboomcar_ctrl) by extensions ['ros']
[1.645s] Level 1:colcon.colcon_core.package_identification:_identify(src/yahboomcar_ctrl) by extension 'ros'
[1.647s] DEBUG:colcon.colcon_core.package_identification:Package 'src/yahboomcar_ctrl' with type 'ros.ament_python' and name 'yahboomcar_ctrl'
[1.648s] Level 1:colcon.colcon_core.package_identification:_identify(src/yahboomcar_description) by extensions ['ignore', 'ignore_ament_install']
[1.648s] Level 1:colcon.colcon_core.package_identification:_identify(src/yahboomcar_description) by extension 'ignore'
[1.648s] Level 1:colcon.colcon_core.package_identification:_identify(src/yahboomcar_description) by extension 'ignore_ament_install'
[1.648s] Level 1:colcon.colcon_core.package_identification:_identify(src/yahboomcar_description) by extensions ['colcon_pkg']
[1.648s] Level 1:colcon.colcon_core.package_identification:_identify(src/yahboomcar_description) by extension 'colcon_pkg'
[1.649s] Level 1:colcon.colcon_core.package_identification:_identify(src/yahboomcar_description) by extensions ['colcon_meta']
[1.649s] Level 1:colcon.colcon_core.package_identification:_identify(src/yahboomcar_description) by extension 'colcon_meta'
[1.649s] Level 1:colcon.colcon_core.package_identification:_identify(src/yahboomcar_description) by extensions ['ros']
[1.649s] Level 1:colcon.colcon_core.package_identification:_identify(src/yahboomcar_description) by extension 'ros'
[1.651s] DEBUG:colcon.colcon_core.package_identification:Package 'src/yahboomcar_description' with type 'ros.ament_python' and name 'yahboomcar_description'
[1.651s] Level 1:colcon.colcon_core.package_identification:_identify(src/yahboomcar_description_x1) by extensions ['ignore', 'ignore_ament_install']
[1.652s] Level 1:colcon.colcon_core.package_identification:_identify(src/yahboomcar_description_x1) by extension 'ignore'
[1.652s] Level 1:colcon.colcon_core.package_identification:_identify(src/yahboomcar_description_x1) by extension 'ignore_ament_install'
[1.652s] Level 1:colcon.colcon_core.package_identification:_identify(src/yahboomcar_description_x1) by extensions ['colcon_pkg']
[1.652s] Level 1:colcon.colcon_core.package_identification:_identify(src/yahboomcar_description_x1) by extension 'colcon_pkg'
[1.652s] Level 1:colcon.colcon_core.package_identification:_identify(src/yahboomcar_description_x1) by extensions ['colcon_meta']
[1.652s] Level 1:colcon.colcon_core.package_identification:_identify(src/yahboomcar_description_x1) by extension 'colcon_meta'
[1.653s] Level 1:colcon.colcon_core.package_identification:_identify(src/yahboomcar_description_x1) by extensions ['ros']
[1.653s] Level 1:colcon.colcon_core.package_identification:_identify(src/yahboomcar_description_x1) by extension 'ros'
[1.655s] DEBUG:colcon.colcon_core.package_identification:Package 'src/yahboomcar_description_x1' with type 'ros.ament_python' and name 'yahboomcar_description_x1'
[1.655s] Level 1:colcon.colcon_core.package_identification:_identify(src/yahboomcar_laser) by extensions ['ignore', 'ignore_ament_install']
[1.656s] Level 1:colcon.colcon_core.package_identification:_identify(src/yahboomcar_laser) by extension 'ignore'
[1.656s] Level 1:colcon.colcon_core.package_identification:_identify(src/yahboomcar_laser) by extension 'ignore_ament_install'
[1.656s] Level 1:colcon.colcon_core.package_identification:_identify(src/yahboomcar_laser) by extensions ['colcon_pkg']
[1.656s] Level 1:colcon.colcon_core.package_identification:_identify(src/yahboomcar_laser) by extension 'colcon_pkg'
[1.656s] Level 1:colcon.colcon_core.package_identification:_identify(src/yahboomcar_laser) by extensions ['colcon_meta']
[1.656s] Level 1:colcon.colcon_core.package_identification:_identify(src/yahboomcar_laser) by extension 'colcon_meta'
[1.657s] Level 1:colcon.colcon_core.package_identification:_identify(src/yahboomcar_laser) by extensions ['ros']
[1.657s] Level 1:colcon.colcon_core.package_identification:_identify(src/yahboomcar_laser) by extension 'ros'
[1.658s] DEBUG:colcon.colcon_core.package_identification:Package 'src/yahboomcar_laser' with type 'ros.ament_python' and name 'yahboomcar_laser'
[1.659s] Level 1:colcon.colcon_core.package_identification:_identify(src/yahboomcar_linefollow) by extensions ['ignore', 'ignore_ament_install']
[1.659s] Level 1:colcon.colcon_core.package_identification:_identify(src/yahboomcar_linefollow) by extension 'ignore'
[1.660s] Level 1:colcon.colcon_core.package_identification:_identify(src/yahboomcar_linefollow) by extension 'ignore_ament_install'
[1.660s] Level 1:colcon.colcon_core.package_identification:_identify(src/yahboomcar_linefollow) by extensions ['colcon_pkg']
[1.660s] Level 1:colcon.colcon_core.package_identification:_identify(src/yahboomcar_linefollow) by extension 'colcon_pkg'
[1.660s] Level 1:colcon.colcon_core.package_identification:_identify(src/yahboomcar_linefollow) by extensions ['colcon_meta']
[1.660s] Level 1:colcon.colcon_core.package_identification:_identify(src/yahboomcar_linefollow) by extension 'colcon_meta'
[1.661s] Level 1:colcon.colcon_core.package_identification:_identify(src/yahboomcar_linefollow) by extensions ['ros']
[1.661s] Level 1:colcon.colcon_core.package_identification:_identify(src/yahboomcar_linefollow) by extension 'ros'
[1.663s] DEBUG:colcon.colcon_core.package_identification:Package 'src/yahboomcar_linefollow' with type 'ros.ament_python' and name 'yahboomcar_linefollow'
[1.664s] Level 1:colcon.colcon_core.package_identification:_identify(src/yahboomcar_mediapipe) by extensions ['ignore', 'ignore_ament_install']
[1.664s] Level 1:colcon.colcon_core.package_identification:_identify(src/yahboomcar_mediapipe) by extension 'ignore'
[1.664s] Level 1:colcon.colcon_core.package_identification:_identify(src/yahboomcar_mediapipe) by extension 'ignore_ament_install'
[1.665s] Level 1:colcon.colcon_core.package_identification:_identify(src/yahboomcar_mediapipe) by extensions ['colcon_pkg']
[1.665s] Level 1:colcon.colcon_core.package_identification:_identify(src/yahboomcar_mediapipe) by extension 'colcon_pkg'
[1.665s] Level 1:colcon.colcon_core.package_identification:_identify(src/yahboomcar_mediapipe) by extensions ['colcon_meta']
[1.665s] Level 1:colcon.colcon_core.package_identification:_identify(src/yahboomcar_mediapipe) by extension 'colcon_meta'
[1.665s] Level 1:colcon.colcon_core.package_identification:_identify(src/yahboomcar_mediapipe) by extensions ['ros']
[1.665s] Level 1:colcon.colcon_core.package_identification:_identify(src/yahboomcar_mediapipe) by extension 'ros'
[1.667s] DEBUG:colcon.colcon_core.package_identification:Package 'src/yahboomcar_mediapipe' with type 'ros.ament_python' and name 'yahboomcar_mediapipe'
[1.668s] Level 1:colcon.colcon_core.package_identification:_identify(src/yahboomcar_msgs) by extensions ['ignore', 'ignore_ament_install']
[1.668s] Level 1:colcon.colcon_core.package_identification:_identify(src/yahboomcar_msgs) by extension 'ignore'
[1.668s] Level 1:colcon.colcon_core.package_identification:_identify(src/yahboomcar_msgs) by extension 'ignore_ament_install'
[1.668s] Level 1:colcon.colcon_core.package_identification:_identify(src/yahboomcar_msgs) by extensions ['colcon_pkg']
[1.668s] Level 1:colcon.colcon_core.package_identification:_identify(src/yahboomcar_msgs) by extension 'colcon_pkg'
[1.669s] Level 1:colcon.colcon_core.package_identification:_identify(src/yahboomcar_msgs) by extensions ['colcon_meta']
[1.669s] Level 1:colcon.colcon_core.package_identification:_identify(src/yahboomcar_msgs) by extension 'colcon_meta'
[1.669s] Level 1:colcon.colcon_core.package_identification:_identify(src/yahboomcar_msgs) by extensions ['ros']
[1.669s] Level 1:colcon.colcon_core.package_identification:_identify(src/yahboomcar_msgs) by extension 'ros'
[1.672s] DEBUG:colcon.colcon_core.package_identification:Package 'src/yahboomcar_msgs' with type 'ros.ament_cmake' and name 'yahboomcar_msgs'
[1.673s] Level 1:colcon.colcon_core.package_identification:_identify(src/yahboomcar_nav) by extensions ['ignore', 'ignore_ament_install']
[1.673s] Level 1:colcon.colcon_core.package_identification:_identify(src/yahboomcar_nav) by extension 'ignore'
[1.673s] Level 1:colcon.colcon_core.package_identification:_identify(src/yahboomcar_nav) by extension 'ignore_ament_install'
[1.674s] Level 1:colcon.colcon_core.package_identification:_identify(src/yahboomcar_nav) by extensions ['colcon_pkg']
[1.674s] Level 1:colcon.colcon_core.package_identification:_identify(src/yahboomcar_nav) by extension 'colcon_pkg'
[1.675s] Level 1:colcon.colcon_core.package_identification:_identify(src/yahboomcar_nav) by extensions ['colcon_meta']
[1.675s] Level 1:colcon.colcon_core.package_identification:_identify(src/yahboomcar_nav) by extension 'colcon_meta'
[1.675s] Level 1:colcon.colcon_core.package_identification:_identify(src/yahboomcar_nav) by extensions ['ros']
[1.675s] Level 1:colcon.colcon_core.package_identification:_identify(src/yahboomcar_nav) by extension 'ros'
[1.678s] DEBUG:colcon.colcon_core.package_identification:Package 'src/yahboomcar_nav' with type 'ros.ament_python' and name 'yahboomcar_nav'
[1.679s] Level 1:colcon.colcon_core.package_identification:_identify(src/yahboomcar_point) by extensions ['ignore', 'ignore_ament_install']
[1.679s] Level 1:colcon.colcon_core.package_identification:_identify(src/yahboomcar_point) by extension 'ignore'
[1.679s] Level 1:colcon.colcon_core.package_identification:_identify(src/yahboomcar_point) by extension 'ignore_ament_install'
[1.680s] Level 1:colcon.colcon_core.package_identification:_identify(src/yahboomcar_point) by extensions ['colcon_pkg']
[1.680s] Level 1:colcon.colcon_core.package_identification:_identify(src/yahboomcar_point) by extension 'colcon_pkg'
[1.680s] Level 1:colcon.colcon_core.package_identification:_identify(src/yahboomcar_point) by extensions ['colcon_meta']
[1.680s] Level 1:colcon.colcon_core.package_identification:_identify(src/yahboomcar_point) by extension 'colcon_meta'
[1.680s] Level 1:colcon.colcon_core.package_identification:_identify(src/yahboomcar_point) by extensions ['ros']
[1.681s] Level 1:colcon.colcon_core.package_identification:_identify(src/yahboomcar_point) by extension 'ros'
[1.684s] DEBUG:colcon.colcon_core.package_identification:Package 'src/yahboomcar_point' with type 'ros.ament_cmake' and name 'yahboomcar_point'
[1.684s] Level 1:colcon.colcon_core.package_identification:_identify(src/yahboomcar_slam) by extensions ['ignore', 'ignore_ament_install']
[1.685s] Level 1:colcon.colcon_core.package_identification:_identify(src/yahboomcar_slam) by extension 'ignore'
[1.685s] Level 1:colcon.colcon_core.package_identification:_identify(src/yahboomcar_slam) by extension 'ignore_ament_install'
[1.685s] Level 1:colcon.colcon_core.package_identification:_identify(src/yahboomcar_slam) by extensions ['colcon_pkg']
[1.685s] Level 1:colcon.colcon_core.package_identification:_identify(src/yahboomcar_slam) by extension 'colcon_pkg'
[1.685s] Level 1:colcon.colcon_core.package_identification:_identify(src/yahboomcar_slam) by extensions ['colcon_meta']
[1.685s] Level 1:colcon.colcon_core.package_identification:_identify(src/yahboomcar_slam) by extension 'colcon_meta'
[1.686s] Level 1:colcon.colcon_core.package_identification:_identify(src/yahboomcar_slam) by extensions ['ros']
[1.686s] Level 1:colcon.colcon_core.package_identification:_identify(src/yahboomcar_slam) by extension 'ros'
[1.691s] DEBUG:colcon.colcon_core.package_identification:Package 'src/yahboomcar_slam' with type 'ros.ament_cmake' and name 'yahboomcar_slam'
[1.691s] Level 1:colcon.colcon_core.package_identification:_identify(src/yahboomcar_visual) by extensions ['ignore', 'ignore_ament_install']
[1.692s] Level 1:colcon.colcon_core.package_identification:_identify(src/yahboomcar_visual) by extension 'ignore'
[1.692s] Level 1:colcon.colcon_core.package_identification:_identify(src/yahboomcar_visual) by extension 'ignore_ament_install'
[1.692s] Level 1:colcon.colcon_core.package_identification:_identify(src/yahboomcar_visual) by extensions ['colcon_pkg']
[1.692s] Level 1:colcon.colcon_core.package_identification:_identify(src/yahboomcar_visual) by extension 'colcon_pkg'
[1.692s] Level 1:colcon.colcon_core.package_identification:_identify(src/yahboomcar_visual) by extensions ['colcon_meta']
[1.693s] Level 1:colcon.colcon_core.package_identification:_identify(src/yahboomcar_visual) by extension 'colcon_meta'
[1.693s] Level 1:colcon.colcon_core.package_identification:_identify(src/yahboomcar_visual) by extensions ['ros']
[1.693s] Level 1:colcon.colcon_core.package_identification:_identify(src/yahboomcar_visual) by extension 'ros'
[1.695s] DEBUG:colcon.colcon_core.package_identification:Package 'src/yahboomcar_visual' with type 'ros.ament_python' and name 'yahboomcar_visual'
[1.695s] Level 1:colcon.colcon_core.package_identification:_identify(src/yahboomcar_voice_ctrl) by extensions ['ignore', 'ignore_ament_install']
[1.695s] Level 1:colcon.colcon_core.package_identification:_identify(src/yahboomcar_voice_ctrl) by extension 'ignore'
[1.696s] Level 1:colcon.colcon_core.package_identification:_identify(src/yahboomcar_voice_ctrl) by extension 'ignore_ament_install'
[1.696s] Level 1:colcon.colcon_core.package_identification:_identify(src/yahboomcar_voice_ctrl) by extensions ['colcon_pkg']
[1.696s] Level 1:colcon.colcon_core.package_identification:_identify(src/yahboomcar_voice_ctrl) by extension 'colcon_pkg'
[1.696s] Level 1:colcon.colcon_core.package_identification:_identify(src/yahboomcar_voice_ctrl) by extensions ['colcon_meta']
[1.696s] Level 1:colcon.colcon_core.package_identification:_identify(src/yahboomcar_voice_ctrl) by extension 'colcon_meta'
[1.697s] Level 1:colcon.colcon_core.package_identification:_identify(src/yahboomcar_voice_ctrl) by extensions ['ros']
[1.697s] Level 1:colcon.colcon_core.package_identification:_identify(src/yahboomcar_voice_ctrl) by extension 'ros'
[1.698s] DEBUG:colcon.colcon_core.package_identification:Package 'src/yahboomcar_voice_ctrl' with type 'ros.ament_python' and name 'yahboomcar_voice_ctrl'
[1.698s] Level 1:colcon.colcon_core.package_discovery:discover_packages(recursive) using defaults
[1.699s] Level 1:colcon.colcon_core.package_discovery:discover_packages(ignore) discover
[1.699s] Level 1:colcon.colcon_core.package_discovery:discover_packages(ignore) using defaults
[1.699s] Level 1:colcon.colcon_core.package_discovery:discover_packages(path) discover
[1.699s] Level 1:colcon.colcon_core.package_discovery:discover_packages(path) using defaults
[1.787s] INFO:colcon.colcon_core.package_selection:Skipping not selected package 'yahboomcar_KCFTracker' in 'src/yahboomcar_KCFTracker'
[1.788s] INFO:colcon.colcon_core.package_selection:Skipping not selected package 'yahboomcar_astra' in 'src/yahboomcar_astra'
[1.788s] INFO:colcon.colcon_core.package_selection:Skipping not selected package 'yahboomcar_base_node' in 'src/yahboomcar_base_node'
[1.788s] INFO:colcon.colcon_core.package_selection:Skipping not selected package 'yahboomcar_bringup' in 'src/yahboomcar_bringup'
[1.788s] INFO:colcon.colcon_core.package_selection:Skipping not selected package 'yahboomcar_ctrl' in 'src/yahboomcar_ctrl'
[1.788s] INFO:colcon.colcon_core.package_selection:Skipping not selected package 'yahboomcar_description' in 'src/yahboomcar_description'
[1.788s] INFO:colcon.colcon_core.package_selection:Skipping not selected package 'yahboomcar_description_x1' in 'src/yahboomcar_description_x1'
[1.788s] INFO:colcon.colcon_core.package_selection:Skipping not selected package 'yahboomcar_laser' in 'src/yahboomcar_laser'
[1.788s] INFO:colcon.colcon_core.package_selection:Skipping not selected package 'yahboomcar_linefollow' in 'src/yahboomcar_linefollow'
[1.789s] INFO:colcon.colcon_core.package_selection:Skipping not selected package 'yahboomcar_mediapipe' in 'src/yahboomcar_mediapipe'
[1.789s] INFO:colcon.colcon_core.package_selection:Skipping not selected package 'yahboomcar_msgs' in 'src/yahboomcar_msgs'
[1.789s] INFO:colcon.colcon_core.package_selection:Skipping not selected package 'yahboomcar_nav' in 'src/yahboomcar_nav'
[1.789s] INFO:colcon.colcon_core.package_selection:Skipping not selected package 'yahboomcar_visual' in 'src/yahboomcar_visual'
[1.789s] INFO:colcon.colcon_core.package_selection:Skipping not selected package 'yahboomcar_voice_ctrl' in 'src/yahboomcar_voice_ctrl'
[1.789s] INFO:colcon.colcon_core.package_selection:Skipping not selected package 'yahboomcar_point' in 'src/yahboomcar_point'
[1.794s] Level 5:colcon.colcon_core.verb:set package 'yahboomcar_slam' build argument 'cmake_args' from command line to 'None'
[1.794s] Level 5:colcon.colcon_core.verb:set package 'yahboomcar_slam' build argument 'cmake_target' from command line to 'None'
[1.794s] Level 5:colcon.colcon_core.verb:set package 'yahboomcar_slam' build argument 'cmake_target_skip_unavailable' from command line to 'False'
[1.794s] Level 5:colcon.colcon_core.verb:set package 'yahboomcar_slam' build argument 'cmake_clean_cache' from command line to 'False'
[1.794s] Level 5:colcon.colcon_core.verb:set package 'yahboomcar_slam' build argument 'cmake_clean_first' from command line to 'False'
[1.794s] Level 5:colcon.colcon_core.verb:set package 'yahboomcar_slam' build argument 'cmake_force_configure' from command line to 'False'
[1.795s] Level 5:colcon.colcon_core.verb:set package 'yahboomcar_slam' build argument 'ament_cmake_args' from command line to 'None'
[1.795s] Level 5:colcon.colcon_core.verb:set package 'yahboomcar_slam' build argument 'catkin_cmake_args' from command line to 'None'
[1.795s] Level 5:colcon.colcon_core.verb:set package 'yahboomcar_slam' build argument 'catkin_skip_building_tests' from command line to 'False'
[1.795s] DEBUG:colcon.colcon_core.verb:Building package 'yahboomcar_slam' with the following arguments: {'ament_cmake_args': None, 'build_base': '/root/yahboomcar_ros2_ws/yahboomcar_ws/build/yahboomcar_slam', 'catkin_cmake_args': None, 'catkin_skip_building_tests': False, 'cmake_args': None, 'cmake_clean_cache': False, 'cmake_clean_first': False, 'cmake_force_configure': False, 'cmake_target': None, 'cmake_target_skip_unavailable': False, 'install_base': '/root/yahboomcar_ros2_ws/yahboomcar_ws/install/yahboomcar_slam', 'merge_install': False, 'path': '/root/yahboomcar_ros2_ws/yahboomcar_ws/src/yahboomcar_slam', 'symlink_install': False, 'test_result_base': None}
[1.798s] INFO:colcon.colcon_core.executor:Executing jobs using 'parallel' executor
[1.812s] DEBUG:colcon.colcon_parallel_executor.executor.parallel:run_until_complete
[1.813s] INFO:colcon.colcon_ros.task.ament_cmake.build:Building ROS package in '/root/yahboomcar_ros2_ws/yahboomcar_ws/src/yahboomcar_slam' with build type 'ament_cmake'
[1.814s] INFO:colcon.colcon_cmake.task.cmake.build:Building CMake package in '/root/yahboomcar_ros2_ws/yahboomcar_ws/src/yahboomcar_slam'
[1.842s] INFO:colcon.colcon_core.plugin_system:Skipping extension 'colcon_core.shell.bat': Not used on non-Windows systems
[1.843s] INFO:colcon.colcon_core.shell:Skip shell extension 'powershell' for command environment: Not usable outside of PowerShell
[1.843s] DEBUG:colcon.colcon_core.shell:Skip shell extension 'dsv' for command environment
[1.926s] DEBUG:colcon.colcon_core.event_handler.log_command:Invoking command in '/root/yahboomcar_ros2_ws/yahboomcar_ws/build/yahboomcar_slam': CMAKE_PREFIX_PATH=${CMAKE_PREFIX_PATH}:/root/yahboomcar_ros2_ws/yahboomcar_ws/install/yahboomcar_voice_ctrl:/root/yahboomcar_ros2_ws/yahboomcar_ws/install/yahboomcar_visual:/root/yahboomcar_ros2_ws/yahboomcar_ws/install/yahboomcar_nav:/root/yahboomcar_ros2_ws/yahboomcar_ws/install/yahboomcar_mediapipe:/root/yahboomcar_ros2_ws/yahboomcar_ws/install/yahboomcar_linefollow:/root/yahboomcar_ros2_ws/yahboomcar_ws/install/yahboomcar_laser:/root/yahboomcar_ros2_ws/yahboomcar_ws/install/yahboomcar_description_x1:/root/yahboomcar_ros2_ws/yahboomcar_ws/install/yahboomcar_description:/root/yahboomcar_ros2_ws/yahboomcar_ws/install/yahboomcar_ctrl:/root/yahboomcar_ros2_ws/yahboomcar_ws/install/yahboomcar_bringup:/root/yahboomcar_ros2_ws/yahboomcar_ws/install/yahboomcar_astra:/opt/ros/foxy /usr/bin/cmake --build /root/yahboomcar_ros2_ws/yahboomcar_ws/build/yahboomcar_slam -- -j4 -l4
[88.244s] DEBUG:colcon.colcon_core.event_handler.log_command:Invoked command in '/root/yahboomcar_ros2_ws/yahboomcar_ws/build/yahboomcar_slam' returned '0': CMAKE_PREFIX_PATH=${CMAKE_PREFIX_PATH}:/root/yahboomcar_ros2_ws/yahboomcar_ws/install/yahboomcar_voice_ctrl:/root/yahboomcar_ros2_ws/yahboomcar_ws/install/yahboomcar_visual:/root/yahboomcar_ros2_ws/yahboomcar_ws/install/yahboomcar_nav:/root/yahboomcar_ros2_ws/yahboomcar_ws/install/yahboomcar_mediapipe:/root/yahboomcar_ros2_ws/yahboomcar_ws/install/yahboomcar_linefollow:/root/yahboomcar_ros2_ws/yahboomcar_ws/install/yahboomcar_laser:/root/yahboomcar_ros2_ws/yahboomcar_ws/install/yahboomcar_description_x1:/root/yahboomcar_ros2_ws/yahboomcar_ws/install/yahboomcar_description:/root/yahboomcar_ros2_ws/yahboomcar_ws/install/yahboomcar_ctrl:/root/yahboomcar_ros2_ws/yahboomcar_ws/install/yahboomcar_bringup:/root/yahboomcar_ros2_ws/yahboomcar_ws/install/yahboomcar_astra:/opt/ros/foxy /usr/bin/cmake --build /root/yahboomcar_ros2_ws/yahboomcar_ws/build/yahboomcar_slam -- -j4 -l4
[88.535s] DEBUG:colcon.colcon_core.event_handler.log_command:Invoking command in '/root/yahboomcar_ros2_ws/yahboomcar_ws/build/yahboomcar_slam': CMAKE_PREFIX_PATH=${CMAKE_PREFIX_PATH}:/root/yahboomcar_ros2_ws/yahboomcar_ws/install/yahboomcar_voice_ctrl:/root/yahboomcar_ros2_ws/yahboomcar_ws/install/yahboomcar_visual:/root/yahboomcar_ros2_ws/yahboomcar_ws/install/yahboomcar_nav:/root/yahboomcar_ros2_ws/yahboomcar_ws/install/yahboomcar_mediapipe:/root/yahboomcar_ros2_ws/yahboomcar_ws/install/yahboomcar_linefollow:/root/yahboomcar_ros2_ws/yahboomcar_ws/install/yahboomcar_laser:/root/yahboomcar_ros2_ws/yahboomcar_ws/install/yahboomcar_description_x1:/root/yahboomcar_ros2_ws/yahboomcar_ws/install/yahboomcar_description:/root/yahboomcar_ros2_ws/yahboomcar_ws/install/yahboomcar_ctrl:/root/yahboomcar_ros2_ws/yahboomcar_ws/install/yahboomcar_bringup:/root/yahboomcar_ros2_ws/yahboomcar_ws/install/yahboomcar_astra:/opt/ros/foxy /usr/bin/cmake --install /root/yahboomcar_ros2_ws/yahboomcar_ws/build/yahboomcar_slam
[88.925s] Level 1:colcon.colcon_core.environment:create_environment_scripts_only(yahboomcar_slam)
[88.930s] DEBUG:colcon.colcon_core.event_handler.log_command:Invoked command in '/root/yahboomcar_ros2_ws/yahboomcar_ws/build/yahboomcar_slam' returned '0': CMAKE_PREFIX_PATH=${CMAKE_PREFIX_PATH}:/root/yahboomcar_ros2_ws/yahboomcar_ws/install/yahboomcar_voice_ctrl:/root/yahboomcar_ros2_ws/yahboomcar_ws/install/yahboomcar_visual:/root/yahboomcar_ros2_ws/yahboomcar_ws/install/yahboomcar_nav:/root/yahboomcar_ros2_ws/yahboomcar_ws/install/yahboomcar_mediapipe:/root/yahboomcar_ros2_ws/yahboomcar_ws/install/yahboomcar_linefollow:/root/yahboomcar_ros2_ws/yahboomcar_ws/install/yahboomcar_laser:/root/yahboomcar_ros2_ws/yahboomcar_ws/install/yahboomcar_description_x1:/root/yahboomcar_ros2_ws/yahboomcar_ws/install/yahboomcar_description:/root/yahboomcar_ros2_ws/yahboomcar_ws/install/yahboomcar_ctrl:/root/yahboomcar_ros2_ws/yahboomcar_ws/install/yahboomcar_bringup:/root/yahboomcar_ros2_ws/yahboomcar_ws/install/yahboomcar_astra:/opt/ros/foxy /usr/bin/cmake --install /root/yahboomcar_ros2_ws/yahboomcar_ws/build/yahboomcar_slam
[88.957s] Level 1:colcon.colcon_core.environment:checking '/root/yahboomcar_ros2_ws/yahboomcar_ws/install/yahboomcar_slam' for CMake module files
[88.961s] Level 1:colcon.colcon_core.environment:checking '/root/yahboomcar_ros2_ws/yahboomcar_ws/install/yahboomcar_slam' for CMake config files
[88.964s] Level 1:colcon.colcon_core.shell:create_environment_hook('yahboomcar_slam', 'cmake_prefix_path')
[88.970s] INFO:colcon.colcon_core.shell:Creating environment hook '/root/yahboomcar_ros2_ws/yahboomcar_ws/install/yahboomcar_slam/share/yahboomcar_slam/hook/cmake_prefix_path.ps1'
[88.975s] INFO:colcon.colcon_core.shell:Creating environment descriptor '/root/yahboomcar_ros2_ws/yahboomcar_ws/install/yahboomcar_slam/share/yahboomcar_slam/hook/cmake_prefix_path.dsv'
[88.977s] INFO:colcon.colcon_core.shell:Creating environment hook '/root/yahboomcar_ros2_ws/yahboomcar_ws/install/yahboomcar_slam/share/yahboomcar_slam/hook/cmake_prefix_path.sh'
[88.981s] Level 1:colcon.colcon_core.environment:checking '/root/yahboomcar_ros2_ws/yahboomcar_ws/install/yahboomcar_slam/lib'
[88.982s] Level 1:colcon.colcon_core.environment:checking '/root/yahboomcar_ros2_ws/yahboomcar_ws/install/yahboomcar_slam/bin'
[88.982s] Level 1:colcon.colcon_core.environment:checking '/root/yahboomcar_ros2_ws/yahboomcar_ws/install/yahboomcar_slam/lib/pkgconfig/yahboomcar_slam.pc'
[88.986s] Level 1:colcon.colcon_core.environment:checking '/root/yahboomcar_ros2_ws/yahboomcar_ws/install/yahboomcar_slam/lib/python3.8/site-packages'
[88.987s] Level 1:colcon.colcon_core.environment:checking '/root/yahboomcar_ros2_ws/yahboomcar_ws/install/yahboomcar_slam/bin'
[88.993s] INFO:colcon.colcon_core.shell:Creating package script '/root/yahboomcar_ros2_ws/yahboomcar_ws/install/yahboomcar_slam/share/yahboomcar_slam/package.ps1'
[88.996s] INFO:colcon.colcon_core.shell:Creating package descriptor '/root/yahboomcar_ros2_ws/yahboomcar_ws/install/yahboomcar_slam/share/yahboomcar_slam/package.dsv'
[88.998s] INFO:colcon.colcon_core.shell:Creating package script '/root/yahboomcar_ros2_ws/yahboomcar_ws/install/yahboomcar_slam/share/yahboomcar_slam/package.sh'
[89.001s] INFO:colcon.colcon_core.shell:Creating package script '/root/yahboomcar_ros2_ws/yahboomcar_ws/install/yahboomcar_slam/share/yahboomcar_slam/package.bash'
[89.003s] INFO:colcon.colcon_core.shell:Creating package script '/root/yahboomcar_ros2_ws/yahboomcar_ws/install/yahboomcar_slam/share/yahboomcar_slam/package.zsh'
[89.005s] Level 1:colcon.colcon_core.environment:create_file_with_runtime_dependencies(/root/yahboomcar_ros2_ws/yahboomcar_ws/install/yahboomcar_slam/share/colcon-core/packages/yahboomcar_slam)
[89.221s] Level 1:colcon.colcon_core.environment:create_environment_scripts_only(yahboomcar_slam)
[89.231s] Level 1:colcon.colcon_core.environment:checking '/root/yahboomcar_ros2_ws/yahboomcar_ws/install/yahboomcar_slam' for CMake module files
[89.234s] Level 1:colcon.colcon_core.environment:checking '/root/yahboomcar_ros2_ws/yahboomcar_ws/install/yahboomcar_slam' for CMake config files
[89.237s] Level 1:colcon.colcon_core.shell:create_environment_hook('yahboomcar_slam', 'cmake_prefix_path')
[89.242s] INFO:colcon.colcon_core.shell:Creating environment hook '/root/yahboomcar_ros2_ws/yahboomcar_ws/install/yahboomcar_slam/share/yahboomcar_slam/hook/cmake_prefix_path.ps1'
[89.245s] INFO:colcon.colcon_core.shell:Creating environment descriptor '/root/yahboomcar_ros2_ws/yahboomcar_ws/install/yahboomcar_slam/share/yahboomcar_slam/hook/cmake_prefix_path.dsv'
[89.247s] INFO:colcon.colcon_core.shell:Creating environment hook '/root/yahboomcar_ros2_ws/yahboomcar_ws/install/yahboomcar_slam/share/yahboomcar_slam/hook/cmake_prefix_path.sh'
[89.249s] Level 1:colcon.colcon_core.environment:checking '/root/yahboomcar_ros2_ws/yahboomcar_ws/install/yahboomcar_slam/lib'
[89.250s] Level 1:colcon.colcon_core.environment:checking '/root/yahboomcar_ros2_ws/yahboomcar_ws/install/yahboomcar_slam/bin'
[89.250s] Level 1:colcon.colcon_core.environment:checking '/root/yahboomcar_ros2_ws/yahboomcar_ws/install/yahboomcar_slam/lib/pkgconfig/yahboomcar_slam.pc'
[89.251s] Level 1:colcon.colcon_core.environment:checking '/root/yahboomcar_ros2_ws/yahboomcar_ws/install/yahboomcar_slam/lib/python3.8/site-packages'
[89.252s] Level 1:colcon.colcon_core.environment:checking '/root/yahboomcar_ros2_ws/yahboomcar_ws/install/yahboomcar_slam/bin'
[89.258s] INFO:colcon.colcon_core.shell:Creating package script '/root/yahboomcar_ros2_ws/yahboomcar_ws/install/yahboomcar_slam/share/yahboomcar_slam/package.ps1'
[89.260s] INFO:colcon.colcon_core.shell:Creating package descriptor '/root/yahboomcar_ros2_ws/yahboomcar_ws/install/yahboomcar_slam/share/yahboomcar_slam/package.dsv'
[89.262s] INFO:colcon.colcon_core.shell:Creating package script '/root/yahboomcar_ros2_ws/yahboomcar_ws/install/yahboomcar_slam/share/yahboomcar_slam/package.sh'
[89.264s] INFO:colcon.colcon_core.shell:Creating package script '/root/yahboomcar_ros2_ws/yahboomcar_ws/install/yahboomcar_slam/share/yahboomcar_slam/package.bash'
[89.266s] INFO:colcon.colcon_core.shell:Creating package script '/root/yahboomcar_ros2_ws/yahboomcar_ws/install/yahboomcar_slam/share/yahboomcar_slam/package.zsh'
[89.267s] Level 1:colcon.colcon_core.environment:create_file_with_runtime_dependencies(/root/yahboomcar_ros2_ws/yahboomcar_ws/install/yahboomcar_slam/share/colcon-core/packages/yahboomcar_slam)
[89.269s] DEBUG:colcon.colcon_parallel_executor.executor.parallel:closing loop
[89.273s] DEBUG:colcon.colcon_parallel_executor.executor.parallel:loop closed
[89.274s] DEBUG:colcon.colcon_parallel_executor.executor.parallel:run_until_complete finished with '0'
[89.274s] DEBUG:colcon.colcon_core.event_reactor:joining thread
[89.301s] INFO:colcon.colcon_core.plugin_system:Skipping extension 'colcon_notification.desktop_notification.notify_send': Could not find 'notify-send'
[89.302s] INFO:colcon.colcon_core.plugin_system:Skipping extension 'colcon_notification.desktop_notification.terminal_notifier': Not used on non-Darwin systems
[89.302s] INFO:colcon.colcon_core.plugin_system:Skipping extension 'colcon_notification.desktop_notification.win32': Not used on non-Windows systems
[89.302s] INFO:colcon.colcon_notification.desktop_notification:Sending desktop notification using 'notify2'
[89.328s] DEBUG:colcon.colcon_notification.desktop_notification.notify2:Failed to initialize notify2: org.freedesktop.DBus.Error.ServiceUnknown: The name org.freedesktop.Notifications was not provided by any .service files
[89.331s] DEBUG:colcon.colcon_core.event_reactor:joined thread
[89.342s] INFO:colcon.colcon_core.shell:Creating prefix script '/root/yahboomcar_ros2_ws/yahboomcar_ws/install/local_setup.ps1'
[89.349s] INFO:colcon.colcon_core.shell:Creating prefix util module '/root/yahboomcar_ros2_ws/yahboomcar_ws/install/_local_setup_util_ps1.py'
[89.354s] INFO:colcon.colcon_core.shell:Creating prefix chain script '/root/yahboomcar_ros2_ws/yahboomcar_ws/install/setup.ps1'
[89.370s] INFO:colcon.colcon_core.shell:Creating prefix script '/root/yahboomcar_ros2_ws/yahboomcar_ws/install/local_setup.sh'
[89.372s] INFO:colcon.colcon_core.shell:Creating prefix util module '/root/yahboomcar_ros2_ws/yahboomcar_ws/install/_local_setup_util_sh.py'
[89.374s] INFO:colcon.colcon_core.shell:Creating prefix chain script '/root/yahboomcar_ros2_ws/yahboomcar_ws/install/setup.sh'
[89.390s] INFO:colcon.colcon_core.shell:Creating prefix script '/root/yahboomcar_ros2_ws/yahboomcar_ws/install/local_setup.bash'
[89.392s] INFO:colcon.colcon_core.shell:Creating prefix chain script '/root/yahboomcar_ros2_ws/yahboomcar_ws/install/setup.bash'
[89.407s] INFO:colcon.colcon_core.shell:Creating prefix script '/root/yahboomcar_ros2_ws/yahboomcar_ws/install/local_setup.zsh'
[89.409s] INFO:colcon.colcon_core.shell:Creating prefix chain script '/root/yahboomcar_ros2_ws/yahboomcar_ws/install/setup.zsh'
