[4.858s] Invoking command in '/root/yahboomcar_ros2_ws/yahboomcar_ws/src/yahboomcar_ctrl': PYTHONPATH=/root/yahboomcar_ros2_ws/yahboomcar_ws/build/yahboomcar_ctrl/prefix_override:/root/yahboomcar_ros2_ws/yahboomcar_ws/install/yahboomcar_ctrl/lib/python3.8/site-packages:${PYTHONPATH} /usr/bin/python3 setup.py egg_info --egg-base ../../build/yahboomcar_ctrl build --build-base /root/yahboomcar_ros2_ws/yahboomcar_ws/build/yahboomcar_ctrl/build install --record /root/yahboomcar_ros2_ws/yahboomcar_ws/build/yahboomcar_ctrl/install.log --install-scripts $base/lib/yahboomcar_ctrl --single-version-externally-managed
[6.096s] running egg_info
[6.098s] writing ../../build/yahboomcar_ctrl/yahboomcar_ctrl.egg-info/PKG-INFO
[6.100s] writing dependency_links to ../../build/yahboomcar_ctrl/yahboomcar_ctrl.egg-info/dependency_links.txt
[6.103s] writing entry points to ../../build/yahboomcar_ctrl/yahboomcar_ctrl.egg-info/entry_points.txt
[6.104s] writing requirements to ../../build/yahboomcar_ctrl/yahboomcar_ctrl.egg-info/requires.txt
[6.104s] writing top-level names to ../../build/yahboomcar_ctrl/yahboomcar_ctrl.egg-info/top_level.txt
[6.258s] reading manifest file '../../build/yahboomcar_ctrl/yahboomcar_ctrl.egg-info/SOURCES.txt'
[6.263s] writing manifest file '../../build/yahboomcar_ctrl/yahboomcar_ctrl.egg-info/SOURCES.txt'
[6.264s] running build
[6.264s] running build_py
[6.268s] running install
[6.272s] running install_lib
[6.280s] running install_data
[6.285s] running install_egg_info
[6.292s] removing '/root/yahboomcar_ros2_ws/yahboomcar_ws/install/yahboomcar_ctrl/lib/python3.8/site-packages/yahboomcar_ctrl-0.0.0-py3.8.egg-info' (and everything under it)
[6.294s] Copying ../../build/yahboomcar_ctrl/yahboomcar_ctrl.egg-info to /root/yahboomcar_ros2_ws/yahboomcar_ws/install/yahboomcar_ctrl/lib/python3.8/site-packages/yahboomcar_ctrl-0.0.0-py3.8.egg-info
[6.301s] running install_scripts
[6.379s] Installing yahboom_joy_X3 script to /root/yahboomcar_ros2_ws/yahboomcar_ws/install/yahboomcar_ctrl/lib/yahboomcar_ctrl
[6.382s] Installing yahboom_keyboard script to /root/yahboomcar_ros2_ws/yahboomcar_ws/install/yahboomcar_ctrl/lib/yahboomcar_ctrl
[6.386s] writing list of installed files to '/root/yahboomcar_ros2_ws/yahboomcar_ws/build/yahboomcar_ctrl/install.log'
[6.544s] Invoked command in '/root/yahboomcar_ros2_ws/yahboomcar_ws/src/yahboomcar_ctrl' returned '0': PYTHONPATH=/root/yahboomcar_ros2_ws/yahboomcar_ws/build/yahboomcar_ctrl/prefix_override:/root/yahboomcar_ros2_ws/yahboomcar_ws/install/yahboomcar_ctrl/lib/python3.8/site-packages:${PYTHONPATH} /usr/bin/python3 setup.py egg_info --egg-base ../../build/yahboomcar_ctrl build --build-base /root/yahboomcar_ros2_ws/yahboomcar_ws/build/yahboomcar_ctrl/build install --record /root/yahboomcar_ros2_ws/yahboomcar_ws/build/yahboomcar_ctrl/install.log --install-scripts $base/lib/yahboomcar_ctrl --single-version-externally-managed
