[3.487s] Invoking command in '/root/yahboomcar_ros2_ws/yahboomcar_ws/src/yahboomcar_nav': PYTHONPATH=/root/yahboomcar_ros2_ws/yahboomcar_ws/build/yahboomcar_nav/prefix_override:/root/yahboomcar_ros2_ws/yahboomcar_ws/install/yahboomcar_nav/lib/python3.8/site-packages:${PYTHONPATH} /usr/bin/python3 setup.py egg_info --egg-base ../../build/yahboomcar_nav build --build-base /root/yahboomcar_ros2_ws/yahboomcar_ws/build/yahboomcar_nav/build install --record /root/yahboomcar_ros2_ws/yahboomcar_ws/build/yahboomcar_nav/install.log --install-scripts $base/lib/yahboomcar_nav --single-version-externally-managed
[4.666s] running egg_info
[4.669s] writing ../../build/yahboomcar_nav/yahboomcar_nav.egg-info/PKG-INFO
[4.669s] writing dependency_links to ../../build/yahboomcar_nav/yahboomcar_nav.egg-info/dependency_links.txt
[4.670s] writing entry points to ../../build/yahboomcar_nav/yahboomcar_nav.egg-info/entry_points.txt
[4.671s] writing requirements to ../../build/yahboomcar_nav/yahboomcar_nav.egg-info/requires.txt
[4.671s] writing top-level names to ../../build/yahboomcar_nav/yahboomcar_nav.egg-info/top_level.txt
[4.837s] reading manifest file '../../build/yahboomcar_nav/yahboomcar_nav.egg-info/SOURCES.txt'
[4.842s] writing manifest file '../../build/yahboomcar_nav/yahboomcar_nav.egg-info/SOURCES.txt'
[4.843s] running build
[4.843s] running build_py
[4.844s] copying yahboomcar_nav/scan_filter2.py -> /root/yahboomcar_ros2_ws/yahboomcar_ws/build/yahboomcar_nav/build/lib/yahboomcar_nav
[4.844s] running install
[4.849s] running install_lib
[4.853s] copying /root/yahboomcar_ros2_ws/yahboomcar_ws/build/yahboomcar_nav/build/lib/yahboomcar_nav/scan_filter2.py -> /root/yahboomcar_ros2_ws/yahboomcar_ws/install/yahboomcar_nav/lib/python3.8/site-packages/yahboomcar_nav
[4.856s] byte-compiling /root/yahboomcar_ros2_ws/yahboomcar_ws/install/yahboomcar_nav/lib/python3.8/site-packages/yahboomcar_nav/scan_filter2.py to scan_filter2.cpython-38.pyc
[4.862s] running install_data
[4.867s] running install_egg_info
[4.874s] removing '/root/yahboomcar_ros2_ws/yahboomcar_ws/install/yahboomcar_nav/lib/python3.8/site-packages/yahboomcar_nav-0.0.0-py3.8.egg-info' (and everything under it)
[4.876s] Copying ../../build/yahboomcar_nav/yahboomcar_nav.egg-info to /root/yahboomcar_ros2_ws/yahboomcar_ws/install/yahboomcar_nav/lib/python3.8/site-packages/yahboomcar_nav-0.0.0-py3.8.egg-info
[4.881s] running install_scripts
[4.957s] Installing scan_filter script to /root/yahboomcar_ros2_ws/yahboomcar_ws/install/yahboomcar_nav/lib/yahboomcar_nav
[4.957s] Installing scan_filter2 script to /root/yahboomcar_ros2_ws/yahboomcar_ws/install/yahboomcar_nav/lib/yahboomcar_nav
[4.959s] writing list of installed files to '/root/yahboomcar_ros2_ws/yahboomcar_ws/build/yahboomcar_nav/install.log'
[5.064s] Invoked command in '/root/yahboomcar_ros2_ws/yahboomcar_ws/src/yahboomcar_nav' returned '0': PYTHONPATH=/root/yahboomcar_ros2_ws/yahboomcar_ws/build/yahboomcar_nav/prefix_override:/root/yahboomcar_ros2_ws/yahboomcar_ws/install/yahboomcar_nav/lib/python3.8/site-packages:${PYTHONPATH} /usr/bin/python3 setup.py egg_info --egg-base ../../build/yahboomcar_nav build --build-base /root/yahboomcar_ros2_ws/yahboomcar_ws/build/yahboomcar_nav/build install --record /root/yahboomcar_ros2_ws/yahboomcar_ws/build/yahboomcar_nav/install.log --install-scripts $base/lib/yahboomcar_nav --single-version-externally-managed
