running egg_info
writing ../../build/robot_pose_publisher/robot_pose_publisher.egg-info/PKG-INFO
writing dependency_links to ../../build/robot_pose_publisher/robot_pose_publisher.egg-info/dependency_links.txt
writing entry points to ../../build/robot_pose_publisher/robot_pose_publisher.egg-info/entry_points.txt
writing requirements to ../../build/robot_pose_publisher/robot_pose_publisher.egg-info/requires.txt
writing top-level names to ../../build/robot_pose_publisher/robot_pose_publisher.egg-info/top_level.txt
reading manifest file '../../build/robot_pose_publisher/robot_pose_publisher.egg-info/SOURCES.txt'
writing manifest file '../../build/robot_pose_publisher/robot_pose_publisher.egg-info/SOURCES.txt'
running build
running build_py
copying robot_pose_publisher/__init__.py -> /root/codes/iron_yahboomcar_ws/build/robot_pose_publisher/build/lib/robot_pose_publisher
copying robot_pose_publisher/robot_pose_publisher.py -> /root/codes/iron_yahboomcar_ws/build/robot_pose_publisher/build/lib/robot_pose_publisher
running install
running install_lib
copying /root/codes/iron_yahboomcar_ws/build/robot_pose_publisher/build/lib/robot_pose_publisher/__init__.py -> /root/codes/iron_yahboomcar_ws/install/robot_pose_publisher/lib/python3.8/site-packages/robot_pose_publisher
copying /root/codes/iron_yahboomcar_ws/build/robot_pose_publisher/build/lib/robot_pose_publisher/robot_pose_publisher.py -> /root/codes/iron_yahboomcar_ws/install/robot_pose_publisher/lib/python3.8/site-packages/robot_pose_publisher
byte-compiling /root/codes/iron_yahboomcar_ws/install/robot_pose_publisher/lib/python3.8/site-packages/robot_pose_publisher/__init__.py to __init__.cpython-38.pyc
byte-compiling /root/codes/iron_yahboomcar_ws/install/robot_pose_publisher/lib/python3.8/site-packages/robot_pose_publisher/robot_pose_publisher.py to robot_pose_publisher.cpython-38.pyc
running install_data
copying resource/robot_pose_publisher -> /root/codes/iron_yahboomcar_ws/install/robot_pose_publisher/share/ament_index/resource_index/packages
copying package.xml -> /root/codes/iron_yahboomcar_ws/install/robot_pose_publisher/share/robot_pose_publisher
running install_egg_info
removing '/root/codes/iron_yahboomcar_ws/install/robot_pose_publisher/lib/python3.8/site-packages/robot_pose_publisher-0.0.0-py3.8.egg-info' (and everything under it)
Copying ../../build/robot_pose_publisher/robot_pose_publisher.egg-info to /root/codes/iron_yahboomcar_ws/install/robot_pose_publisher/lib/python3.8/site-packages/robot_pose_publisher-0.0.0-py3.8.egg-info
running install_scripts
Installing robot_pose_publisher script to /root/codes/iron_yahboomcar_ws/install/robot_pose_publisher/lib/robot_pose_publisher
writing list of installed files to '/root/codes/iron_yahboomcar_ws/build/robot_pose_publisher/install.log'
