[3.396s] Invoking command in '/root/yahboomcar_ros2_ws/yahboomcar_ws/src/yahboomcar_nav': PYTHONPATH=/root/yahboomcar_ros2_ws/yahboomcar_ws/build/yahboomcar_nav/prefix_override:/root/yahboomcar_ros2_ws/yahboomcar_ws/install/yahboomcar_nav/lib/python3.8/site-packages:${PYTHONPATH} /usr/bin/python3 setup.py egg_info --egg-base ../../build/yahboomcar_nav build --build-base /root/yahboomcar_ros2_ws/yahboomcar_ws/build/yahboomcar_nav/build install --record /root/yahboomcar_ros2_ws/yahboomcar_ws/build/yahboomcar_nav/install.log --install-scripts $base/lib/yahboomcar_nav --single-version-externally-managed
[4.477s] running egg_info
[4.479s] writing ../../build/yahboomcar_nav/yahboomcar_nav.egg-info/PKG-INFO
[4.480s] writing dependency_links to ../../build/yahboomcar_nav/yahboomcar_nav.egg-info/dependency_links.txt
[4.483s] writing entry points to ../../build/yahboomcar_nav/yahboomcar_nav.egg-info/entry_points.txt
[4.483s] writing requirements to ../../build/yahboomcar_nav/yahboomcar_nav.egg-info/requires.txt
[4.484s] writing top-level names to ../../build/yahboomcar_nav/yahboomcar_nav.egg-info/top_level.txt
[4.622s] reading manifest file '../../build/yahboomcar_nav/yahboomcar_nav.egg-info/SOURCES.txt'
[4.627s] writing manifest file '../../build/yahboomcar_nav/yahboomcar_nav.egg-info/SOURCES.txt'
[4.628s] running build
[4.628s] running build_py
[4.629s] running install
[4.633s] running install_lib
[4.640s] running install_data
[4.646s] running install_egg_info
[4.653s] removing '/root/yahboomcar_ros2_ws/yahboomcar_ws/install/yahboomcar_nav/lib/python3.8/site-packages/yahboomcar_nav-0.0.0-py3.8.egg-info' (and everything under it)
[4.658s] Copying ../../build/yahboomcar_nav/yahboomcar_nav.egg-info to /root/yahboomcar_ros2_ws/yahboomcar_ws/install/yahboomcar_nav/lib/python3.8/site-packages/yahboomcar_nav-0.0.0-py3.8.egg-info
[4.661s] running install_scripts
[4.743s] Installing send_mark script to /root/yahboomcar_ros2_ws/yahboomcar_ws/install/yahboomcar_nav/lib/yahboomcar_nav
[4.745s] writing list of installed files to '/root/yahboomcar_ros2_ws/yahboomcar_ws/build/yahboomcar_nav/install.log'
[4.834s] Invoked command in '/root/yahboomcar_ros2_ws/yahboomcar_ws/src/yahboomcar_nav' returned '0': PYTHONPATH=/root/yahboomcar_ros2_ws/yahboomcar_ws/build/yahboomcar_nav/prefix_override:/root/yahboomcar_ros2_ws/yahboomcar_ws/install/yahboomcar_nav/lib/python3.8/site-packages:${PYTHONPATH} /usr/bin/python3 setup.py egg_info --egg-base ../../build/yahboomcar_nav build --build-base /root/yahboomcar_ros2_ws/yahboomcar_ws/build/yahboomcar_nav/build install --record /root/yahboomcar_ros2_ws/yahboomcar_ws/build/yahboomcar_nav/install.log --install-scripts $base/lib/yahboomcar_nav --single-version-externally-managed
