[0.126s] Invoking command in '/root/codes/iron_yahboomcar_ws/build/yahboom_web_savmap_interfaces': CMAKE_PREFIX_PATH=${CMAKE_PREFIX_PATH}:/root/codes/iron_yahboomcar_ws/install/yahboomcar_voice_ctrl:/root/codes/iron_yahboomcar_ws/install/yahboomcar_visual:/root/codes/iron_yahboomcar_ws/install/yahboomcar_nav:/root/codes/iron_yahboomcar_ws/install/yahboomcar_multi:/root/codes/iron_yahboomcar_ws/install/yahboomcar_mediapipe:/root/codes/iron_yahboomcar_ws/install/yahboomcar_linefollow:/root/codes/iron_yahboomcar_ws/install/yahboomcar_laser:/root/codes/iron_yahboomcar_ws/install/yahboomcar_description_x1:/root/codes/iron_yahboomcar_ws/install/yahboomcar_description:/root/codes/iron_yahboomcar_ws/install/yahboomcar_ctrl:/root/codes/iron_yahboomcar_ws/install/yahboomcar_bringup:/root/codes/iron_yahboomcar_ws/install/yahboomcar_astra:/root/codes/iron_yahboomcar_ws/install/yahboom_app_save_map:/root/codes/iron_yahboomcar_ws/install/robot_pose_publisher:/root/codes/iron_yahboomcar_ws/install/laserscan_to_point_pulisher:/root/yahboomcar_ros2_ws/yahboomcar_ws/install/yahboomcar_voice_ctrl:/root/yahboomcar_ros2_ws/yahboomcar_ws/install/yahboomcar_visual:/root/yahboomcar_ros2_ws/yahboomcar_ws/install/yahboomcar_nav:/root/yahboomcar_ros2_ws/yahboomcar_ws/install/yahboomcar_multi:/root/yahboomcar_ros2_ws/yahboomcar_ws/install/yahboomcar_mediapipe:/root/yahboomcar_ros2_ws/yahboomcar_ws/install/yahboomcar_linefollow:/root/yahboomcar_ros2_ws/yahboomcar_ws/install/yahboomcar_laser:/root/yahboomcar_ros2_ws/yahboomcar_ws/install/yahboomcar_description_x1:/root/yahboomcar_ros2_ws/yahboomcar_ws/install/yahboomcar_description:/root/yahboomcar_ros2_ws/yahboomcar_ws/install/yahboomcar_ctrl:/root/yahboomcar_ros2_ws/yahboomcar_ws/install/yahboomcar_bringup:/root/yahboomcar_ros2_ws/yahboomcar_ws/install/yahboomcar_astra:/root/yahboomcar_ros2_ws/yahboomcar_ws/install/yahboom_app_save_map:/root/yahboomcar_ros2_ws/yahboomcar_ws/install/robot_pose_publisher:/root/yahboomcar_ros2_ws/yahboomcar_ws/install/laserscan_to_point_pulisher:/opt/ros/foxy /usr/bin/cmake /root/codes/iron_yahboomcar_ws/src/yahboom_web_savmap_interfaces -DCMAKE_INSTALL_PREFIX=/root/codes/iron_yahboomcar_ws/install/yahboom_web_savmap_interfaces
[0.469s] -- The C compiler identification is GNU 9.4.0
[0.859s] -- The CXX compiler identification is GNU 9.4.0
[0.916s] -- Check for working C compiler: /usr/bin/cc
[1.378s] -- Check for working C compiler: /usr/bin/cc -- works
[1.382s] -- Detecting C compiler ABI info
[1.990s] -- Detecting C compiler ABI info - done
[2.066s] -- Detecting C compile features
[2.069s] -- Detecting C compile features - done
[2.084s] -- Check for working CXX compiler: /usr/bin/c++
[2.660s] -- Check for working CXX compiler: /usr/bin/c++ -- works
[2.668s] -- Detecting CXX compiler ABI info
[3.264s] -- Detecting CXX compiler ABI info - done
[3.349s] -- Detecting CXX compile features
[3.352s] -- Detecting CXX compile features - done
[3.412s] -- Found ament_cmake: 0.9.11 (/opt/ros/foxy/share/ament_cmake/cmake)
[3.730s] -- Found PythonInterp: /usr/bin/python3 (found suitable version "3.8.10", minimum required is "3") 
[3.731s] -- Using PYTHON_EXECUTABLE: /usr/bin/python3
[6.126s] -- Found geometry_msgs: 2.0.5 (/opt/ros/foxy/share/geometry_msgs/cmake)
[6.794s] -- Using all available rosidl_typesupport_c: rosidl_typesupport_fastrtps_c;rosidl_typesupport_introspection_c
[6.997s] -- Found rosidl_adapter: 1.3.0 (/opt/ros/foxy/share/rosidl_adapter/cmake)
[8.491s] -- Found OpenSSL: /usr/lib/aarch64-linux-gnu/libcrypto.so (found version "1.1.1f")  
[8.826s] -- Found FastRTPS: /opt/ros/foxy/include  
[10.275s] -- Using all available rosidl_typesupport_cpp: rosidl_typesupport_fastrtps_cpp;rosidl_typesupport_introspection_cpp
[11.594s] -- Found rosidl_default_generators: 1.0.1 (/opt/ros/foxy/share/rosidl_default_generators/cmake)
[12.216s] -- Found PythonInterp: /usr/bin/python3 (found version "3.8.10") 
[14.239s] -- Found ament_cmake_ros: 0.9.2 (/opt/ros/foxy/share/ament_cmake_ros/cmake)
[16.093s] -- Using all available rosidl_typesupport_c: rosidl_typesupport_fastrtps_c;rosidl_typesupport_introspection_c
[16.254s] -- Using all available rosidl_typesupport_cpp: rosidl_typesupport_fastrtps_cpp;rosidl_typesupport_introspection_cpp
[16.733s] -- Found PythonInterp: /usr/bin/python3 (found suitable version "3.8.10", minimum required is "3.5") 
[16.860s] -- Found python_cmake_module: 0.8.1 (/opt/ros/foxy/share/python_cmake_module/cmake)
[17.344s] -- Found PythonLibs: /usr/lib/aarch64-linux-gnu/libpython3.8.so (found suitable version "3.8.10", minimum required is "3.5") 
[17.349s] -- Using PYTHON_EXECUTABLE: /usr/bin/python3
[17.350s] -- Using PYTHON_INCLUDE_DIRS: /usr/include/python3.8
[17.351s] -- Using PYTHON_LIBRARIES: /usr/lib/aarch64-linux-gnu/libpython3.8.so
[17.869s] -- Found PythonExtra: .so  
[18.969s] -- Found ament_lint_auto: 0.9.7 (/opt/ros/foxy/share/ament_lint_auto/cmake)
[20.239s] -- Added test 'copyright' to check source files copyright and LICENSE
[20.273s] -- Added test 'lint_cmake' to check CMake code style
[20.284s] -- Added test 'xmllint' to check XML markup files
[20.401s] -- Configuring done
[20.726s] -- Generating done
[20.756s] -- Build files have been written to: /root/codes/iron_yahboomcar_ws/build/yahboom_web_savmap_interfaces
[20.843s] Invoked command in '/root/codes/iron_yahboomcar_ws/build/yahboom_web_savmap_interfaces' returned '0': CMAKE_PREFIX_PATH=${CMAKE_PREFIX_PATH}:/root/codes/iron_yahboomcar_ws/install/yahboomcar_voice_ctrl:/root/codes/iron_yahboomcar_ws/install/yahboomcar_visual:/root/codes/iron_yahboomcar_ws/install/yahboomcar_nav:/root/codes/iron_yahboomcar_ws/install/yahboomcar_multi:/root/codes/iron_yahboomcar_ws/install/yahboomcar_mediapipe:/root/codes/iron_yahboomcar_ws/install/yahboomcar_linefollow:/root/codes/iron_yahboomcar_ws/install/yahboomcar_laser:/root/codes/iron_yahboomcar_ws/install/yahboomcar_description_x1:/root/codes/iron_yahboomcar_ws/install/yahboomcar_description:/root/codes/iron_yahboomcar_ws/install/yahboomcar_ctrl:/root/codes/iron_yahboomcar_ws/install/yahboomcar_bringup:/root/codes/iron_yahboomcar_ws/install/yahboomcar_astra:/root/codes/iron_yahboomcar_ws/install/yahboom_app_save_map:/root/codes/iron_yahboomcar_ws/install/robot_pose_publisher:/root/codes/iron_yahboomcar_ws/install/laserscan_to_point_pulisher:/root/yahboomcar_ros2_ws/yahboomcar_ws/install/yahboomcar_voice_ctrl:/root/yahboomcar_ros2_ws/yahboomcar_ws/install/yahboomcar_visual:/root/yahboomcar_ros2_ws/yahboomcar_ws/install/yahboomcar_nav:/root/yahboomcar_ros2_ws/yahboomcar_ws/install/yahboomcar_multi:/root/yahboomcar_ros2_ws/yahboomcar_ws/install/yahboomcar_mediapipe:/root/yahboomcar_ros2_ws/yahboomcar_ws/install/yahboomcar_linefollow:/root/yahboomcar_ros2_ws/yahboomcar_ws/install/yahboomcar_laser:/root/yahboomcar_ros2_ws/yahboomcar_ws/install/yahboomcar_description_x1:/root/yahboomcar_ros2_ws/yahboomcar_ws/install/yahboomcar_description:/root/yahboomcar_ros2_ws/yahboomcar_ws/install/yahboomcar_ctrl:/root/yahboomcar_ros2_ws/yahboomcar_ws/install/yahboomcar_bringup:/root/yahboomcar_ros2_ws/yahboomcar_ws/install/yahboomcar_astra:/root/yahboomcar_ros2_ws/yahboomcar_ws/install/yahboom_app_save_map:/root/yahboomcar_ros2_ws/yahboomcar_ws/install/robot_pose_publisher:/root/yahboomcar_ros2_ws/yahboomcar_ws/install/laserscan_to_point_pulisher:/opt/ros/foxy /usr/bin/cmake /root/codes/iron_yahboomcar_ws/src/yahboom_web_savmap_interfaces -DCMAKE_INSTALL_PREFIX=/root/codes/iron_yahboomcar_ws/install/yahboom_web_savmap_interfaces
[20.855s] Invoking command in '/root/codes/iron_yahboomcar_ws/build/yahboom_web_savmap_interfaces': CMAKE_PREFIX_PATH=${CMAKE_PREFIX_PATH}:/root/codes/iron_yahboomcar_ws/install/yahboomcar_voice_ctrl:/root/codes/iron_yahboomcar_ws/install/yahboomcar_visual:/root/codes/iron_yahboomcar_ws/install/yahboomcar_nav:/root/codes/iron_yahboomcar_ws/install/yahboomcar_multi:/root/codes/iron_yahboomcar_ws/install/yahboomcar_mediapipe:/root/codes/iron_yahboomcar_ws/install/yahboomcar_linefollow:/root/codes/iron_yahboomcar_ws/install/yahboomcar_laser:/root/codes/iron_yahboomcar_ws/install/yahboomcar_description_x1:/root/codes/iron_yahboomcar_ws/install/yahboomcar_description:/root/codes/iron_yahboomcar_ws/install/yahboomcar_ctrl:/root/codes/iron_yahboomcar_ws/install/yahboomcar_bringup:/root/codes/iron_yahboomcar_ws/install/yahboomcar_astra:/root/codes/iron_yahboomcar_ws/install/yahboom_app_save_map:/root/codes/iron_yahboomcar_ws/install/robot_pose_publisher:/root/codes/iron_yahboomcar_ws/install/laserscan_to_point_pulisher:/root/yahboomcar_ros2_ws/yahboomcar_ws/install/yahboomcar_voice_ctrl:/root/yahboomcar_ros2_ws/yahboomcar_ws/install/yahboomcar_visual:/root/yahboomcar_ros2_ws/yahboomcar_ws/install/yahboomcar_nav:/root/yahboomcar_ros2_ws/yahboomcar_ws/install/yahboomcar_multi:/root/yahboomcar_ros2_ws/yahboomcar_ws/install/yahboomcar_mediapipe:/root/yahboomcar_ros2_ws/yahboomcar_ws/install/yahboomcar_linefollow:/root/yahboomcar_ros2_ws/yahboomcar_ws/install/yahboomcar_laser:/root/yahboomcar_ros2_ws/yahboomcar_ws/install/yahboomcar_description_x1:/root/yahboomcar_ros2_ws/yahboomcar_ws/install/yahboomcar_description:/root/yahboomcar_ros2_ws/yahboomcar_ws/install/yahboomcar_ctrl:/root/yahboomcar_ros2_ws/yahboomcar_ws/install/yahboomcar_bringup:/root/yahboomcar_ros2_ws/yahboomcar_ws/install/yahboomcar_astra:/root/yahboomcar_ros2_ws/yahboomcar_ws/install/yahboom_app_save_map:/root/yahboomcar_ros2_ws/yahboomcar_ws/install/robot_pose_publisher:/root/yahboomcar_ros2_ws/yahboomcar_ws/install/laserscan_to_point_pulisher:/opt/ros/foxy /usr/bin/cmake --build /root/codes/iron_yahboomcar_ws/build/yahboom_web_savmap_interfaces -- -j4 -l4
[21.637s] [  3%] [34m[1mGenerating C code for ROS interfaces[0m
[21.645s] [35m[1mScanning dependencies of target yahboom_web_savmap_interfaces__cpp[0m
[21.863s] [  6%] [34m[1mGenerating C++ code for ROS interfaces[0m
[25.499s] [35m[1mScanning dependencies of target yahboom_web_savmap_interfaces__rosidl_generator_c[0m
[25.720s] [  9%] [32mBuilding C object CMakeFiles/yahboom_web_savmap_interfaces__rosidl_generator_c.dir/rosidl_generator_c/yahboom_web_savmap_interfaces/srv/detail/web_save_map__functions.c.o[0m
[26.019s] [  9%] Built target yahboom_web_savmap_interfaces__cpp
[26.285s] [ 12%] [34m[1mGenerating C++ type support for eProsima Fast-RTPS[0m
[26.330s] [ 16%] [34m[1mGenerating C++ type support dispatch for ROS interfaces[0m
[26.678s] [ 19%] [32m[1mLinking C shared library libyahboom_web_savmap_interfaces__rosidl_generator_c.so[0m
[27.357s] [ 19%] Built target yahboom_web_savmap_interfaces__rosidl_generator_c
[27.625s] [ 22%] [34m[1mGenerating C++ introspection for ROS interfaces[0m
[27.652s] [ 25%] [34m[1mGenerating C type support dispatch for ROS interfaces[0m
[30.225s] [35m[1mScanning dependencies of target yahboom_web_savmap_interfaces__rosidl_typesupport_cpp[0m
[30.451s] [ 29%] [32mBuilding CXX object CMakeFiles/yahboom_web_savmap_interfaces__rosidl_typesupport_cpp.dir/rosidl_typesupport_cpp/yahboom_web_savmap_interfaces/srv/web_save_map__type_support.cpp.o[0m
[31.153s] [35m[1mScanning dependencies of target yahboom_web_savmap_interfaces__rosidl_typesupport_fastrtps_cpp[0m
[31.318s] [35m[1mScanning dependencies of target yahboom_web_savmap_interfaces__rosidl_typesupport_c[0m
[31.410s] [ 32%] [32mBuilding CXX object CMakeFiles/yahboom_web_savmap_interfaces__rosidl_typesupport_fastrtps_cpp.dir/rosidl_typesupport_fastrtps_cpp/yahboom_web_savmap_interfaces/srv/detail/dds_fastrtps/web_save_map__type_support.cpp.o[0m
[31.592s] [ 35%] [32mBuilding CXX object CMakeFiles/yahboom_web_savmap_interfaces__rosidl_typesupport_c.dir/rosidl_typesupport_c/yahboom_web_savmap_interfaces/srv/web_save_map__type_support.cpp.o[0m
[32.324s] [35m[1mScanning dependencies of target yahboom_web_savmap_interfaces__rosidl_typesupport_introspection_cpp[0m
[32.357s] [ 38%] [32m[1mLinking CXX shared library libyahboom_web_savmap_interfaces__rosidl_typesupport_c.so[0m
[32.571s] [ 41%] [32mBuilding CXX object CMakeFiles/yahboom_web_savmap_interfaces__rosidl_typesupport_introspection_cpp.dir/rosidl_typesupport_introspection_cpp/yahboom_web_savmap_interfaces/srv/detail/web_save_map__type_support.cpp.o[0m
[33.064s] [ 41%] Built target yahboom_web_savmap_interfaces__rosidl_typesupport_c
[34.264s] [ 45%] [32m[1mLinking CXX shared library libyahboom_web_savmap_interfaces__rosidl_typesupport_cpp.so[0m
[34.842s] [ 45%] Built target yahboom_web_savmap_interfaces__rosidl_typesupport_cpp
[35.662s] [ 48%] [32m[1mLinking CXX shared library libyahboom_web_savmap_interfaces__rosidl_typesupport_introspection_cpp.so[0m
[36.279s] [ 48%] Built target yahboom_web_savmap_interfaces__rosidl_typesupport_introspection_cpp
[36.366s] [ 51%] [32m[1mLinking CXX shared library libyahboom_web_savmap_interfaces__rosidl_typesupport_fastrtps_cpp.so[0m
[36.790s] [ 51%] Built target yahboom_web_savmap_interfaces__rosidl_typesupport_fastrtps_cpp
[36.858s] [ 54%] [34m[1mGenerating C introspection for ROS interfaces[0m
[38.697s] [35m[1mScanning dependencies of target yahboom_web_savmap_interfaces__rosidl_typesupport_introspection_c[0m
[38.807s] [ 58%] [32mBuilding C object CMakeFiles/yahboom_web_savmap_interfaces__rosidl_typesupport_introspection_c.dir/rosidl_typesupport_introspection_c/yahboom_web_savmap_interfaces/srv/detail/web_save_map__type_support.c.o[0m
[39.083s] [ 61%] [32m[1mLinking C shared library libyahboom_web_savmap_interfaces__rosidl_typesupport_introspection_c.so[0m
[39.293s] [ 61%] Built target yahboom_web_savmap_interfaces__rosidl_typesupport_introspection_c
[39.375s] [ 64%] [34m[1mGenerating C type support for eProsima Fast-RTPS[0m
[41.360s] [35m[1mScanning dependencies of target yahboom_web_savmap_interfaces__rosidl_typesupport_fastrtps_c[0m
[41.548s] [ 67%] [32mBuilding CXX object CMakeFiles/yahboom_web_savmap_interfaces__rosidl_typesupport_fastrtps_c.dir/rosidl_typesupport_fastrtps_c/yahboom_web_savmap_interfaces/srv/detail/web_save_map__type_support_c.cpp.o[0m
[43.744s] [ 70%] [32m[1mLinking CXX shared library libyahboom_web_savmap_interfaces__rosidl_typesupport_fastrtps_c.so[0m
[44.283s] [ 70%] Built target yahboom_web_savmap_interfaces__rosidl_typesupport_fastrtps_c
[44.380s] [35m[1mScanning dependencies of target yahboom_web_savmap_interfaces[0m
[44.481s] [ 70%] Built target yahboom_web_savmap_interfaces
[44.576s] [35m[1mScanning dependencies of target yahboom_web_savmap_interfaces__py[0m
[44.661s] [ 74%] [34m[1mGenerating Python code for ROS interfaces[0m
[48.112s] [ 74%] Built target yahboom_web_savmap_interfaces__py
[48.230s] [35m[1mScanning dependencies of target yahboom_web_savmap_interfaces__python[0m
[48.415s] [ 77%] [32mBuilding C object CMakeFiles/yahboom_web_savmap_interfaces__python.dir/rosidl_generator_py/yahboom_web_savmap_interfaces/srv/_web_save_map_s.c.o[0m
[49.148s] [ 80%] [32m[1mLinking C shared library rosidl_generator_py/yahboom_web_savmap_interfaces/libyahboom_web_savmap_interfaces__python.so[0m
[49.475s] [ 80%] Built target yahboom_web_savmap_interfaces__python
[49.545s] [35m[1mScanning dependencies of target yahboom_web_savmap_interfaces__rosidl_typesupport_c__pyext[0m
[49.688s] [ 83%] [32mBuilding C object CMakeFiles/yahboom_web_savmap_interfaces__rosidl_typesupport_c__pyext.dir/rosidl_generator_py/yahboom_web_savmap_interfaces/_yahboom_web_savmap_interfaces_s.ep.rosidl_typesupport_c.c.o[0m
[50.199s] [ 87%] [32m[1mLinking C shared library rosidl_generator_py/yahboom_web_savmap_interfaces/yahboom_web_savmap_interfaces_s__rosidl_typesupport_c.cpython-38-aarch64-linux-gnu.so[0m
[50.479s] [ 87%] Built target yahboom_web_savmap_interfaces__rosidl_typesupport_c__pyext
[50.583s] [35m[1mScanning dependencies of target yahboom_web_savmap_interfaces__rosidl_typesupport_introspection_c__pyext[0m
[50.761s] [ 90%] [32mBuilding C object CMakeFiles/yahboom_web_savmap_interfaces__rosidl_typesupport_introspection_c__pyext.dir/rosidl_generator_py/yahboom_web_savmap_interfaces/_yahboom_web_savmap_interfaces_s.ep.rosidl_typesupport_introspection_c.c.o[0m
[51.415s] [ 93%] [32m[1mLinking C shared library rosidl_generator_py/yahboom_web_savmap_interfaces/yahboom_web_savmap_interfaces_s__rosidl_typesupport_introspection_c.cpython-38-aarch64-linux-gnu.so[0m
[51.696s] [ 93%] Built target yahboom_web_savmap_interfaces__rosidl_typesupport_introspection_c__pyext
[51.777s] [35m[1mScanning dependencies of target yahboom_web_savmap_interfaces__rosidl_typesupport_fastrtps_c__pyext[0m
[51.923s] [ 96%] [32mBuilding C object CMakeFiles/yahboom_web_savmap_interfaces__rosidl_typesupport_fastrtps_c__pyext.dir/rosidl_generator_py/yahboom_web_savmap_interfaces/_yahboom_web_savmap_interfaces_s.ep.rosidl_typesupport_fastrtps_c.c.o[0m
[52.509s] [100%] [32m[1mLinking CXX shared library rosidl_generator_py/yahboom_web_savmap_interfaces/yahboom_web_savmap_interfaces_s__rosidl_typesupport_fastrtps_c.cpython-38-aarch64-linux-gnu.so[0m
[52.889s] [100%] Built target yahboom_web_savmap_interfaces__rosidl_typesupport_fastrtps_c__pyext
[53.011s] Invoked command in '/root/codes/iron_yahboomcar_ws/build/yahboom_web_savmap_interfaces' returned '0': CMAKE_PREFIX_PATH=${CMAKE_PREFIX_PATH}:/root/codes/iron_yahboomcar_ws/install/yahboomcar_voice_ctrl:/root/codes/iron_yahboomcar_ws/install/yahboomcar_visual:/root/codes/iron_yahboomcar_ws/install/yahboomcar_nav:/root/codes/iron_yahboomcar_ws/install/yahboomcar_multi:/root/codes/iron_yahboomcar_ws/install/yahboomcar_mediapipe:/root/codes/iron_yahboomcar_ws/install/yahboomcar_linefollow:/root/codes/iron_yahboomcar_ws/install/yahboomcar_laser:/root/codes/iron_yahboomcar_ws/install/yahboomcar_description_x1:/root/codes/iron_yahboomcar_ws/install/yahboomcar_description:/root/codes/iron_yahboomcar_ws/install/yahboomcar_ctrl:/root/codes/iron_yahboomcar_ws/install/yahboomcar_bringup:/root/codes/iron_yahboomcar_ws/install/yahboomcar_astra:/root/codes/iron_yahboomcar_ws/install/yahboom_app_save_map:/root/codes/iron_yahboomcar_ws/install/robot_pose_publisher:/root/codes/iron_yahboomcar_ws/install/laserscan_to_point_pulisher:/root/yahboomcar_ros2_ws/yahboomcar_ws/install/yahboomcar_voice_ctrl:/root/yahboomcar_ros2_ws/yahboomcar_ws/install/yahboomcar_visual:/root/yahboomcar_ros2_ws/yahboomcar_ws/install/yahboomcar_nav:/root/yahboomcar_ros2_ws/yahboomcar_ws/install/yahboomcar_multi:/root/yahboomcar_ros2_ws/yahboomcar_ws/install/yahboomcar_mediapipe:/root/yahboomcar_ros2_ws/yahboomcar_ws/install/yahboomcar_linefollow:/root/yahboomcar_ros2_ws/yahboomcar_ws/install/yahboomcar_laser:/root/yahboomcar_ros2_ws/yahboomcar_ws/install/yahboomcar_description_x1:/root/yahboomcar_ros2_ws/yahboomcar_ws/install/yahboomcar_description:/root/yahboomcar_ros2_ws/yahboomcar_ws/install/yahboomcar_ctrl:/root/yahboomcar_ros2_ws/yahboomcar_ws/install/yahboomcar_bringup:/root/yahboomcar_ros2_ws/yahboomcar_ws/install/yahboomcar_astra:/root/yahboomcar_ros2_ws/yahboomcar_ws/install/yahboom_app_save_map:/root/yahboomcar_ros2_ws/yahboomcar_ws/install/robot_pose_publisher:/root/yahboomcar_ros2_ws/yahboomcar_ws/install/laserscan_to_point_pulisher:/opt/ros/foxy /usr/bin/cmake --build /root/codes/iron_yahboomcar_ws/build/yahboom_web_savmap_interfaces -- -j4 -l4
[53.594s] Invoking command in '/root/codes/iron_yahboomcar_ws/build/yahboom_web_savmap_interfaces': CMAKE_PREFIX_PATH=${CMAKE_PREFIX_PATH}:/root/codes/iron_yahboomcar_ws/install/yahboomcar_voice_ctrl:/root/codes/iron_yahboomcar_ws/install/yahboomcar_visual:/root/codes/iron_yahboomcar_ws/install/yahboomcar_nav:/root/codes/iron_yahboomcar_ws/install/yahboomcar_multi:/root/codes/iron_yahboomcar_ws/install/yahboomcar_mediapipe:/root/codes/iron_yahboomcar_ws/install/yahboomcar_linefollow:/root/codes/iron_yahboomcar_ws/install/yahboomcar_laser:/root/codes/iron_yahboomcar_ws/install/yahboomcar_description_x1:/root/codes/iron_yahboomcar_ws/install/yahboomcar_description:/root/codes/iron_yahboomcar_ws/install/yahboomcar_ctrl:/root/codes/iron_yahboomcar_ws/install/yahboomcar_bringup:/root/codes/iron_yahboomcar_ws/install/yahboomcar_astra:/root/codes/iron_yahboomcar_ws/install/yahboom_app_save_map:/root/codes/iron_yahboomcar_ws/install/robot_pose_publisher:/root/codes/iron_yahboomcar_ws/install/laserscan_to_point_pulisher:/root/yahboomcar_ros2_ws/yahboomcar_ws/install/yahboomcar_voice_ctrl:/root/yahboomcar_ros2_ws/yahboomcar_ws/install/yahboomcar_visual:/root/yahboomcar_ros2_ws/yahboomcar_ws/install/yahboomcar_nav:/root/yahboomcar_ros2_ws/yahboomcar_ws/install/yahboomcar_multi:/root/yahboomcar_ros2_ws/yahboomcar_ws/install/yahboomcar_mediapipe:/root/yahboomcar_ros2_ws/yahboomcar_ws/install/yahboomcar_linefollow:/root/yahboomcar_ros2_ws/yahboomcar_ws/install/yahboomcar_laser:/root/yahboomcar_ros2_ws/yahboomcar_ws/install/yahboomcar_description_x1:/root/yahboomcar_ros2_ws/yahboomcar_ws/install/yahboomcar_description:/root/yahboomcar_ros2_ws/yahboomcar_ws/install/yahboomcar_ctrl:/root/yahboomcar_ros2_ws/yahboomcar_ws/install/yahboomcar_bringup:/root/yahboomcar_ros2_ws/yahboomcar_ws/install/yahboomcar_astra:/root/yahboomcar_ros2_ws/yahboomcar_ws/install/yahboom_app_save_map:/root/yahboomcar_ros2_ws/yahboomcar_ws/install/robot_pose_publisher:/root/yahboomcar_ros2_ws/yahboomcar_ws/install/laserscan_to_point_pulisher:/opt/ros/foxy /usr/bin/cmake --install /root/codes/iron_yahboomcar_ws/build/yahboom_web_savmap_interfaces
[53.672s] -- Install configuration: ""
[53.674s] -- Installing: /root/codes/iron_yahboomcar_ws/install/yahboom_web_savmap_interfaces/share/ament_index/resource_index/rosidl_interfaces/yahboom_web_savmap_interfaces
[53.678s] -- Up-to-date: /root/codes/iron_yahboomcar_ws/install/yahboom_web_savmap_interfaces/include/yahboom_web_savmap_interfaces
[53.679s] -- Up-to-date: /root/codes/iron_yahboomcar_ws/install/yahboom_web_savmap_interfaces/include/yahboom_web_savmap_interfaces/srv
[53.680s] -- Up-to-date: /root/codes/iron_yahboomcar_ws/install/yahboom_web_savmap_interfaces/include/yahboom_web_savmap_interfaces/srv/detail
[53.681s] -- Installing: /root/codes/iron_yahboomcar_ws/install/yahboom_web_savmap_interfaces/include/yahboom_web_savmap_interfaces/srv/detail/web_save_map__functions.h
[53.683s] -- Installing: /root/codes/iron_yahboomcar_ws/install/yahboom_web_savmap_interfaces/include/yahboom_web_savmap_interfaces/srv/detail/web_save_map__struct.h
[53.685s] -- Installing: /root/codes/iron_yahboomcar_ws/install/yahboom_web_savmap_interfaces/include/yahboom_web_savmap_interfaces/srv/detail/web_save_map__type_support.h
[53.686s] -- Installing: /root/codes/iron_yahboomcar_ws/install/yahboom_web_savmap_interfaces/include/yahboom_web_savmap_interfaces/srv/detail/web_save_map__functions.c
[53.688s] -- Installing: /root/codes/iron_yahboomcar_ws/install/yahboom_web_savmap_interfaces/include/yahboom_web_savmap_interfaces/srv/web_save_map.h
[53.689s] -- Up-to-date: /root/codes/iron_yahboomcar_ws/install/yahboom_web_savmap_interfaces/include/yahboom_web_savmap_interfaces/msg
[53.691s] -- Installing: /root/codes/iron_yahboomcar_ws/install/yahboom_web_savmap_interfaces/include/yahboom_web_savmap_interfaces/msg/rosidl_generator_c__visibility_control.h
[53.693s] -- Installing: /root/codes/iron_yahboomcar_ws/install/yahboom_web_savmap_interfaces/share/yahboom_web_savmap_interfaces/environment/library_path.sh
[53.695s] -- Installing: /root/codes/iron_yahboomcar_ws/install/yahboom_web_savmap_interfaces/share/yahboom_web_savmap_interfaces/environment/library_path.dsv
[53.710s] -- Installing: /root/codes/iron_yahboomcar_ws/install/yahboom_web_savmap_interfaces/lib/libyahboom_web_savmap_interfaces__rosidl_generator_c.so
[53.713s] -- Set runtime path of "/root/codes/iron_yahboomcar_ws/install/yahboom_web_savmap_interfaces/lib/libyahboom_web_savmap_interfaces__rosidl_generator_c.so" to ""
[53.715s] -- Up-to-date: /root/codes/iron_yahboomcar_ws/install/yahboom_web_savmap_interfaces/include/yahboom_web_savmap_interfaces
[53.716s] -- Up-to-date: /root/codes/iron_yahboomcar_ws/install/yahboom_web_savmap_interfaces/include/yahboom_web_savmap_interfaces/srv
[53.717s] -- Up-to-date: /root/codes/iron_yahboomcar_ws/install/yahboom_web_savmap_interfaces/include/yahboom_web_savmap_interfaces/srv/detail
[53.718s] -- Installing: /root/codes/iron_yahboomcar_ws/install/yahboom_web_savmap_interfaces/include/yahboom_web_savmap_interfaces/srv/detail/web_save_map__rosidl_typesupport_fastrtps_c.h
[53.720s] -- Up-to-date: /root/codes/iron_yahboomcar_ws/install/yahboom_web_savmap_interfaces/include/yahboom_web_savmap_interfaces/msg
[53.721s] -- Installing: /root/codes/iron_yahboomcar_ws/install/yahboom_web_savmap_interfaces/include/yahboom_web_savmap_interfaces/msg/rosidl_typesupport_fastrtps_c__visibility_control.h
[53.730s] -- Installing: /root/codes/iron_yahboomcar_ws/install/yahboom_web_savmap_interfaces/lib/libyahboom_web_savmap_interfaces__rosidl_typesupport_fastrtps_c.so
[53.749s] -- Set runtime path of "/root/codes/iron_yahboomcar_ws/install/yahboom_web_savmap_interfaces/lib/libyahboom_web_savmap_interfaces__rosidl_typesupport_fastrtps_c.so" to ""
[53.749s] -- Up-to-date: /root/codes/iron_yahboomcar_ws/install/yahboom_web_savmap_interfaces/include/yahboom_web_savmap_interfaces
[53.750s] -- Up-to-date: /root/codes/iron_yahboomcar_ws/install/yahboom_web_savmap_interfaces/include/yahboom_web_savmap_interfaces/srv
[53.752s] -- Up-to-date: /root/codes/iron_yahboomcar_ws/install/yahboom_web_savmap_interfaces/include/yahboom_web_savmap_interfaces/srv/detail
[53.756s] -- Up-to-date: /root/codes/iron_yahboomcar_ws/install/yahboom_web_savmap_interfaces/include/yahboom_web_savmap_interfaces/srv/detail/dds_fastrtps
[53.758s] -- Installing: /root/codes/iron_yahboomcar_ws/install/yahboom_web_savmap_interfaces/include/yahboom_web_savmap_interfaces/srv/detail/web_save_map__rosidl_typesupport_fastrtps_cpp.hpp
[53.758s] -- Up-to-date: /root/codes/iron_yahboomcar_ws/install/yahboom_web_savmap_interfaces/include/yahboom_web_savmap_interfaces/msg
[53.761s] -- Installing: /root/codes/iron_yahboomcar_ws/install/yahboom_web_savmap_interfaces/include/yahboom_web_savmap_interfaces/msg/rosidl_typesupport_fastrtps_cpp__visibility_control.h
[53.762s] -- Installing: /root/codes/iron_yahboomcar_ws/install/yahboom_web_savmap_interfaces/lib/libyahboom_web_savmap_interfaces__rosidl_typesupport_fastrtps_cpp.so
[53.763s] -- Set runtime path of "/root/codes/iron_yahboomcar_ws/install/yahboom_web_savmap_interfaces/lib/libyahboom_web_savmap_interfaces__rosidl_typesupport_fastrtps_cpp.so" to ""
[53.764s] -- Up-to-date: /root/codes/iron_yahboomcar_ws/install/yahboom_web_savmap_interfaces/include/yahboom_web_savmap_interfaces
[53.765s] -- Up-to-date: /root/codes/iron_yahboomcar_ws/install/yahboom_web_savmap_interfaces/include/yahboom_web_savmap_interfaces/srv
[53.765s] -- Up-to-date: /root/codes/iron_yahboomcar_ws/install/yahboom_web_savmap_interfaces/include/yahboom_web_savmap_interfaces/srv/detail
[53.765s] -- Installing: /root/codes/iron_yahboomcar_ws/install/yahboom_web_savmap_interfaces/include/yahboom_web_savmap_interfaces/srv/detail/web_save_map__type_support.c
[53.766s] -- Installing: /root/codes/iron_yahboomcar_ws/install/yahboom_web_savmap_interfaces/include/yahboom_web_savmap_interfaces/srv/detail/web_save_map__rosidl_typesupport_introspection_c.h
[53.767s] -- Up-to-date: /root/codes/iron_yahboomcar_ws/install/yahboom_web_savmap_interfaces/include/yahboom_web_savmap_interfaces/msg
[53.767s] -- Installing: /root/codes/iron_yahboomcar_ws/install/yahboom_web_savmap_interfaces/include/yahboom_web_savmap_interfaces/msg/rosidl_typesupport_introspection_c__visibility_control.h
[53.776s] -- Installing: /root/codes/iron_yahboomcar_ws/install/yahboom_web_savmap_interfaces/lib/libyahboom_web_savmap_interfaces__rosidl_typesupport_introspection_c.so
[53.780s] -- Set runtime path of "/root/codes/iron_yahboomcar_ws/install/yahboom_web_savmap_interfaces/lib/libyahboom_web_savmap_interfaces__rosidl_typesupport_introspection_c.so" to ""
[53.792s] -- Installing: /root/codes/iron_yahboomcar_ws/install/yahboom_web_savmap_interfaces/lib/libyahboom_web_savmap_interfaces__rosidl_typesupport_c.so
[53.795s] -- Set runtime path of "/root/codes/iron_yahboomcar_ws/install/yahboom_web_savmap_interfaces/lib/libyahboom_web_savmap_interfaces__rosidl_typesupport_c.so" to ""
[53.796s] -- Up-to-date: /root/codes/iron_yahboomcar_ws/install/yahboom_web_savmap_interfaces/include/yahboom_web_savmap_interfaces
[53.797s] -- Up-to-date: /root/codes/iron_yahboomcar_ws/install/yahboom_web_savmap_interfaces/include/yahboom_web_savmap_interfaces/srv
[53.802s] -- Up-to-date: /root/codes/iron_yahboomcar_ws/install/yahboom_web_savmap_interfaces/include/yahboom_web_savmap_interfaces/srv/detail
[53.803s] -- Installing: /root/codes/iron_yahboomcar_ws/install/yahboom_web_savmap_interfaces/include/yahboom_web_savmap_interfaces/srv/detail/web_save_map__builder.hpp
[53.804s] -- Installing: /root/codes/iron_yahboomcar_ws/install/yahboom_web_savmap_interfaces/include/yahboom_web_savmap_interfaces/srv/detail/web_save_map__traits.hpp
[53.804s] -- Installing: /root/codes/iron_yahboomcar_ws/install/yahboom_web_savmap_interfaces/include/yahboom_web_savmap_interfaces/srv/detail/web_save_map__struct.hpp
[53.810s] -- Installing: /root/codes/iron_yahboomcar_ws/install/yahboom_web_savmap_interfaces/include/yahboom_web_savmap_interfaces/srv/web_save_map.hpp
[53.810s] -- Up-to-date: /root/codes/iron_yahboomcar_ws/install/yahboom_web_savmap_interfaces/include/yahboom_web_savmap_interfaces
[53.811s] -- Up-to-date: /root/codes/iron_yahboomcar_ws/install/yahboom_web_savmap_interfaces/include/yahboom_web_savmap_interfaces/srv
[53.811s] -- Up-to-date: /root/codes/iron_yahboomcar_ws/install/yahboom_web_savmap_interfaces/include/yahboom_web_savmap_interfaces/srv/detail
[53.812s] -- Installing: /root/codes/iron_yahboomcar_ws/install/yahboom_web_savmap_interfaces/include/yahboom_web_savmap_interfaces/srv/detail/web_save_map__type_support.cpp
[53.812s] -- Installing: /root/codes/iron_yahboomcar_ws/install/yahboom_web_savmap_interfaces/include/yahboom_web_savmap_interfaces/srv/detail/web_save_map__rosidl_typesupport_introspection_cpp.hpp
[53.817s] -- Installing: /root/codes/iron_yahboomcar_ws/install/yahboom_web_savmap_interfaces/lib/libyahboom_web_savmap_interfaces__rosidl_typesupport_introspection_cpp.so
[53.819s] -- Set runtime path of "/root/codes/iron_yahboomcar_ws/install/yahboom_web_savmap_interfaces/lib/libyahboom_web_savmap_interfaces__rosidl_typesupport_introspection_cpp.so" to ""
[53.825s] -- Installing: /root/codes/iron_yahboomcar_ws/install/yahboom_web_savmap_interfaces/lib/libyahboom_web_savmap_interfaces__rosidl_typesupport_cpp.so
[53.828s] -- Set runtime path of "/root/codes/iron_yahboomcar_ws/install/yahboom_web_savmap_interfaces/lib/libyahboom_web_savmap_interfaces__rosidl_typesupport_cpp.so" to ""
[53.830s] -- Installing: /root/codes/iron_yahboomcar_ws/install/yahboom_web_savmap_interfaces/share/yahboom_web_savmap_interfaces/environment/pythonpath.sh
[53.831s] -- Installing: /root/codes/iron_yahboomcar_ws/install/yahboom_web_savmap_interfaces/share/yahboom_web_savmap_interfaces/environment/pythonpath.dsv
[53.834s] -- Installing: /root/codes/iron_yahboomcar_ws/install/yahboom_web_savmap_interfaces/lib/python3.8/site-packages/yahboom_web_savmap_interfaces/__init__.py
[54.173s] Compiling '/root/codes/iron_yahboomcar_ws/install/yahboom_web_savmap_interfaces/lib/python3.8/site-packages/yahboom_web_savmap_interfaces/__init__.py'...
[54.214s] -- Up-to-date: /root/codes/iron_yahboomcar_ws/install/yahboom_web_savmap_interfaces/lib/python3.8/site-packages/yahboom_web_savmap_interfaces/srv
[54.215s] -- Installing: /root/codes/iron_yahboomcar_ws/install/yahboom_web_savmap_interfaces/lib/python3.8/site-packages/yahboom_web_savmap_interfaces/srv/_web_save_map_s.c
[54.216s] -- Installing: /root/codes/iron_yahboomcar_ws/install/yahboom_web_savmap_interfaces/lib/python3.8/site-packages/yahboom_web_savmap_interfaces/srv/__init__.py
[54.217s] -- Installing: /root/codes/iron_yahboomcar_ws/install/yahboom_web_savmap_interfaces/lib/python3.8/site-packages/yahboom_web_savmap_interfaces/srv/_web_save_map.py
[54.229s] -- Installing: /root/codes/iron_yahboomcar_ws/install/yahboom_web_savmap_interfaces/lib/python3.8/site-packages/yahboom_web_savmap_interfaces/yahboom_web_savmap_interfaces_s__rosidl_typesupport_fastrtps_c.cpython-38-aarch64-linux-gnu.so
[54.231s] -- Set runtime path of "/root/codes/iron_yahboomcar_ws/install/yahboom_web_savmap_interfaces/lib/python3.8/site-packages/yahboom_web_savmap_interfaces/yahboom_web_savmap_interfaces_s__rosidl_typesupport_fastrtps_c.cpython-38-aarch64-linux-gnu.so" to ""
[54.241s] -- Installing: /root/codes/iron_yahboomcar_ws/install/yahboom_web_savmap_interfaces/lib/python3.8/site-packages/yahboom_web_savmap_interfaces/yahboom_web_savmap_interfaces_s__rosidl_typesupport_introspection_c.cpython-38-aarch64-linux-gnu.so
[54.255s] -- Set runtime path of "/root/codes/iron_yahboomcar_ws/install/yahboom_web_savmap_interfaces/lib/python3.8/site-packages/yahboom_web_savmap_interfaces/yahboom_web_savmap_interfaces_s__rosidl_typesupport_introspection_c.cpython-38-aarch64-linux-gnu.so" to ""
[54.267s] -- Installing: /root/codes/iron_yahboomcar_ws/install/yahboom_web_savmap_interfaces/lib/python3.8/site-packages/yahboom_web_savmap_interfaces/yahboom_web_savmap_interfaces_s__rosidl_typesupport_c.cpython-38-aarch64-linux-gnu.so
[54.271s] -- Set runtime path of "/root/codes/iron_yahboomcar_ws/install/yahboom_web_savmap_interfaces/lib/python3.8/site-packages/yahboom_web_savmap_interfaces/yahboom_web_savmap_interfaces_s__rosidl_typesupport_c.cpython-38-aarch64-linux-gnu.so" to ""
[54.287s] -- Installing: /root/codes/iron_yahboomcar_ws/install/yahboom_web_savmap_interfaces/lib/libyahboom_web_savmap_interfaces__python.so
[54.290s] -- Set runtime path of "/root/codes/iron_yahboomcar_ws/install/yahboom_web_savmap_interfaces/lib/libyahboom_web_savmap_interfaces__python.so" to ""
[54.294s] -- Installing: /root/codes/iron_yahboomcar_ws/install/yahboom_web_savmap_interfaces/share/yahboom_web_savmap_interfaces/srv/WebSaveMap.idl
[54.295s] -- Installing: /root/codes/iron_yahboomcar_ws/install/yahboom_web_savmap_interfaces/share/yahboom_web_savmap_interfaces/srv/WebSaveMap.srv
[54.296s] -- Installing: /root/codes/iron_yahboomcar_ws/install/yahboom_web_savmap_interfaces/share/yahboom_web_savmap_interfaces/srv/WebSaveMap_Request.msg
[54.297s] -- Installing: /root/codes/iron_yahboomcar_ws/install/yahboom_web_savmap_interfaces/share/yahboom_web_savmap_interfaces/srv/WebSaveMap_Response.msg
[54.297s] -- Installing: /root/codes/iron_yahboomcar_ws/install/yahboom_web_savmap_interfaces/share/ament_index/resource_index/package_run_dependencies/yahboom_web_savmap_interfaces
[54.304s] -- Installing: /root/codes/iron_yahboomcar_ws/install/yahboom_web_savmap_interfaces/share/ament_index/resource_index/parent_prefix_path/yahboom_web_savmap_interfaces
[54.306s] -- Installing: /root/codes/iron_yahboomcar_ws/install/yahboom_web_savmap_interfaces/share/yahboom_web_savmap_interfaces/environment/ament_prefix_path.sh
[54.311s] -- Installing: /root/codes/iron_yahboomcar_ws/install/yahboom_web_savmap_interfaces/share/yahboom_web_savmap_interfaces/environment/ament_prefix_path.dsv
[54.317s] -- Installing: /root/codes/iron_yahboomcar_ws/install/yahboom_web_savmap_interfaces/share/yahboom_web_savmap_interfaces/environment/path.sh
[54.324s] -- Installing: /root/codes/iron_yahboomcar_ws/install/yahboom_web_savmap_interfaces/share/yahboom_web_savmap_interfaces/environment/path.dsv
[54.325s] -- Installing: /root/codes/iron_yahboomcar_ws/install/yahboom_web_savmap_interfaces/share/yahboom_web_savmap_interfaces/local_setup.bash
[54.326s] -- Installing: /root/codes/iron_yahboomcar_ws/install/yahboom_web_savmap_interfaces/share/yahboom_web_savmap_interfaces/local_setup.sh
[54.326s] -- Installing: /root/codes/iron_yahboomcar_ws/install/yahboom_web_savmap_interfaces/share/yahboom_web_savmap_interfaces/local_setup.zsh
[54.327s] -- Installing: /root/codes/iron_yahboomcar_ws/install/yahboom_web_savmap_interfaces/share/yahboom_web_savmap_interfaces/local_setup.dsv
[54.328s] -- Installing: /root/codes/iron_yahboomcar_ws/install/yahboom_web_savmap_interfaces/share/yahboom_web_savmap_interfaces/package.dsv
[54.331s] -- Installing: /root/codes/iron_yahboomcar_ws/install/yahboom_web_savmap_interfaces/share/ament_index/resource_index/packages/yahboom_web_savmap_interfaces
[54.343s] -- Installing: /root/codes/iron_yahboomcar_ws/install/yahboom_web_savmap_interfaces/share/yahboom_web_savmap_interfaces/cmake/yahboom_web_savmap_interfaces__rosidl_generator_cExport.cmake
[54.344s] -- Installing: /root/codes/iron_yahboomcar_ws/install/yahboom_web_savmap_interfaces/share/yahboom_web_savmap_interfaces/cmake/yahboom_web_savmap_interfaces__rosidl_generator_cExport-noconfig.cmake
[54.344s] -- Installing: /root/codes/iron_yahboomcar_ws/install/yahboom_web_savmap_interfaces/share/yahboom_web_savmap_interfaces/cmake/yahboom_web_savmap_interfaces__rosidl_typesupport_introspection_cExport.cmake
[54.352s] -- Installing: /root/codes/iron_yahboomcar_ws/install/yahboom_web_savmap_interfaces/share/yahboom_web_savmap_interfaces/cmake/yahboom_web_savmap_interfaces__rosidl_typesupport_introspection_cExport-noconfig.cmake
[54.367s] -- Installing: /root/codes/iron_yahboomcar_ws/install/yahboom_web_savmap_interfaces/share/yahboom_web_savmap_interfaces/cmake/yahboom_web_savmap_interfaces__rosidl_typesupport_cExport.cmake
[54.368s] -- Installing: /root/codes/iron_yahboomcar_ws/install/yahboom_web_savmap_interfaces/share/yahboom_web_savmap_interfaces/cmake/yahboom_web_savmap_interfaces__rosidl_typesupport_cExport-noconfig.cmake
[54.369s] -- Installing: /root/codes/iron_yahboomcar_ws/install/yahboom_web_savmap_interfaces/share/yahboom_web_savmap_interfaces/cmake/yahboom_web_savmap_interfaces__rosidl_generator_cppExport.cmake
[54.379s] -- Installing: /root/codes/iron_yahboomcar_ws/install/yahboom_web_savmap_interfaces/share/yahboom_web_savmap_interfaces/cmake/yahboom_web_savmap_interfaces__rosidl_typesupport_introspection_cppExport.cmake
[54.380s] -- Installing: /root/codes/iron_yahboomcar_ws/install/yahboom_web_savmap_interfaces/share/yahboom_web_savmap_interfaces/cmake/yahboom_web_savmap_interfaces__rosidl_typesupport_introspection_cppExport-noconfig.cmake
[54.385s] -- Installing: /root/codes/iron_yahboomcar_ws/install/yahboom_web_savmap_interfaces/share/yahboom_web_savmap_interfaces/cmake/yahboom_web_savmap_interfaces__rosidl_typesupport_cppExport.cmake
[54.386s] -- Installing: /root/codes/iron_yahboomcar_ws/install/yahboom_web_savmap_interfaces/share/yahboom_web_savmap_interfaces/cmake/yahboom_web_savmap_interfaces__rosidl_typesupport_cppExport-noconfig.cmake
[54.387s] -- Installing: /root/codes/iron_yahboomcar_ws/install/yahboom_web_savmap_interfaces/share/yahboom_web_savmap_interfaces/cmake/rosidl_cmake-extras.cmake
[54.388s] -- Installing: /root/codes/iron_yahboomcar_ws/install/yahboom_web_savmap_interfaces/share/yahboom_web_savmap_interfaces/cmake/ament_cmake_export_dependencies-extras.cmake
[54.389s] -- Installing: /root/codes/iron_yahboomcar_ws/install/yahboom_web_savmap_interfaces/share/yahboom_web_savmap_interfaces/cmake/ament_cmake_export_libraries-extras.cmake
[54.390s] -- Installing: /root/codes/iron_yahboomcar_ws/install/yahboom_web_savmap_interfaces/share/yahboom_web_savmap_interfaces/cmake/ament_cmake_export_targets-extras.cmake
[54.390s] -- Installing: /root/codes/iron_yahboomcar_ws/install/yahboom_web_savmap_interfaces/share/yahboom_web_savmap_interfaces/cmake/ament_cmake_export_include_directories-extras.cmake
[54.391s] -- Installing: /root/codes/iron_yahboomcar_ws/install/yahboom_web_savmap_interfaces/share/yahboom_web_savmap_interfaces/cmake/rosidl_cmake_export_typesupport_libraries-extras.cmake
[54.392s] -- Installing: /root/codes/iron_yahboomcar_ws/install/yahboom_web_savmap_interfaces/share/yahboom_web_savmap_interfaces/cmake/rosidl_cmake_export_typesupport_targets-extras.cmake
[54.398s] -- Installing: /root/codes/iron_yahboomcar_ws/install/yahboom_web_savmap_interfaces/share/yahboom_web_savmap_interfaces/cmake/yahboom_web_savmap_interfacesConfig.cmake
[54.398s] -- Installing: /root/codes/iron_yahboomcar_ws/install/yahboom_web_savmap_interfaces/share/yahboom_web_savmap_interfaces/cmake/yahboom_web_savmap_interfacesConfig-version.cmake
[54.399s] -- Installing: /root/codes/iron_yahboomcar_ws/install/yahboom_web_savmap_interfaces/share/yahboom_web_savmap_interfaces/package.xml
[54.415s] Invoked command in '/root/codes/iron_yahboomcar_ws/build/yahboom_web_savmap_interfaces' returned '0': CMAKE_PREFIX_PATH=${CMAKE_PREFIX_PATH}:/root/codes/iron_yahboomcar_ws/install/yahboomcar_voice_ctrl:/root/codes/iron_yahboomcar_ws/install/yahboomcar_visual:/root/codes/iron_yahboomcar_ws/install/yahboomcar_nav:/root/codes/iron_yahboomcar_ws/install/yahboomcar_multi:/root/codes/iron_yahboomcar_ws/install/yahboomcar_mediapipe:/root/codes/iron_yahboomcar_ws/install/yahboomcar_linefollow:/root/codes/iron_yahboomcar_ws/install/yahboomcar_laser:/root/codes/iron_yahboomcar_ws/install/yahboomcar_description_x1:/root/codes/iron_yahboomcar_ws/install/yahboomcar_description:/root/codes/iron_yahboomcar_ws/install/yahboomcar_ctrl:/root/codes/iron_yahboomcar_ws/install/yahboomcar_bringup:/root/codes/iron_yahboomcar_ws/install/yahboomcar_astra:/root/codes/iron_yahboomcar_ws/install/yahboom_app_save_map:/root/codes/iron_yahboomcar_ws/install/robot_pose_publisher:/root/codes/iron_yahboomcar_ws/install/laserscan_to_point_pulisher:/root/yahboomcar_ros2_ws/yahboomcar_ws/install/yahboomcar_voice_ctrl:/root/yahboomcar_ros2_ws/yahboomcar_ws/install/yahboomcar_visual:/root/yahboomcar_ros2_ws/yahboomcar_ws/install/yahboomcar_nav:/root/yahboomcar_ros2_ws/yahboomcar_ws/install/yahboomcar_multi:/root/yahboomcar_ros2_ws/yahboomcar_ws/install/yahboomcar_mediapipe:/root/yahboomcar_ros2_ws/yahboomcar_ws/install/yahboomcar_linefollow:/root/yahboomcar_ros2_ws/yahboomcar_ws/install/yahboomcar_laser:/root/yahboomcar_ros2_ws/yahboomcar_ws/install/yahboomcar_description_x1:/root/yahboomcar_ros2_ws/yahboomcar_ws/install/yahboomcar_description:/root/yahboomcar_ros2_ws/yahboomcar_ws/install/yahboomcar_ctrl:/root/yahboomcar_ros2_ws/yahboomcar_ws/install/yahboomcar_bringup:/root/yahboomcar_ros2_ws/yahboomcar_ws/install/yahboomcar_astra:/root/yahboomcar_ros2_ws/yahboomcar_ws/install/yahboom_app_save_map:/root/yahboomcar_ros2_ws/yahboomcar_ws/install/robot_pose_publisher:/root/yahboomcar_ros2_ws/yahboomcar_ws/install/laserscan_to_point_pulisher:/opt/ros/foxy /usr/bin/cmake --install /root/codes/iron_yahboomcar_ws/build/yahboom_web_savmap_interfaces
