running egg_info
writing ../../build/yahboomcar_visual/yahboomcar_visual.egg-info/PKG-INFO
writing dependency_links to ../../build/yahboomcar_visual/yahboomcar_visual.egg-info/dependency_links.txt
writing entry points to ../../build/yahboomcar_visual/yahboomcar_visual.egg-info/entry_points.txt
writing requirements to ../../build/yahboomcar_visual/yahboomcar_visual.egg-info/requires.txt
writing top-level names to ../../build/yahboomcar_visual/yahboomcar_visual.egg-info/top_level.txt
reading manifest file '../../build/yahboomcar_visual/yahboomcar_visual.egg-info/SOURCES.txt'
writing manifest file '../../build/yahboomcar_visual/yahboomcar_visual.egg-info/SOURCES.txt'
running build
running build_py
running install
running install_lib
running install_data
running install_egg_info
removing '/root/yahboomcar_ros2_ws/yahboomcar_ws/install/yahboomcar_visual/lib/python3.8/site-packages/yahboomcar_visual-0.0.0-py3.8.egg-info' (and everything under it)
Copying ../../build/yahboomcar_visual/yahboomcar_visual.egg-info to /root/yahboomcar_ros2_ws/yahboomcar_ws/install/yahboomcar_visual/lib/python3.8/site-packages/yahboomcar_visual-0.0.0-py3.8.egg-info
running install_scripts
Installing astra_color_point script to /root/yahboomcar_ros2_ws/yahboomcar_ws/install/yahboomcar_visual/lib/yahboomcar_visual
Installing astra_depth_image script to /root/yahboomcar_ros2_ws/yahboomcar_ws/install/yahboomcar_visual/lib/yahboomcar_visual
Installing astra_image_flip script to /root/yahboomcar_ros2_ws/yahboomcar_ws/install/yahboomcar_visual/lib/yahboomcar_visual
Installing astra_rgb_image script to /root/yahboomcar_ros2_ws/yahboomcar_ws/install/yahboomcar_visual/lib/yahboomcar_visual
Installing laser_to_image script to /root/yahboomcar_ros2_ws/yahboomcar_ws/install/yahboomcar_visual/lib/yahboomcar_visual
Installing pub_image script to /root/yahboomcar_ros2_ws/yahboomcar_ws/install/yahboomcar_visual/lib/yahboomcar_visual
Installing simple_AR script to /root/yahboomcar_ros2_ws/yahboomcar_ws/install/yahboomcar_visual/lib/yahboomcar_visual
writing list of installed files to '/root/yahboomcar_ros2_ws/yahboomcar_ws/build/yahboomcar_visual/install.log'
