[4.217s] Invoking command in '/root/yahboomcar_ros2_ws/yahboomcar_ws/src/yahboomcar_visual': PYTHONPATH=/root/yahboomcar_ros2_ws/yahboomcar_ws/build/yahboomcar_visual/prefix_override:/root/yahboomcar_ros2_ws/yahboomcar_ws/install/yahboomcar_visual/lib/python3.8/site-packages:${PYTHONPATH} /usr/bin/python3 setup.py egg_info --egg-base ../../build/yahboomcar_visual build --build-base /root/yahboomcar_ros2_ws/yahboomcar_ws/build/yahboomcar_visual/build install --record /root/yahboomcar_ros2_ws/yahboomcar_ws/build/yahboomcar_visual/install.log --install-scripts $base/lib/yahboomcar_visual --single-version-externally-managed
[5.465s] running egg_info
[5.468s] writing ../../build/yahboomcar_visual/yahboomcar_visual.egg-info/PKG-INFO
[5.469s] writing dependency_links to ../../build/yahboomcar_visual/yahboomcar_visual.egg-info/dependency_links.txt
[5.470s] writing entry points to ../../build/yahboomcar_visual/yahboomcar_visual.egg-info/entry_points.txt
[5.470s] writing requirements to ../../build/yahboomcar_visual/yahboomcar_visual.egg-info/requires.txt
[5.471s] writing top-level names to ../../build/yahboomcar_visual/yahboomcar_visual.egg-info/top_level.txt
[5.646s] reading manifest file '../../build/yahboomcar_visual/yahboomcar_visual.egg-info/SOURCES.txt'
[5.659s] writing manifest file '../../build/yahboomcar_visual/yahboomcar_visual.egg-info/SOURCES.txt'
[5.660s] running build
[5.660s] running build_py
[5.664s] running install
[5.668s] running install_lib
[5.679s] running install_data
[5.682s] running install_egg_info
[5.691s] removing '/root/yahboomcar_ros2_ws/yahboomcar_ws/install/yahboomcar_visual/lib/python3.8/site-packages/yahboomcar_visual-0.0.0-py3.8.egg-info' (and everything under it)
[5.692s] Copying ../../build/yahboomcar_visual/yahboomcar_visual.egg-info to /root/yahboomcar_ros2_ws/yahboomcar_ws/install/yahboomcar_visual/lib/python3.8/site-packages/yahboomcar_visual-0.0.0-py3.8.egg-info
[5.711s] running install_scripts
[5.798s] Installing astra_color_point script to /root/yahboomcar_ros2_ws/yahboomcar_ws/install/yahboomcar_visual/lib/yahboomcar_visual
[5.800s] Installing astra_depth_image script to /root/yahboomcar_ros2_ws/yahboomcar_ws/install/yahboomcar_visual/lib/yahboomcar_visual
[5.800s] Installing astra_image_flip script to /root/yahboomcar_ros2_ws/yahboomcar_ws/install/yahboomcar_visual/lib/yahboomcar_visual
[5.801s] Installing astra_rgb_image script to /root/yahboomcar_ros2_ws/yahboomcar_ws/install/yahboomcar_visual/lib/yahboomcar_visual
[5.801s] Installing laser_to_image script to /root/yahboomcar_ros2_ws/yahboomcar_ws/install/yahboomcar_visual/lib/yahboomcar_visual
[5.801s] Installing pub_image script to /root/yahboomcar_ros2_ws/yahboomcar_ws/install/yahboomcar_visual/lib/yahboomcar_visual
[5.803s] Installing simple_AR script to /root/yahboomcar_ros2_ws/yahboomcar_ws/install/yahboomcar_visual/lib/yahboomcar_visual
[5.816s] writing list of installed files to '/root/yahboomcar_ros2_ws/yahboomcar_ws/build/yahboomcar_visual/install.log'
[5.914s] Invoked command in '/root/yahboomcar_ros2_ws/yahboomcar_ws/src/yahboomcar_visual' returned '0': PYTHONPATH=/root/yahboomcar_ros2_ws/yahboomcar_ws/build/yahboomcar_visual/prefix_override:/root/yahboomcar_ros2_ws/yahboomcar_ws/install/yahboomcar_visual/lib/python3.8/site-packages:${PYTHONPATH} /usr/bin/python3 setup.py egg_info --egg-base ../../build/yahboomcar_visual build --build-base /root/yahboomcar_ros2_ws/yahboomcar_ws/build/yahboomcar_visual/build install --record /root/yahboomcar_ros2_ws/yahboomcar_ws/build/yahboomcar_visual/install.log --install-scripts $base/lib/yahboomcar_visual --single-version-externally-managed
