[7.583s] Invoking command in '/root/yahboomcar_ros2_ws/yahboomcar_ws/src/yahboomcar_description_x1': PYTHONPATH=/root/yahboomcar_ros2_ws/yahboomcar_ws/build/yahboomcar_description_x1/prefix_override:/root/yahboomcar_ros2_ws/yahboomcar_ws/install/yahboomcar_description_x1/lib/python3.8/site-packages:${PYTHONPATH} /usr/bin/python3 setup.py egg_info --egg-base ../../build/yahboomcar_description_x1 build --build-base /root/yahboomcar_ros2_ws/yahboomcar_ws/build/yahboomcar_description_x1/build install --record /root/yahboomcar_ros2_ws/yahboomcar_ws/build/yahboomcar_description_x1/install.log --install-scripts $base/lib/yahboomcar_description_x1 --single-version-externally-managed
[8.914s] running egg_info
[8.917s] writing ../../build/yahboomcar_description_x1/yahboomcar_description_x1.egg-info/PKG-INFO
[8.929s] writing dependency_links to ../../build/yahboomcar_description_x1/yahboomcar_description_x1.egg-info/dependency_links.txt
[8.930s] writing entry points to ../../build/yahboomcar_description_x1/yahboomcar_description_x1.egg-info/entry_points.txt
[8.930s] writing requirements to ../../build/yahboomcar_description_x1/yahboomcar_description_x1.egg-info/requires.txt
[8.931s] writing top-level names to ../../build/yahboomcar_description_x1/yahboomcar_description_x1.egg-info/top_level.txt
[9.118s] reading manifest file '../../build/yahboomcar_description_x1/yahboomcar_description_x1.egg-info/SOURCES.txt'
[9.125s] writing manifest file '../../build/yahboomcar_description_x1/yahboomcar_description_x1.egg-info/SOURCES.txt'
[9.125s] running build
[9.126s] running build_py
[9.129s] running install
[9.139s] running install_lib
[9.146s] running install_data
[9.162s] running install_egg_info
[9.171s] removing '/root/yahboomcar_ros2_ws/yahboomcar_ws/install/yahboomcar_description_x1/lib/python3.8/site-packages/yahboomcar_description_x1-0.0.0-py3.8.egg-info' (and everything under it)
[9.172s] Copying ../../build/yahboomcar_description_x1/yahboomcar_description_x1.egg-info to /root/yahboomcar_ros2_ws/yahboomcar_ws/install/yahboomcar_description_x1/lib/python3.8/site-packages/yahboomcar_description_x1-0.0.0-py3.8.egg-info
[9.179s] running install_scripts
[9.266s] writing list of installed files to '/root/yahboomcar_ros2_ws/yahboomcar_ws/build/yahboomcar_description_x1/install.log'
[9.385s] Invoked command in '/root/yahboomcar_ros2_ws/yahboomcar_ws/src/yahboomcar_description_x1' returned '0': PYTHONPATH=/root/yahboomcar_ros2_ws/yahboomcar_ws/build/yahboomcar_description_x1/prefix_override:/root/yahboomcar_ros2_ws/yahboomcar_ws/install/yahboomcar_description_x1/lib/python3.8/site-packages:${PYTHONPATH} /usr/bin/python3 setup.py egg_info --egg-base ../../build/yahboomcar_description_x1 build --build-base /root/yahboomcar_ros2_ws/yahboomcar_ws/build/yahboomcar_description_x1/build install --record /root/yahboomcar_ros2_ws/yahboomcar_ws/build/yahboomcar_description_x1/install.log --install-scripts $base/lib/yahboomcar_description_x1 --single-version-externally-managed
