[11.813s] Invoking command in '/root/codes/iron_yahboomcar_ws/src/robot_pose_publisher': PYTHONPATH=/root/codes/iron_yahboomcar_ws/build/robot_pose_publisher/prefix_override:/root/codes/iron_yahboomcar_ws/install/robot_pose_publisher/lib/python3.8/site-packages:${PYTHONPATH} /usr/bin/python3 setup.py egg_info --egg-base ../../build/robot_pose_publisher build --build-base /root/codes/iron_yahboomcar_ws/build/robot_pose_publisher/build install --record /root/codes/iron_yahboomcar_ws/build/robot_pose_publisher/install.log --install-scripts $base/lib/robot_pose_publisher --single-version-externally-managed
[13.190s] running egg_info
[13.192s] creating ../../build/robot_pose_publisher/robot_pose_publisher.egg-info
[13.193s] writing ../../build/robot_pose_publisher/robot_pose_publisher.egg-info/PKG-INFO
[13.198s] writing dependency_links to ../../build/robot_pose_publisher/robot_pose_publisher.egg-info/dependency_links.txt
[13.198s] writing entry points to ../../build/robot_pose_publisher/robot_pose_publisher.egg-info/entry_points.txt
[13.199s] writing requirements to ../../build/robot_pose_publisher/robot_pose_publisher.egg-info/requires.txt
[13.200s] writing top-level names to ../../build/robot_pose_publisher/robot_pose_publisher.egg-info/top_level.txt
[14.227s] writing manifest file '../../build/robot_pose_publisher/robot_pose_publisher.egg-info/SOURCES.txt'
[14.395s] reading manifest file '../../build/robot_pose_publisher/robot_pose_publisher.egg-info/SOURCES.txt'
[14.398s] writing manifest file '../../build/robot_pose_publisher/robot_pose_publisher.egg-info/SOURCES.txt'
[14.399s] running build
[14.400s] running build_py
[14.401s] creating /root/codes/iron_yahboomcar_ws/build/robot_pose_publisher/build
[14.401s] creating /root/codes/iron_yahboomcar_ws/build/robot_pose_publisher/build/lib
[14.402s] creating /root/codes/iron_yahboomcar_ws/build/robot_pose_publisher/build/lib/robot_pose_publisher
[14.403s] copying robot_pose_publisher/__init__.py -> /root/codes/iron_yahboomcar_ws/build/robot_pose_publisher/build/lib/robot_pose_publisher
[14.404s] copying robot_pose_publisher/robot_pose_publisher.py -> /root/codes/iron_yahboomcar_ws/build/robot_pose_publisher/build/lib/robot_pose_publisher
[14.405s] running install
[14.408s] running install_lib
[15.176s] copying /root/codes/iron_yahboomcar_ws/build/robot_pose_publisher/build/lib/robot_pose_publisher/__init__.py -> /root/codes/iron_yahboomcar_ws/install/robot_pose_publisher/lib/python3.8/site-packages/robot_pose_publisher
[15.176s] copying /root/codes/iron_yahboomcar_ws/build/robot_pose_publisher/build/lib/robot_pose_publisher/robot_pose_publisher.py -> /root/codes/iron_yahboomcar_ws/install/robot_pose_publisher/lib/python3.8/site-packages/robot_pose_publisher
[15.181s] byte-compiling /root/codes/iron_yahboomcar_ws/install/robot_pose_publisher/lib/python3.8/site-packages/robot_pose_publisher/__init__.py to __init__.cpython-38.pyc
[15.186s] byte-compiling /root/codes/iron_yahboomcar_ws/install/robot_pose_publisher/lib/python3.8/site-packages/robot_pose_publisher/robot_pose_publisher.py to robot_pose_publisher.cpython-38.pyc
[15.188s] running install_data
[15.191s] copying resource/robot_pose_publisher -> /root/codes/iron_yahboomcar_ws/install/robot_pose_publisher/share/ament_index/resource_index/packages
[15.191s] copying package.xml -> /root/codes/iron_yahboomcar_ws/install/robot_pose_publisher/share/robot_pose_publisher
[15.192s] running install_egg_info
[15.200s] removing '/root/codes/iron_yahboomcar_ws/install/robot_pose_publisher/lib/python3.8/site-packages/robot_pose_publisher-0.0.0-py3.8.egg-info' (and everything under it)
[15.201s] Copying ../../build/robot_pose_publisher/robot_pose_publisher.egg-info to /root/codes/iron_yahboomcar_ws/install/robot_pose_publisher/lib/python3.8/site-packages/robot_pose_publisher-0.0.0-py3.8.egg-info
[15.204s] running install_scripts
[15.289s] Installing robot_pose_publisher script to /root/codes/iron_yahboomcar_ws/install/robot_pose_publisher/lib/robot_pose_publisher
[15.290s] writing list of installed files to '/root/codes/iron_yahboomcar_ws/build/robot_pose_publisher/install.log'
[15.806s] Invoked command in '/root/codes/iron_yahboomcar_ws/src/robot_pose_publisher' returned '0': PYTHONPATH=/root/codes/iron_yahboomcar_ws/build/robot_pose_publisher/prefix_override:/root/codes/iron_yahboomcar_ws/install/robot_pose_publisher/lib/python3.8/site-packages:${PYTHONPATH} /usr/bin/python3 setup.py egg_info --egg-base ../../build/robot_pose_publisher build --build-base /root/codes/iron_yahboomcar_ws/build/robot_pose_publisher/build install --record /root/codes/iron_yahboomcar_ws/build/robot_pose_publisher/install.log --install-scripts $base/lib/robot_pose_publisher --single-version-externally-managed
