[6.877s] Invoking command in '/root/yahboomcar_ros2_ws/yahboomcar_ws/src/yahboomcar_astra': PYTHONPATH=/root/yahboomcar_ros2_ws/yahboomcar_ws/build/yahboomcar_astra/prefix_override:/root/yahboomcar_ros2_ws/yahboomcar_ws/install/yahboomcar_astra/lib/python3.8/site-packages:${PYTHONPATH} /usr/bin/python3 setup.py egg_info --egg-base ../../build/yahboomcar_astra build --build-base /root/yahboomcar_ros2_ws/yahboomcar_ws/build/yahboomcar_astra/build install --record /root/yahboomcar_ros2_ws/yahboomcar_ws/build/yahboomcar_astra/install.log --install-scripts $base/lib/yahboomcar_astra --single-version-externally-managed
[8.629s] running egg_info
[8.632s] writing ../../build/yahboomcar_astra/yahboomcar_astra.egg-info/PKG-INFO
[8.635s] writing dependency_links to ../../build/yahboomcar_astra/yahboomcar_astra.egg-info/dependency_links.txt
[8.636s] writing entry points to ../../build/yahboomcar_astra/yahboomcar_astra.egg-info/entry_points.txt
[8.637s] writing requirements to ../../build/yahboomcar_astra/yahboomcar_astra.egg-info/requires.txt
[8.638s] writing top-level names to ../../build/yahboomcar_astra/yahboomcar_astra.egg-info/top_level.txt
[8.832s] reading manifest file '../../build/yahboomcar_astra/yahboomcar_astra.egg-info/SOURCES.txt'
[8.838s] writing manifest file '../../build/yahboomcar_astra/yahboomcar_astra.egg-info/SOURCES.txt'
[8.840s] running build
[8.841s] running build_py
[8.848s] running install
[8.854s] running install_lib
[8.872s] running install_data
[8.877s] running install_egg_info
[8.888s] removing '/root/yahboomcar_ros2_ws/yahboomcar_ws/install/yahboomcar_astra/lib/python3.8/site-packages/yahboomcar_astra-0.0.0-py3.8.egg-info' (and everything under it)
[8.893s] Copying ../../build/yahboomcar_astra/yahboomcar_astra.egg-info to /root/yahboomcar_ros2_ws/yahboomcar_ws/install/yahboomcar_astra/lib/python3.8/site-packages/yahboomcar_astra-0.0.0-py3.8.egg-info
[8.903s] running install_scripts
[9.022s] Installing colorHSV script to /root/yahboomcar_ros2_ws/yahboomcar_ws/install/yahboomcar_astra/lib/yahboomcar_astra
[9.026s] Installing colorTracker script to /root/yahboomcar_ros2_ws/yahboomcar_ws/install/yahboomcar_astra/lib/yahboomcar_astra
[9.028s] writing list of installed files to '/root/yahboomcar_ros2_ws/yahboomcar_ws/build/yahboomcar_astra/install.log'
[9.190s] Invoked command in '/root/yahboomcar_ros2_ws/yahboomcar_ws/src/yahboomcar_astra' returned '0': PYTHONPATH=/root/yahboomcar_ros2_ws/yahboomcar_ws/build/yahboomcar_astra/prefix_override:/root/yahboomcar_ros2_ws/yahboomcar_ws/install/yahboomcar_astra/lib/python3.8/site-packages:${PYTHONPATH} /usr/bin/python3 setup.py egg_info --egg-base ../../build/yahboomcar_astra build --build-base /root/yahboomcar_ros2_ws/yahboomcar_ws/build/yahboomcar_astra/build install --record /root/yahboomcar_ros2_ws/yahboomcar_ws/build/yahboomcar_astra/install.log --install-scripts $base/lib/yahboomcar_astra --single-version-externally-managed
