[5.173s] Invoking command in '/root/yahboomcar_ros2_ws/yahboomcar_ws/src/yahboomcar_nav': PYTHONPATH=/root/yahboomcar_ros2_ws/yahboomcar_ws/build/yahboomcar_nav/prefix_override:/root/yahboomcar_ros2_ws/yahboomcar_ws/install/yahboomcar_nav/lib/python3.8/site-packages:${PYTHONPATH} /usr/bin/python3 setup.py egg_info --egg-base ../../build/yahboomcar_nav build --build-base /root/yahboomcar_ros2_ws/yahboomcar_ws/build/yahboomcar_nav/build install --record /root/yahboomcar_ros2_ws/yahboomcar_ws/build/yahboomcar_nav/install.log --install-scripts $base/lib/yahboomcar_nav --single-version-externally-managed
[6.336s] running egg_info
[6.338s] writing ../../build/yahboomcar_nav/yahboomcar_nav.egg-info/PKG-INFO
[6.339s] writing dependency_links to ../../build/yahboomcar_nav/yahboomcar_nav.egg-info/dependency_links.txt
[6.340s] writing entry points to ../../build/yahboomcar_nav/yahboomcar_nav.egg-info/entry_points.txt
[6.340s] writing requirements to ../../build/yahboomcar_nav/yahboomcar_nav.egg-info/requires.txt
[6.341s] writing top-level names to ../../build/yahboomcar_nav/yahboomcar_nav.egg-info/top_level.txt
[6.510s] reading manifest file '../../build/yahboomcar_nav/yahboomcar_nav.egg-info/SOURCES.txt'
[6.520s] writing manifest file '../../build/yahboomcar_nav/yahboomcar_nav.egg-info/SOURCES.txt'
[6.520s] running build
[6.520s] running build_py
[6.521s] running install
[6.525s] running install_lib
[6.533s] running install_data
[6.538s] copying params/rtabmap_nav_params.yaml -> /root/yahboomcar_ros2_ws/yahboomcar_ws/install/yahboomcar_nav/share/yahboomcar_nav/params
[6.545s] running install_egg_info
[6.552s] removing '/root/yahboomcar_ros2_ws/yahboomcar_ws/install/yahboomcar_nav/lib/python3.8/site-packages/yahboomcar_nav-0.0.0-py3.8.egg-info' (and everything under it)
[6.553s] Copying ../../build/yahboomcar_nav/yahboomcar_nav.egg-info to /root/yahboomcar_ros2_ws/yahboomcar_ws/install/yahboomcar_nav/lib/python3.8/site-packages/yahboomcar_nav-0.0.0-py3.8.egg-info
[6.562s] running install_scripts
[6.635s] Installing scan_filter script to /root/yahboomcar_ros2_ws/yahboomcar_ws/install/yahboomcar_nav/lib/yahboomcar_nav
[6.640s] writing list of installed files to '/root/yahboomcar_ros2_ws/yahboomcar_ws/build/yahboomcar_nav/install.log'
[6.740s] Invoked command in '/root/yahboomcar_ros2_ws/yahboomcar_ws/src/yahboomcar_nav' returned '0': PYTHONPATH=/root/yahboomcar_ros2_ws/yahboomcar_ws/build/yahboomcar_nav/prefix_override:/root/yahboomcar_ros2_ws/yahboomcar_ws/install/yahboomcar_nav/lib/python3.8/site-packages:${PYTHONPATH} /usr/bin/python3 setup.py egg_info --egg-base ../../build/yahboomcar_nav build --build-base /root/yahboomcar_ros2_ws/yahboomcar_ws/build/yahboomcar_nav/build install --record /root/yahboomcar_ros2_ws/yahboomcar_ws/build/yahboomcar_nav/install.log --install-scripts $base/lib/yahboomcar_nav --single-version-externally-managed
