/root/codes/iron_yahboomcar_ws/install/yahboomcar_linefollow/lib/python3.8/site-packages/yahboomcar_linefollow/__init__.py
/root/codes/iron_yahboomcar_ws/install/yahboomcar_linefollow/lib/python3.8/site-packages/yahboomcar_linefollow/follow_line_4ROS_R2.py
/root/codes/iron_yahboomcar_ws/install/yahboomcar_linefollow/lib/python3.8/site-packages/yahboomcar_linefollow/follow_common.py
/root/codes/iron_yahboomcar_ws/install/yahboomcar_linefollow/lib/python3.8/site-packages/yahboomcar_linefollow/follow_line_a1_X3.py
/root/codes/iron_yahboomcar_ws/install/yahboomcar_linefollow/lib/python3.8/site-packages/yahboomcar_linefollow/follow_line_a1_R2.py
/root/codes/iron_yahboomcar_ws/install/yahboomcar_linefollow/lib/python3.8/site-packages/yahboomcar_linefollow/__pycache__/__init__.cpython-38.pyc
/root/codes/iron_yahboomcar_ws/install/yahboomcar_linefollow/lib/python3.8/site-packages/yahboomcar_linefollow/__pycache__/follow_line_4ROS_R2.cpython-38.pyc
/root/codes/iron_yahboomcar_ws/install/yahboomcar_linefollow/lib/python3.8/site-packages/yahboomcar_linefollow/__pycache__/follow_common.cpython-38.pyc
/root/codes/iron_yahboomcar_ws/install/yahboomcar_linefollow/lib/python3.8/site-packages/yahboomcar_linefollow/__pycache__/follow_line_a1_X3.cpython-38.pyc
/root/codes/iron_yahboomcar_ws/install/yahboomcar_linefollow/lib/python3.8/site-packages/yahboomcar_linefollow/__pycache__/follow_line_a1_R2.cpython-38.pyc
/root/codes/iron_yahboomcar_ws/install/yahboomcar_linefollow/share/ament_index/resource_index/packages/yahboomcar_linefollow
/root/codes/iron_yahboomcar_ws/install/yahboomcar_linefollow/share/yahboomcar_linefollow/package.xml
/root/codes/iron_yahboomcar_ws/install/yahboomcar_linefollow/share/yahboomcar_linefollow/launch/linefollow_X3.launch.py
/root/codes/iron_yahboomcar_ws/install/yahboomcar_linefollow/lib/python3.8/site-packages/yahboomcar_linefollow-0.0.0-py3.8.egg-info/PKG-INFO
/root/codes/iron_yahboomcar_ws/install/yahboomcar_linefollow/lib/python3.8/site-packages/yahboomcar_linefollow-0.0.0-py3.8.egg-info/top_level.txt
/root/codes/iron_yahboomcar_ws/install/yahboomcar_linefollow/lib/python3.8/site-packages/yahboomcar_linefollow-0.0.0-py3.8.egg-info/zip-safe
/root/codes/iron_yahboomcar_ws/install/yahboomcar_linefollow/lib/python3.8/site-packages/yahboomcar_linefollow-0.0.0-py3.8.egg-info/dependency_links.txt
/root/codes/iron_yahboomcar_ws/install/yahboomcar_linefollow/lib/python3.8/site-packages/yahboomcar_linefollow-0.0.0-py3.8.egg-info/entry_points.txt
/root/codes/iron_yahboomcar_ws/install/yahboomcar_linefollow/lib/python3.8/site-packages/yahboomcar_linefollow-0.0.0-py3.8.egg-info/requires.txt
/root/codes/iron_yahboomcar_ws/install/yahboomcar_linefollow/lib/python3.8/site-packages/yahboomcar_linefollow-0.0.0-py3.8.egg-info/SOURCES.txt
/root/codes/iron_yahboomcar_ws/install/yahboomcar_linefollow/lib/yahboomcar_linefollow/follow_line_4ROS_R2
/root/codes/iron_yahboomcar_ws/install/yahboomcar_linefollow/lib/yahboomcar_linefollow/follow_line_a1_R2
/root/codes/iron_yahboomcar_ws/install/yahboomcar_linefollow/lib/yahboomcar_linefollow/follow_line_a1_X3
