running egg_info
creating ../../build/yahboom_app_save_map/yahboom_app_save_map.egg-info
writing ../../build/yahboom_app_save_map/yahboom_app_save_map.egg-info/PKG-INFO
writing dependency_links to ../../build/yahboom_app_save_map/yahboom_app_save_map.egg-info/dependency_links.txt
writing entry points to ../../build/yahboom_app_save_map/yahboom_app_save_map.egg-info/entry_points.txt
writing requirements to ../../build/yahboom_app_save_map/yahboom_app_save_map.egg-info/requires.txt
writing top-level names to ../../build/yahboom_app_save_map/yahboom_app_save_map.egg-info/top_level.txt
writing manifest file '../../build/yahboom_app_save_map/yahboom_app_save_map.egg-info/SOURCES.txt'
reading manifest file '../../build/yahboom_app_save_map/yahboom_app_save_map.egg-info/SOURCES.txt'
writing manifest file '../../build/yahboom_app_save_map/yahboom_app_save_map.egg-info/SOURCES.txt'
running build
running build_py
creating /root/yahboomcar_ros2_ws/yahboomcar_ws/build/yahboom_app_save_map/build
creating /root/yahboomcar_ros2_ws/yahboomcar_ws/build/yahboom_app_save_map/build/lib
creating /root/yahboomcar_ros2_ws/yahboomcar_ws/build/yahboom_app_save_map/build/lib/yahboom_app_save_map
copying yahboom_app_save_map/__init__.py -> /root/yahboomcar_ros2_ws/yahboomcar_ws/build/yahboom_app_save_map/build/lib/yahboom_app_save_map
copying yahboom_app_save_map/yahboom_app_save_map_client.py -> /root/yahboomcar_ros2_ws/yahboomcar_ws/build/yahboom_app_save_map/build/lib/yahboom_app_save_map
copying yahboom_app_save_map/yahboom_app_save_map.py -> /root/yahboomcar_ros2_ws/yahboomcar_ws/build/yahboom_app_save_map/build/lib/yahboom_app_save_map
running install
running install_lib
creating /root/yahboomcar_ros2_ws/yahboomcar_ws/install/yahboom_app_save_map/lib/python3.8/site-packages/yahboom_app_save_map
copying /root/yahboomcar_ros2_ws/yahboomcar_ws/build/yahboom_app_save_map/build/lib/yahboom_app_save_map/__init__.py -> /root/yahboomcar_ros2_ws/yahboomcar_ws/install/yahboom_app_save_map/lib/python3.8/site-packages/yahboom_app_save_map
copying /root/yahboomcar_ros2_ws/yahboomcar_ws/build/yahboom_app_save_map/build/lib/yahboom_app_save_map/yahboom_app_save_map_client.py -> /root/yahboomcar_ros2_ws/yahboomcar_ws/install/yahboom_app_save_map/lib/python3.8/site-packages/yahboom_app_save_map
copying /root/yahboomcar_ros2_ws/yahboomcar_ws/build/yahboom_app_save_map/build/lib/yahboom_app_save_map/yahboom_app_save_map.py -> /root/yahboomcar_ros2_ws/yahboomcar_ws/install/yahboom_app_save_map/lib/python3.8/site-packages/yahboom_app_save_map
byte-compiling /root/yahboomcar_ros2_ws/yahboomcar_ws/install/yahboom_app_save_map/lib/python3.8/site-packages/yahboom_app_save_map/__init__.py to __init__.cpython-38.pyc
byte-compiling /root/yahboomcar_ros2_ws/yahboomcar_ws/install/yahboom_app_save_map/lib/python3.8/site-packages/yahboom_app_save_map/yahboom_app_save_map_client.py to yahboom_app_save_map_client.cpython-38.pyc
byte-compiling /root/yahboomcar_ros2_ws/yahboomcar_ws/install/yahboom_app_save_map/lib/python3.8/site-packages/yahboom_app_save_map/yahboom_app_save_map.py to yahboom_app_save_map.cpython-38.pyc
running install_data
creating /root/yahboomcar_ros2_ws/yahboomcar_ws/install/yahboom_app_save_map/share/ament_index
creating /root/yahboomcar_ros2_ws/yahboomcar_ws/install/yahboom_app_save_map/share/ament_index/resource_index
creating /root/yahboomcar_ros2_ws/yahboomcar_ws/install/yahboom_app_save_map/share/ament_index/resource_index/packages
copying resource/yahboom_app_save_map -> /root/yahboomcar_ros2_ws/yahboomcar_ws/install/yahboom_app_save_map/share/ament_index/resource_index/packages
copying package.xml -> /root/yahboomcar_ros2_ws/yahboomcar_ws/install/yahboom_app_save_map/share/yahboom_app_save_map
copying launch/yahboom_app_save_map.launch.py -> /root/yahboomcar_ros2_ws/yahboomcar_ws/install/yahboom_app_save_map/share/yahboom_app_save_map
running install_egg_info
Copying ../../build/yahboom_app_save_map/yahboom_app_save_map.egg-info to /root/yahboomcar_ros2_ws/yahboomcar_ws/install/yahboom_app_save_map/lib/python3.8/site-packages/yahboom_app_save_map-0.0.0-py3.8.egg-info
running install_scripts
Installing client script to /root/yahboomcar_ros2_ws/yahboomcar_ws/install/yahboom_app_save_map/lib/yahboom_app_save_map
Installing server script to /root/yahboomcar_ros2_ws/yahboomcar_ws/install/yahboom_app_save_map/lib/yahboom_app_save_map
writing list of installed files to '/root/yahboomcar_ros2_ws/yahboomcar_ws/build/yahboom_app_save_map/install.log'
