[29.185s] Invoking command in '/root/yahboomcar_ros2_ws/yahboomcar_ws/src/yahboomcar_voice_ctrl': PYTHONPATH=/root/yahboomcar_ros2_ws/yahboomcar_ws/build/yahboomcar_voice_ctrl/prefix_override:/root/yahboomcar_ros2_ws/yahboomcar_ws/install/yahboomcar_voice_ctrl/lib/python3.8/site-packages:${PYTHONPATH} /usr/bin/python3 setup.py egg_info --egg-base ../../build/yahboomcar_voice_ctrl build --build-base /root/yahboomcar_ros2_ws/yahboomcar_ws/build/yahboomcar_voice_ctrl/build install --record /root/yahboomcar_ros2_ws/yahboomcar_ws/build/yahboomcar_voice_ctrl/install.log --install-scripts $base/lib/yahboomcar_voice_ctrl --single-version-externally-managed
[30.339s] running egg_info
[30.727s] writing ../../build/yahboomcar_voice_ctrl/yahboomcar_voice_ctrl.egg-info/PKG-INFO
[31.319s] writing dependency_links to ../../build/yahboomcar_voice_ctrl/yahboomcar_voice_ctrl.egg-info/dependency_links.txt
[31.867s] writing entry points to ../../build/yahboomcar_voice_ctrl/yahboomcar_voice_ctrl.egg-info/entry_points.txt
[31.868s] writing requirements to ../../build/yahboomcar_voice_ctrl/yahboomcar_voice_ctrl.egg-info/requires.txt
[31.869s] writing top-level names to ../../build/yahboomcar_voice_ctrl/yahboomcar_voice_ctrl.egg-info/top_level.txt
[32.827s] reading manifest file '../../build/yahboomcar_voice_ctrl/yahboomcar_voice_ctrl.egg-info/SOURCES.txt'
[32.832s] writing manifest file '../../build/yahboomcar_voice_ctrl/yahboomcar_voice_ctrl.egg-info/SOURCES.txt'
[33.098s] running build
[33.099s] running build_py
[33.122s] running install
[33.127s] running install_lib
[33.141s] byte-compiling /root/yahboomcar_ros2_ws/yahboomcar_ws/install/yahboomcar_voice_ctrl/lib/python3.8/site-packages/yahboomcar_voice_ctrl/Voice_Ctrl_follow_line_4ROS_R2.py to Voice_Ctrl_follow_line_4ROS_R2.cpython-38.pyc
[33.150s] Sorry: IndentationError: unindent does not match any outer indentation level (Voice_Ctrl_follow_line_4ROS_R2.py, line 279)
[33.151s] byte-compiling /root/yahboomcar_ros2_ws/yahboomcar_ws/install/yahboomcar_voice_ctrl/lib/python3.8/site-packages/yahboomcar_voice_ctrl/Voice_Ctrl_follow_line_a1_X3.py to Voice_Ctrl_follow_line_a1_X3.cpython-38.pyc
[33.175s] byte-compiling /root/yahboomcar_ros2_ws/yahboomcar_ws/install/yahboomcar_voice_ctrl/lib/python3.8/site-packages/yahboomcar_voice_ctrl/Voice_Ctrl_Ackman_driver.py to Voice_Ctrl_Ackman_driver.cpython-38.pyc
[33.175s] Sorry: IndentationError: unindent does not match any outer indentation level (Voice_Ctrl_follow_line_a1_X3.py, line 279)
[33.176s] Sorry: IndentationError: unindent does not match any outer indentation level (Voice_Ctrl_Ackman_driver.py, line 286)
[33.176s] byte-compiling /root/yahboomcar_ros2_ws/yahboomcar_ws/install/yahboomcar_voice_ctrl/lib/python3.8/site-packages/yahboomcar_voice_ctrl/Voice_Ctrl_Mcnamu_driver_X3.py to Voice_Ctrl_Mcnamu_driver_X3.cpython-38.pyc
[33.177s] Sorry: IndentationError: unindent does not match any outer indentation level (Voice_Ctrl_Mcnamu_driver_X3.py, line 273)
[33.178s] byte-compiling /root/yahboomcar_ros2_ws/yahboomcar_ws/install/yahboomcar_voice_ctrl/lib/python3.8/site-packages/yahboomcar_voice_ctrl/Voice_Ctrl_follow_line_a1_R2.py to Voice_Ctrl_follow_line_a1_R2.cpython-38.pyc
[33.183s] Sorry: IndentationError: unindent does not match any outer indentation level (Voice_Ctrl_follow_line_a1_R2.py, line 279)
[33.183s] running install_data
[33.186s] running install_egg_info
[33.196s] removing '/root/yahboomcar_ros2_ws/yahboomcar_ws/install/yahboomcar_voice_ctrl/lib/python3.8/site-packages/yahboomcar_voice_ctrl-0.0.0-py3.8.egg-info' (and everything under it)
[33.234s] Copying ../../build/yahboomcar_voice_ctrl/yahboomcar_voice_ctrl.egg-info to /root/yahboomcar_ros2_ws/yahboomcar_ws/install/yahboomcar_voice_ctrl/lib/python3.8/site-packages/yahboomcar_voice_ctrl-0.0.0-py3.8.egg-info
[33.254s] running install_scripts
[33.340s] Installing Voice_Ctrl_Ackman_driver_R2 script to /root/yahboomcar_ros2_ws/yahboomcar_ws/install/yahboomcar_voice_ctrl/lib/yahboomcar_voice_ctrl
[33.341s] Installing Voice_Ctrl_Mcnamu_driver_X3 script to /root/yahboomcar_ros2_ws/yahboomcar_ws/install/yahboomcar_voice_ctrl/lib/yahboomcar_voice_ctrl
[33.341s] Installing Voice_Ctrl_colorHSV script to /root/yahboomcar_ros2_ws/yahboomcar_ws/install/yahboomcar_voice_ctrl/lib/yahboomcar_voice_ctrl
[33.342s] Installing Voice_Ctrl_colorTracker script to /root/yahboomcar_ros2_ws/yahboomcar_ws/install/yahboomcar_voice_ctrl/lib/yahboomcar_voice_ctrl
[33.344s] Installing Voice_Ctrl_follow_line_4ROS_R2 script to /root/yahboomcar_ros2_ws/yahboomcar_ws/install/yahboomcar_voice_ctrl/lib/yahboomcar_voice_ctrl
[33.345s] Installing Voice_Ctrl_follow_line_a1_R2 script to /root/yahboomcar_ros2_ws/yahboomcar_ws/install/yahboomcar_voice_ctrl/lib/yahboomcar_voice_ctrl
[33.346s] Installing Voice_Ctrl_follow_line_a1_X3 script to /root/yahboomcar_ros2_ws/yahboomcar_ws/install/yahboomcar_voice_ctrl/lib/yahboomcar_voice_ctrl
[33.347s] Installing voice_Ctrl_send_mark script to /root/yahboomcar_ros2_ws/yahboomcar_ws/install/yahboomcar_voice_ctrl/lib/yahboomcar_voice_ctrl
[33.354s] writing list of installed files to '/root/yahboomcar_ros2_ws/yahboomcar_ws/build/yahboomcar_voice_ctrl/install.log'
[33.536s] Invoked command in '/root/yahboomcar_ros2_ws/yahboomcar_ws/src/yahboomcar_voice_ctrl' returned '0': PYTHONPATH=/root/yahboomcar_ros2_ws/yahboomcar_ws/build/yahboomcar_voice_ctrl/prefix_override:/root/yahboomcar_ros2_ws/yahboomcar_ws/install/yahboomcar_voice_ctrl/lib/python3.8/site-packages:${PYTHONPATH} /usr/bin/python3 setup.py egg_info --egg-base ../../build/yahboomcar_voice_ctrl build --build-base /root/yahboomcar_ros2_ws/yahboomcar_ws/build/yahboomcar_voice_ctrl/build install --record /root/yahboomcar_ros2_ws/yahboomcar_ws/build/yahboomcar_voice_ctrl/install.log --install-scripts $base/lib/yahboomcar_voice_ctrl --single-version-externally-managed
