running egg_info
writing ../../build/laserscan_to_point_pulisher/laserscan_to_point_pulisher.egg-info/PKG-INFO
writing dependency_links to ../../build/laserscan_to_point_pulisher/laserscan_to_point_pulisher.egg-info/dependency_links.txt
writing entry points to ../../build/laserscan_to_point_pulisher/laserscan_to_point_pulisher.egg-info/entry_points.txt
writing requirements to ../../build/laserscan_to_point_pulisher/laserscan_to_point_pulisher.egg-info/requires.txt
writing top-level names to ../../build/laserscan_to_point_pulisher/laserscan_to_point_pulisher.egg-info/top_level.txt
reading manifest file '../../build/laserscan_to_point_pulisher/laserscan_to_point_pulisher.egg-info/SOURCES.txt'
writing manifest file '../../build/laserscan_to_point_pulisher/laserscan_to_point_pulisher.egg-info/SOURCES.txt'
running build
running build_py
copying laserscan_to_point_pulisher/__init__.py -> /root/codes/iron_yahboomcar_ws/build/laserscan_to_point_pulisher/build/lib/laserscan_to_point_pulisher
copying laserscan_to_point_pulisher/laserscan_to_point_publish.py -> /root/codes/iron_yahboomcar_ws/build/laserscan_to_point_pulisher/build/lib/laserscan_to_point_pulisher
running install
running install_lib
copying /root/codes/iron_yahboomcar_ws/build/laserscan_to_point_pulisher/build/lib/laserscan_to_point_pulisher/__init__.py -> /root/codes/iron_yahboomcar_ws/install/laserscan_to_point_pulisher/lib/python3.8/site-packages/laserscan_to_point_pulisher
copying /root/codes/iron_yahboomcar_ws/build/laserscan_to_point_pulisher/build/lib/laserscan_to_point_pulisher/laserscan_to_point_publish.py -> /root/codes/iron_yahboomcar_ws/install/laserscan_to_point_pulisher/lib/python3.8/site-packages/laserscan_to_point_pulisher
byte-compiling /root/codes/iron_yahboomcar_ws/install/laserscan_to_point_pulisher/lib/python3.8/site-packages/laserscan_to_point_pulisher/__init__.py to __init__.cpython-38.pyc
byte-compiling /root/codes/iron_yahboomcar_ws/install/laserscan_to_point_pulisher/lib/python3.8/site-packages/laserscan_to_point_pulisher/laserscan_to_point_publish.py to laserscan_to_point_publish.cpython-38.pyc
running install_data
copying resource/laserscan_to_point_pulisher -> /root/codes/iron_yahboomcar_ws/install/laserscan_to_point_pulisher/share/ament_index/resource_index/packages
copying package.xml -> /root/codes/iron_yahboomcar_ws/install/laserscan_to_point_pulisher/share/laserscan_to_point_pulisher
running install_egg_info
removing '/root/codes/iron_yahboomcar_ws/install/laserscan_to_point_pulisher/lib/python3.8/site-packages/laserscan_to_point_pulisher-0.0.0-py3.8.egg-info' (and everything under it)
Copying ../../build/laserscan_to_point_pulisher/laserscan_to_point_pulisher.egg-info to /root/codes/iron_yahboomcar_ws/install/laserscan_to_point_pulisher/lib/python3.8/site-packages/laserscan_to_point_pulisher-0.0.0-py3.8.egg-info
running install_scripts
Installing laserscan_to_point_pulisher script to /root/codes/iron_yahboomcar_ws/install/laserscan_to_point_pulisher/lib/laserscan_to_point_pulisher
writing list of installed files to '/root/codes/iron_yahboomcar_ws/build/laserscan_to_point_pulisher/install.log'
