[6.305s] Invoking command in '/root/yahboomcar_ros2_ws/yahboomcar_ws/src/yahboomcar_ctrl': PYTHONPATH=/root/yahboomcar_ros2_ws/yahboomcar_ws/build/yahboomcar_ctrl/prefix_override:/root/yahboomcar_ros2_ws/yahboomcar_ws/install/yahboomcar_ctrl/lib/python3.8/site-packages:${PYTHONPATH} /usr/bin/python3 setup.py egg_info --egg-base ../../build/yahboomcar_ctrl build --build-base /root/yahboomcar_ros2_ws/yahboomcar_ws/build/yahboomcar_ctrl/build install --record /root/yahboomcar_ros2_ws/yahboomcar_ws/build/yahboomcar_ctrl/install.log --install-scripts $base/lib/yahboomcar_ctrl --single-version-externally-managed
[7.702s] running egg_info
[7.705s] writing ../../build/yahboomcar_ctrl/yahboomcar_ctrl.egg-info/PKG-INFO
[7.706s] writing dependency_links to ../../build/yahboomcar_ctrl/yahboomcar_ctrl.egg-info/dependency_links.txt
[7.709s] writing entry points to ../../build/yahboomcar_ctrl/yahboomcar_ctrl.egg-info/entry_points.txt
[7.709s] writing requirements to ../../build/yahboomcar_ctrl/yahboomcar_ctrl.egg-info/requires.txt
[7.709s] writing top-level names to ../../build/yahboomcar_ctrl/yahboomcar_ctrl.egg-info/top_level.txt
[7.962s] reading manifest file '../../build/yahboomcar_ctrl/yahboomcar_ctrl.egg-info/SOURCES.txt'
[7.978s] writing manifest file '../../build/yahboomcar_ctrl/yahboomcar_ctrl.egg-info/SOURCES.txt'
[7.979s] running build
[7.981s] running build_py
[7.984s] running install
[7.991s] running install_lib
[7.999s] running install_data
[8.004s] running install_egg_info
[8.015s] removing '/root/yahboomcar_ros2_ws/yahboomcar_ws/install/yahboomcar_ctrl/lib/python3.8/site-packages/yahboomcar_ctrl-0.0.0-py3.8.egg-info' (and everything under it)
[8.018s] Copying ../../build/yahboomcar_ctrl/yahboomcar_ctrl.egg-info to /root/yahboomcar_ros2_ws/yahboomcar_ws/install/yahboomcar_ctrl/lib/python3.8/site-packages/yahboomcar_ctrl-0.0.0-py3.8.egg-info
[8.035s] running install_scripts
[8.136s] Installing yahboom_joy_R2 script to /root/yahboomcar_ros2_ws/yahboomcar_ws/install/yahboomcar_ctrl/lib/yahboomcar_ctrl
[8.137s] Installing yahboom_joy_X3 script to /root/yahboomcar_ros2_ws/yahboomcar_ws/install/yahboomcar_ctrl/lib/yahboomcar_ctrl
[8.139s] Installing yahboom_keyboard script to /root/yahboomcar_ros2_ws/yahboomcar_ws/install/yahboomcar_ctrl/lib/yahboomcar_ctrl
[8.142s] writing list of installed files to '/root/yahboomcar_ros2_ws/yahboomcar_ws/build/yahboomcar_ctrl/install.log'
[8.422s] Invoked command in '/root/yahboomcar_ros2_ws/yahboomcar_ws/src/yahboomcar_ctrl' returned '0': PYTHONPATH=/root/yahboomcar_ros2_ws/yahboomcar_ws/build/yahboomcar_ctrl/prefix_override:/root/yahboomcar_ros2_ws/yahboomcar_ws/install/yahboomcar_ctrl/lib/python3.8/site-packages:${PYTHONPATH} /usr/bin/python3 setup.py egg_info --egg-base ../../build/yahboomcar_ctrl build --build-base /root/yahboomcar_ros2_ws/yahboomcar_ws/build/yahboomcar_ctrl/build install --record /root/yahboomcar_ros2_ws/yahboomcar_ws/build/yahboomcar_ctrl/install.log --install-scripts $base/lib/yahboomcar_ctrl --single-version-externally-managed
