[4.657s] Invoking command in '/root/yahboomcar_ros2_ws/yahboomcar_ws/src/yahboomcar_astra': PYTHONPATH=/root/yahboomcar_ros2_ws/yahboomcar_ws/build/yahboomcar_astra/prefix_override:/root/yahboomcar_ros2_ws/yahboomcar_ws/install/yahboomcar_astra/lib/python3.8/site-packages:${PYTHONPATH} /usr/bin/python3 setup.py egg_info --egg-base ../../build/yahboomcar_astra build --build-base /root/yahboomcar_ros2_ws/yahboomcar_ws/build/yahboomcar_astra/build install --record /root/yahboomcar_ros2_ws/yahboomcar_ws/build/yahboomcar_astra/install.log --install-scripts $base/lib/yahboomcar_astra --single-version-externally-managed
[6.371s] running egg_info
[6.376s] writing ../../build/yahboomcar_astra/yahboomcar_astra.egg-info/PKG-INFO
[6.378s] writing dependency_links to ../../build/yahboomcar_astra/yahboomcar_astra.egg-info/dependency_links.txt
[6.379s] writing entry points to ../../build/yahboomcar_astra/yahboomcar_astra.egg-info/entry_points.txt
[6.381s] writing requirements to ../../build/yahboomcar_astra/yahboomcar_astra.egg-info/requires.txt
[6.382s] writing top-level names to ../../build/yahboomcar_astra/yahboomcar_astra.egg-info/top_level.txt
[6.574s] reading manifest file '../../build/yahboomcar_astra/yahboomcar_astra.egg-info/SOURCES.txt'
[6.581s] writing manifest file '../../build/yahboomcar_astra/yahboomcar_astra.egg-info/SOURCES.txt'
[6.582s] running build
[6.583s] running build_py
[6.586s] running install
[6.591s] running install_lib
[6.601s] running install_data
[6.604s] running install_egg_info
[6.614s] removing '/root/yahboomcar_ros2_ws/yahboomcar_ws/install/yahboomcar_astra/lib/python3.8/site-packages/yahboomcar_astra-0.0.0-py3.8.egg-info' (and everything under it)
[6.617s] Copying ../../build/yahboomcar_astra/yahboomcar_astra.egg-info to /root/yahboomcar_ros2_ws/yahboomcar_ws/install/yahboomcar_astra/lib/python3.8/site-packages/yahboomcar_astra-0.0.0-py3.8.egg-info
[6.627s] running install_scripts
[6.726s] Installing colorHSV script to /root/yahboomcar_ros2_ws/yahboomcar_ws/install/yahboomcar_astra/lib/yahboomcar_astra
[6.728s] Installing colorTracker script to /root/yahboomcar_ros2_ws/yahboomcar_ws/install/yahboomcar_astra/lib/yahboomcar_astra
[6.731s] writing list of installed files to '/root/yahboomcar_ros2_ws/yahboomcar_ws/build/yahboomcar_astra/install.log'
[7.098s] Invoked command in '/root/yahboomcar_ros2_ws/yahboomcar_ws/src/yahboomcar_astra' returned '0': PYTHONPATH=/root/yahboomcar_ros2_ws/yahboomcar_ws/build/yahboomcar_astra/prefix_override:/root/yahboomcar_ros2_ws/yahboomcar_ws/install/yahboomcar_astra/lib/python3.8/site-packages:${PYTHONPATH} /usr/bin/python3 setup.py egg_info --egg-base ../../build/yahboomcar_astra build --build-base /root/yahboomcar_ros2_ws/yahboomcar_ws/build/yahboomcar_astra/build install --record /root/yahboomcar_ros2_ws/yahboomcar_ws/build/yahboomcar_astra/install.log --install-scripts $base/lib/yahboomcar_astra --single-version-externally-managed
