[4.797s] Invoking command in '/root/yahboomcar_ros2_ws/yahboomcar_ws/src/yahboomcar_voice_ctrl': PYTHONPATH=/root/yahboomcar_ros2_ws/yahboomcar_ws/build/yahboomcar_voice_ctrl/prefix_override:/root/yahboomcar_ros2_ws/yahboomcar_ws/install/yahboomcar_voice_ctrl/lib/python3.8/site-packages:${PYTHONPATH} /usr/bin/python3 setup.py egg_info --egg-base ../../build/yahboomcar_voice_ctrl build --build-base /root/yahboomcar_ros2_ws/yahboomcar_ws/build/yahboomcar_voice_ctrl/build install --record /root/yahboomcar_ros2_ws/yahboomcar_ws/build/yahboomcar_voice_ctrl/install.log --install-scripts $base/lib/yahboomcar_voice_ctrl --single-version-externally-managed
[5.907s] running egg_info
[5.909s] writing ../../build/yahboomcar_voice_ctrl/yahboomcar_voice_ctrl.egg-info/PKG-INFO
[5.911s] writing dependency_links to ../../build/yahboomcar_voice_ctrl/yahboomcar_voice_ctrl.egg-info/dependency_links.txt
[5.912s] writing entry points to ../../build/yahboomcar_voice_ctrl/yahboomcar_voice_ctrl.egg-info/entry_points.txt
[5.913s] writing requirements to ../../build/yahboomcar_voice_ctrl/yahboomcar_voice_ctrl.egg-info/requires.txt
[5.914s] writing top-level names to ../../build/yahboomcar_voice_ctrl/yahboomcar_voice_ctrl.egg-info/top_level.txt
[6.050s] reading manifest file '../../build/yahboomcar_voice_ctrl/yahboomcar_voice_ctrl.egg-info/SOURCES.txt'
[6.055s] writing manifest file '../../build/yahboomcar_voice_ctrl/yahboomcar_voice_ctrl.egg-info/SOURCES.txt'
[6.055s] running build
[6.056s] running build_py
[6.059s] running install
[6.063s] running install_lib
[6.074s] running install_data
[6.076s] running install_egg_info
[6.083s] removing '/root/yahboomcar_ros2_ws/yahboomcar_ws/install/yahboomcar_voice_ctrl/lib/python3.8/site-packages/yahboomcar_voice_ctrl-0.0.0-py3.8.egg-info' (and everything under it)
[6.085s] Copying ../../build/yahboomcar_voice_ctrl/yahboomcar_voice_ctrl.egg-info to /root/yahboomcar_ros2_ws/yahboomcar_ws/install/yahboomcar_voice_ctrl/lib/python3.8/site-packages/yahboomcar_voice_ctrl-0.0.0-py3.8.egg-info
[6.091s] running install_scripts
[6.157s] Installing Voice_Ctrl_Mcnamu_driver script to /root/yahboomcar_ros2_ws/yahboomcar_ws/install/yahboomcar_voice_ctrl/lib/yahboomcar_voice_ctrl
[6.158s] Installing Voice_Ctrl_colorHSV script to /root/yahboomcar_ros2_ws/yahboomcar_ws/install/yahboomcar_voice_ctrl/lib/yahboomcar_voice_ctrl
[6.159s] Installing Voice_Ctrl_colorTracker script to /root/yahboomcar_ros2_ws/yahboomcar_ws/install/yahboomcar_voice_ctrl/lib/yahboomcar_voice_ctrl
[6.160s] Installing Voice_Ctrl_follow_line_a1 script to /root/yahboomcar_ros2_ws/yahboomcar_ws/install/yahboomcar_voice_ctrl/lib/yahboomcar_voice_ctrl
[6.162s] writing list of installed files to '/root/yahboomcar_ros2_ws/yahboomcar_ws/build/yahboomcar_voice_ctrl/install.log'
[6.264s] Invoked command in '/root/yahboomcar_ros2_ws/yahboomcar_ws/src/yahboomcar_voice_ctrl' returned '0': PYTHONPATH=/root/yahboomcar_ros2_ws/yahboomcar_ws/build/yahboomcar_voice_ctrl/prefix_override:/root/yahboomcar_ros2_ws/yahboomcar_ws/install/yahboomcar_voice_ctrl/lib/python3.8/site-packages:${PYTHONPATH} /usr/bin/python3 setup.py egg_info --egg-base ../../build/yahboomcar_voice_ctrl build --build-base /root/yahboomcar_ros2_ws/yahboomcar_ws/build/yahboomcar_voice_ctrl/build install --record /root/yahboomcar_ros2_ws/yahboomcar_ws/build/yahboomcar_voice_ctrl/install.log --install-scripts $base/lib/yahboomcar_voice_ctrl --single-version-externally-managed
